<?xml version="1.0" encoding="UTF-8"?>
<testsuite name="com.homehealthcare.branch.domain.BranchRepositoryTest" tests="6" skipped="0" failures="0" errors="0" timestamp="2026-03-27T22:41:32.632Z" hostname="Shivangs-MacBook-Pro.local" time="0.061">
  <properties/>
  <testcase name="enforcesUniqueCodeWithinAgency()" classname="com.homehealthcare.branch.domain.BranchRepositoryTest" time="0.015"/>
  <testcase name="supportsActiveInactiveLifecycle()" classname="com.homehealthcare.branch.domain.BranchRepositoryTest" time="0.005"/>
  <testcase name="savesBranchWithAgencyOwnershipAndRequiredFields()" classname="com.homehealthcare.branch.domain.BranchRepositoryTest" time="0.004"/>
  <testcase name="allowsSameNameAndCodeAcrossDifferentAgencies()" classname="com.homehealthcare.branch.domain.BranchRepositoryTest" time="0.007"/>
  <testcase name="inheritedFindByIdAndExistsByIdDoNotCrossTenantBoundaryWhenContextIsBound()" classname="com.homehealthcare.branch.domain.BranchRepositoryTest" time="0.011"/>
  <testcase name="enforcesUniqueNameWithinAgency()" classname="com.homehealthcare.branch.domain.BranchRepositoryTest" time="0.005"/>
  <system-out><![CDATA[2026-03-27T17:41:32.633-05:00  INFO 23779 --- [homehealthcare] [    Test worker] t.c.s.AnnotationConfigContextLoaderUtils : Could not detect default configuration classes for test class [com.homehealthcare.branch.domain.BranchRepositoryTest]: BranchRepositoryTest does not declare any static, non-private, non-final, nested classes annotated with @Configuration.
2026-03-27T17:41:32.633-05:00 DEBUG 23779 --- [homehealthcare] [    Test worker] .b.t.c.SpringBootTestContextBootstrapper : Using ContextCustomizerFactory implementations for test class [BranchRepositoryTest]: [WebDriverContextCustomizerFactory, OnFailureConditionReportContextCustomizerFactory, OverrideAutoConfigurationContextCustomizerFactory, ImportsContextCustomizerFactory, PropertyMappingContextCustomizerFactory, ExcludeFilterContextCustomizerFactory, TypeExcludeFiltersContextCustomizerFactory, DisableReactorResourceFactoryGlobalResourcesContextCustomizerFactory, DuplicateJsonObjectContextCustomizerFactory, SpringBootTestRandomPortContextCustomizerFactory, BeanOverrideContextCustomizerFactory, MockServerContainerContextCustomizerFactory, DynamicPropertiesContextCustomizerFactory]
2026-03-27T17:41:32.634-05:00 DEBUG 23779 --- [homehealthcare] [    Test worker] .b.t.c.SpringBootTestContextBootstrapper : Using ContextCustomizers for test class [BranchRepositoryTest]: [WebDriverContextCustomizer, OnFailureConditionReportContextCustomizer, PropertyMappingContextCustomizer, ExcludeFilterContextCustomizer, DuplicateJsonObjectContextCustomizer, SpringBootTestRandomPortContextCustomizer, DynamicPropertiesContextCustomizer]
2026-03-27T17:41:32.638-05:00  INFO 23779 --- [homehealthcare] [    Test worker] .b.t.c.SpringBootTestContextBootstrapper : Found @SpringBootConfiguration com.homehealthcare.HomehealthcareApplication for test class com.homehealthcare.branch.domain.BranchRepositoryTest
2026-03-27T17:41:32.639-05:00  INFO 23779 --- [homehealthcare] [    Test worker] t.c.s.AnnotationConfigContextLoaderUtils : Could not detect default configuration classes for test class [com.homehealthcare.branch.domain.BranchRepositoryTest]: BranchRepositoryTest does not declare any static, non-private, non-final, nested classes annotated with @Configuration.
2026-03-27T17:41:32.639-05:00 DEBUG 23779 --- [homehealthcare] [    Test worker] .b.t.c.SpringBootTestContextBootstrapper : Using ContextCustomizerFactory implementations for test class [BranchRepositoryTest]: [WebDriverContextCustomizerFactory, OnFailureConditionReportContextCustomizerFactory, OverrideAutoConfigurationContextCustomizerFactory, ImportsContextCustomizerFactory, PropertyMappingContextCustomizerFactory, ExcludeFilterContextCustomizerFactory, TypeExcludeFiltersContextCustomizerFactory, DisableReactorResourceFactoryGlobalResourcesContextCustomizerFactory, DuplicateJsonObjectContextCustomizerFactory, SpringBootTestRandomPortContextCustomizerFactory, BeanOverrideContextCustomizerFactory, MockServerContainerContextCustomizerFactory, DynamicPropertiesContextCustomizerFactory]
2026-03-27T17:41:32.639-05:00 DEBUG 23779 --- [homehealthcare] [    Test worker] .b.t.c.SpringBootTestContextBootstrapper : Using ContextCustomizers for test class [BranchRepositoryTest]: [WebDriverContextCustomizer, OnFailureConditionReportContextCustomizer, PropertyMappingContextCustomizer, ExcludeFilterContextCustomizer, DuplicateJsonObjectContextCustomizer, SpringBootTestRandomPortContextCustomizer, DynamicPropertiesContextCustomizer]
2026-03-27T17:41:32.639-05:00  INFO 23779 --- [homehealthcare] [    Test worker] .b.t.c.SpringBootTestContextBootstrapper : Found @SpringBootConfiguration com.homehealthcare.HomehealthcareApplication for test class com.homehealthcare.branch.domain.BranchRepositoryTest
2026-03-27T17:41:32.639-05:00 DEBUG 23779 --- [homehealthcare] [    Test worker] .b.t.c.SpringBootTestContextBootstrapper : Neither @ContextConfiguration nor @ContextHierarchy found for test class [BranchRepositoryTest]: using SpringBootContextLoader
2026-03-27T17:41:32.643-05:00 DEBUG 23779 --- [homehealthcare] [    Test worker] .b.t.c.SpringBootTestContextBootstrapper : Using TestExecutionListeners for test class [BranchRepositoryTest]: [ServletTestExecutionListener, DirtiesContextBeforeModesTestExecutionListener, ApplicationEventsTestExecutionListener, BeanOverrideTestExecutionListener, DependencyInjectionTestExecutionListener, DirtiesContextTestExecutionListener, CommonCachesTestExecutionListener, TransactionalTestExecutionListener, SqlScriptsTestExecutionListener, WithSecurityContextTestExecutionListener, EventPublishingTestExecutionListener, ReactorContextTestExecutionListener, MockMvcPrintOnlyOnFailureTestExecutionListener, WebDriverTestExecutionListener, MockitoResetTestExecutionListener]
2026-03-27T17:41:32.647-05:00 DEBUG 23779 --- [homehealthcare] [    Test worker] org.hibernate.SQL                        : select a1_0.id,a1_0.contact_email,a1_0.created_at,a1_0.deactivated_at,a1_0.mfa_policy_mode,a1_0.mfa_required_roles,a1_0.name,a1_0.slug,a1_0.status,a1_0.timezone,a1_0.updated_at from agencies a1_0 where a1_0.id=?
2026-03-27T17:41:32.649-05:00 DEBUG 23779 --- [homehealthcare] [    Test worker] org.hibernate.SQL                        : insert into agencies (contact_email,created_at,deactivated_at,mfa_policy_mode,mfa_required_roles,name,slug,status,timezone,updated_at,id) values (?,?,?,?,?,?,?,?,?,?,?)
2026-03-27T17:41:32.650-05:00 DEBUG 23779 --- [homehealthcare] [    Test worker] org.hibernate.SQL                        : select b1_0.id,b1_0.address,b1_0.agency_id,b1_0.code,b1_0.created_at,b1_0.deactivated_at,b1_0.name,b1_0.status,b1_0.timezone,b1_0.updated_at from branches b1_0 where b1_0.id=?
2026-03-27T17:41:32.653-05:00 DEBUG 23779 --- [homehealthcare] [    Test worker] org.hibernate.SQL                        : insert into branches (address,agency_id,code,created_at,deactivated_at,name,status,timezone,updated_at,id) values (?,?,?,?,?,?,?,?,?,?)
2026-03-27T17:41:32.654-05:00 DEBUG 23779 --- [homehealthcare] [    Test worker] org.hibernate.SQL                        : select b1_0.id,b1_0.address,b1_0.agency_id,b1_0.code,b1_0.created_at,b1_0.deactivated_at,b1_0.name,b1_0.status,b1_0.timezone,b1_0.updated_at from branches b1_0 where b1_0.id=?
2026-03-27T17:41:32.655-05:00 DEBUG 23779 --- [homehealthcare] [    Test worker] org.hibernate.SQL                        : insert into branches (address,agency_id,code,created_at,deactivated_at,name,status,timezone,updated_at,id) values (?,?,?,?,?,?,?,?,?,?)
2026-03-27T17:41:32.655-05:00  WARN 23779 --- [homehealthcare] [    Test worker] org.hibernate.orm.jdbc.error             : HHH000247: ErrorCode: 23505, SQLState: 23505
2026-03-27T17:41:32.655-05:00  WARN 23779 --- [homehealthcare] [    Test worker] org.hibernate.orm.jdbc.error             : Unique index or primary key violation: "PUBLIC.UK_BRANCHES_AGENCY_CODE INDEX PUBLIC.UK_BRANCHES_AGENCY_CODE_INDEX_2 ON PUBLIC.BRANCHES(AGENCY_ID NULLS FIRST, CODE NULLS FIRST) VALUES ( /* key:14 */ UUID '86d016ae-cf0c-444b-a0ff-c4f208c02eba', 'CHI-01')"; SQL statement:
insert into branches (address,agency_id,code,created_at,deactivated_at,name,status,timezone,updated_at,id) values (?,?,?,?,?,?,?,?,?,?) [23505-240]
2026-03-27T17:41:32.662-05:00 DEBUG 23779 --- [homehealthcare] [    Test worker] org.hibernate.SQL                        : select a1_0.id,a1_0.contact_email,a1_0.created_at,a1_0.deactivated_at,a1_0.mfa_policy_mode,a1_0.mfa_required_roles,a1_0.name,a1_0.slug,a1_0.status,a1_0.timezone,a1_0.updated_at from agencies a1_0 where a1_0.id=?
2026-03-27T17:41:32.663-05:00 DEBUG 23779 --- [homehealthcare] [    Test worker] org.hibernate.SQL                        : insert into agencies (contact_email,created_at,deactivated_at,mfa_policy_mode,mfa_required_roles,name,slug,status,timezone,updated_at,id) values (?,?,?,?,?,?,?,?,?,?,?)
2026-03-27T17:41:32.664-05:00 DEBUG 23779 --- [homehealthcare] [    Test worker] org.hibernate.SQL                        : select b1_0.id,b1_0.address,b1_0.agency_id,b1_0.code,b1_0.created_at,b1_0.deactivated_at,b1_0.name,b1_0.status,b1_0.timezone,b1_0.updated_at from branches b1_0 where b1_0.id=?
2026-03-27T17:41:32.664-05:00 DEBUG 23779 --- [homehealthcare] [    Test worker] org.hibernate.SQL                        : insert into branches (address,agency_id,code,created_at,deactivated_at,name,status,timezone,updated_at,id) values (?,?,?,?,?,?,?,?,?,?)
2026-03-27T17:41:32.664-05:00 DEBUG 23779 --- [homehealthcare] [    Test worker] org.hibernate.SQL                        : update branches set address=?,agency_id=?,code=?,deactivated_at=?,name=?,status=?,timezone=?,updated_at=? where id=?
2026-03-27T17:41:32.665-05:00 DEBUG 23779 --- [homehealthcare] [    Test worker] org.hibernate.SQL                        : update branches set address=?,agency_id=?,code=?,deactivated_at=?,name=?,status=?,timezone=?,updated_at=? where id=?
2026-03-27T17:41:32.667-05:00 DEBUG 23779 --- [homehealthcare] [    Test worker] org.hibernate.SQL                        : select a1_0.id,a1_0.contact_email,a1_0.created_at,a1_0.deactivated_at,a1_0.mfa_policy_mode,a1_0.mfa_required_roles,a1_0.name,a1_0.slug,a1_0.status,a1_0.timezone,a1_0.updated_at from agencies a1_0 where a1_0.id=?
2026-03-27T17:41:32.668-05:00 DEBUG 23779 --- [homehealthcare] [    Test worker] org.hibernate.SQL                        : insert into agencies (contact_email,created_at,deactivated_at,mfa_policy_mode,mfa_required_roles,name,slug,status,timezone,updated_at,id) values (?,?,?,?,?,?,?,?,?,?,?)
2026-03-27T17:41:32.668-05:00 DEBUG 23779 --- [homehealthcare] [    Test worker] org.hibernate.SQL                        : select b1_0.id,b1_0.address,b1_0.agency_id,b1_0.code,b1_0.created_at,b1_0.deactivated_at,b1_0.name,b1_0.status,b1_0.timezone,b1_0.updated_at from branches b1_0 where b1_0.id=?
2026-03-27T17:41:32.669-05:00 DEBUG 23779 --- [homehealthcare] [    Test worker] org.hibernate.SQL                        : insert into branches (address,agency_id,code,created_at,deactivated_at,name,status,timezone,updated_at,id) values (?,?,?,?,?,?,?,?,?,?)
2026-03-27T17:41:32.671-05:00 DEBUG 23779 --- [homehealthcare] [    Test worker] org.hibernate.SQL                        : select a1_0.id,a1_0.contact_email,a1_0.created_at,a1_0.deactivated_at,a1_0.mfa_policy_mode,a1_0.mfa_required_roles,a1_0.name,a1_0.slug,a1_0.status,a1_0.timezone,a1_0.updated_at from agencies a1_0 where a1_0.id=?
2026-03-27T17:41:32.671-05:00 DEBUG 23779 --- [homehealthcare] [    Test worker] org.hibernate.SQL                        : insert into agencies (contact_email,created_at,deactivated_at,mfa_policy_mode,mfa_required_roles,name,slug,status,timezone,updated_at,id) values (?,?,?,?,?,?,?,?,?,?,?)
2026-03-27T17:41:32.671-05:00 DEBUG 23779 --- [homehealthcare] [    Test worker] org.hibernate.SQL                        : select a1_0.id,a1_0.contact_email,a1_0.created_at,a1_0.deactivated_at,a1_0.mfa_policy_mode,a1_0.mfa_required_roles,a1_0.name,a1_0.slug,a1_0.status,a1_0.timezone,a1_0.updated_at from agencies a1_0 where a1_0.id=?
2026-03-27T17:41:32.672-05:00 DEBUG 23779 --- [homehealthcare] [    Test worker] org.hibernate.SQL                        : insert into agencies (contact_email,created_at,deactivated_at,mfa_policy_mode,mfa_required_roles,name,slug,status,timezone,updated_at,id) values (?,?,?,?,?,?,?,?,?,?,?)
2026-03-27T17:41:32.673-05:00 DEBUG 23779 --- [homehealthcare] [    Test worker] org.hibernate.SQL                        : select b1_0.id,b1_0.address,b1_0.agency_id,b1_0.code,b1_0.created_at,b1_0.deactivated_at,b1_0.name,b1_0.status,b1_0.timezone,b1_0.updated_at from branches b1_0 where b1_0.id=?
2026-03-27T17:41:32.674-05:00 DEBUG 23779 --- [homehealthcare] [    Test worker] org.hibernate.SQL                        : insert into branches (address,agency_id,code,created_at,deactivated_at,name,status,timezone,updated_at,id) values (?,?,?,?,?,?,?,?,?,?)
2026-03-27T17:41:32.675-05:00 DEBUG 23779 --- [homehealthcare] [    Test worker] org.hibernate.SQL                        : select b1_0.id,b1_0.address,b1_0.agency_id,b1_0.code,b1_0.created_at,b1_0.deactivated_at,b1_0.name,b1_0.status,b1_0.timezone,b1_0.updated_at from branches b1_0 where b1_0.id=?
2026-03-27T17:41:32.675-05:00 DEBUG 23779 --- [homehealthcare] [    Test worker] org.hibernate.SQL                        : insert into branches (address,agency_id,code,created_at,deactivated_at,name,status,timezone,updated_at,id) values (?,?,?,?,?,?,?,?,?,?)
2026-03-27T17:41:32.679-05:00 DEBUG 23779 --- [homehealthcare] [    Test worker] org.hibernate.SQL                        : select a1_0.id,a1_0.contact_email,a1_0.created_at,a1_0.deactivated_at,a1_0.mfa_policy_mode,a1_0.mfa_required_roles,a1_0.name,a1_0.slug,a1_0.status,a1_0.timezone,a1_0.updated_at from agencies a1_0 where a1_0.id=?
2026-03-27T17:41:32.680-05:00 DEBUG 23779 --- [homehealthcare] [    Test worker] org.hibernate.SQL                        : insert into agencies (contact_email,created_at,deactivated_at,mfa_policy_mode,mfa_required_roles,name,slug,status,timezone,updated_at,id) values (?,?,?,?,?,?,?,?,?,?,?)
2026-03-27T17:41:32.681-05:00 DEBUG 23779 --- [homehealthcare] [    Test worker] org.hibernate.SQL                        : select a1_0.id,a1_0.contact_email,a1_0.created_at,a1_0.deactivated_at,a1_0.mfa_policy_mode,a1_0.mfa_required_roles,a1_0.name,a1_0.slug,a1_0.status,a1_0.timezone,a1_0.updated_at from agencies a1_0 where a1_0.id=?
2026-03-27T17:41:32.682-05:00 DEBUG 23779 --- [homehealthcare] [    Test worker] org.hibernate.SQL                        : insert into agencies (contact_email,created_at,deactivated_at,mfa_policy_mode,mfa_required_roles,name,slug,status,timezone,updated_at,id) values (?,?,?,?,?,?,?,?,?,?,?)
2026-03-27T17:41:32.682-05:00 DEBUG 23779 --- [homehealthcare] [    Test worker] org.hibernate.SQL                        : select b1_0.id,b1_0.address,b1_0.agency_id,b1_0.code,b1_0.created_at,b1_0.deactivated_at,b1_0.name,b1_0.status,b1_0.timezone,b1_0.updated_at from branches b1_0 where b1_0.id=?
2026-03-27T17:41:32.682-05:00 DEBUG 23779 --- [homehealthcare] [    Test worker] org.hibernate.SQL                        : insert into branches (address,agency_id,code,created_at,deactivated_at,name,status,timezone,updated_at,id) values (?,?,?,?,?,?,?,?,?,?)
2026-03-27T17:41:32.683-05:00 DEBUG 23779 --- [homehealthcare] [    Test worker] org.hibernate.SQL                        : select b1_0.id,b1_0.address,b1_0.agency_id,b1_0.code,b1_0.created_at,b1_0.deactivated_at,b1_0.name,b1_0.status,b1_0.timezone,b1_0.updated_at from branches b1_0 where b1_0.id=?
2026-03-27T17:41:32.683-05:00 DEBUG 23779 --- [homehealthcare] [    Test worker] org.hibernate.SQL                        : insert into branches (address,agency_id,code,created_at,deactivated_at,name,status,timezone,updated_at,id) values (?,?,?,?,?,?,?,?,?,?)
2026-03-27T17:41:32.684-05:00 DEBUG 23779 --- [homehealthcare] [    Test worker] org.hibernate.SQL                        : select b1_0.id,b1_0.address,b1_0.agency_id,b1_0.code,b1_0.created_at,b1_0.deactivated_at,b1_0.name,b1_0.status,b1_0.timezone,b1_0.updated_at from branches b1_0 where b1_0.id=? and b1_0.agency_id=?
2026-03-27T17:41:32.685-05:00 DEBUG 23779 --- [homehealthcare] [    Test worker] org.hibernate.SQL                        : select b1_0.id,b1_0.address,b1_0.agency_id,b1_0.code,b1_0.created_at,b1_0.deactivated_at,b1_0.name,b1_0.status,b1_0.timezone,b1_0.updated_at from branches b1_0 where b1_0.id=? and b1_0.agency_id=?
2026-03-27T17:41:32.687-05:00 DEBUG 23779 --- [homehealthcare] [    Test worker] org.hibernate.SQL                        : select count(b1_0.id) from branches b1_0 where b1_0.id=? and b1_0.agency_id=?
2026-03-27T17:41:32.690-05:00 DEBUG 23779 --- [homehealthcare] [    Test worker] org.hibernate.SQL                        : select a1_0.id,a1_0.contact_email,a1_0.created_at,a1_0.deactivated_at,a1_0.mfa_policy_mode,a1_0.mfa_required_roles,a1_0.name,a1_0.slug,a1_0.status,a1_0.timezone,a1_0.updated_at from agencies a1_0 where a1_0.id=?
2026-03-27T17:41:32.691-05:00 DEBUG 23779 --- [homehealthcare] [    Test worker] org.hibernate.SQL                        : insert into agencies (contact_email,created_at,deactivated_at,mfa_policy_mode,mfa_required_roles,name,slug,status,timezone,updated_at,id) values (?,?,?,?,?,?,?,?,?,?,?)
2026-03-27T17:41:32.691-05:00 DEBUG 23779 --- [homehealthcare] [    Test worker] org.hibernate.SQL                        : select b1_0.id,b1_0.address,b1_0.agency_id,b1_0.code,b1_0.created_at,b1_0.deactivated_at,b1_0.name,b1_0.status,b1_0.timezone,b1_0.updated_at from branches b1_0 where b1_0.id=?
2026-03-27T17:41:32.691-05:00 DEBUG 23779 --- [homehealthcare] [    Test worker] org.hibernate.SQL                        : insert into branches (address,agency_id,code,created_at,deactivated_at,name,status,timezone,updated_at,id) values (?,?,?,?,?,?,?,?,?,?)
2026-03-27T17:41:32.692-05:00 DEBUG 23779 --- [homehealthcare] [    Test worker] org.hibernate.SQL                        : select b1_0.id,b1_0.address,b1_0.agency_id,b1_0.code,b1_0.created_at,b1_0.deactivated_at,b1_0.name,b1_0.status,b1_0.timezone,b1_0.updated_at from branches b1_0 where b1_0.id=?
2026-03-27T17:41:32.692-05:00 DEBUG 23779 --- [homehealthcare] [    Test worker] org.hibernate.SQL                        : insert into branches (address,agency_id,code,created_at,deactivated_at,name,status,timezone,updated_at,id) values (?,?,?,?,?,?,?,?,?,?)
2026-03-27T17:41:32.693-05:00  WARN 23779 --- [homehealthcare] [    Test worker] org.hibernate.orm.jdbc.error             : HHH000247: ErrorCode: 23505, SQLState: 23505
2026-03-27T17:41:32.693-05:00  WARN 23779 --- [homehealthcare] [    Test worker] org.hibernate.orm.jdbc.error             : Unique index or primary key violation: "PUBLIC.UK_BRANCHES_AGENCY_NAME INDEX PUBLIC.UK_BRANCHES_AGENCY_NAME_INDEX_2 ON PUBLIC.BRANCHES(AGENCY_ID NULLS FIRST, NAME NULLS FIRST) VALUES ( /* key:22 */ UUID '64e33b53-bc39-4063-96ab-eb52df4134a0', 'Chicago Central')"; SQL statement:
insert into branches (address,agency_id,code,created_at,deactivated_at,name,status,timezone,updated_at,id) values (?,?,?,?,?,?,?,?,?,?) [23505-240]
]]></system-out>
  <system-err><![CDATA[]]></system-err>
</testsuite>
