<?xml version="1.0" encoding="UTF-8"?>
<testsuite name="com.homehealthcare.platform.audit.api.AuditEventApiIntegrationTest" tests="16" skipped="0" failures="0" errors="0" timestamp="2026-03-30T06:22:08.661Z" hostname="Shivangs-MacBook-Pro.local" time="0.47">
  <properties/>
  <testcase name="auditApiCanFilterAndExportEpic3PatientEvents()" classname="com.homehealthcare.platform.audit.api.AuditEventApiIntegrationTest" time="0.128"/>
  <testcase name="auditApiCanFilterAndExportEpic12PatientEventEvents()" classname="com.homehealthcare.platform.audit.api.AuditEventApiIntegrationTest" time="0.055"/>
  <testcase name="auditApiCanFilterAndExportEpic11ComplianceEvents()" classname="com.homehealthcare.platform.audit.api.AuditEventApiIntegrationTest" time="0.016"/>
  <testcase name="auditApiCanFilterAndExportEpic5SchedulingEvents()" classname="com.homehealthcare.platform.audit.api.AuditEventApiIntegrationTest" time="0.017"/>
  <testcase name="auditApiCanFilterAndExportEpic4WorkforceEvents()" classname="com.homehealthcare.platform.audit.api.AuditEventApiIntegrationTest" time="0.016"/>
  <testcase name="auditApiCanFilterAndExportEpic2ConfigurationEvents()" classname="com.homehealthcare.platform.audit.api.AuditEventApiIntegrationTest" time="0.018"/>
  <testcase name="auditApiCanFilterAndExportEpic15AnalyticsEvents()" classname="com.homehealthcare.platform.audit.api.AuditEventApiIntegrationTest" time="0.015"/>
  <testcase name="auditApiCanFilterAndExportEpic8DocumentationEvents()" classname="com.homehealthcare.platform.audit.api.AuditEventApiIntegrationTest" time="0.019"/>
  <testcase name="ownerCanFilterAndExportAuditEvents()" classname="com.homehealthcare.platform.audit.api.AuditEventApiIntegrationTest" time="0.017"/>
  <testcase name="caregiverCannotViewAuditEvents()" classname="com.homehealthcare.platform.audit.api.AuditEventApiIntegrationTest" time="0.009"/>
  <testcase name="auditApiCanFilterAndExportEpic9MessagingEvents()" classname="com.homehealthcare.platform.audit.api.AuditEventApiIntegrationTest" time="0.016"/>
  <testcase name="auditApiCanFilterAndExportEpic7EvvEvents()" classname="com.homehealthcare.platform.audit.api.AuditEventApiIntegrationTest" time="0.014"/>
  <testcase name="auditApiCanFilterAndExportEpic6MobileEvents()" classname="com.homehealthcare.platform.audit.api.AuditEventApiIntegrationTest" time="0.016"/>
  <testcase name="auditApiCanFilterAndExportEpic13CareProgressionEvents()" classname="com.homehealthcare.platform.audit.api.AuditEventApiIntegrationTest" time="0.015"/>
  <testcase name="auditApiCanFilterAndExportEpic14RevenueReadinessEvents()" classname="com.homehealthcare.platform.audit.api.AuditEventApiIntegrationTest" time="0.018"/>
  <testcase name="auditApiCanFilterAndExportEpic10ReviewEvents()" classname="com.homehealthcare.platform.audit.api.AuditEventApiIntegrationTest" time="0.017"/>
  <system-out><![CDATA[2026-03-30T01:22:08.663-05:00  INFO 1509 --- [homehealthcare] [    Test worker] t.c.s.AnnotationConfigContextLoaderUtils : Could not detect default configuration classes for test class [com.homehealthcare.platform.audit.api.AuditEventApiIntegrationTest]: AuditEventApiIntegrationTest does not declare any static, non-private, non-final, nested classes annotated with @Configuration.
2026-03-30T01:22:08.663-05:00 DEBUG 1509 --- [homehealthcare] [    Test worker] .b.t.c.SpringBootTestContextBootstrapper : Using ContextCustomizerFactory implementations for test class [AuditEventApiIntegrationTest]: [WebDriverContextCustomizerFactory, OnFailureConditionReportContextCustomizerFactory, OverrideAutoConfigurationContextCustomizerFactory, ImportsContextCustomizerFactory, PropertyMappingContextCustomizerFactory, ExcludeFilterContextCustomizerFactory, TypeExcludeFiltersContextCustomizerFactory, DisableReactorResourceFactoryGlobalResourcesContextCustomizerFactory, DuplicateJsonObjectContextCustomizerFactory, SpringBootTestRandomPortContextCustomizerFactory, BeanOverrideContextCustomizerFactory, MockServerContainerContextCustomizerFactory, DynamicPropertiesContextCustomizerFactory]
2026-03-30T01:22:08.665-05:00 DEBUG 1509 --- [homehealthcare] [    Test worker] .b.t.c.SpringBootTestContextBootstrapper : Using ContextCustomizers for test class [AuditEventApiIntegrationTest]: [WebDriverContextCustomizer, OnFailureConditionReportContextCustomizer, ImportsContextCustomizer, PropertyMappingContextCustomizer, ExcludeFilterContextCustomizer, DuplicateJsonObjectContextCustomizer, SpringBootTestRandomPortContextCustomizer, DynamicPropertiesContextCustomizer]
2026-03-30T01:22:08.692-05:00  INFO 1509 --- [homehealthcare] [    Test worker] .b.t.c.SpringBootTestContextBootstrapper : Found @SpringBootConfiguration com.homehealthcare.HomehealthcareApplication for test class com.homehealthcare.platform.audit.api.AuditEventApiIntegrationTest
2026-03-30T01:22:08.693-05:00  INFO 1509 --- [homehealthcare] [    Test worker] t.c.s.AnnotationConfigContextLoaderUtils : Could not detect default configuration classes for test class [com.homehealthcare.platform.audit.api.AuditEventApiIntegrationTest]: AuditEventApiIntegrationTest does not declare any static, non-private, non-final, nested classes annotated with @Configuration.
2026-03-30T01:22:08.693-05:00 DEBUG 1509 --- [homehealthcare] [    Test worker] .b.t.c.SpringBootTestContextBootstrapper : Using ContextCustomizerFactory implementations for test class [AuditEventApiIntegrationTest]: [WebDriverContextCustomizerFactory, OnFailureConditionReportContextCustomizerFactory, OverrideAutoConfigurationContextCustomizerFactory, ImportsContextCustomizerFactory, PropertyMappingContextCustomizerFactory, ExcludeFilterContextCustomizerFactory, TypeExcludeFiltersContextCustomizerFactory, DisableReactorResourceFactoryGlobalResourcesContextCustomizerFactory, DuplicateJsonObjectContextCustomizerFactory, SpringBootTestRandomPortContextCustomizerFactory, BeanOverrideContextCustomizerFactory, MockServerContainerContextCustomizerFactory, DynamicPropertiesContextCustomizerFactory]
2026-03-30T01:22:08.694-05:00 DEBUG 1509 --- [homehealthcare] [    Test worker] .b.t.c.SpringBootTestContextBootstrapper : Using ContextCustomizers for test class [AuditEventApiIntegrationTest]: [WebDriverContextCustomizer, OnFailureConditionReportContextCustomizer, ImportsContextCustomizer, PropertyMappingContextCustomizer, ExcludeFilterContextCustomizer, DuplicateJsonObjectContextCustomizer, SpringBootTestRandomPortContextCustomizer, DynamicPropertiesContextCustomizer]
2026-03-30T01:22:08.694-05:00  INFO 1509 --- [homehealthcare] [    Test worker] .b.t.c.SpringBootTestContextBootstrapper : Found @SpringBootConfiguration com.homehealthcare.HomehealthcareApplication for test class com.homehealthcare.platform.audit.api.AuditEventApiIntegrationTest
2026-03-30T01:22:08.695-05:00 DEBUG 1509 --- [homehealthcare] [    Test worker] .b.t.c.SpringBootTestContextBootstrapper : Neither @ContextConfiguration nor @ContextHierarchy found for test class [AuditEventApiIntegrationTest]: using SpringBootContextLoader
2026-03-30T01:22:08.695-05:00 DEBUG 1509 --- [homehealthcare] [    Test worker] .b.t.c.SpringBootTestContextBootstrapper : Using TestExecutionListeners for test class [AuditEventApiIntegrationTest]: [ServletTestExecutionListener, DirtiesContextBeforeModesTestExecutionListener, ApplicationEventsTestExecutionListener, BeanOverrideTestExecutionListener, DependencyInjectionTestExecutionListener, DirtiesContextTestExecutionListener, CommonCachesTestExecutionListener, TransactionalTestExecutionListener, SqlScriptsTestExecutionListener, WithSecurityContextTestExecutionListener, EventPublishingTestExecutionListener, ReactorContextTestExecutionListener, MockMvcPrintOnlyOnFailureTestExecutionListener, WebDriverTestExecutionListener, MockitoResetTestExecutionListener]
2026-03-30T01:22:08.701-05:00 DEBUG 1509 --- [homehealthcare] [    Test worker] org.hibernate.SQL                        : select a1_0.id,a1_0.contact_email,a1_0.created_at,a1_0.deactivated_at,a1_0.mfa_policy_mode,a1_0.mfa_required_roles,a1_0.name,a1_0.slug,a1_0.status,a1_0.timezone,a1_0.updated_at from agencies a1_0 where a1_0.id=?
2026-03-30T01:22:08.702-05:00 DEBUG 1509 --- [homehealthcare] [    Test worker] org.hibernate.SQL                        : insert into agencies (contact_email,created_at,deactivated_at,mfa_policy_mode,mfa_required_roles,name,slug,status,timezone,updated_at,id) values (?,?,?,?,?,?,?,?,?,?,?)
2026-03-30T01:22:08.703-05:00 DEBUG 1509 --- [homehealthcare] [    Test worker] org.hibernate.SQL                        : select u1_0.id,u1_0.created_at,u1_0.deactivated_at,u1_0.email,u1_0.first_name,u1_0.last_login_at,u1_0.last_name,u1_0.mfa_enabled,u1_0.mfa_enrolled_at,u1_0.mfa_secret,u1_0.password_hash,u1_0.phone,u1_0.preferred_language,u1_0.status,u1_0.time_zone,u1_0.updated_at from users u1_0 where u1_0.id=?
2026-03-30T01:22:08.705-05:00 DEBUG 1509 --- [homehealthcare] [    Test worker] org.hibernate.SQL                        : insert into users (created_at,deactivated_at,email,first_name,last_login_at,last_name,mfa_enabled,mfa_enrolled_at,mfa_secret,password_hash,phone,preferred_language,status,time_zone,updated_at,id) values (?,?,?,?,?,?,?,?,?,?,?,?,?,?,?,?)
2026-03-30T01:22:08.705-05:00 DEBUG 1509 --- [homehealthcare] [    Test worker] org.hibernate.SQL                        : select am1_0.id,am1_0.agency_id,am1_0.created_at,am1_0.role_key,am1_0.status,am1_0.updated_at,am1_0.user_id from agency_memberships am1_0 where am1_0.id=?
2026-03-30T01:22:08.706-05:00 DEBUG 1509 --- [homehealthcare] [    Test worker] org.hibernate.SQL                        : insert into agency_memberships (agency_id,created_at,role_key,status,updated_at,user_id,id) values (?,?,?,?,?,?,?)
2026-03-30T01:22:08.706-05:00 DEBUG 1509 --- [homehealthcare] [    Test worker] org.hibernate.SQL                        : select ae1_0.id,ae1_0.action_type,ae1_0.actor_email,ae1_0.actor_id,ae1_0.actor_type,ae1_0.agency_id,ae1_0.branch_id,ae1_0.metadata_json,ae1_0.occurred_at,ae1_0.outcome,ae1_0.target_id,ae1_0.target_type from audit_events ae1_0 where ae1_0.id=?
2026-03-30T01:22:08.708-05:00 DEBUG 1509 --- [homehealthcare] [    Test worker] s.w.s.m.m.a.RequestMappingHandlerMapping : Mapped to com.homehealthcare.platform.audit.api.AuditEventController#events(Instant, Instant, UUID, String, UUID, int, int)
2026-03-30T01:22:08.714-05:00 DEBUG 1509 --- [homehealthcare] [    Test worker] org.hibernate.SQL                        : select am1_0.id,am1_0.agency_id,am1_0.created_at,am1_0.role_key,am1_0.status,am1_0.updated_at,am1_0.user_id from agency_memberships am1_0 where am1_0.id=? and am1_0.agency_id=?
2026-03-30T01:22:08.730-05:00 DEBUG 1509 --- [homehealthcare] [    Test worker] org.hibernate.SQL                        : insert into audit_events (action_type,actor_email,actor_id,actor_type,agency_id,branch_id,metadata_json,occurred_at,outcome,target_id,target_type,id) values (?,?,?,?,?,?,?,?,?,?,?,?)
2026-03-30T01:22:08.730-05:00 DEBUG 1509 --- [homehealthcare] [    Test worker] org.hibernate.SQL                        : select ae1_0.id,ae1_0.action_type,ae1_0.actor_email,ae1_0.actor_id,ae1_0.actor_type,ae1_0.agency_id,ae1_0.branch_id,ae1_0.metadata_json,ae1_0.occurred_at,ae1_0.outcome,ae1_0.target_id,ae1_0.target_type from audit_events ae1_0 where ae1_0.agency_id=? and ae1_0.action_type=? order by ae1_0.occurred_at desc offset ? rows fetch first ? rows only
2026-03-30T01:22:08.733-05:00 DEBUG 1509 --- [homehealthcare] [    Test worker] m.m.a.RequestResponseBodyMethodProcessor : Using 'application/json', given [*/*] and supported [application/json, application/*+json]
2026-03-30T01:22:08.737-05:00 DEBUG 1509 --- [homehealthcare] [    Test worker] m.m.a.RequestResponseBodyMethodProcessor : Writing [AuditEventPageResponse[content=[AuditEventResponse[id=d464cee4-8072-4cf3-bca2-e75535ed225c, occurred (truncated)...]
2026-03-30T01:22:08.745-05:00 DEBUG 1509 --- [homehealthcare] [    Test worker] s.w.s.m.m.a.RequestMappingHandlerMapping : Mapped to com.homehealthcare.platform.audit.api.AuditEventController#export(Instant, Instant, UUID, String, UUID)
2026-03-30T01:22:08.746-05:00 DEBUG 1509 --- [homehealthcare] [    Test worker] org.hibernate.SQL                        : select am1_0.id,am1_0.agency_id,am1_0.created_at,am1_0.role_key,am1_0.status,am1_0.updated_at,am1_0.user_id from agency_memberships am1_0 where am1_0.id=? and am1_0.agency_id=?
2026-03-30T01:22:08.748-05:00 DEBUG 1509 --- [homehealthcare] [    Test worker] org.hibernate.SQL                        : select ae1_0.id,ae1_0.action_type,ae1_0.actor_email,ae1_0.actor_id,ae1_0.actor_type,ae1_0.agency_id,ae1_0.branch_id,ae1_0.metadata_json,ae1_0.occurred_at,ae1_0.outcome,ae1_0.target_id,ae1_0.target_type from audit_events ae1_0 where ae1_0.agency_id=? and ae1_0.action_type=? order by ae1_0.occurred_at desc
2026-03-30T01:22:08.749-05:00 DEBUG 1509 --- [homehealthcare] [    Test worker] m.m.a.RequestResponseBodyMethodProcessor : Using 'text/csv', given [*/*] and supported [text/csv]
2026-03-30T01:22:08.757-05:00 DEBUG 1509 --- [homehealthcare] [    Test worker] m.m.a.RequestResponseBodyMethodProcessor : Writing ["occurredAt,actionType,outcome,actorEmail,actorId,targetType,targetId,agencyId,branchId,metadataJson<EOL> (truncated)..."]
2026-03-30T01:22:08.869-05:00 DEBUG 1509 --- [homehealthcare] [    Test worker] org.hibernate.SQL                        : select a1_0.id,a1_0.contact_email,a1_0.created_at,a1_0.deactivated_at,a1_0.mfa_policy_mode,a1_0.mfa_required_roles,a1_0.name,a1_0.slug,a1_0.status,a1_0.timezone,a1_0.updated_at from agencies a1_0 where a1_0.id=?
2026-03-30T01:22:08.872-05:00 DEBUG 1509 --- [homehealthcare] [    Test worker] org.hibernate.SQL                        : insert into agencies (contact_email,created_at,deactivated_at,mfa_policy_mode,mfa_required_roles,name,slug,status,timezone,updated_at,id) values (?,?,?,?,?,?,?,?,?,?,?)
2026-03-30T01:22:08.877-05:00 DEBUG 1509 --- [homehealthcare] [    Test worker] org.hibernate.SQL                        : select u1_0.id,u1_0.created_at,u1_0.deactivated_at,u1_0.email,u1_0.first_name,u1_0.last_login_at,u1_0.last_name,u1_0.mfa_enabled,u1_0.mfa_enrolled_at,u1_0.mfa_secret,u1_0.password_hash,u1_0.phone,u1_0.preferred_language,u1_0.status,u1_0.time_zone,u1_0.updated_at from users u1_0 where u1_0.id=?
2026-03-30T01:22:08.881-05:00 DEBUG 1509 --- [homehealthcare] [    Test worker] org.hibernate.SQL                        : insert into users (created_at,deactivated_at,email,first_name,last_login_at,last_name,mfa_enabled,mfa_enrolled_at,mfa_secret,password_hash,phone,preferred_language,status,time_zone,updated_at,id) values (?,?,?,?,?,?,?,?,?,?,?,?,?,?,?,?)
2026-03-30T01:22:08.882-05:00 DEBUG 1509 --- [homehealthcare] [    Test worker] org.hibernate.SQL                        : select am1_0.id,am1_0.agency_id,am1_0.created_at,am1_0.role_key,am1_0.status,am1_0.updated_at,am1_0.user_id from agency_memberships am1_0 where am1_0.id=?
2026-03-30T01:22:08.883-05:00 DEBUG 1509 --- [homehealthcare] [    Test worker] org.hibernate.SQL                        : insert into agency_memberships (agency_id,created_at,role_key,status,updated_at,user_id,id) values (?,?,?,?,?,?,?)
2026-03-30T01:22:08.884-05:00 DEBUG 1509 --- [homehealthcare] [    Test worker] org.hibernate.SQL                        : select ae1_0.id,ae1_0.action_type,ae1_0.actor_email,ae1_0.actor_id,ae1_0.actor_type,ae1_0.agency_id,ae1_0.branch_id,ae1_0.metadata_json,ae1_0.occurred_at,ae1_0.outcome,ae1_0.target_id,ae1_0.target_type from audit_events ae1_0 where ae1_0.id=?
2026-03-30T01:22:08.888-05:00 DEBUG 1509 --- [homehealthcare] [    Test worker] s.w.s.m.m.a.RequestMappingHandlerMapping : Mapped to com.homehealthcare.platform.audit.api.AuditEventController#events(Instant, Instant, UUID, String, UUID, int, int)
2026-03-30T01:22:08.890-05:00 DEBUG 1509 --- [homehealthcare] [    Test worker] org.hibernate.SQL                        : select am1_0.id,am1_0.agency_id,am1_0.created_at,am1_0.role_key,am1_0.status,am1_0.updated_at,am1_0.user_id from agency_memberships am1_0 where am1_0.id=? and am1_0.agency_id=?
2026-03-30T01:22:08.891-05:00 DEBUG 1509 --- [homehealthcare] [    Test worker] org.hibernate.SQL                        : insert into audit_events (action_type,actor_email,actor_id,actor_type,agency_id,branch_id,metadata_json,occurred_at,outcome,target_id,target_type,id) values (?,?,?,?,?,?,?,?,?,?,?,?)
2026-03-30T01:22:08.892-05:00 DEBUG 1509 --- [homehealthcare] [    Test worker] org.hibernate.SQL                        : select ae1_0.id,ae1_0.action_type,ae1_0.actor_email,ae1_0.actor_id,ae1_0.actor_type,ae1_0.agency_id,ae1_0.branch_id,ae1_0.metadata_json,ae1_0.occurred_at,ae1_0.outcome,ae1_0.target_id,ae1_0.target_type from audit_events ae1_0 where ae1_0.agency_id=? and ae1_0.action_type=? order by ae1_0.occurred_at desc offset ? rows fetch first ? rows only
2026-03-30T01:22:08.893-05:00 DEBUG 1509 --- [homehealthcare] [    Test worker] m.m.a.RequestResponseBodyMethodProcessor : Using 'application/json', given [*/*] and supported [application/json, application/*+json]
2026-03-30T01:22:08.893-05:00 DEBUG 1509 --- [homehealthcare] [    Test worker] m.m.a.RequestResponseBodyMethodProcessor : Writing [AuditEventPageResponse[content=[AuditEventResponse[id=f2c0d10c-8912-4268-b733-3d57ab0df7b9, occurred (truncated)...]
2026-03-30T01:22:08.895-05:00 DEBUG 1509 --- [homehealthcare] [    Test worker] s.w.s.m.m.a.RequestMappingHandlerMapping : Mapped to com.homehealthcare.platform.audit.api.AuditEventController#export(Instant, Instant, UUID, String, UUID)
2026-03-30T01:22:08.896-05:00 DEBUG 1509 --- [homehealthcare] [    Test worker] org.hibernate.SQL                        : select am1_0.id,am1_0.agency_id,am1_0.created_at,am1_0.role_key,am1_0.status,am1_0.updated_at,am1_0.user_id from agency_memberships am1_0 where am1_0.id=? and am1_0.agency_id=?
2026-03-30T01:22:08.897-05:00 DEBUG 1509 --- [homehealthcare] [    Test worker] org.hibernate.SQL                        : select ae1_0.id,ae1_0.action_type,ae1_0.actor_email,ae1_0.actor_id,ae1_0.actor_type,ae1_0.agency_id,ae1_0.branch_id,ae1_0.metadata_json,ae1_0.occurred_at,ae1_0.outcome,ae1_0.target_id,ae1_0.target_type from audit_events ae1_0 where ae1_0.agency_id=? and ae1_0.action_type=? order by ae1_0.occurred_at desc
2026-03-30T01:22:08.898-05:00 DEBUG 1509 --- [homehealthcare] [    Test worker] m.m.a.RequestResponseBodyMethodProcessor : Using 'text/csv', given [*/*] and supported [text/csv]
2026-03-30T01:22:08.898-05:00 DEBUG 1509 --- [homehealthcare] [    Test worker] m.m.a.RequestResponseBodyMethodProcessor : Writing ["occurredAt,actionType,outcome,actorEmail,actorId,targetType,targetId,agencyId,branchId,metadataJson<EOL> (truncated)..."]
2026-03-30T01:22:08.904-05:00 DEBUG 1509 --- [homehealthcare] [    Test worker] org.hibernate.SQL                        : select a1_0.id,a1_0.contact_email,a1_0.created_at,a1_0.deactivated_at,a1_0.mfa_policy_mode,a1_0.mfa_required_roles,a1_0.name,a1_0.slug,a1_0.status,a1_0.timezone,a1_0.updated_at from agencies a1_0 where a1_0.id=?
2026-03-30T01:22:08.905-05:00 DEBUG 1509 --- [homehealthcare] [    Test worker] org.hibernate.SQL                        : insert into agencies (contact_email,created_at,deactivated_at,mfa_policy_mode,mfa_required_roles,name,slug,status,timezone,updated_at,id) values (?,?,?,?,?,?,?,?,?,?,?)
2026-03-30T01:22:08.905-05:00 DEBUG 1509 --- [homehealthcare] [    Test worker] org.hibernate.SQL                        : select u1_0.id,u1_0.created_at,u1_0.deactivated_at,u1_0.email,u1_0.first_name,u1_0.last_login_at,u1_0.last_name,u1_0.mfa_enabled,u1_0.mfa_enrolled_at,u1_0.mfa_secret,u1_0.password_hash,u1_0.phone,u1_0.preferred_language,u1_0.status,u1_0.time_zone,u1_0.updated_at from users u1_0 where u1_0.id=?
2026-03-30T01:22:08.906-05:00 DEBUG 1509 --- [homehealthcare] [    Test worker] org.hibernate.SQL                        : insert into users (created_at,deactivated_at,email,first_name,last_login_at,last_name,mfa_enabled,mfa_enrolled_at,mfa_secret,password_hash,phone,preferred_language,status,time_zone,updated_at,id) values (?,?,?,?,?,?,?,?,?,?,?,?,?,?,?,?)
2026-03-30T01:22:08.907-05:00 DEBUG 1509 --- [homehealthcare] [    Test worker] org.hibernate.SQL                        : select am1_0.id,am1_0.agency_id,am1_0.created_at,am1_0.role_key,am1_0.status,am1_0.updated_at,am1_0.user_id from agency_memberships am1_0 where am1_0.id=?
2026-03-30T01:22:08.907-05:00 DEBUG 1509 --- [homehealthcare] [    Test worker] org.hibernate.SQL                        : insert into agency_memberships (agency_id,created_at,role_key,status,updated_at,user_id,id) values (?,?,?,?,?,?,?)
2026-03-30T01:22:08.908-05:00 DEBUG 1509 --- [homehealthcare] [    Test worker] org.hibernate.SQL                        : select ae1_0.id,ae1_0.action_type,ae1_0.actor_email,ae1_0.actor_id,ae1_0.actor_type,ae1_0.agency_id,ae1_0.branch_id,ae1_0.metadata_json,ae1_0.occurred_at,ae1_0.outcome,ae1_0.target_id,ae1_0.target_type from audit_events ae1_0 where ae1_0.id=?
2026-03-30T01:22:08.909-05:00 DEBUG 1509 --- [homehealthcare] [    Test worker] s.w.s.m.m.a.RequestMappingHandlerMapping : Mapped to com.homehealthcare.platform.audit.api.AuditEventController#events(Instant, Instant, UUID, String, UUID, int, int)
2026-03-30T01:22:08.910-05:00 DEBUG 1509 --- [homehealthcare] [    Test worker] org.hibernate.SQL                        : select am1_0.id,am1_0.agency_id,am1_0.created_at,am1_0.role_key,am1_0.status,am1_0.updated_at,am1_0.user_id from agency_memberships am1_0 where am1_0.id=? and am1_0.agency_id=?
2026-03-30T01:22:08.911-05:00 DEBUG 1509 --- [homehealthcare] [    Test worker] org.hibernate.SQL                        : insert into audit_events (action_type,actor_email,actor_id,actor_type,agency_id,branch_id,metadata_json,occurred_at,outcome,target_id,target_type,id) values (?,?,?,?,?,?,?,?,?,?,?,?)
2026-03-30T01:22:08.911-05:00 DEBUG 1509 --- [homehealthcare] [    Test worker] org.hibernate.SQL                        : select ae1_0.id,ae1_0.action_type,ae1_0.actor_email,ae1_0.actor_id,ae1_0.actor_type,ae1_0.agency_id,ae1_0.branch_id,ae1_0.metadata_json,ae1_0.occurred_at,ae1_0.outcome,ae1_0.target_id,ae1_0.target_type from audit_events ae1_0 where ae1_0.agency_id=? and ae1_0.action_type=? order by ae1_0.occurred_at desc offset ? rows fetch first ? rows only
2026-03-30T01:22:08.911-05:00 DEBUG 1509 --- [homehealthcare] [    Test worker] m.m.a.RequestResponseBodyMethodProcessor : Using 'application/json', given [*/*] and supported [application/json, application/*+json]
2026-03-30T01:22:08.912-05:00 DEBUG 1509 --- [homehealthcare] [    Test worker] m.m.a.RequestResponseBodyMethodProcessor : Writing [AuditEventPageResponse[content=[AuditEventResponse[id=673475ef-6406-4947-bcfc-88400b14f935, occurred (truncated)...]
2026-03-30T01:22:08.913-05:00 DEBUG 1509 --- [homehealthcare] [    Test worker] s.w.s.m.m.a.RequestMappingHandlerMapping : Mapped to com.homehealthcare.platform.audit.api.AuditEventController#export(Instant, Instant, UUID, String, UUID)
2026-03-30T01:22:08.913-05:00 DEBUG 1509 --- [homehealthcare] [    Test worker] org.hibernate.SQL                        : select am1_0.id,am1_0.agency_id,am1_0.created_at,am1_0.role_key,am1_0.status,am1_0.updated_at,am1_0.user_id from agency_memberships am1_0 where am1_0.id=? and am1_0.agency_id=?
2026-03-30T01:22:08.914-05:00 DEBUG 1509 --- [homehealthcare] [    Test worker] org.hibernate.SQL                        : select ae1_0.id,ae1_0.action_type,ae1_0.actor_email,ae1_0.actor_id,ae1_0.actor_type,ae1_0.agency_id,ae1_0.branch_id,ae1_0.metadata_json,ae1_0.occurred_at,ae1_0.outcome,ae1_0.target_id,ae1_0.target_type from audit_events ae1_0 where ae1_0.agency_id=? and ae1_0.action_type=? order by ae1_0.occurred_at desc
2026-03-30T01:22:08.915-05:00 DEBUG 1509 --- [homehealthcare] [    Test worker] m.m.a.RequestResponseBodyMethodProcessor : Using 'text/csv', given [*/*] and supported [text/csv]
2026-03-30T01:22:08.915-05:00 DEBUG 1509 --- [homehealthcare] [    Test worker] m.m.a.RequestResponseBodyMethodProcessor : Writing ["occurredAt,actionType,outcome,actorEmail,actorId,targetType,targetId,agencyId,branchId,metadataJson<EOL> (truncated)..."]
2026-03-30T01:22:08.921-05:00 DEBUG 1509 --- [homehealthcare] [    Test worker] org.hibernate.SQL                        : select a1_0.id,a1_0.contact_email,a1_0.created_at,a1_0.deactivated_at,a1_0.mfa_policy_mode,a1_0.mfa_required_roles,a1_0.name,a1_0.slug,a1_0.status,a1_0.timezone,a1_0.updated_at from agencies a1_0 where a1_0.id=?
2026-03-30T01:22:08.922-05:00 DEBUG 1509 --- [homehealthcare] [    Test worker] org.hibernate.SQL                        : insert into agencies (contact_email,created_at,deactivated_at,mfa_policy_mode,mfa_required_roles,name,slug,status,timezone,updated_at,id) values (?,?,?,?,?,?,?,?,?,?,?)
2026-03-30T01:22:08.923-05:00 DEBUG 1509 --- [homehealthcare] [    Test worker] org.hibernate.SQL                        : select u1_0.id,u1_0.created_at,u1_0.deactivated_at,u1_0.email,u1_0.first_name,u1_0.last_login_at,u1_0.last_name,u1_0.mfa_enabled,u1_0.mfa_enrolled_at,u1_0.mfa_secret,u1_0.password_hash,u1_0.phone,u1_0.preferred_language,u1_0.status,u1_0.time_zone,u1_0.updated_at from users u1_0 where u1_0.id=?
2026-03-30T01:22:08.923-05:00 DEBUG 1509 --- [homehealthcare] [    Test worker] org.hibernate.SQL                        : insert into users (created_at,deactivated_at,email,first_name,last_login_at,last_name,mfa_enabled,mfa_enrolled_at,mfa_secret,password_hash,phone,preferred_language,status,time_zone,updated_at,id) values (?,?,?,?,?,?,?,?,?,?,?,?,?,?,?,?)
2026-03-30T01:22:08.924-05:00 DEBUG 1509 --- [homehealthcare] [    Test worker] org.hibernate.SQL                        : select am1_0.id,am1_0.agency_id,am1_0.created_at,am1_0.role_key,am1_0.status,am1_0.updated_at,am1_0.user_id from agency_memberships am1_0 where am1_0.id=?
2026-03-30T01:22:08.925-05:00 DEBUG 1509 --- [homehealthcare] [    Test worker] org.hibernate.SQL                        : insert into agency_memberships (agency_id,created_at,role_key,status,updated_at,user_id,id) values (?,?,?,?,?,?,?)
2026-03-30T01:22:08.925-05:00 DEBUG 1509 --- [homehealthcare] [    Test worker] org.hibernate.SQL                        : select ae1_0.id,ae1_0.action_type,ae1_0.actor_email,ae1_0.actor_id,ae1_0.actor_type,ae1_0.agency_id,ae1_0.branch_id,ae1_0.metadata_json,ae1_0.occurred_at,ae1_0.outcome,ae1_0.target_id,ae1_0.target_type from audit_events ae1_0 where ae1_0.id=?
2026-03-30T01:22:08.927-05:00 DEBUG 1509 --- [homehealthcare] [    Test worker] s.w.s.m.m.a.RequestMappingHandlerMapping : Mapped to com.homehealthcare.platform.audit.api.AuditEventController#events(Instant, Instant, UUID, String, UUID, int, int)
2026-03-30T01:22:08.927-05:00 DEBUG 1509 --- [homehealthcare] [    Test worker] org.hibernate.SQL                        : select am1_0.id,am1_0.agency_id,am1_0.created_at,am1_0.role_key,am1_0.status,am1_0.updated_at,am1_0.user_id from agency_memberships am1_0 where am1_0.id=? and am1_0.agency_id=?
2026-03-30T01:22:08.928-05:00 DEBUG 1509 --- [homehealthcare] [    Test worker] org.hibernate.SQL                        : insert into audit_events (action_type,actor_email,actor_id,actor_type,agency_id,branch_id,metadata_json,occurred_at,outcome,target_id,target_type,id) values (?,?,?,?,?,?,?,?,?,?,?,?)
2026-03-30T01:22:08.928-05:00 DEBUG 1509 --- [homehealthcare] [    Test worker] org.hibernate.SQL                        : select ae1_0.id,ae1_0.action_type,ae1_0.actor_email,ae1_0.actor_id,ae1_0.actor_type,ae1_0.agency_id,ae1_0.branch_id,ae1_0.metadata_json,ae1_0.occurred_at,ae1_0.outcome,ae1_0.target_id,ae1_0.target_type from audit_events ae1_0 where ae1_0.agency_id=? and ae1_0.action_type=? order by ae1_0.occurred_at desc offset ? rows fetch first ? rows only
2026-03-30T01:22:08.929-05:00 DEBUG 1509 --- [homehealthcare] [    Test worker] m.m.a.RequestResponseBodyMethodProcessor : Using 'application/json', given [*/*] and supported [application/json, application/*+json]
2026-03-30T01:22:08.929-05:00 DEBUG 1509 --- [homehealthcare] [    Test worker] m.m.a.RequestResponseBodyMethodProcessor : Writing [AuditEventPageResponse[content=[AuditEventResponse[id=e0ecea6d-95df-4d34-8511-7c52daa3370e, occurred (truncated)...]
2026-03-30T01:22:08.930-05:00 DEBUG 1509 --- [homehealthcare] [    Test worker] s.w.s.m.m.a.RequestMappingHandlerMapping : Mapped to com.homehealthcare.platform.audit.api.AuditEventController#export(Instant, Instant, UUID, String, UUID)
2026-03-30T01:22:08.931-05:00 DEBUG 1509 --- [homehealthcare] [    Test worker] org.hibernate.SQL                        : select am1_0.id,am1_0.agency_id,am1_0.created_at,am1_0.role_key,am1_0.status,am1_0.updated_at,am1_0.user_id from agency_memberships am1_0 where am1_0.id=? and am1_0.agency_id=?
2026-03-30T01:22:08.932-05:00 DEBUG 1509 --- [homehealthcare] [    Test worker] org.hibernate.SQL                        : select ae1_0.id,ae1_0.action_type,ae1_0.actor_email,ae1_0.actor_id,ae1_0.actor_type,ae1_0.agency_id,ae1_0.branch_id,ae1_0.metadata_json,ae1_0.occurred_at,ae1_0.outcome,ae1_0.target_id,ae1_0.target_type from audit_events ae1_0 where ae1_0.agency_id=? and ae1_0.action_type=? order by ae1_0.occurred_at desc
2026-03-30T01:22:08.932-05:00 DEBUG 1509 --- [homehealthcare] [    Test worker] m.m.a.RequestResponseBodyMethodProcessor : Using 'text/csv', given [*/*] and supported [text/csv]
2026-03-30T01:22:08.932-05:00 DEBUG 1509 --- [homehealthcare] [    Test worker] m.m.a.RequestResponseBodyMethodProcessor : Writing ["occurredAt,actionType,outcome,actorEmail,actorId,targetType,targetId,agencyId,branchId,metadataJson<EOL> (truncated)..."]
2026-03-30T01:22:08.938-05:00 DEBUG 1509 --- [homehealthcare] [    Test worker] org.hibernate.SQL                        : select a1_0.id,a1_0.contact_email,a1_0.created_at,a1_0.deactivated_at,a1_0.mfa_policy_mode,a1_0.mfa_required_roles,a1_0.name,a1_0.slug,a1_0.status,a1_0.timezone,a1_0.updated_at from agencies a1_0 where a1_0.id=?
2026-03-30T01:22:08.939-05:00 DEBUG 1509 --- [homehealthcare] [    Test worker] org.hibernate.SQL                        : insert into agencies (contact_email,created_at,deactivated_at,mfa_policy_mode,mfa_required_roles,name,slug,status,timezone,updated_at,id) values (?,?,?,?,?,?,?,?,?,?,?)
2026-03-30T01:22:08.939-05:00 DEBUG 1509 --- [homehealthcare] [    Test worker] org.hibernate.SQL                        : select u1_0.id,u1_0.created_at,u1_0.deactivated_at,u1_0.email,u1_0.first_name,u1_0.last_login_at,u1_0.last_name,u1_0.mfa_enabled,u1_0.mfa_enrolled_at,u1_0.mfa_secret,u1_0.password_hash,u1_0.phone,u1_0.preferred_language,u1_0.status,u1_0.time_zone,u1_0.updated_at from users u1_0 where u1_0.id=?
2026-03-30T01:22:08.940-05:00 DEBUG 1509 --- [homehealthcare] [    Test worker] org.hibernate.SQL                        : insert into users (created_at,deactivated_at,email,first_name,last_login_at,last_name,mfa_enabled,mfa_enrolled_at,mfa_secret,password_hash,phone,preferred_language,status,time_zone,updated_at,id) values (?,?,?,?,?,?,?,?,?,?,?,?,?,?,?,?)
2026-03-30T01:22:08.940-05:00 DEBUG 1509 --- [homehealthcare] [    Test worker] org.hibernate.SQL                        : select am1_0.id,am1_0.agency_id,am1_0.created_at,am1_0.role_key,am1_0.status,am1_0.updated_at,am1_0.user_id from agency_memberships am1_0 where am1_0.id=?
2026-03-30T01:22:08.941-05:00 DEBUG 1509 --- [homehealthcare] [    Test worker] org.hibernate.SQL                        : insert into agency_memberships (agency_id,created_at,role_key,status,updated_at,user_id,id) values (?,?,?,?,?,?,?)
2026-03-30T01:22:08.941-05:00 DEBUG 1509 --- [homehealthcare] [    Test worker] org.hibernate.SQL                        : select ae1_0.id,ae1_0.action_type,ae1_0.actor_email,ae1_0.actor_id,ae1_0.actor_type,ae1_0.agency_id,ae1_0.branch_id,ae1_0.metadata_json,ae1_0.occurred_at,ae1_0.outcome,ae1_0.target_id,ae1_0.target_type from audit_events ae1_0 where ae1_0.id=?
2026-03-30T01:22:08.942-05:00 DEBUG 1509 --- [homehealthcare] [    Test worker] s.w.s.m.m.a.RequestMappingHandlerMapping : Mapped to com.homehealthcare.platform.audit.api.AuditEventController#events(Instant, Instant, UUID, String, UUID, int, int)
2026-03-30T01:22:08.943-05:00 DEBUG 1509 --- [homehealthcare] [    Test worker] org.hibernate.SQL                        : select am1_0.id,am1_0.agency_id,am1_0.created_at,am1_0.role_key,am1_0.status,am1_0.updated_at,am1_0.user_id from agency_memberships am1_0 where am1_0.id=? and am1_0.agency_id=?
2026-03-30T01:22:08.944-05:00 DEBUG 1509 --- [homehealthcare] [    Test worker] org.hibernate.SQL                        : insert into audit_events (action_type,actor_email,actor_id,actor_type,agency_id,branch_id,metadata_json,occurred_at,outcome,target_id,target_type,id) values (?,?,?,?,?,?,?,?,?,?,?,?)
2026-03-30T01:22:08.944-05:00 DEBUG 1509 --- [homehealthcare] [    Test worker] org.hibernate.SQL                        : select ae1_0.id,ae1_0.action_type,ae1_0.actor_email,ae1_0.actor_id,ae1_0.actor_type,ae1_0.agency_id,ae1_0.branch_id,ae1_0.metadata_json,ae1_0.occurred_at,ae1_0.outcome,ae1_0.target_id,ae1_0.target_type from audit_events ae1_0 where ae1_0.agency_id=? and ae1_0.action_type=? order by ae1_0.occurred_at desc offset ? rows fetch first ? rows only
2026-03-30T01:22:08.944-05:00 DEBUG 1509 --- [homehealthcare] [    Test worker] m.m.a.RequestResponseBodyMethodProcessor : Using 'application/json', given [*/*] and supported [application/json, application/*+json]
2026-03-30T01:22:08.945-05:00 DEBUG 1509 --- [homehealthcare] [    Test worker] m.m.a.RequestResponseBodyMethodProcessor : Writing [AuditEventPageResponse[content=[AuditEventResponse[id=adf969f5-3e33-4ab0-b7d1-34eede13de79, occurred (truncated)...]
2026-03-30T01:22:08.946-05:00 DEBUG 1509 --- [homehealthcare] [    Test worker] s.w.s.m.m.a.RequestMappingHandlerMapping : Mapped to com.homehealthcare.platform.audit.api.AuditEventController#export(Instant, Instant, UUID, String, UUID)
2026-03-30T01:22:08.947-05:00 DEBUG 1509 --- [homehealthcare] [    Test worker] org.hibernate.SQL                        : select am1_0.id,am1_0.agency_id,am1_0.created_at,am1_0.role_key,am1_0.status,am1_0.updated_at,am1_0.user_id from agency_memberships am1_0 where am1_0.id=? and am1_0.agency_id=?
2026-03-30T01:22:08.948-05:00 DEBUG 1509 --- [homehealthcare] [    Test worker] org.hibernate.SQL                        : select ae1_0.id,ae1_0.action_type,ae1_0.actor_email,ae1_0.actor_id,ae1_0.actor_type,ae1_0.agency_id,ae1_0.branch_id,ae1_0.metadata_json,ae1_0.occurred_at,ae1_0.outcome,ae1_0.target_id,ae1_0.target_type from audit_events ae1_0 where ae1_0.agency_id=? and ae1_0.action_type=? order by ae1_0.occurred_at desc
2026-03-30T01:22:08.948-05:00 DEBUG 1509 --- [homehealthcare] [    Test worker] m.m.a.RequestResponseBodyMethodProcessor : Using 'text/csv', given [*/*] and supported [text/csv]
2026-03-30T01:22:08.948-05:00 DEBUG 1509 --- [homehealthcare] [    Test worker] m.m.a.RequestResponseBodyMethodProcessor : Writing ["occurredAt,actionType,outcome,actorEmail,actorId,targetType,targetId,agencyId,branchId,metadataJson<EOL> (truncated)..."]
2026-03-30T01:22:08.955-05:00 DEBUG 1509 --- [homehealthcare] [    Test worker] org.hibernate.SQL                        : select a1_0.id,a1_0.contact_email,a1_0.created_at,a1_0.deactivated_at,a1_0.mfa_policy_mode,a1_0.mfa_required_roles,a1_0.name,a1_0.slug,a1_0.status,a1_0.timezone,a1_0.updated_at from agencies a1_0 where a1_0.id=?
2026-03-30T01:22:08.956-05:00 DEBUG 1509 --- [homehealthcare] [    Test worker] org.hibernate.SQL                        : insert into agencies (contact_email,created_at,deactivated_at,mfa_policy_mode,mfa_required_roles,name,slug,status,timezone,updated_at,id) values (?,?,?,?,?,?,?,?,?,?,?)
2026-03-30T01:22:08.956-05:00 DEBUG 1509 --- [homehealthcare] [    Test worker] org.hibernate.SQL                        : select u1_0.id,u1_0.created_at,u1_0.deactivated_at,u1_0.email,u1_0.first_name,u1_0.last_login_at,u1_0.last_name,u1_0.mfa_enabled,u1_0.mfa_enrolled_at,u1_0.mfa_secret,u1_0.password_hash,u1_0.phone,u1_0.preferred_language,u1_0.status,u1_0.time_zone,u1_0.updated_at from users u1_0 where u1_0.id=?
2026-03-30T01:22:08.958-05:00 DEBUG 1509 --- [homehealthcare] [    Test worker] org.hibernate.SQL                        : insert into users (created_at,deactivated_at,email,first_name,last_login_at,last_name,mfa_enabled,mfa_enrolled_at,mfa_secret,password_hash,phone,preferred_language,status,time_zone,updated_at,id) values (?,?,?,?,?,?,?,?,?,?,?,?,?,?,?,?)
2026-03-30T01:22:08.959-05:00 DEBUG 1509 --- [homehealthcare] [    Test worker] org.hibernate.SQL                        : select am1_0.id,am1_0.agency_id,am1_0.created_at,am1_0.role_key,am1_0.status,am1_0.updated_at,am1_0.user_id from agency_memberships am1_0 where am1_0.id=?
2026-03-30T01:22:08.959-05:00 DEBUG 1509 --- [homehealthcare] [    Test worker] org.hibernate.SQL                        : insert into agency_memberships (agency_id,created_at,role_key,status,updated_at,user_id,id) values (?,?,?,?,?,?,?)
2026-03-30T01:22:08.960-05:00 DEBUG 1509 --- [homehealthcare] [    Test worker] org.hibernate.SQL                        : select ae1_0.id,ae1_0.action_type,ae1_0.actor_email,ae1_0.actor_id,ae1_0.actor_type,ae1_0.agency_id,ae1_0.branch_id,ae1_0.metadata_json,ae1_0.occurred_at,ae1_0.outcome,ae1_0.target_id,ae1_0.target_type from audit_events ae1_0 where ae1_0.id=?
2026-03-30T01:22:08.961-05:00 DEBUG 1509 --- [homehealthcare] [    Test worker] s.w.s.m.m.a.RequestMappingHandlerMapping : Mapped to com.homehealthcare.platform.audit.api.AuditEventController#events(Instant, Instant, UUID, String, UUID, int, int)
2026-03-30T01:22:08.961-05:00 DEBUG 1509 --- [homehealthcare] [    Test worker] org.hibernate.SQL                        : select am1_0.id,am1_0.agency_id,am1_0.created_at,am1_0.role_key,am1_0.status,am1_0.updated_at,am1_0.user_id from agency_memberships am1_0 where am1_0.id=? and am1_0.agency_id=?
2026-03-30T01:22:08.963-05:00 DEBUG 1509 --- [homehealthcare] [    Test worker] org.hibernate.SQL                        : insert into audit_events (action_type,actor_email,actor_id,actor_type,agency_id,branch_id,metadata_json,occurred_at,outcome,target_id,target_type,id) values (?,?,?,?,?,?,?,?,?,?,?,?)
2026-03-30T01:22:08.964-05:00 DEBUG 1509 --- [homehealthcare] [    Test worker] org.hibernate.SQL                        : select ae1_0.id,ae1_0.action_type,ae1_0.actor_email,ae1_0.actor_id,ae1_0.actor_type,ae1_0.agency_id,ae1_0.branch_id,ae1_0.metadata_json,ae1_0.occurred_at,ae1_0.outcome,ae1_0.target_id,ae1_0.target_type from audit_events ae1_0 where ae1_0.agency_id=? and ae1_0.action_type=? order by ae1_0.occurred_at desc offset ? rows fetch first ? rows only
2026-03-30T01:22:08.964-05:00 DEBUG 1509 --- [homehealthcare] [    Test worker] m.m.a.RequestResponseBodyMethodProcessor : Using 'application/json', given [*/*] and supported [application/json, application/*+json]
2026-03-30T01:22:08.964-05:00 DEBUG 1509 --- [homehealthcare] [    Test worker] m.m.a.RequestResponseBodyMethodProcessor : Writing [AuditEventPageResponse[content=[AuditEventResponse[id=1a4f075f-0a39-4589-b04f-e2751232a331, occurred (truncated)...]
2026-03-30T01:22:08.965-05:00 DEBUG 1509 --- [homehealthcare] [    Test worker] s.w.s.m.m.a.RequestMappingHandlerMapping : Mapped to com.homehealthcare.platform.audit.api.AuditEventController#export(Instant, Instant, UUID, String, UUID)
2026-03-30T01:22:08.966-05:00 DEBUG 1509 --- [homehealthcare] [    Test worker] org.hibernate.SQL                        : select am1_0.id,am1_0.agency_id,am1_0.created_at,am1_0.role_key,am1_0.status,am1_0.updated_at,am1_0.user_id from agency_memberships am1_0 where am1_0.id=? and am1_0.agency_id=?
2026-03-30T01:22:08.967-05:00 DEBUG 1509 --- [homehealthcare] [    Test worker] org.hibernate.SQL                        : select ae1_0.id,ae1_0.action_type,ae1_0.actor_email,ae1_0.actor_id,ae1_0.actor_type,ae1_0.agency_id,ae1_0.branch_id,ae1_0.metadata_json,ae1_0.occurred_at,ae1_0.outcome,ae1_0.target_id,ae1_0.target_type from audit_events ae1_0 where ae1_0.agency_id=? and ae1_0.action_type=? order by ae1_0.occurred_at desc
2026-03-30T01:22:08.968-05:00 DEBUG 1509 --- [homehealthcare] [    Test worker] m.m.a.RequestResponseBodyMethodProcessor : Using 'text/csv', given [*/*] and supported [text/csv]
2026-03-30T01:22:08.968-05:00 DEBUG 1509 --- [homehealthcare] [    Test worker] m.m.a.RequestResponseBodyMethodProcessor : Writing ["occurredAt,actionType,outcome,actorEmail,actorId,targetType,targetId,agencyId,branchId,metadataJson<EOL> (truncated)..."]
2026-03-30T01:22:08.974-05:00 DEBUG 1509 --- [homehealthcare] [    Test worker] org.hibernate.SQL                        : select a1_0.id,a1_0.contact_email,a1_0.created_at,a1_0.deactivated_at,a1_0.mfa_policy_mode,a1_0.mfa_required_roles,a1_0.name,a1_0.slug,a1_0.status,a1_0.timezone,a1_0.updated_at from agencies a1_0 where a1_0.id=?
2026-03-30T01:22:08.975-05:00 DEBUG 1509 --- [homehealthcare] [    Test worker] org.hibernate.SQL                        : insert into agencies (contact_email,created_at,deactivated_at,mfa_policy_mode,mfa_required_roles,name,slug,status,timezone,updated_at,id) values (?,?,?,?,?,?,?,?,?,?,?)
2026-03-30T01:22:08.975-05:00 DEBUG 1509 --- [homehealthcare] [    Test worker] org.hibernate.SQL                        : select u1_0.id,u1_0.created_at,u1_0.deactivated_at,u1_0.email,u1_0.first_name,u1_0.last_login_at,u1_0.last_name,u1_0.mfa_enabled,u1_0.mfa_enrolled_at,u1_0.mfa_secret,u1_0.password_hash,u1_0.phone,u1_0.preferred_language,u1_0.status,u1_0.time_zone,u1_0.updated_at from users u1_0 where u1_0.id=?
2026-03-30T01:22:08.975-05:00 DEBUG 1509 --- [homehealthcare] [    Test worker] org.hibernate.SQL                        : insert into users (created_at,deactivated_at,email,first_name,last_login_at,last_name,mfa_enabled,mfa_enrolled_at,mfa_secret,password_hash,phone,preferred_language,status,time_zone,updated_at,id) values (?,?,?,?,?,?,?,?,?,?,?,?,?,?,?,?)
2026-03-30T01:22:08.976-05:00 DEBUG 1509 --- [homehealthcare] [    Test worker] org.hibernate.SQL                        : select am1_0.id,am1_0.agency_id,am1_0.created_at,am1_0.role_key,am1_0.status,am1_0.updated_at,am1_0.user_id from agency_memberships am1_0 where am1_0.id=?
2026-03-30T01:22:08.976-05:00 DEBUG 1509 --- [homehealthcare] [    Test worker] org.hibernate.SQL                        : insert into agency_memberships (agency_id,created_at,role_key,status,updated_at,user_id,id) values (?,?,?,?,?,?,?)
2026-03-30T01:22:08.977-05:00 DEBUG 1509 --- [homehealthcare] [    Test worker] org.hibernate.SQL                        : select ae1_0.id,ae1_0.action_type,ae1_0.actor_email,ae1_0.actor_id,ae1_0.actor_type,ae1_0.agency_id,ae1_0.branch_id,ae1_0.metadata_json,ae1_0.occurred_at,ae1_0.outcome,ae1_0.target_id,ae1_0.target_type from audit_events ae1_0 where ae1_0.id=?
2026-03-30T01:22:08.978-05:00 DEBUG 1509 --- [homehealthcare] [    Test worker] s.w.s.m.m.a.RequestMappingHandlerMapping : Mapped to com.homehealthcare.platform.audit.api.AuditEventController#events(Instant, Instant, UUID, String, UUID, int, int)
2026-03-30T01:22:08.978-05:00 DEBUG 1509 --- [homehealthcare] [    Test worker] org.hibernate.SQL                        : select am1_0.id,am1_0.agency_id,am1_0.created_at,am1_0.role_key,am1_0.status,am1_0.updated_at,am1_0.user_id from agency_memberships am1_0 where am1_0.id=? and am1_0.agency_id=?
2026-03-30T01:22:08.979-05:00 DEBUG 1509 --- [homehealthcare] [    Test worker] org.hibernate.SQL                        : insert into audit_events (action_type,actor_email,actor_id,actor_type,agency_id,branch_id,metadata_json,occurred_at,outcome,target_id,target_type,id) values (?,?,?,?,?,?,?,?,?,?,?,?)
2026-03-30T01:22:08.979-05:00 DEBUG 1509 --- [homehealthcare] [    Test worker] org.hibernate.SQL                        : select ae1_0.id,ae1_0.action_type,ae1_0.actor_email,ae1_0.actor_id,ae1_0.actor_type,ae1_0.agency_id,ae1_0.branch_id,ae1_0.metadata_json,ae1_0.occurred_at,ae1_0.outcome,ae1_0.target_id,ae1_0.target_type from audit_events ae1_0 where ae1_0.agency_id=? and ae1_0.action_type=? order by ae1_0.occurred_at desc offset ? rows fetch first ? rows only
2026-03-30T01:22:08.980-05:00 DEBUG 1509 --- [homehealthcare] [    Test worker] m.m.a.RequestResponseBodyMethodProcessor : Using 'application/json', given [*/*] and supported [application/json, application/*+json]
2026-03-30T01:22:08.980-05:00 DEBUG 1509 --- [homehealthcare] [    Test worker] m.m.a.RequestResponseBodyMethodProcessor : Writing [AuditEventPageResponse[content=[AuditEventResponse[id=2e612d98-4733-4756-8ebf-c7aa81960b75, occurred (truncated)...]
2026-03-30T01:22:08.981-05:00 DEBUG 1509 --- [homehealthcare] [    Test worker] s.w.s.m.m.a.RequestMappingHandlerMapping : Mapped to com.homehealthcare.platform.audit.api.AuditEventController#export(Instant, Instant, UUID, String, UUID)
2026-03-30T01:22:08.982-05:00 DEBUG 1509 --- [homehealthcare] [    Test worker] org.hibernate.SQL                        : select am1_0.id,am1_0.agency_id,am1_0.created_at,am1_0.role_key,am1_0.status,am1_0.updated_at,am1_0.user_id from agency_memberships am1_0 where am1_0.id=? and am1_0.agency_id=?
2026-03-30T01:22:08.983-05:00 DEBUG 1509 --- [homehealthcare] [    Test worker] org.hibernate.SQL                        : select ae1_0.id,ae1_0.action_type,ae1_0.actor_email,ae1_0.actor_id,ae1_0.actor_type,ae1_0.agency_id,ae1_0.branch_id,ae1_0.metadata_json,ae1_0.occurred_at,ae1_0.outcome,ae1_0.target_id,ae1_0.target_type from audit_events ae1_0 where ae1_0.agency_id=? and ae1_0.action_type=? order by ae1_0.occurred_at desc
2026-03-30T01:22:08.983-05:00 DEBUG 1509 --- [homehealthcare] [    Test worker] m.m.a.RequestResponseBodyMethodProcessor : Using 'text/csv', given [*/*] and supported [text/csv]
2026-03-30T01:22:08.983-05:00 DEBUG 1509 --- [homehealthcare] [    Test worker] m.m.a.RequestResponseBodyMethodProcessor : Writing ["occurredAt,actionType,outcome,actorEmail,actorId,targetType,targetId,agencyId,branchId,metadataJson<EOL> (truncated)..."]
2026-03-30T01:22:08.989-05:00 DEBUG 1509 --- [homehealthcare] [    Test worker] org.hibernate.SQL                        : select a1_0.id,a1_0.contact_email,a1_0.created_at,a1_0.deactivated_at,a1_0.mfa_policy_mode,a1_0.mfa_required_roles,a1_0.name,a1_0.slug,a1_0.status,a1_0.timezone,a1_0.updated_at from agencies a1_0 where a1_0.id=?
2026-03-30T01:22:08.990-05:00 DEBUG 1509 --- [homehealthcare] [    Test worker] org.hibernate.SQL                        : insert into agencies (contact_email,created_at,deactivated_at,mfa_policy_mode,mfa_required_roles,name,slug,status,timezone,updated_at,id) values (?,?,?,?,?,?,?,?,?,?,?)
2026-03-30T01:22:08.991-05:00 DEBUG 1509 --- [homehealthcare] [    Test worker] org.hibernate.SQL                        : select u1_0.id,u1_0.created_at,u1_0.deactivated_at,u1_0.email,u1_0.first_name,u1_0.last_login_at,u1_0.last_name,u1_0.mfa_enabled,u1_0.mfa_enrolled_at,u1_0.mfa_secret,u1_0.password_hash,u1_0.phone,u1_0.preferred_language,u1_0.status,u1_0.time_zone,u1_0.updated_at from users u1_0 where u1_0.id=?
2026-03-30T01:22:08.991-05:00 DEBUG 1509 --- [homehealthcare] [    Test worker] org.hibernate.SQL                        : insert into users (created_at,deactivated_at,email,first_name,last_login_at,last_name,mfa_enabled,mfa_enrolled_at,mfa_secret,password_hash,phone,preferred_language,status,time_zone,updated_at,id) values (?,?,?,?,?,?,?,?,?,?,?,?,?,?,?,?)
2026-03-30T01:22:08.991-05:00 DEBUG 1509 --- [homehealthcare] [    Test worker] org.hibernate.SQL                        : select am1_0.id,am1_0.agency_id,am1_0.created_at,am1_0.role_key,am1_0.status,am1_0.updated_at,am1_0.user_id from agency_memberships am1_0 where am1_0.id=?
2026-03-30T01:22:08.992-05:00 DEBUG 1509 --- [homehealthcare] [    Test worker] org.hibernate.SQL                        : insert into agency_memberships (agency_id,created_at,role_key,status,updated_at,user_id,id) values (?,?,?,?,?,?,?)
2026-03-30T01:22:08.992-05:00 DEBUG 1509 --- [homehealthcare] [    Test worker] org.hibernate.SQL                        : select ae1_0.id,ae1_0.action_type,ae1_0.actor_email,ae1_0.actor_id,ae1_0.actor_type,ae1_0.agency_id,ae1_0.branch_id,ae1_0.metadata_json,ae1_0.occurred_at,ae1_0.outcome,ae1_0.target_id,ae1_0.target_type from audit_events ae1_0 where ae1_0.id=?
2026-03-30T01:22:08.993-05:00 DEBUG 1509 --- [homehealthcare] [    Test worker] s.w.s.m.m.a.RequestMappingHandlerMapping : Mapped to com.homehealthcare.platform.audit.api.AuditEventController#events(Instant, Instant, UUID, String, UUID, int, int)
2026-03-30T01:22:08.993-05:00 DEBUG 1509 --- [homehealthcare] [    Test worker] org.hibernate.SQL                        : select am1_0.id,am1_0.agency_id,am1_0.created_at,am1_0.role_key,am1_0.status,am1_0.updated_at,am1_0.user_id from agency_memberships am1_0 where am1_0.id=? and am1_0.agency_id=?
2026-03-30T01:22:08.994-05:00 DEBUG 1509 --- [homehealthcare] [    Test worker] org.hibernate.SQL                        : insert into audit_events (action_type,actor_email,actor_id,actor_type,agency_id,branch_id,metadata_json,occurred_at,outcome,target_id,target_type,id) values (?,?,?,?,?,?,?,?,?,?,?,?)
2026-03-30T01:22:08.994-05:00 DEBUG 1509 --- [homehealthcare] [    Test worker] org.hibernate.SQL                        : select ae1_0.id,ae1_0.action_type,ae1_0.actor_email,ae1_0.actor_id,ae1_0.actor_type,ae1_0.agency_id,ae1_0.branch_id,ae1_0.metadata_json,ae1_0.occurred_at,ae1_0.outcome,ae1_0.target_id,ae1_0.target_type from audit_events ae1_0 where ae1_0.agency_id=? and ae1_0.action_type=? order by ae1_0.occurred_at desc offset ? rows fetch first ? rows only
2026-03-30T01:22:08.995-05:00 DEBUG 1509 --- [homehealthcare] [    Test worker] m.m.a.RequestResponseBodyMethodProcessor : Using 'application/json', given [*/*] and supported [application/json, application/*+json]
2026-03-30T01:22:08.995-05:00 DEBUG 1509 --- [homehealthcare] [    Test worker] m.m.a.RequestResponseBodyMethodProcessor : Writing [AuditEventPageResponse[content=[AuditEventResponse[id=b5b232eb-a11f-4ce5-9b8a-d1b5daa8bed8, occurred (truncated)...]
2026-03-30T01:22:09.000-05:00 DEBUG 1509 --- [homehealthcare] [    Test worker] s.w.s.m.m.a.RequestMappingHandlerMapping : Mapped to com.homehealthcare.platform.audit.api.AuditEventController#export(Instant, Instant, UUID, String, UUID)
2026-03-30T01:22:09.001-05:00 DEBUG 1509 --- [homehealthcare] [    Test worker] org.hibernate.SQL                        : select am1_0.id,am1_0.agency_id,am1_0.created_at,am1_0.role_key,am1_0.status,am1_0.updated_at,am1_0.user_id from agency_memberships am1_0 where am1_0.id=? and am1_0.agency_id=?
2026-03-30T01:22:09.002-05:00 DEBUG 1509 --- [homehealthcare] [    Test worker] org.hibernate.SQL                        : select ae1_0.id,ae1_0.action_type,ae1_0.actor_email,ae1_0.actor_id,ae1_0.actor_type,ae1_0.agency_id,ae1_0.branch_id,ae1_0.metadata_json,ae1_0.occurred_at,ae1_0.outcome,ae1_0.target_id,ae1_0.target_type from audit_events ae1_0 where ae1_0.agency_id=? and ae1_0.action_type=? order by ae1_0.occurred_at desc
2026-03-30T01:22:09.003-05:00 DEBUG 1509 --- [homehealthcare] [    Test worker] m.m.a.RequestResponseBodyMethodProcessor : Using 'text/csv', given [*/*] and supported [text/csv]
2026-03-30T01:22:09.003-05:00 DEBUG 1509 --- [homehealthcare] [    Test worker] m.m.a.RequestResponseBodyMethodProcessor : Writing ["occurredAt,actionType,outcome,actorEmail,actorId,targetType,targetId,agencyId,branchId,metadataJson<EOL> (truncated)..."]
2026-03-30T01:22:09.009-05:00 DEBUG 1509 --- [homehealthcare] [    Test worker] org.hibernate.SQL                        : select a1_0.id,a1_0.contact_email,a1_0.created_at,a1_0.deactivated_at,a1_0.mfa_policy_mode,a1_0.mfa_required_roles,a1_0.name,a1_0.slug,a1_0.status,a1_0.timezone,a1_0.updated_at from agencies a1_0 where a1_0.id=?
2026-03-30T01:22:09.010-05:00 DEBUG 1509 --- [homehealthcare] [    Test worker] org.hibernate.SQL                        : insert into agencies (contact_email,created_at,deactivated_at,mfa_policy_mode,mfa_required_roles,name,slug,status,timezone,updated_at,id) values (?,?,?,?,?,?,?,?,?,?,?)
2026-03-30T01:22:09.010-05:00 DEBUG 1509 --- [homehealthcare] [    Test worker] org.hibernate.SQL                        : select u1_0.id,u1_0.created_at,u1_0.deactivated_at,u1_0.email,u1_0.first_name,u1_0.last_login_at,u1_0.last_name,u1_0.mfa_enabled,u1_0.mfa_enrolled_at,u1_0.mfa_secret,u1_0.password_hash,u1_0.phone,u1_0.preferred_language,u1_0.status,u1_0.time_zone,u1_0.updated_at from users u1_0 where u1_0.id=?
2026-03-30T01:22:09.011-05:00 DEBUG 1509 --- [homehealthcare] [    Test worker] org.hibernate.SQL                        : insert into users (created_at,deactivated_at,email,first_name,last_login_at,last_name,mfa_enabled,mfa_enrolled_at,mfa_secret,password_hash,phone,preferred_language,status,time_zone,updated_at,id) values (?,?,?,?,?,?,?,?,?,?,?,?,?,?,?,?)
2026-03-30T01:22:09.011-05:00 DEBUG 1509 --- [homehealthcare] [    Test worker] org.hibernate.SQL                        : select am1_0.id,am1_0.agency_id,am1_0.created_at,am1_0.role_key,am1_0.status,am1_0.updated_at,am1_0.user_id from agency_memberships am1_0 where am1_0.id=?
2026-03-30T01:22:09.011-05:00 DEBUG 1509 --- [homehealthcare] [    Test worker] org.hibernate.SQL                        : insert into agency_memberships (agency_id,created_at,role_key,status,updated_at,user_id,id) values (?,?,?,?,?,?,?)
2026-03-30T01:22:09.012-05:00 DEBUG 1509 --- [homehealthcare] [    Test worker] org.hibernate.SQL                        : select u1_0.id,u1_0.created_at,u1_0.deactivated_at,u1_0.email,u1_0.first_name,u1_0.last_login_at,u1_0.last_name,u1_0.mfa_enabled,u1_0.mfa_enrolled_at,u1_0.mfa_secret,u1_0.password_hash,u1_0.phone,u1_0.preferred_language,u1_0.status,u1_0.time_zone,u1_0.updated_at from users u1_0 where u1_0.id=?
2026-03-30T01:22:09.012-05:00 DEBUG 1509 --- [homehealthcare] [    Test worker] org.hibernate.SQL                        : insert into users (created_at,deactivated_at,email,first_name,last_login_at,last_name,mfa_enabled,mfa_enrolled_at,mfa_secret,password_hash,phone,preferred_language,status,time_zone,updated_at,id) values (?,?,?,?,?,?,?,?,?,?,?,?,?,?,?,?)
2026-03-30T01:22:09.012-05:00 DEBUG 1509 --- [homehealthcare] [    Test worker] org.hibernate.SQL                        : select ae1_0.id,ae1_0.action_type,ae1_0.actor_email,ae1_0.actor_id,ae1_0.actor_type,ae1_0.agency_id,ae1_0.branch_id,ae1_0.metadata_json,ae1_0.occurred_at,ae1_0.outcome,ae1_0.target_id,ae1_0.target_type from audit_events ae1_0 where ae1_0.id=?
2026-03-30T01:22:09.012-05:00 DEBUG 1509 --- [homehealthcare] [    Test worker] org.hibernate.SQL                        : select ae1_0.id,ae1_0.action_type,ae1_0.actor_email,ae1_0.actor_id,ae1_0.actor_type,ae1_0.agency_id,ae1_0.branch_id,ae1_0.metadata_json,ae1_0.occurred_at,ae1_0.outcome,ae1_0.target_id,ae1_0.target_type from audit_events ae1_0 where ae1_0.id=?
2026-03-30T01:22:09.014-05:00 DEBUG 1509 --- [homehealthcare] [    Test worker] s.w.s.m.m.a.RequestMappingHandlerMapping : Mapped to com.homehealthcare.platform.audit.api.AuditEventController#events(Instant, Instant, UUID, String, UUID, int, int)
2026-03-30T01:22:09.015-05:00 DEBUG 1509 --- [homehealthcare] [    Test worker] org.hibernate.SQL                        : select am1_0.id,am1_0.agency_id,am1_0.created_at,am1_0.role_key,am1_0.status,am1_0.updated_at,am1_0.user_id from agency_memberships am1_0 where am1_0.id=? and am1_0.agency_id=?
2026-03-30T01:22:09.016-05:00 DEBUG 1509 --- [homehealthcare] [    Test worker] org.hibernate.SQL                        : insert into audit_events (action_type,actor_email,actor_id,actor_type,agency_id,branch_id,metadata_json,occurred_at,outcome,target_id,target_type,id) values (?,?,?,?,?,?,?,?,?,?,?,?)
2026-03-30T01:22:09.016-05:00 DEBUG 1509 --- [homehealthcare] [    Test worker] org.hibernate.SQL                        : insert into audit_events (action_type,actor_email,actor_id,actor_type,agency_id,branch_id,metadata_json,occurred_at,outcome,target_id,target_type,id) values (?,?,?,?,?,?,?,?,?,?,?,?)
2026-03-30T01:22:09.016-05:00 DEBUG 1509 --- [homehealthcare] [    Test worker] org.hibernate.SQL                        : select ae1_0.id,ae1_0.action_type,ae1_0.actor_email,ae1_0.actor_id,ae1_0.actor_type,ae1_0.agency_id,ae1_0.branch_id,ae1_0.metadata_json,ae1_0.occurred_at,ae1_0.outcome,ae1_0.target_id,ae1_0.target_type from audit_events ae1_0 where ae1_0.agency_id=? and ae1_0.occurred_at>=? and ae1_0.occurred_at<=? and ae1_0.action_type=? and ae1_0.target_type=? and ae1_0.target_id=? order by ae1_0.occurred_at desc offset ? rows fetch first ? rows only
2026-03-30T01:22:09.017-05:00 DEBUG 1509 --- [homehealthcare] [    Test worker] m.m.a.RequestResponseBodyMethodProcessor : Using 'application/json', given [*/*] and supported [application/json, application/*+json]
2026-03-30T01:22:09.017-05:00 DEBUG 1509 --- [homehealthcare] [    Test worker] m.m.a.RequestResponseBodyMethodProcessor : Writing [AuditEventPageResponse[content=[AuditEventResponse[id=e7e28691-92a7-4c4a-b7fa-e0243de3c055, occurred (truncated)...]
2026-03-30T01:22:09.018-05:00 DEBUG 1509 --- [homehealthcare] [    Test worker] s.w.s.m.m.a.RequestMappingHandlerMapping : Mapped to com.homehealthcare.platform.audit.api.AuditEventController#export(Instant, Instant, UUID, String, UUID)
2026-03-30T01:22:09.019-05:00 DEBUG 1509 --- [homehealthcare] [    Test worker] org.hibernate.SQL                        : select am1_0.id,am1_0.agency_id,am1_0.created_at,am1_0.role_key,am1_0.status,am1_0.updated_at,am1_0.user_id from agency_memberships am1_0 where am1_0.id=? and am1_0.agency_id=?
2026-03-30T01:22:09.020-05:00 DEBUG 1509 --- [homehealthcare] [    Test worker] org.hibernate.SQL                        : select ae1_0.id,ae1_0.action_type,ae1_0.actor_email,ae1_0.actor_id,ae1_0.actor_type,ae1_0.agency_id,ae1_0.branch_id,ae1_0.metadata_json,ae1_0.occurred_at,ae1_0.outcome,ae1_0.target_id,ae1_0.target_type from audit_events ae1_0 where ae1_0.agency_id=? and ae1_0.action_type=? order by ae1_0.occurred_at desc
2026-03-30T01:22:09.020-05:00 DEBUG 1509 --- [homehealthcare] [    Test worker] m.m.a.RequestResponseBodyMethodProcessor : Using 'text/csv', given [*/*] and supported [text/csv]
2026-03-30T01:22:09.020-05:00 DEBUG 1509 --- [homehealthcare] [    Test worker] m.m.a.RequestResponseBodyMethodProcessor : Writing ["occurredAt,actionType,outcome,actorEmail,actorId,targetType,targetId,agencyId,branchId,metadataJson<EOL> (truncated)..."]
2026-03-30T01:22:09.026-05:00 DEBUG 1509 --- [homehealthcare] [    Test worker] org.hibernate.SQL                        : select a1_0.id,a1_0.contact_email,a1_0.created_at,a1_0.deactivated_at,a1_0.mfa_policy_mode,a1_0.mfa_required_roles,a1_0.name,a1_0.slug,a1_0.status,a1_0.timezone,a1_0.updated_at from agencies a1_0 where a1_0.id=?
2026-03-30T01:22:09.027-05:00 DEBUG 1509 --- [homehealthcare] [    Test worker] org.hibernate.SQL                        : insert into agencies (contact_email,created_at,deactivated_at,mfa_policy_mode,mfa_required_roles,name,slug,status,timezone,updated_at,id) values (?,?,?,?,?,?,?,?,?,?,?)
2026-03-30T01:22:09.027-05:00 DEBUG 1509 --- [homehealthcare] [    Test worker] org.hibernate.SQL                        : select u1_0.id,u1_0.created_at,u1_0.deactivated_at,u1_0.email,u1_0.first_name,u1_0.last_login_at,u1_0.last_name,u1_0.mfa_enabled,u1_0.mfa_enrolled_at,u1_0.mfa_secret,u1_0.password_hash,u1_0.phone,u1_0.preferred_language,u1_0.status,u1_0.time_zone,u1_0.updated_at from users u1_0 where u1_0.id=?
2026-03-30T01:22:09.027-05:00 DEBUG 1509 --- [homehealthcare] [    Test worker] org.hibernate.SQL                        : insert into users (created_at,deactivated_at,email,first_name,last_login_at,last_name,mfa_enabled,mfa_enrolled_at,mfa_secret,password_hash,phone,preferred_language,status,time_zone,updated_at,id) values (?,?,?,?,?,?,?,?,?,?,?,?,?,?,?,?)
2026-03-30T01:22:09.028-05:00 DEBUG 1509 --- [homehealthcare] [    Test worker] org.hibernate.SQL                        : select am1_0.id,am1_0.agency_id,am1_0.created_at,am1_0.role_key,am1_0.status,am1_0.updated_at,am1_0.user_id from agency_memberships am1_0 where am1_0.id=?
2026-03-30T01:22:09.028-05:00 DEBUG 1509 --- [homehealthcare] [    Test worker] org.hibernate.SQL                        : insert into agency_memberships (agency_id,created_at,role_key,status,updated_at,user_id,id) values (?,?,?,?,?,?,?)
2026-03-30T01:22:09.029-05:00 DEBUG 1509 --- [homehealthcare] [    Test worker] s.w.s.m.m.a.RequestMappingHandlerMapping : Mapped to com.homehealthcare.platform.audit.api.AuditEventController#events(Instant, Instant, UUID, String, UUID, int, int)
2026-03-30T01:22:09.029-05:00 DEBUG 1509 --- [homehealthcare] [    Test worker] org.hibernate.SQL                        : select am1_0.id,am1_0.agency_id,am1_0.created_at,am1_0.role_key,am1_0.status,am1_0.updated_at,am1_0.user_id from agency_memberships am1_0 where am1_0.id=? and am1_0.agency_id=?
2026-03-30T01:22:09.030-05:00 DEBUG 1509 --- [homehealthcare] [    Test worker] .w.s.m.a.ResponseStatusExceptionResolver : Resolved [com.homehealthcare.platform.audit.application.UnauthorizedAuditLogActorException: Membership cannot view audit logs: 63125dab-31e6-49ff-b66d-4ab54ccd61b2]
2026-03-30T01:22:09.035-05:00 DEBUG 1509 --- [homehealthcare] [    Test worker] org.hibernate.SQL                        : select a1_0.id,a1_0.contact_email,a1_0.created_at,a1_0.deactivated_at,a1_0.mfa_policy_mode,a1_0.mfa_required_roles,a1_0.name,a1_0.slug,a1_0.status,a1_0.timezone,a1_0.updated_at from agencies a1_0 where a1_0.id=?
2026-03-30T01:22:09.036-05:00 DEBUG 1509 --- [homehealthcare] [    Test worker] org.hibernate.SQL                        : insert into agencies (contact_email,created_at,deactivated_at,mfa_policy_mode,mfa_required_roles,name,slug,status,timezone,updated_at,id) values (?,?,?,?,?,?,?,?,?,?,?)
2026-03-30T01:22:09.037-05:00 DEBUG 1509 --- [homehealthcare] [    Test worker] org.hibernate.SQL                        : select u1_0.id,u1_0.created_at,u1_0.deactivated_at,u1_0.email,u1_0.first_name,u1_0.last_login_at,u1_0.last_name,u1_0.mfa_enabled,u1_0.mfa_enrolled_at,u1_0.mfa_secret,u1_0.password_hash,u1_0.phone,u1_0.preferred_language,u1_0.status,u1_0.time_zone,u1_0.updated_at from users u1_0 where u1_0.id=?
2026-03-30T01:22:09.037-05:00 DEBUG 1509 --- [homehealthcare] [    Test worker] org.hibernate.SQL                        : insert into users (created_at,deactivated_at,email,first_name,last_login_at,last_name,mfa_enabled,mfa_enrolled_at,mfa_secret,password_hash,phone,preferred_language,status,time_zone,updated_at,id) values (?,?,?,?,?,?,?,?,?,?,?,?,?,?,?,?)
2026-03-30T01:22:09.037-05:00 DEBUG 1509 --- [homehealthcare] [    Test worker] org.hibernate.SQL                        : select am1_0.id,am1_0.agency_id,am1_0.created_at,am1_0.role_key,am1_0.status,am1_0.updated_at,am1_0.user_id from agency_memberships am1_0 where am1_0.id=?
2026-03-30T01:22:09.038-05:00 DEBUG 1509 --- [homehealthcare] [    Test worker] org.hibernate.SQL                        : insert into agency_memberships (agency_id,created_at,role_key,status,updated_at,user_id,id) values (?,?,?,?,?,?,?)
2026-03-30T01:22:09.039-05:00 DEBUG 1509 --- [homehealthcare] [    Test worker] org.hibernate.SQL                        : select ae1_0.id,ae1_0.action_type,ae1_0.actor_email,ae1_0.actor_id,ae1_0.actor_type,ae1_0.agency_id,ae1_0.branch_id,ae1_0.metadata_json,ae1_0.occurred_at,ae1_0.outcome,ae1_0.target_id,ae1_0.target_type from audit_events ae1_0 where ae1_0.id=?
2026-03-30T01:22:09.040-05:00 DEBUG 1509 --- [homehealthcare] [    Test worker] s.w.s.m.m.a.RequestMappingHandlerMapping : Mapped to com.homehealthcare.platform.audit.api.AuditEventController#events(Instant, Instant, UUID, String, UUID, int, int)
2026-03-30T01:22:09.041-05:00 DEBUG 1509 --- [homehealthcare] [    Test worker] org.hibernate.SQL                        : select am1_0.id,am1_0.agency_id,am1_0.created_at,am1_0.role_key,am1_0.status,am1_0.updated_at,am1_0.user_id from agency_memberships am1_0 where am1_0.id=? and am1_0.agency_id=?
2026-03-30T01:22:09.042-05:00 DEBUG 1509 --- [homehealthcare] [    Test worker] org.hibernate.SQL                        : insert into audit_events (action_type,actor_email,actor_id,actor_type,agency_id,branch_id,metadata_json,occurred_at,outcome,target_id,target_type,id) values (?,?,?,?,?,?,?,?,?,?,?,?)
2026-03-30T01:22:09.043-05:00 DEBUG 1509 --- [homehealthcare] [    Test worker] org.hibernate.SQL                        : select ae1_0.id,ae1_0.action_type,ae1_0.actor_email,ae1_0.actor_id,ae1_0.actor_type,ae1_0.agency_id,ae1_0.branch_id,ae1_0.metadata_json,ae1_0.occurred_at,ae1_0.outcome,ae1_0.target_id,ae1_0.target_type from audit_events ae1_0 where ae1_0.agency_id=? and ae1_0.action_type=? order by ae1_0.occurred_at desc offset ? rows fetch first ? rows only
2026-03-30T01:22:09.043-05:00 DEBUG 1509 --- [homehealthcare] [    Test worker] m.m.a.RequestResponseBodyMethodProcessor : Using 'application/json', given [*/*] and supported [application/json, application/*+json]
2026-03-30T01:22:09.044-05:00 DEBUG 1509 --- [homehealthcare] [    Test worker] m.m.a.RequestResponseBodyMethodProcessor : Writing [AuditEventPageResponse[content=[AuditEventResponse[id=3ec0121c-c2e5-45c3-a82c-d91f0a1ac0e3, occurred (truncated)...]
2026-03-30T01:22:09.045-05:00 DEBUG 1509 --- [homehealthcare] [    Test worker] s.w.s.m.m.a.RequestMappingHandlerMapping : Mapped to com.homehealthcare.platform.audit.api.AuditEventController#export(Instant, Instant, UUID, String, UUID)
2026-03-30T01:22:09.045-05:00 DEBUG 1509 --- [homehealthcare] [    Test worker] org.hibernate.SQL                        : select am1_0.id,am1_0.agency_id,am1_0.created_at,am1_0.role_key,am1_0.status,am1_0.updated_at,am1_0.user_id from agency_memberships am1_0 where am1_0.id=? and am1_0.agency_id=?
2026-03-30T01:22:09.046-05:00 DEBUG 1509 --- [homehealthcare] [    Test worker] org.hibernate.SQL                        : select ae1_0.id,ae1_0.action_type,ae1_0.actor_email,ae1_0.actor_id,ae1_0.actor_type,ae1_0.agency_id,ae1_0.branch_id,ae1_0.metadata_json,ae1_0.occurred_at,ae1_0.outcome,ae1_0.target_id,ae1_0.target_type from audit_events ae1_0 where ae1_0.agency_id=? and ae1_0.action_type=? order by ae1_0.occurred_at desc
2026-03-30T01:22:09.046-05:00 DEBUG 1509 --- [homehealthcare] [    Test worker] m.m.a.RequestResponseBodyMethodProcessor : Using 'text/csv', given [*/*] and supported [text/csv]
2026-03-30T01:22:09.046-05:00 DEBUG 1509 --- [homehealthcare] [    Test worker] m.m.a.RequestResponseBodyMethodProcessor : Writing ["occurredAt,actionType,outcome,actorEmail,actorId,targetType,targetId,agencyId,branchId,metadataJson<EOL> (truncated)..."]
2026-03-30T01:22:09.052-05:00 DEBUG 1509 --- [homehealthcare] [    Test worker] org.hibernate.SQL                        : select a1_0.id,a1_0.contact_email,a1_0.created_at,a1_0.deactivated_at,a1_0.mfa_policy_mode,a1_0.mfa_required_roles,a1_0.name,a1_0.slug,a1_0.status,a1_0.timezone,a1_0.updated_at from agencies a1_0 where a1_0.id=?
2026-03-30T01:22:09.053-05:00 DEBUG 1509 --- [homehealthcare] [    Test worker] org.hibernate.SQL                        : insert into agencies (contact_email,created_at,deactivated_at,mfa_policy_mode,mfa_required_roles,name,slug,status,timezone,updated_at,id) values (?,?,?,?,?,?,?,?,?,?,?)
2026-03-30T01:22:09.053-05:00 DEBUG 1509 --- [homehealthcare] [    Test worker] org.hibernate.SQL                        : select u1_0.id,u1_0.created_at,u1_0.deactivated_at,u1_0.email,u1_0.first_name,u1_0.last_login_at,u1_0.last_name,u1_0.mfa_enabled,u1_0.mfa_enrolled_at,u1_0.mfa_secret,u1_0.password_hash,u1_0.phone,u1_0.preferred_language,u1_0.status,u1_0.time_zone,u1_0.updated_at from users u1_0 where u1_0.id=?
2026-03-30T01:22:09.054-05:00 DEBUG 1509 --- [homehealthcare] [    Test worker] org.hibernate.SQL                        : insert into users (created_at,deactivated_at,email,first_name,last_login_at,last_name,mfa_enabled,mfa_enrolled_at,mfa_secret,password_hash,phone,preferred_language,status,time_zone,updated_at,id) values (?,?,?,?,?,?,?,?,?,?,?,?,?,?,?,?)
2026-03-30T01:22:09.054-05:00 DEBUG 1509 --- [homehealthcare] [    Test worker] org.hibernate.SQL                        : select am1_0.id,am1_0.agency_id,am1_0.created_at,am1_0.role_key,am1_0.status,am1_0.updated_at,am1_0.user_id from agency_memberships am1_0 where am1_0.id=?
2026-03-30T01:22:09.054-05:00 DEBUG 1509 --- [homehealthcare] [    Test worker] org.hibernate.SQL                        : insert into agency_memberships (agency_id,created_at,role_key,status,updated_at,user_id,id) values (?,?,?,?,?,?,?)
2026-03-30T01:22:09.054-05:00 DEBUG 1509 --- [homehealthcare] [    Test worker] org.hibernate.SQL                        : select ae1_0.id,ae1_0.action_type,ae1_0.actor_email,ae1_0.actor_id,ae1_0.actor_type,ae1_0.agency_id,ae1_0.branch_id,ae1_0.metadata_json,ae1_0.occurred_at,ae1_0.outcome,ae1_0.target_id,ae1_0.target_type from audit_events ae1_0 where ae1_0.id=?
2026-03-30T01:22:09.055-05:00 DEBUG 1509 --- [homehealthcare] [    Test worker] s.w.s.m.m.a.RequestMappingHandlerMapping : Mapped to com.homehealthcare.platform.audit.api.AuditEventController#events(Instant, Instant, UUID, String, UUID, int, int)
2026-03-30T01:22:09.056-05:00 DEBUG 1509 --- [homehealthcare] [    Test worker] org.hibernate.SQL                        : select am1_0.id,am1_0.agency_id,am1_0.created_at,am1_0.role_key,am1_0.status,am1_0.updated_at,am1_0.user_id from agency_memberships am1_0 where am1_0.id=? and am1_0.agency_id=?
2026-03-30T01:22:09.056-05:00 DEBUG 1509 --- [homehealthcare] [    Test worker] org.hibernate.SQL                        : insert into audit_events (action_type,actor_email,actor_id,actor_type,agency_id,branch_id,metadata_json,occurred_at,outcome,target_id,target_type,id) values (?,?,?,?,?,?,?,?,?,?,?,?)
2026-03-30T01:22:09.057-05:00 DEBUG 1509 --- [homehealthcare] [    Test worker] org.hibernate.SQL                        : select ae1_0.id,ae1_0.action_type,ae1_0.actor_email,ae1_0.actor_id,ae1_0.actor_type,ae1_0.agency_id,ae1_0.branch_id,ae1_0.metadata_json,ae1_0.occurred_at,ae1_0.outcome,ae1_0.target_id,ae1_0.target_type from audit_events ae1_0 where ae1_0.agency_id=? and ae1_0.action_type=? order by ae1_0.occurred_at desc offset ? rows fetch first ? rows only
2026-03-30T01:22:09.057-05:00 DEBUG 1509 --- [homehealthcare] [    Test worker] m.m.a.RequestResponseBodyMethodProcessor : Using 'application/json', given [*/*] and supported [application/json, application/*+json]
2026-03-30T01:22:09.057-05:00 DEBUG 1509 --- [homehealthcare] [    Test worker] m.m.a.RequestResponseBodyMethodProcessor : Writing [AuditEventPageResponse[content=[AuditEventResponse[id=516c9321-ec2b-4bcd-9f11-ab508a95b87f, occurred (truncated)...]
2026-03-30T01:22:09.058-05:00 DEBUG 1509 --- [homehealthcare] [    Test worker] s.w.s.m.m.a.RequestMappingHandlerMapping : Mapped to com.homehealthcare.platform.audit.api.AuditEventController#export(Instant, Instant, UUID, String, UUID)
2026-03-30T01:22:09.059-05:00 DEBUG 1509 --- [homehealthcare] [    Test worker] org.hibernate.SQL                        : select am1_0.id,am1_0.agency_id,am1_0.created_at,am1_0.role_key,am1_0.status,am1_0.updated_at,am1_0.user_id from agency_memberships am1_0 where am1_0.id=? and am1_0.agency_id=?
2026-03-30T01:22:09.060-05:00 DEBUG 1509 --- [homehealthcare] [    Test worker] org.hibernate.SQL                        : select ae1_0.id,ae1_0.action_type,ae1_0.actor_email,ae1_0.actor_id,ae1_0.actor_type,ae1_0.agency_id,ae1_0.branch_id,ae1_0.metadata_json,ae1_0.occurred_at,ae1_0.outcome,ae1_0.target_id,ae1_0.target_type from audit_events ae1_0 where ae1_0.agency_id=? and ae1_0.action_type=? order by ae1_0.occurred_at desc
2026-03-30T01:22:09.060-05:00 DEBUG 1509 --- [homehealthcare] [    Test worker] m.m.a.RequestResponseBodyMethodProcessor : Using 'text/csv', given [*/*] and supported [text/csv]
2026-03-30T01:22:09.060-05:00 DEBUG 1509 --- [homehealthcare] [    Test worker] m.m.a.RequestResponseBodyMethodProcessor : Writing ["occurredAt,actionType,outcome,actorEmail,actorId,targetType,targetId,agencyId,branchId,metadataJson<EOL> (truncated)..."]
2026-03-30T01:22:09.068-05:00 DEBUG 1509 --- [homehealthcare] [    Test worker] org.hibernate.SQL                        : select a1_0.id,a1_0.contact_email,a1_0.created_at,a1_0.deactivated_at,a1_0.mfa_policy_mode,a1_0.mfa_required_roles,a1_0.name,a1_0.slug,a1_0.status,a1_0.timezone,a1_0.updated_at from agencies a1_0 where a1_0.id=?
2026-03-30T01:22:09.068-05:00 DEBUG 1509 --- [homehealthcare] [    Test worker] org.hibernate.SQL                        : insert into agencies (contact_email,created_at,deactivated_at,mfa_policy_mode,mfa_required_roles,name,slug,status,timezone,updated_at,id) values (?,?,?,?,?,?,?,?,?,?,?)
2026-03-30T01:22:09.069-05:00 DEBUG 1509 --- [homehealthcare] [    Test worker] org.hibernate.SQL                        : select u1_0.id,u1_0.created_at,u1_0.deactivated_at,u1_0.email,u1_0.first_name,u1_0.last_login_at,u1_0.last_name,u1_0.mfa_enabled,u1_0.mfa_enrolled_at,u1_0.mfa_secret,u1_0.password_hash,u1_0.phone,u1_0.preferred_language,u1_0.status,u1_0.time_zone,u1_0.updated_at from users u1_0 where u1_0.id=?
2026-03-30T01:22:09.069-05:00 DEBUG 1509 --- [homehealthcare] [    Test worker] org.hibernate.SQL                        : insert into users (created_at,deactivated_at,email,first_name,last_login_at,last_name,mfa_enabled,mfa_enrolled_at,mfa_secret,password_hash,phone,preferred_language,status,time_zone,updated_at,id) values (?,?,?,?,?,?,?,?,?,?,?,?,?,?,?,?)
2026-03-30T01:22:09.069-05:00 DEBUG 1509 --- [homehealthcare] [    Test worker] org.hibernate.SQL                        : select am1_0.id,am1_0.agency_id,am1_0.created_at,am1_0.role_key,am1_0.status,am1_0.updated_at,am1_0.user_id from agency_memberships am1_0 where am1_0.id=?
2026-03-30T01:22:09.070-05:00 DEBUG 1509 --- [homehealthcare] [    Test worker] org.hibernate.SQL                        : insert into agency_memberships (agency_id,created_at,role_key,status,updated_at,user_id,id) values (?,?,?,?,?,?,?)
2026-03-30T01:22:09.070-05:00 DEBUG 1509 --- [homehealthcare] [    Test worker] org.hibernate.SQL                        : select ae1_0.id,ae1_0.action_type,ae1_0.actor_email,ae1_0.actor_id,ae1_0.actor_type,ae1_0.agency_id,ae1_0.branch_id,ae1_0.metadata_json,ae1_0.occurred_at,ae1_0.outcome,ae1_0.target_id,ae1_0.target_type from audit_events ae1_0 where ae1_0.id=?
2026-03-30T01:22:09.071-05:00 DEBUG 1509 --- [homehealthcare] [    Test worker] s.w.s.m.m.a.RequestMappingHandlerMapping : Mapped to com.homehealthcare.platform.audit.api.AuditEventController#events(Instant, Instant, UUID, String, UUID, int, int)
2026-03-30T01:22:09.072-05:00 DEBUG 1509 --- [homehealthcare] [    Test worker] org.hibernate.SQL                        : select am1_0.id,am1_0.agency_id,am1_0.created_at,am1_0.role_key,am1_0.status,am1_0.updated_at,am1_0.user_id from agency_memberships am1_0 where am1_0.id=? and am1_0.agency_id=?
2026-03-30T01:22:09.073-05:00 DEBUG 1509 --- [homehealthcare] [    Test worker] org.hibernate.SQL                        : insert into audit_events (action_type,actor_email,actor_id,actor_type,agency_id,branch_id,metadata_json,occurred_at,outcome,target_id,target_type,id) values (?,?,?,?,?,?,?,?,?,?,?,?)
2026-03-30T01:22:09.073-05:00 DEBUG 1509 --- [homehealthcare] [    Test worker] org.hibernate.SQL                        : select ae1_0.id,ae1_0.action_type,ae1_0.actor_email,ae1_0.actor_id,ae1_0.actor_type,ae1_0.agency_id,ae1_0.branch_id,ae1_0.metadata_json,ae1_0.occurred_at,ae1_0.outcome,ae1_0.target_id,ae1_0.target_type from audit_events ae1_0 where ae1_0.agency_id=? and ae1_0.action_type=? order by ae1_0.occurred_at desc offset ? rows fetch first ? rows only
2026-03-30T01:22:09.073-05:00 DEBUG 1509 --- [homehealthcare] [    Test worker] m.m.a.RequestResponseBodyMethodProcessor : Using 'application/json', given [*/*] and supported [application/json, application/*+json]
2026-03-30T01:22:09.074-05:00 DEBUG 1509 --- [homehealthcare] [    Test worker] m.m.a.RequestResponseBodyMethodProcessor : Writing [AuditEventPageResponse[content=[AuditEventResponse[id=9ab08b44-89ad-40b9-b9f0-e09fbd55c6ce, occurred (truncated)...]
2026-03-30T01:22:09.075-05:00 DEBUG 1509 --- [homehealthcare] [    Test worker] s.w.s.m.m.a.RequestMappingHandlerMapping : Mapped to com.homehealthcare.platform.audit.api.AuditEventController#export(Instant, Instant, UUID, String, UUID)
2026-03-30T01:22:09.075-05:00 DEBUG 1509 --- [homehealthcare] [    Test worker] org.hibernate.SQL                        : select am1_0.id,am1_0.agency_id,am1_0.created_at,am1_0.role_key,am1_0.status,am1_0.updated_at,am1_0.user_id from agency_memberships am1_0 where am1_0.id=? and am1_0.agency_id=?
2026-03-30T01:22:09.076-05:00 DEBUG 1509 --- [homehealthcare] [    Test worker] org.hibernate.SQL                        : select ae1_0.id,ae1_0.action_type,ae1_0.actor_email,ae1_0.actor_id,ae1_0.actor_type,ae1_0.agency_id,ae1_0.branch_id,ae1_0.metadata_json,ae1_0.occurred_at,ae1_0.outcome,ae1_0.target_id,ae1_0.target_type from audit_events ae1_0 where ae1_0.agency_id=? and ae1_0.action_type=? order by ae1_0.occurred_at desc
2026-03-30T01:22:09.077-05:00 DEBUG 1509 --- [homehealthcare] [    Test worker] m.m.a.RequestResponseBodyMethodProcessor : Using 'text/csv', given [*/*] and supported [text/csv]
2026-03-30T01:22:09.077-05:00 DEBUG 1509 --- [homehealthcare] [    Test worker] m.m.a.RequestResponseBodyMethodProcessor : Writing ["occurredAt,actionType,outcome,actorEmail,actorId,targetType,targetId,agencyId,branchId,metadataJson<EOL> (truncated)..."]
2026-03-30T01:22:09.083-05:00 DEBUG 1509 --- [homehealthcare] [    Test worker] org.hibernate.SQL                        : select a1_0.id,a1_0.contact_email,a1_0.created_at,a1_0.deactivated_at,a1_0.mfa_policy_mode,a1_0.mfa_required_roles,a1_0.name,a1_0.slug,a1_0.status,a1_0.timezone,a1_0.updated_at from agencies a1_0 where a1_0.id=?
2026-03-30T01:22:09.084-05:00 DEBUG 1509 --- [homehealthcare] [    Test worker] org.hibernate.SQL                        : insert into agencies (contact_email,created_at,deactivated_at,mfa_policy_mode,mfa_required_roles,name,slug,status,timezone,updated_at,id) values (?,?,?,?,?,?,?,?,?,?,?)
2026-03-30T01:22:09.084-05:00 DEBUG 1509 --- [homehealthcare] [    Test worker] org.hibernate.SQL                        : select u1_0.id,u1_0.created_at,u1_0.deactivated_at,u1_0.email,u1_0.first_name,u1_0.last_login_at,u1_0.last_name,u1_0.mfa_enabled,u1_0.mfa_enrolled_at,u1_0.mfa_secret,u1_0.password_hash,u1_0.phone,u1_0.preferred_language,u1_0.status,u1_0.time_zone,u1_0.updated_at from users u1_0 where u1_0.id=?
2026-03-30T01:22:09.085-05:00 DEBUG 1509 --- [homehealthcare] [    Test worker] org.hibernate.SQL                        : insert into users (created_at,deactivated_at,email,first_name,last_login_at,last_name,mfa_enabled,mfa_enrolled_at,mfa_secret,password_hash,phone,preferred_language,status,time_zone,updated_at,id) values (?,?,?,?,?,?,?,?,?,?,?,?,?,?,?,?)
2026-03-30T01:22:09.085-05:00 DEBUG 1509 --- [homehealthcare] [    Test worker] org.hibernate.SQL                        : select am1_0.id,am1_0.agency_id,am1_0.created_at,am1_0.role_key,am1_0.status,am1_0.updated_at,am1_0.user_id from agency_memberships am1_0 where am1_0.id=?
2026-03-30T01:22:09.085-05:00 DEBUG 1509 --- [homehealthcare] [    Test worker] org.hibernate.SQL                        : insert into agency_memberships (agency_id,created_at,role_key,status,updated_at,user_id,id) values (?,?,?,?,?,?,?)
2026-03-30T01:22:09.086-05:00 DEBUG 1509 --- [homehealthcare] [    Test worker] org.hibernate.SQL                        : select ae1_0.id,ae1_0.action_type,ae1_0.actor_email,ae1_0.actor_id,ae1_0.actor_type,ae1_0.agency_id,ae1_0.branch_id,ae1_0.metadata_json,ae1_0.occurred_at,ae1_0.outcome,ae1_0.target_id,ae1_0.target_type from audit_events ae1_0 where ae1_0.id=?
2026-03-30T01:22:09.086-05:00 DEBUG 1509 --- [homehealthcare] [    Test worker] s.w.s.m.m.a.RequestMappingHandlerMapping : Mapped to com.homehealthcare.platform.audit.api.AuditEventController#events(Instant, Instant, UUID, String, UUID, int, int)
2026-03-30T01:22:09.087-05:00 DEBUG 1509 --- [homehealthcare] [    Test worker] org.hibernate.SQL                        : select am1_0.id,am1_0.agency_id,am1_0.created_at,am1_0.role_key,am1_0.status,am1_0.updated_at,am1_0.user_id from agency_memberships am1_0 where am1_0.id=? and am1_0.agency_id=?
2026-03-30T01:22:09.088-05:00 DEBUG 1509 --- [homehealthcare] [    Test worker] org.hibernate.SQL                        : insert into audit_events (action_type,actor_email,actor_id,actor_type,agency_id,branch_id,metadata_json,occurred_at,outcome,target_id,target_type,id) values (?,?,?,?,?,?,?,?,?,?,?,?)
2026-03-30T01:22:09.088-05:00 DEBUG 1509 --- [homehealthcare] [    Test worker] org.hibernate.SQL                        : select ae1_0.id,ae1_0.action_type,ae1_0.actor_email,ae1_0.actor_id,ae1_0.actor_type,ae1_0.agency_id,ae1_0.branch_id,ae1_0.metadata_json,ae1_0.occurred_at,ae1_0.outcome,ae1_0.target_id,ae1_0.target_type from audit_events ae1_0 where ae1_0.agency_id=? and ae1_0.action_type=? order by ae1_0.occurred_at desc offset ? rows fetch first ? rows only
2026-03-30T01:22:09.088-05:00 DEBUG 1509 --- [homehealthcare] [    Test worker] m.m.a.RequestResponseBodyMethodProcessor : Using 'application/json', given [*/*] and supported [application/json, application/*+json]
2026-03-30T01:22:09.089-05:00 DEBUG 1509 --- [homehealthcare] [    Test worker] m.m.a.RequestResponseBodyMethodProcessor : Writing [AuditEventPageResponse[content=[AuditEventResponse[id=299c2a4d-39cd-4240-85ef-f25df57402fe, occurred (truncated)...]
2026-03-30T01:22:09.090-05:00 DEBUG 1509 --- [homehealthcare] [    Test worker] s.w.s.m.m.a.RequestMappingHandlerMapping : Mapped to com.homehealthcare.platform.audit.api.AuditEventController#export(Instant, Instant, UUID, String, UUID)
2026-03-30T01:22:09.090-05:00 DEBUG 1509 --- [homehealthcare] [    Test worker] org.hibernate.SQL                        : select am1_0.id,am1_0.agency_id,am1_0.created_at,am1_0.role_key,am1_0.status,am1_0.updated_at,am1_0.user_id from agency_memberships am1_0 where am1_0.id=? and am1_0.agency_id=?
2026-03-30T01:22:09.091-05:00 DEBUG 1509 --- [homehealthcare] [    Test worker] org.hibernate.SQL                        : select ae1_0.id,ae1_0.action_type,ae1_0.actor_email,ae1_0.actor_id,ae1_0.actor_type,ae1_0.agency_id,ae1_0.branch_id,ae1_0.metadata_json,ae1_0.occurred_at,ae1_0.outcome,ae1_0.target_id,ae1_0.target_type from audit_events ae1_0 where ae1_0.agency_id=? and ae1_0.action_type=? order by ae1_0.occurred_at desc
2026-03-30T01:22:09.092-05:00 DEBUG 1509 --- [homehealthcare] [    Test worker] m.m.a.RequestResponseBodyMethodProcessor : Using 'text/csv', given [*/*] and supported [text/csv]
2026-03-30T01:22:09.092-05:00 DEBUG 1509 --- [homehealthcare] [    Test worker] m.m.a.RequestResponseBodyMethodProcessor : Writing ["occurredAt,actionType,outcome,actorEmail,actorId,targetType,targetId,agencyId,branchId,metadataJson<EOL> (truncated)..."]
2026-03-30T01:22:09.098-05:00 DEBUG 1509 --- [homehealthcare] [    Test worker] org.hibernate.SQL                        : select a1_0.id,a1_0.contact_email,a1_0.created_at,a1_0.deactivated_at,a1_0.mfa_policy_mode,a1_0.mfa_required_roles,a1_0.name,a1_0.slug,a1_0.status,a1_0.timezone,a1_0.updated_at from agencies a1_0 where a1_0.id=?
2026-03-30T01:22:09.099-05:00 DEBUG 1509 --- [homehealthcare] [    Test worker] org.hibernate.SQL                        : insert into agencies (contact_email,created_at,deactivated_at,mfa_policy_mode,mfa_required_roles,name,slug,status,timezone,updated_at,id) values (?,?,?,?,?,?,?,?,?,?,?)
2026-03-30T01:22:09.099-05:00 DEBUG 1509 --- [homehealthcare] [    Test worker] org.hibernate.SQL                        : select u1_0.id,u1_0.created_at,u1_0.deactivated_at,u1_0.email,u1_0.first_name,u1_0.last_login_at,u1_0.last_name,u1_0.mfa_enabled,u1_0.mfa_enrolled_at,u1_0.mfa_secret,u1_0.password_hash,u1_0.phone,u1_0.preferred_language,u1_0.status,u1_0.time_zone,u1_0.updated_at from users u1_0 where u1_0.id=?
2026-03-30T01:22:09.100-05:00 DEBUG 1509 --- [homehealthcare] [    Test worker] org.hibernate.SQL                        : insert into users (created_at,deactivated_at,email,first_name,last_login_at,last_name,mfa_enabled,mfa_enrolled_at,mfa_secret,password_hash,phone,preferred_language,status,time_zone,updated_at,id) values (?,?,?,?,?,?,?,?,?,?,?,?,?,?,?,?)
2026-03-30T01:22:09.100-05:00 DEBUG 1509 --- [homehealthcare] [    Test worker] org.hibernate.SQL                        : select am1_0.id,am1_0.agency_id,am1_0.created_at,am1_0.role_key,am1_0.status,am1_0.updated_at,am1_0.user_id from agency_memberships am1_0 where am1_0.id=?
2026-03-30T01:22:09.101-05:00 DEBUG 1509 --- [homehealthcare] [    Test worker] org.hibernate.SQL                        : insert into agency_memberships (agency_id,created_at,role_key,status,updated_at,user_id,id) values (?,?,?,?,?,?,?)
2026-03-30T01:22:09.101-05:00 DEBUG 1509 --- [homehealthcare] [    Test worker] org.hibernate.SQL                        : select ae1_0.id,ae1_0.action_type,ae1_0.actor_email,ae1_0.actor_id,ae1_0.actor_type,ae1_0.agency_id,ae1_0.branch_id,ae1_0.metadata_json,ae1_0.occurred_at,ae1_0.outcome,ae1_0.target_id,ae1_0.target_type from audit_events ae1_0 where ae1_0.id=?
2026-03-30T01:22:09.102-05:00 DEBUG 1509 --- [homehealthcare] [    Test worker] s.w.s.m.m.a.RequestMappingHandlerMapping : Mapped to com.homehealthcare.platform.audit.api.AuditEventController#events(Instant, Instant, UUID, String, UUID, int, int)
2026-03-30T01:22:09.102-05:00 DEBUG 1509 --- [homehealthcare] [    Test worker] org.hibernate.SQL                        : select am1_0.id,am1_0.agency_id,am1_0.created_at,am1_0.role_key,am1_0.status,am1_0.updated_at,am1_0.user_id from agency_memberships am1_0 where am1_0.id=? and am1_0.agency_id=?
2026-03-30T01:22:09.103-05:00 DEBUG 1509 --- [homehealthcare] [    Test worker] org.hibernate.SQL                        : insert into audit_events (action_type,actor_email,actor_id,actor_type,agency_id,branch_id,metadata_json,occurred_at,outcome,target_id,target_type,id) values (?,?,?,?,?,?,?,?,?,?,?,?)
2026-03-30T01:22:09.104-05:00 DEBUG 1509 --- [homehealthcare] [    Test worker] org.hibernate.SQL                        : select ae1_0.id,ae1_0.action_type,ae1_0.actor_email,ae1_0.actor_id,ae1_0.actor_type,ae1_0.agency_id,ae1_0.branch_id,ae1_0.metadata_json,ae1_0.occurred_at,ae1_0.outcome,ae1_0.target_id,ae1_0.target_type from audit_events ae1_0 where ae1_0.agency_id=? and ae1_0.action_type=? order by ae1_0.occurred_at desc offset ? rows fetch first ? rows only
2026-03-30T01:22:09.104-05:00 DEBUG 1509 --- [homehealthcare] [    Test worker] m.m.a.RequestResponseBodyMethodProcessor : Using 'application/json', given [*/*] and supported [application/json, application/*+json]
2026-03-30T01:22:09.104-05:00 DEBUG 1509 --- [homehealthcare] [    Test worker] m.m.a.RequestResponseBodyMethodProcessor : Writing [AuditEventPageResponse[content=[AuditEventResponse[id=2e520365-5b5b-4162-b3d2-a9fa4377c841, occurred (truncated)...]
2026-03-30T01:22:09.109-05:00 DEBUG 1509 --- [homehealthcare] [    Test worker] s.w.s.m.m.a.RequestMappingHandlerMapping : Mapped to com.homehealthcare.platform.audit.api.AuditEventController#export(Instant, Instant, UUID, String, UUID)
2026-03-30T01:22:09.110-05:00 DEBUG 1509 --- [homehealthcare] [    Test worker] org.hibernate.SQL                        : select am1_0.id,am1_0.agency_id,am1_0.created_at,am1_0.role_key,am1_0.status,am1_0.updated_at,am1_0.user_id from agency_memberships am1_0 where am1_0.id=? and am1_0.agency_id=?
2026-03-30T01:22:09.111-05:00 DEBUG 1509 --- [homehealthcare] [    Test worker] org.hibernate.SQL                        : select ae1_0.id,ae1_0.action_type,ae1_0.actor_email,ae1_0.actor_id,ae1_0.actor_type,ae1_0.agency_id,ae1_0.branch_id,ae1_0.metadata_json,ae1_0.occurred_at,ae1_0.outcome,ae1_0.target_id,ae1_0.target_type from audit_events ae1_0 where ae1_0.agency_id=? and ae1_0.action_type=? order by ae1_0.occurred_at desc
2026-03-30T01:22:09.111-05:00 DEBUG 1509 --- [homehealthcare] [    Test worker] m.m.a.RequestResponseBodyMethodProcessor : Using 'text/csv', given [*/*] and supported [text/csv]
2026-03-30T01:22:09.111-05:00 DEBUG 1509 --- [homehealthcare] [    Test worker] m.m.a.RequestResponseBodyMethodProcessor : Writing ["occurredAt,actionType,outcome,actorEmail,actorId,targetType,targetId,agencyId,branchId,metadataJson<EOL> (truncated)..."]
2026-03-30T01:22:09.117-05:00 DEBUG 1509 --- [homehealthcare] [    Test worker] org.hibernate.SQL                        : select a1_0.id,a1_0.contact_email,a1_0.created_at,a1_0.deactivated_at,a1_0.mfa_policy_mode,a1_0.mfa_required_roles,a1_0.name,a1_0.slug,a1_0.status,a1_0.timezone,a1_0.updated_at from agencies a1_0 where a1_0.id=?
2026-03-30T01:22:09.118-05:00 DEBUG 1509 --- [homehealthcare] [    Test worker] org.hibernate.SQL                        : insert into agencies (contact_email,created_at,deactivated_at,mfa_policy_mode,mfa_required_roles,name,slug,status,timezone,updated_at,id) values (?,?,?,?,?,?,?,?,?,?,?)
2026-03-30T01:22:09.118-05:00 DEBUG 1509 --- [homehealthcare] [    Test worker] org.hibernate.SQL                        : select u1_0.id,u1_0.created_at,u1_0.deactivated_at,u1_0.email,u1_0.first_name,u1_0.last_login_at,u1_0.last_name,u1_0.mfa_enabled,u1_0.mfa_enrolled_at,u1_0.mfa_secret,u1_0.password_hash,u1_0.phone,u1_0.preferred_language,u1_0.status,u1_0.time_zone,u1_0.updated_at from users u1_0 where u1_0.id=?
2026-03-30T01:22:09.118-05:00 DEBUG 1509 --- [homehealthcare] [    Test worker] org.hibernate.SQL                        : insert into users (created_at,deactivated_at,email,first_name,last_login_at,last_name,mfa_enabled,mfa_enrolled_at,mfa_secret,password_hash,phone,preferred_language,status,time_zone,updated_at,id) values (?,?,?,?,?,?,?,?,?,?,?,?,?,?,?,?)
2026-03-30T01:22:09.119-05:00 DEBUG 1509 --- [homehealthcare] [    Test worker] org.hibernate.SQL                        : select am1_0.id,am1_0.agency_id,am1_0.created_at,am1_0.role_key,am1_0.status,am1_0.updated_at,am1_0.user_id from agency_memberships am1_0 where am1_0.id=?
2026-03-30T01:22:09.119-05:00 DEBUG 1509 --- [homehealthcare] [    Test worker] org.hibernate.SQL                        : insert into agency_memberships (agency_id,created_at,role_key,status,updated_at,user_id,id) values (?,?,?,?,?,?,?)
2026-03-30T01:22:09.119-05:00 DEBUG 1509 --- [homehealthcare] [    Test worker] org.hibernate.SQL                        : select ae1_0.id,ae1_0.action_type,ae1_0.actor_email,ae1_0.actor_id,ae1_0.actor_type,ae1_0.agency_id,ae1_0.branch_id,ae1_0.metadata_json,ae1_0.occurred_at,ae1_0.outcome,ae1_0.target_id,ae1_0.target_type from audit_events ae1_0 where ae1_0.id=?
2026-03-30T01:22:09.120-05:00 DEBUG 1509 --- [homehealthcare] [    Test worker] s.w.s.m.m.a.RequestMappingHandlerMapping : Mapped to com.homehealthcare.platform.audit.api.AuditEventController#events(Instant, Instant, UUID, String, UUID, int, int)
2026-03-30T01:22:09.121-05:00 DEBUG 1509 --- [homehealthcare] [    Test worker] org.hibernate.SQL                        : select am1_0.id,am1_0.agency_id,am1_0.created_at,am1_0.role_key,am1_0.status,am1_0.updated_at,am1_0.user_id from agency_memberships am1_0 where am1_0.id=? and am1_0.agency_id=?
2026-03-30T01:22:09.123-05:00 DEBUG 1509 --- [homehealthcare] [    Test worker] org.hibernate.SQL                        : insert into audit_events (action_type,actor_email,actor_id,actor_type,agency_id,branch_id,metadata_json,occurred_at,outcome,target_id,target_type,id) values (?,?,?,?,?,?,?,?,?,?,?,?)
2026-03-30T01:22:09.124-05:00 DEBUG 1509 --- [homehealthcare] [    Test worker] org.hibernate.SQL                        : select ae1_0.id,ae1_0.action_type,ae1_0.actor_email,ae1_0.actor_id,ae1_0.actor_type,ae1_0.agency_id,ae1_0.branch_id,ae1_0.metadata_json,ae1_0.occurred_at,ae1_0.outcome,ae1_0.target_id,ae1_0.target_type from audit_events ae1_0 where ae1_0.agency_id=? and ae1_0.action_type=? order by ae1_0.occurred_at desc offset ? rows fetch first ? rows only
2026-03-30T01:22:09.124-05:00 DEBUG 1509 --- [homehealthcare] [    Test worker] m.m.a.RequestResponseBodyMethodProcessor : Using 'application/json', given [*/*] and supported [application/json, application/*+json]
2026-03-30T01:22:09.124-05:00 DEBUG 1509 --- [homehealthcare] [    Test worker] m.m.a.RequestResponseBodyMethodProcessor : Writing [AuditEventPageResponse[content=[AuditEventResponse[id=39a3f8f6-9831-4689-bc77-37f3f663e621, occurred (truncated)...]
2026-03-30T01:22:09.126-05:00 DEBUG 1509 --- [homehealthcare] [    Test worker] s.w.s.m.m.a.RequestMappingHandlerMapping : Mapped to com.homehealthcare.platform.audit.api.AuditEventController#export(Instant, Instant, UUID, String, UUID)
2026-03-30T01:22:09.126-05:00 DEBUG 1509 --- [homehealthcare] [    Test worker] org.hibernate.SQL                        : select am1_0.id,am1_0.agency_id,am1_0.created_at,am1_0.role_key,am1_0.status,am1_0.updated_at,am1_0.user_id from agency_memberships am1_0 where am1_0.id=? and am1_0.agency_id=?
2026-03-30T01:22:09.128-05:00 DEBUG 1509 --- [homehealthcare] [    Test worker] org.hibernate.SQL                        : select ae1_0.id,ae1_0.action_type,ae1_0.actor_email,ae1_0.actor_id,ae1_0.actor_type,ae1_0.agency_id,ae1_0.branch_id,ae1_0.metadata_json,ae1_0.occurred_at,ae1_0.outcome,ae1_0.target_id,ae1_0.target_type from audit_events ae1_0 where ae1_0.agency_id=? and ae1_0.action_type=? order by ae1_0.occurred_at desc
2026-03-30T01:22:09.128-05:00 DEBUG 1509 --- [homehealthcare] [    Test worker] m.m.a.RequestResponseBodyMethodProcessor : Using 'text/csv', given [*/*] and supported [text/csv]
2026-03-30T01:22:09.128-05:00 DEBUG 1509 --- [homehealthcare] [    Test worker] m.m.a.RequestResponseBodyMethodProcessor : Writing ["occurredAt,actionType,outcome,actorEmail,actorId,targetType,targetId,agencyId,branchId,metadataJson<EOL> (truncated)..."]
]]></system-out>
  <system-err><![CDATA[]]></system-err>
</testsuite>
