<?xml version="1.0" encoding="UTF-8"?>
<testsuite name="com.homehealthcare.auth.api.ResetPasswordIntegrationTest" tests="4" skipped="0" failures="0" errors="0" timestamp="2026-03-27T22:41:31.184Z" hostname="Shivangs-MacBook-Pro.local" time="0.96">
  <properties/>
  <testcase name="resetCanPreserveExistingSessionsWhenRequested()" classname="com.homehealthcare.auth.api.ResetPasswordIntegrationTest" time="0.309"/>
  <testcase name="passwordPolicyIsEnforcedAndTokenRemainsPendingOnWeakPassword()" classname="com.homehealthcare.auth.api.ResetPasswordIntegrationTest" time="0.088"/>
  <testcase name="invalidAndExpiredTokensAreRejected()" classname="com.homehealthcare.auth.api.ResetPasswordIntegrationTest" time="0.09"/>
  <testcase name="validResetTokenResetsPasswordOptionallyRevokesSessionsAndAudits()" classname="com.homehealthcare.auth.api.ResetPasswordIntegrationTest" time="0.467"/>
  <system-out><![CDATA[2026-03-27T17:41:31.185-05:00  INFO 23779 --- [homehealthcare] [    Test worker] t.c.s.AnnotationConfigContextLoaderUtils : Could not detect default configuration classes for test class [com.homehealthcare.auth.api.ResetPasswordIntegrationTest]: ResetPasswordIntegrationTest does not declare any static, non-private, non-final, nested classes annotated with @Configuration.
2026-03-27T17:41:31.185-05:00 DEBUG 23779 --- [homehealthcare] [    Test worker] .b.t.c.SpringBootTestContextBootstrapper : Using ContextCustomizerFactory implementations for test class [ResetPasswordIntegrationTest]: [WebDriverContextCustomizerFactory, OnFailureConditionReportContextCustomizerFactory, OverrideAutoConfigurationContextCustomizerFactory, ImportsContextCustomizerFactory, PropertyMappingContextCustomizerFactory, ExcludeFilterContextCustomizerFactory, TypeExcludeFiltersContextCustomizerFactory, DisableReactorResourceFactoryGlobalResourcesContextCustomizerFactory, DuplicateJsonObjectContextCustomizerFactory, SpringBootTestRandomPortContextCustomizerFactory, BeanOverrideContextCustomizerFactory, MockServerContainerContextCustomizerFactory, DynamicPropertiesContextCustomizerFactory]
2026-03-27T17:41:31.186-05:00 DEBUG 23779 --- [homehealthcare] [    Test worker] .b.t.c.SpringBootTestContextBootstrapper : Using ContextCustomizers for test class [ResetPasswordIntegrationTest]: [WebDriverContextCustomizer, OnFailureConditionReportContextCustomizer, ImportsContextCustomizer, PropertyMappingContextCustomizer, ExcludeFilterContextCustomizer, DuplicateJsonObjectContextCustomizer, SpringBootTestRandomPortContextCustomizer, DynamicPropertiesContextCustomizer]
2026-03-27T17:41:31.186-05:00  INFO 23779 --- [homehealthcare] [    Test worker] .b.t.c.SpringBootTestContextBootstrapper : Found @SpringBootConfiguration com.homehealthcare.HomehealthcareApplication for test class com.homehealthcare.auth.api.ResetPasswordIntegrationTest
2026-03-27T17:41:31.186-05:00  INFO 23779 --- [homehealthcare] [    Test worker] t.c.s.AnnotationConfigContextLoaderUtils : Could not detect default configuration classes for test class [com.homehealthcare.auth.api.ResetPasswordIntegrationTest]: ResetPasswordIntegrationTest does not declare any static, non-private, non-final, nested classes annotated with @Configuration.
2026-03-27T17:41:31.186-05:00 DEBUG 23779 --- [homehealthcare] [    Test worker] .b.t.c.SpringBootTestContextBootstrapper : Using ContextCustomizerFactory implementations for test class [ResetPasswordIntegrationTest]: [WebDriverContextCustomizerFactory, OnFailureConditionReportContextCustomizerFactory, OverrideAutoConfigurationContextCustomizerFactory, ImportsContextCustomizerFactory, PropertyMappingContextCustomizerFactory, ExcludeFilterContextCustomizerFactory, TypeExcludeFiltersContextCustomizerFactory, DisableReactorResourceFactoryGlobalResourcesContextCustomizerFactory, DuplicateJsonObjectContextCustomizerFactory, SpringBootTestRandomPortContextCustomizerFactory, BeanOverrideContextCustomizerFactory, MockServerContainerContextCustomizerFactory, DynamicPropertiesContextCustomizerFactory]
2026-03-27T17:41:31.187-05:00 DEBUG 23779 --- [homehealthcare] [    Test worker] .b.t.c.SpringBootTestContextBootstrapper : Using ContextCustomizers for test class [ResetPasswordIntegrationTest]: [WebDriverContextCustomizer, OnFailureConditionReportContextCustomizer, ImportsContextCustomizer, PropertyMappingContextCustomizer, ExcludeFilterContextCustomizer, DuplicateJsonObjectContextCustomizer, SpringBootTestRandomPortContextCustomizer, DynamicPropertiesContextCustomizer]
2026-03-27T17:41:31.187-05:00  INFO 23779 --- [homehealthcare] [    Test worker] .b.t.c.SpringBootTestContextBootstrapper : Found @SpringBootConfiguration com.homehealthcare.HomehealthcareApplication for test class com.homehealthcare.auth.api.ResetPasswordIntegrationTest
2026-03-27T17:41:31.187-05:00 DEBUG 23779 --- [homehealthcare] [    Test worker] .b.t.c.SpringBootTestContextBootstrapper : Neither @ContextConfiguration nor @ContextHierarchy found for test class [ResetPasswordIntegrationTest]: using SpringBootContextLoader
2026-03-27T17:41:31.187-05:00 DEBUG 23779 --- [homehealthcare] [    Test worker] .b.t.c.SpringBootTestContextBootstrapper : Using TestExecutionListeners for test class [ResetPasswordIntegrationTest]: [ServletTestExecutionListener, DirtiesContextBeforeModesTestExecutionListener, ApplicationEventsTestExecutionListener, BeanOverrideTestExecutionListener, DependencyInjectionTestExecutionListener, DirtiesContextTestExecutionListener, CommonCachesTestExecutionListener, TransactionalTestExecutionListener, SqlScriptsTestExecutionListener, WithSecurityContextTestExecutionListener, EventPublishingTestExecutionListener, ReactorContextTestExecutionListener, MockMvcPrintOnlyOnFailureTestExecutionListener, WebDriverTestExecutionListener, MockitoResetTestExecutionListener]
2026-03-27T17:41:31.189-05:00 DEBUG 23779 --- [homehealthcare] [    Test worker] org.hibernate.SQL                        : select u1_0.id,u1_0.created_at,u1_0.deactivated_at,u1_0.email,u1_0.first_name,u1_0.last_login_at,u1_0.last_name,u1_0.mfa_enabled,u1_0.mfa_enrolled_at,u1_0.mfa_secret,u1_0.password_hash,u1_0.phone,u1_0.preferred_language,u1_0.status,u1_0.time_zone,u1_0.updated_at from users u1_0 where u1_0.id=?
2026-03-27T17:41:31.191-05:00 DEBUG 23779 --- [homehealthcare] [    Test worker] org.hibernate.SQL                        : insert into users (created_at,deactivated_at,email,first_name,last_login_at,last_name,mfa_enabled,mfa_enrolled_at,mfa_secret,password_hash,phone,preferred_language,status,time_zone,updated_at,id) values (?,?,?,?,?,?,?,?,?,?,?,?,?,?,?,?)
2026-03-27T17:41:31.273-05:00 DEBUG 23779 --- [homehealthcare] [    Test worker] org.hibernate.SQL                        : update users set deactivated_at=?,email=?,first_name=?,last_login_at=?,last_name=?,mfa_enabled=?,mfa_enrolled_at=?,mfa_secret=?,password_hash=?,phone=?,preferred_language=?,status=?,time_zone=?,updated_at=? where id=?
2026-03-27T17:41:31.274-05:00 DEBUG 23779 --- [homehealthcare] [    Test worker] s.w.s.m.m.a.RequestMappingHandlerMapping : Mapped to com.homehealthcare.auth.api.LoginController#login(LoginRequest, HttpServletRequest)
2026-03-27T17:41:31.274-05:00 DEBUG 23779 --- [homehealthcare] [    Test worker] m.m.a.RequestResponseBodyMethodProcessor : Read "application/json;charset=UTF-8" to [LoginRequest[email=taylor.reset.keep@example.com, password=StartPassword1!]]
2026-03-27T17:41:31.275-05:00 DEBUG 23779 --- [homehealthcare] [    Test worker] org.hibernate.SQL                        : select count(ala1_0.id) from auth_login_attempts ala1_0 where ala1_0.ip_address=? and ala1_0.attempted_at>?
2026-03-27T17:41:31.275-05:00 DEBUG 23779 --- [homehealthcare] [    Test worker] org.hibernate.SQL                        : select count(ala1_0.id) from auth_login_attempts ala1_0 where ala1_0.email=? and ala1_0.attempted_at>?
2026-03-27T17:41:31.276-05:00 DEBUG 23779 --- [homehealthcare] [    Test worker] org.hibernate.SQL                        : select ala1_0.id,ala1_0.attempted_at,ala1_0.email,ala1_0.failure_reason,ala1_0.ip_address,ala1_0.outcome,ala1_0.user_id from auth_login_attempts ala1_0 where ala1_0.email=? and ala1_0.outcome=? order by ala1_0.attempted_at desc fetch first ? rows only
2026-03-27T17:41:31.276-05:00 DEBUG 23779 --- [homehealthcare] [    Test worker] org.hibernate.SQL                        : select count(ala1_0.id) from auth_login_attempts ala1_0 where ala1_0.email=? and ala1_0.outcome in (?) and ala1_0.attempted_at>?
2026-03-27T17:41:31.277-05:00 DEBUG 23779 --- [homehealthcare] [    Test worker] org.hibernate.SQL                        : select u1_0.id,u1_0.created_at,u1_0.deactivated_at,u1_0.email,u1_0.first_name,u1_0.last_login_at,u1_0.last_name,u1_0.mfa_enabled,u1_0.mfa_enrolled_at,u1_0.mfa_secret,u1_0.password_hash,u1_0.phone,u1_0.preferred_language,u1_0.status,u1_0.time_zone,u1_0.updated_at from users u1_0 where u1_0.email=?
2026-03-27T17:41:31.355-05:00 DEBUG 23779 --- [homehealthcare] [    Test worker] org.hibernate.SQL                        : select ala1_0.id,ala1_0.attempted_at,ala1_0.email,ala1_0.failure_reason,ala1_0.ip_address,ala1_0.outcome,ala1_0.user_id from auth_login_attempts ala1_0 where ala1_0.id=?
2026-03-27T17:41:31.356-05:00 DEBUG 23779 --- [homehealthcare] [    Test worker] org.hibernate.SQL                        : select am1_0.id,am1_0.agency_id,am1_0.created_at,am1_0.role_key,am1_0.status,am1_0.updated_at,am1_0.user_id from agency_memberships am1_0 where am1_0.user_id=? and am1_0.status=?
2026-03-27T17:41:31.357-05:00 DEBUG 23779 --- [homehealthcare] [    Test worker] org.hibernate.SQL                        : select as1_0.id,as1_0.access_token_expires_at,as1_0.access_token_hash,as1_0.created_at,as1_0.refresh_token_expires_at,as1_0.refresh_token_hash,as1_0.revocation_reason,as1_0.revoked_at,as1_0.updated_at,as1_0.user_id from auth_sessions as1_0 where as1_0.id=?
2026-03-27T17:41:31.357-05:00 DEBUG 23779 --- [homehealthcare] [    Test worker] org.hibernate.SQL                        : select ae1_0.id,ae1_0.action_type,ae1_0.actor_email,ae1_0.actor_id,ae1_0.actor_type,ae1_0.agency_id,ae1_0.metadata_json,ae1_0.occurred_at,ae1_0.target_id,ae1_0.target_type from audit_events ae1_0 where ae1_0.id=?
2026-03-27T17:41:31.361-05:00 DEBUG 23779 --- [homehealthcare] [    Test worker] o.s.w.s.m.m.a.HttpEntityMethodProcessor  : Using 'application/json', given [*/*] and supported [application/json, application/*+json]
2026-03-27T17:41:31.361-05:00 DEBUG 23779 --- [homehealthcare] [    Test worker] o.s.w.s.m.m.a.HttpEntityMethodProcessor  : Writing [LoginResponse[userId=32959c78-38a8-4d18-9acf-94cc637d27ff, mfaRequired=false, loginChallengeToken=nu (truncated)...]
2026-03-27T17:41:31.362-05:00 DEBUG 23779 --- [homehealthcare] [    Test worker] org.hibernate.SQL                        : select prt1_0.id,prt1_0.cancelled_at,prt1_0.consumed_at,prt1_0.created_at,prt1_0.email,prt1_0.expires_at,prt1_0.requested_at,prt1_0.status,prt1_0.token,prt1_0.updated_at,prt1_0.user_id from password_reset_tokens prt1_0 where prt1_0.id=?
2026-03-27T17:41:31.363-05:00 DEBUG 23779 --- [homehealthcare] [    Test worker] org.hibernate.SQL                        : insert into auth_login_attempts (attempted_at,email,failure_reason,ip_address,outcome,user_id,id) values (?,?,?,?,?,?,?)
2026-03-27T17:41:31.364-05:00 DEBUG 23779 --- [homehealthcare] [    Test worker] org.hibernate.SQL                        : insert into auth_sessions (access_token_expires_at,access_token_hash,created_at,refresh_token_expires_at,refresh_token_hash,revocation_reason,revoked_at,updated_at,user_id,id) values (?,?,?,?,?,?,?,?,?,?)
2026-03-27T17:41:31.364-05:00 DEBUG 23779 --- [homehealthcare] [    Test worker] org.hibernate.SQL                        : insert into audit_events (action_type,actor_email,actor_id,actor_type,agency_id,metadata_json,occurred_at,target_id,target_type,id) values (?,?,?,?,?,?,?,?,?,?)
2026-03-27T17:41:31.365-05:00 DEBUG 23779 --- [homehealthcare] [    Test worker] org.hibernate.SQL                        : insert into password_reset_tokens (cancelled_at,consumed_at,created_at,email,expires_at,requested_at,status,token,updated_at,user_id,id) values (?,?,?,?,?,?,?,?,?,?,?)
2026-03-27T17:41:31.365-05:00 DEBUG 23779 --- [homehealthcare] [    Test worker] org.hibernate.SQL                        : update users set deactivated_at=?,email=?,first_name=?,last_login_at=?,last_name=?,mfa_enabled=?,mfa_enrolled_at=?,mfa_secret=?,password_hash=?,phone=?,preferred_language=?,status=?,time_zone=?,updated_at=? where id=?
2026-03-27T17:41:31.366-05:00 DEBUG 23779 --- [homehealthcare] [    Test worker] s.w.s.m.m.a.RequestMappingHandlerMapping : Mapped to com.homehealthcare.auth.api.ResetPasswordController#resetPassword(ResetPasswordRequest)
2026-03-27T17:41:31.367-05:00 DEBUG 23779 --- [homehealthcare] [    Test worker] m.m.a.RequestResponseBodyMethodProcessor : Read "application/json;charset=UTF-8" to [ResetPasswordRequest[token=keep-session-token, newPassword=DifferentSecure1!, revokeExistingSessions (truncated)...]
2026-03-27T17:41:31.370-05:00 DEBUG 23779 --- [homehealthcare] [    Test worker] org.hibernate.SQL                        : select prt1_0.id,prt1_0.cancelled_at,prt1_0.consumed_at,prt1_0.created_at,prt1_0.email,prt1_0.expires_at,prt1_0.requested_at,prt1_0.status,prt1_0.token,prt1_0.updated_at,prt1_0.user_id from password_reset_tokens prt1_0 where prt1_0.token=?
2026-03-27T17:41:31.495-05:00 DEBUG 23779 --- [homehealthcare] [    Test worker] org.hibernate.SQL                        : select ae1_0.id,ae1_0.action_type,ae1_0.actor_email,ae1_0.actor_id,ae1_0.actor_type,ae1_0.agency_id,ae1_0.metadata_json,ae1_0.occurred_at,ae1_0.target_id,ae1_0.target_type from audit_events ae1_0 where ae1_0.id=?
2026-03-27T17:41:31.495-05:00 DEBUG 23779 --- [homehealthcare] [    Test worker] m.m.a.RequestResponseBodyMethodProcessor : Using 'application/json', given [*/*] and supported [application/json, application/*+json]
2026-03-27T17:41:31.496-05:00 DEBUG 23779 --- [homehealthcare] [    Test worker] m.m.a.RequestResponseBodyMethodProcessor : Writing [ResetPasswordResponse[message=Password reset successful, revokedExistingSessions=false]]
2026-03-27T17:41:31.499-05:00 DEBUG 23779 --- [homehealthcare] [    Test worker] org.hibernate.SQL                        : select u1_0.id,u1_0.created_at,u1_0.deactivated_at,u1_0.email,u1_0.first_name,u1_0.last_login_at,u1_0.last_name,u1_0.mfa_enabled,u1_0.mfa_enrolled_at,u1_0.mfa_secret,u1_0.password_hash,u1_0.phone,u1_0.preferred_language,u1_0.status,u1_0.time_zone,u1_0.updated_at from users u1_0 where u1_0.id=?
2026-03-27T17:41:31.500-05:00 DEBUG 23779 --- [homehealthcare] [    Test worker] org.hibernate.SQL                        : insert into users (created_at,deactivated_at,email,first_name,last_login_at,last_name,mfa_enabled,mfa_enrolled_at,mfa_secret,password_hash,phone,preferred_language,status,time_zone,updated_at,id) values (?,?,?,?,?,?,?,?,?,?,?,?,?,?,?,?)
2026-03-27T17:41:31.581-05:00 DEBUG 23779 --- [homehealthcare] [    Test worker] org.hibernate.SQL                        : update users set deactivated_at=?,email=?,first_name=?,last_login_at=?,last_name=?,mfa_enabled=?,mfa_enrolled_at=?,mfa_secret=?,password_hash=?,phone=?,preferred_language=?,status=?,time_zone=?,updated_at=? where id=?
2026-03-27T17:41:31.581-05:00 DEBUG 23779 --- [homehealthcare] [    Test worker] org.hibernate.SQL                        : select prt1_0.id,prt1_0.cancelled_at,prt1_0.consumed_at,prt1_0.created_at,prt1_0.email,prt1_0.expires_at,prt1_0.requested_at,prt1_0.status,prt1_0.token,prt1_0.updated_at,prt1_0.user_id from password_reset_tokens prt1_0 where prt1_0.id=?
2026-03-27T17:41:31.582-05:00 DEBUG 23779 --- [homehealthcare] [    Test worker] org.hibernate.SQL                        : insert into password_reset_tokens (cancelled_at,consumed_at,created_at,email,expires_at,requested_at,status,token,updated_at,user_id,id) values (?,?,?,?,?,?,?,?,?,?,?)
2026-03-27T17:41:31.582-05:00 DEBUG 23779 --- [homehealthcare] [    Test worker] s.w.s.m.m.a.RequestMappingHandlerMapping : Mapped to com.homehealthcare.auth.api.ResetPasswordController#resetPassword(ResetPasswordRequest)
2026-03-27T17:41:31.583-05:00 DEBUG 23779 --- [homehealthcare] [    Test worker] m.m.a.RequestResponseBodyMethodProcessor : Read "application/json;charset=UTF-8" to [ResetPasswordRequest[token=weak-password-token, newPassword=weakpass, revokeExistingSessions=false]]
2026-03-27T17:41:31.583-05:00 DEBUG 23779 --- [homehealthcare] [    Test worker] org.hibernate.SQL                        : select prt1_0.id,prt1_0.cancelled_at,prt1_0.consumed_at,prt1_0.created_at,prt1_0.email,prt1_0.expires_at,prt1_0.requested_at,prt1_0.status,prt1_0.token,prt1_0.updated_at,prt1_0.user_id from password_reset_tokens prt1_0 where prt1_0.token=?
2026-03-27T17:41:31.584-05:00 DEBUG 23779 --- [homehealthcare] [    Test worker] .m.m.a.ExceptionHandlerExceptionResolver : Using @ExceptionHandler com.homehealthcare.auth.api.AuthenticationApiExceptionHandler#handleBadRequest(RuntimeException)
2026-03-27T17:41:31.584-05:00 DEBUG 23779 --- [homehealthcare] [    Test worker] m.m.a.RequestResponseBodyMethodProcessor : Using 'application/json', given [*/*] and supported [application/json, application/*+json]
2026-03-27T17:41:31.584-05:00 DEBUG 23779 --- [homehealthcare] [    Test worker] m.m.a.RequestResponseBodyMethodProcessor : Writing [ErrorResponse[message=Password must be at least 12 characters and include upper, lower, digit, and s (truncated)...]
2026-03-27T17:41:31.585-05:00 DEBUG 23779 --- [homehealthcare] [    Test worker] .m.m.a.ExceptionHandlerExceptionResolver : Resolved [com.homehealthcare.auth.application.WeakPasswordException: Password must be at least 12 characters and include upper, lower, digit, and symbol characters]
2026-03-27T17:41:31.587-05:00 DEBUG 23779 --- [homehealthcare] [    Test worker] org.hibernate.SQL                        : select u1_0.id,u1_0.created_at,u1_0.deactivated_at,u1_0.email,u1_0.first_name,u1_0.last_login_at,u1_0.last_name,u1_0.mfa_enabled,u1_0.mfa_enrolled_at,u1_0.mfa_secret,u1_0.password_hash,u1_0.phone,u1_0.preferred_language,u1_0.status,u1_0.time_zone,u1_0.updated_at from users u1_0 where u1_0.id=?
2026-03-27T17:41:31.588-05:00 DEBUG 23779 --- [homehealthcare] [    Test worker] org.hibernate.SQL                        : insert into users (created_at,deactivated_at,email,first_name,last_login_at,last_name,mfa_enabled,mfa_enrolled_at,mfa_secret,password_hash,phone,preferred_language,status,time_zone,updated_at,id) values (?,?,?,?,?,?,?,?,?,?,?,?,?,?,?,?)
2026-03-27T17:41:31.670-05:00 DEBUG 23779 --- [homehealthcare] [    Test worker] org.hibernate.SQL                        : update users set deactivated_at=?,email=?,first_name=?,last_login_at=?,last_name=?,mfa_enabled=?,mfa_enrolled_at=?,mfa_secret=?,password_hash=?,phone=?,preferred_language=?,status=?,time_zone=?,updated_at=? where id=?
2026-03-27T17:41:31.670-05:00 DEBUG 23779 --- [homehealthcare] [    Test worker] org.hibernate.SQL                        : select prt1_0.id,prt1_0.cancelled_at,prt1_0.consumed_at,prt1_0.created_at,prt1_0.email,prt1_0.expires_at,prt1_0.requested_at,prt1_0.status,prt1_0.token,prt1_0.updated_at,prt1_0.user_id from password_reset_tokens prt1_0 where prt1_0.id=?
2026-03-27T17:41:31.671-05:00 DEBUG 23779 --- [homehealthcare] [    Test worker] org.hibernate.SQL                        : insert into password_reset_tokens (cancelled_at,consumed_at,created_at,email,expires_at,requested_at,status,token,updated_at,user_id,id) values (?,?,?,?,?,?,?,?,?,?,?)
2026-03-27T17:41:31.671-05:00 DEBUG 23779 --- [homehealthcare] [    Test worker] s.w.s.m.m.a.RequestMappingHandlerMapping : Mapped to com.homehealthcare.auth.api.ResetPasswordController#resetPassword(ResetPasswordRequest)
2026-03-27T17:41:31.672-05:00 DEBUG 23779 --- [homehealthcare] [    Test worker] m.m.a.RequestResponseBodyMethodProcessor : Read "application/json;charset=UTF-8" to [ResetPasswordRequest[token=missing-token, newPassword=NewSecurePass1!, revokeExistingSessions=false]]
2026-03-27T17:41:31.672-05:00 DEBUG 23779 --- [homehealthcare] [    Test worker] org.hibernate.SQL                        : select prt1_0.id,prt1_0.cancelled_at,prt1_0.consumed_at,prt1_0.created_at,prt1_0.email,prt1_0.expires_at,prt1_0.requested_at,prt1_0.status,prt1_0.token,prt1_0.updated_at,prt1_0.user_id from password_reset_tokens prt1_0 where prt1_0.token=?
2026-03-27T17:41:31.673-05:00 DEBUG 23779 --- [homehealthcare] [    Test worker] .m.m.a.ExceptionHandlerExceptionResolver : Using @ExceptionHandler com.homehealthcare.auth.api.AuthenticationApiExceptionHandler#handleBadRequest(RuntimeException)
2026-03-27T17:41:31.673-05:00 DEBUG 23779 --- [homehealthcare] [    Test worker] m.m.a.RequestResponseBodyMethodProcessor : Using 'application/json', given [*/*] and supported [application/json, application/*+json]
2026-03-27T17:41:31.673-05:00 DEBUG 23779 --- [homehealthcare] [    Test worker] m.m.a.RequestResponseBodyMethodProcessor : Writing [ErrorResponse[message=Password reset token is invalid]]
2026-03-27T17:41:31.673-05:00 DEBUG 23779 --- [homehealthcare] [    Test worker] .m.m.a.ExceptionHandlerExceptionResolver : Resolved [com.homehealthcare.auth.application.PasswordResetTokenNotFoundException: Password reset token is invalid]
2026-03-27T17:41:31.674-05:00 DEBUG 23779 --- [homehealthcare] [    Test worker] s.w.s.m.m.a.RequestMappingHandlerMapping : Mapped to com.homehealthcare.auth.api.ResetPasswordController#resetPassword(ResetPasswordRequest)
2026-03-27T17:41:31.674-05:00 DEBUG 23779 --- [homehealthcare] [    Test worker] m.m.a.RequestResponseBodyMethodProcessor : Read "application/json;charset=UTF-8" to [ResetPasswordRequest[token=expired-reset-token, newPassword=NewSecurePass1!, revokeExistingSessions= (truncated)...]
2026-03-27T17:41:31.675-05:00 DEBUG 23779 --- [homehealthcare] [    Test worker] org.hibernate.SQL                        : select prt1_0.id,prt1_0.cancelled_at,prt1_0.consumed_at,prt1_0.created_at,prt1_0.email,prt1_0.expires_at,prt1_0.requested_at,prt1_0.status,prt1_0.token,prt1_0.updated_at,prt1_0.user_id from password_reset_tokens prt1_0 where prt1_0.token=?
2026-03-27T17:41:31.675-05:00 DEBUG 23779 --- [homehealthcare] [    Test worker] .m.m.a.ExceptionHandlerExceptionResolver : Using @ExceptionHandler com.homehealthcare.auth.api.AuthenticationApiExceptionHandler#handleExpiredResetToken(PasswordResetTokenExpiredException)
2026-03-27T17:41:31.675-05:00 DEBUG 23779 --- [homehealthcare] [    Test worker] m.m.a.RequestResponseBodyMethodProcessor : Using 'application/json', given [*/*] and supported [application/json, application/*+json]
2026-03-27T17:41:31.675-05:00 DEBUG 23779 --- [homehealthcare] [    Test worker] m.m.a.RequestResponseBodyMethodProcessor : Writing [ErrorResponse[message=Password reset token has expired]]
2026-03-27T17:41:31.676-05:00 DEBUG 23779 --- [homehealthcare] [    Test worker] .m.m.a.ExceptionHandlerExceptionResolver : Resolved [com.homehealthcare.auth.application.PasswordResetTokenExpiredException: Password reset token has expired]
2026-03-27T17:41:31.678-05:00 DEBUG 23779 --- [homehealthcare] [    Test worker] org.hibernate.SQL                        : select u1_0.id,u1_0.created_at,u1_0.deactivated_at,u1_0.email,u1_0.first_name,u1_0.last_login_at,u1_0.last_name,u1_0.mfa_enabled,u1_0.mfa_enrolled_at,u1_0.mfa_secret,u1_0.password_hash,u1_0.phone,u1_0.preferred_language,u1_0.status,u1_0.time_zone,u1_0.updated_at from users u1_0 where u1_0.id=?
2026-03-27T17:41:31.679-05:00 DEBUG 23779 --- [homehealthcare] [    Test worker] org.hibernate.SQL                        : insert into users (created_at,deactivated_at,email,first_name,last_login_at,last_name,mfa_enabled,mfa_enrolled_at,mfa_secret,password_hash,phone,preferred_language,status,time_zone,updated_at,id) values (?,?,?,?,?,?,?,?,?,?,?,?,?,?,?,?)
2026-03-27T17:41:31.760-05:00 DEBUG 23779 --- [homehealthcare] [    Test worker] org.hibernate.SQL                        : update users set deactivated_at=?,email=?,first_name=?,last_login_at=?,last_name=?,mfa_enabled=?,mfa_enrolled_at=?,mfa_secret=?,password_hash=?,phone=?,preferred_language=?,status=?,time_zone=?,updated_at=? where id=?
2026-03-27T17:41:31.761-05:00 DEBUG 23779 --- [homehealthcare] [    Test worker] s.w.s.m.m.a.RequestMappingHandlerMapping : Mapped to com.homehealthcare.auth.api.LoginController#login(LoginRequest, HttpServletRequest)
2026-03-27T17:41:31.761-05:00 DEBUG 23779 --- [homehealthcare] [    Test worker] m.m.a.RequestResponseBodyMethodProcessor : Read "application/json;charset=UTF-8" to [LoginRequest[email=alicia.reset.complete@example.com, password=StartPassword1!]]
2026-03-27T17:41:31.762-05:00 DEBUG 23779 --- [homehealthcare] [    Test worker] org.hibernate.SQL                        : select count(ala1_0.id) from auth_login_attempts ala1_0 where ala1_0.ip_address=? and ala1_0.attempted_at>?
2026-03-27T17:41:31.762-05:00 DEBUG 23779 --- [homehealthcare] [    Test worker] org.hibernate.SQL                        : select count(ala1_0.id) from auth_login_attempts ala1_0 where ala1_0.email=? and ala1_0.attempted_at>?
2026-03-27T17:41:31.763-05:00 DEBUG 23779 --- [homehealthcare] [    Test worker] org.hibernate.SQL                        : select ala1_0.id,ala1_0.attempted_at,ala1_0.email,ala1_0.failure_reason,ala1_0.ip_address,ala1_0.outcome,ala1_0.user_id from auth_login_attempts ala1_0 where ala1_0.email=? and ala1_0.outcome=? order by ala1_0.attempted_at desc fetch first ? rows only
2026-03-27T17:41:31.764-05:00 DEBUG 23779 --- [homehealthcare] [    Test worker] org.hibernate.SQL                        : select count(ala1_0.id) from auth_login_attempts ala1_0 where ala1_0.email=? and ala1_0.outcome in (?) and ala1_0.attempted_at>?
2026-03-27T17:41:31.764-05:00 DEBUG 23779 --- [homehealthcare] [    Test worker] org.hibernate.SQL                        : select u1_0.id,u1_0.created_at,u1_0.deactivated_at,u1_0.email,u1_0.first_name,u1_0.last_login_at,u1_0.last_name,u1_0.mfa_enabled,u1_0.mfa_enrolled_at,u1_0.mfa_secret,u1_0.password_hash,u1_0.phone,u1_0.preferred_language,u1_0.status,u1_0.time_zone,u1_0.updated_at from users u1_0 where u1_0.email=?
2026-03-27T17:41:31.848-05:00 DEBUG 23779 --- [homehealthcare] [    Test worker] org.hibernate.SQL                        : select ala1_0.id,ala1_0.attempted_at,ala1_0.email,ala1_0.failure_reason,ala1_0.ip_address,ala1_0.outcome,ala1_0.user_id from auth_login_attempts ala1_0 where ala1_0.id=?
2026-03-27T17:41:31.849-05:00 DEBUG 23779 --- [homehealthcare] [    Test worker] org.hibernate.SQL                        : select am1_0.id,am1_0.agency_id,am1_0.created_at,am1_0.role_key,am1_0.status,am1_0.updated_at,am1_0.user_id from agency_memberships am1_0 where am1_0.user_id=? and am1_0.status=?
2026-03-27T17:41:31.850-05:00 DEBUG 23779 --- [homehealthcare] [    Test worker] org.hibernate.SQL                        : select as1_0.id,as1_0.access_token_expires_at,as1_0.access_token_hash,as1_0.created_at,as1_0.refresh_token_expires_at,as1_0.refresh_token_hash,as1_0.revocation_reason,as1_0.revoked_at,as1_0.updated_at,as1_0.user_id from auth_sessions as1_0 where as1_0.id=?
2026-03-27T17:41:31.850-05:00 DEBUG 23779 --- [homehealthcare] [    Test worker] org.hibernate.SQL                        : select ae1_0.id,ae1_0.action_type,ae1_0.actor_email,ae1_0.actor_id,ae1_0.actor_type,ae1_0.agency_id,ae1_0.metadata_json,ae1_0.occurred_at,ae1_0.target_id,ae1_0.target_type from audit_events ae1_0 where ae1_0.id=?
2026-03-27T17:41:31.851-05:00 DEBUG 23779 --- [homehealthcare] [    Test worker] o.s.w.s.m.m.a.HttpEntityMethodProcessor  : Using 'application/json', given [*/*] and supported [application/json, application/*+json]
2026-03-27T17:41:31.851-05:00 DEBUG 23779 --- [homehealthcare] [    Test worker] o.s.w.s.m.m.a.HttpEntityMethodProcessor  : Writing [LoginResponse[userId=4de79272-3153-4332-a4b7-f6600c6caae0, mfaRequired=false, loginChallengeToken=nu (truncated)...]
2026-03-27T17:41:31.851-05:00 DEBUG 23779 --- [homehealthcare] [    Test worker] org.hibernate.SQL                        : select prt1_0.id,prt1_0.cancelled_at,prt1_0.consumed_at,prt1_0.created_at,prt1_0.email,prt1_0.expires_at,prt1_0.requested_at,prt1_0.status,prt1_0.token,prt1_0.updated_at,prt1_0.user_id from password_reset_tokens prt1_0 where prt1_0.id=?
2026-03-27T17:41:31.852-05:00 DEBUG 23779 --- [homehealthcare] [    Test worker] org.hibernate.SQL                        : insert into auth_login_attempts (attempted_at,email,failure_reason,ip_address,outcome,user_id,id) values (?,?,?,?,?,?,?)
2026-03-27T17:41:31.852-05:00 DEBUG 23779 --- [homehealthcare] [    Test worker] org.hibernate.SQL                        : insert into auth_sessions (access_token_expires_at,access_token_hash,created_at,refresh_token_expires_at,refresh_token_hash,revocation_reason,revoked_at,updated_at,user_id,id) values (?,?,?,?,?,?,?,?,?,?)
2026-03-27T17:41:31.852-05:00 DEBUG 23779 --- [homehealthcare] [    Test worker] org.hibernate.SQL                        : insert into audit_events (action_type,actor_email,actor_id,actor_type,agency_id,metadata_json,occurred_at,target_id,target_type,id) values (?,?,?,?,?,?,?,?,?,?)
2026-03-27T17:41:31.852-05:00 DEBUG 23779 --- [homehealthcare] [    Test worker] org.hibernate.SQL                        : insert into password_reset_tokens (cancelled_at,consumed_at,created_at,email,expires_at,requested_at,status,token,updated_at,user_id,id) values (?,?,?,?,?,?,?,?,?,?,?)
2026-03-27T17:41:31.853-05:00 DEBUG 23779 --- [homehealthcare] [    Test worker] org.hibernate.SQL                        : update users set deactivated_at=?,email=?,first_name=?,last_login_at=?,last_name=?,mfa_enabled=?,mfa_enrolled_at=?,mfa_secret=?,password_hash=?,phone=?,preferred_language=?,status=?,time_zone=?,updated_at=? where id=?
2026-03-27T17:41:31.853-05:00 DEBUG 23779 --- [homehealthcare] [    Test worker] s.w.s.m.m.a.RequestMappingHandlerMapping : Mapped to com.homehealthcare.auth.api.ResetPasswordController#resetPassword(ResetPasswordRequest)
2026-03-27T17:41:31.854-05:00 DEBUG 23779 --- [homehealthcare] [    Test worker] m.m.a.RequestResponseBodyMethodProcessor : Read "application/json;charset=UTF-8" to [ResetPasswordRequest[token=valid-reset-token, newPassword=NewSecurePass1!, revokeExistingSessions=tr (truncated)...]
2026-03-27T17:41:31.855-05:00 DEBUG 23779 --- [homehealthcare] [    Test worker] org.hibernate.SQL                        : select prt1_0.id,prt1_0.cancelled_at,prt1_0.consumed_at,prt1_0.created_at,prt1_0.email,prt1_0.expires_at,prt1_0.requested_at,prt1_0.status,prt1_0.token,prt1_0.updated_at,prt1_0.user_id from password_reset_tokens prt1_0 where prt1_0.token=?
2026-03-27T17:41:31.937-05:00 DEBUG 23779 --- [homehealthcare] [    Test worker] org.hibernate.SQL                        : select as1_0.id,as1_0.access_token_expires_at,as1_0.access_token_hash,as1_0.created_at,as1_0.refresh_token_expires_at,as1_0.refresh_token_hash,as1_0.revocation_reason,as1_0.revoked_at,as1_0.updated_at,as1_0.user_id from auth_sessions as1_0 where as1_0.user_id=? and as1_0.revoked_at is null
2026-03-27T17:41:31.937-05:00 DEBUG 23779 --- [homehealthcare] [    Test worker] org.hibernate.SQL                        : select ae1_0.id,ae1_0.action_type,ae1_0.actor_email,ae1_0.actor_id,ae1_0.actor_type,ae1_0.agency_id,ae1_0.metadata_json,ae1_0.occurred_at,ae1_0.target_id,ae1_0.target_type from audit_events ae1_0 where ae1_0.id=?
2026-03-27T17:41:31.938-05:00 DEBUG 23779 --- [homehealthcare] [    Test worker] m.m.a.RequestResponseBodyMethodProcessor : Using 'application/json', given [*/*] and supported [application/json, application/*+json]
2026-03-27T17:41:31.938-05:00 DEBUG 23779 --- [homehealthcare] [    Test worker] m.m.a.RequestResponseBodyMethodProcessor : Writing [ResetPasswordResponse[message=Password reset successful, revokedExistingSessions=true]]
2026-03-27T17:41:32.143-05:00 DEBUG 23779 --- [homehealthcare] [    Test worker] org.hibernate.SQL                        : insert into audit_events (action_type,actor_email,actor_id,actor_type,agency_id,metadata_json,occurred_at,target_id,target_type,id) values (?,?,?,?,?,?,?,?,?,?)
2026-03-27T17:41:32.143-05:00 DEBUG 23779 --- [homehealthcare] [    Test worker] org.hibernate.SQL                        : update users set deactivated_at=?,email=?,first_name=?,last_login_at=?,last_name=?,mfa_enabled=?,mfa_enrolled_at=?,mfa_secret=?,password_hash=?,phone=?,preferred_language=?,status=?,time_zone=?,updated_at=? where id=?
2026-03-27T17:41:32.143-05:00 DEBUG 23779 --- [homehealthcare] [    Test worker] org.hibernate.SQL                        : update auth_sessions set access_token_expires_at=?,access_token_hash=?,refresh_token_expires_at=?,refresh_token_hash=?,revocation_reason=?,revoked_at=?,updated_at=? where id=?
2026-03-27T17:41:32.143-05:00 DEBUG 23779 --- [homehealthcare] [    Test worker] org.hibernate.SQL                        : update password_reset_tokens set cancelled_at=?,consumed_at=?,email=?,expires_at=?,requested_at=?,status=?,token=?,updated_at=? where id=?
2026-03-27T17:41:32.144-05:00 DEBUG 23779 --- [homehealthcare] [    Test worker] org.hibernate.SQL                        : select ae1_0.id,ae1_0.action_type,ae1_0.actor_email,ae1_0.actor_id,ae1_0.actor_type,ae1_0.agency_id,ae1_0.metadata_json,ae1_0.occurred_at,ae1_0.target_id,ae1_0.target_type from audit_events ae1_0 where ae1_0.actor_id=? order by ae1_0.occurred_at
]]></system-out>
  <system-err><![CDATA[]]></system-err>
</testsuite>
