<?xml version="1.0" encoding="UTF-8"?>
<testsuite name="com.homehealthcare.invitation.application.AcceptInvitationServiceTest" tests="5" skipped="0" failures="0" errors="0" timestamp="2026-03-28T14:05:25.960Z" hostname="Shivangs-MacBook-Pro.local" time="0.877">
  <properties/>
  <testcase name="rejectsExpiredInvitationTokenCleanly()" classname="com.homehealthcare.invitation.application.AcceptInvitationServiceTest" time="0.039"/>
  <testcase name="rejectsCommonOrReusedInvitationPasswords()" classname="com.homehealthcare.invitation.application.AcceptInvitationServiceTest" time="0.339"/>
  <testcase name="acceptsInvitationActivatesUserSetsPasswordAndAudits()" classname="com.homehealthcare.invitation.application.AcceptInvitationServiceTest" time="0.297"/>
  <testcase name="exposesInvitationDetailsForPendingToken()" classname="com.homehealthcare.invitation.application.AcceptInvitationServiceTest" time="0.016"/>
  <testcase name="rejectsInvalidOrAlreadyUsedTokenCleanly()" classname="com.homehealthcare.invitation.application.AcceptInvitationServiceTest" time="0.144"/>
  <system-out><![CDATA[2026-03-28T09:05:25.963-05:00  INFO 28810 --- [homehealthcare] [    Test worker] t.c.s.AnnotationConfigContextLoaderUtils : Could not detect default configuration classes for test class [com.homehealthcare.invitation.application.AcceptInvitationServiceTest]: AcceptInvitationServiceTest does not declare any static, non-private, non-final, nested classes annotated with @Configuration.
2026-03-28T09:05:25.964-05:00 DEBUG 28810 --- [homehealthcare] [    Test worker] .b.t.c.SpringBootTestContextBootstrapper : Using ContextCustomizerFactory implementations for test class [AcceptInvitationServiceTest]: [WebDriverContextCustomizerFactory, OnFailureConditionReportContextCustomizerFactory, OverrideAutoConfigurationContextCustomizerFactory, ImportsContextCustomizerFactory, PropertyMappingContextCustomizerFactory, ExcludeFilterContextCustomizerFactory, TypeExcludeFiltersContextCustomizerFactory, DisableReactorResourceFactoryGlobalResourcesContextCustomizerFactory, DuplicateJsonObjectContextCustomizerFactory, SpringBootTestRandomPortContextCustomizerFactory, BeanOverrideContextCustomizerFactory, MockServerContainerContextCustomizerFactory, DynamicPropertiesContextCustomizerFactory]
2026-03-28T09:05:25.964-05:00 DEBUG 28810 --- [homehealthcare] [    Test worker] .b.t.c.SpringBootTestContextBootstrapper : Using ContextCustomizers for test class [AcceptInvitationServiceTest]: [WebDriverContextCustomizer, OnFailureConditionReportContextCustomizer, PropertyMappingContextCustomizer, ExcludeFilterContextCustomizer, DuplicateJsonObjectContextCustomizer, SpringBootTestRandomPortContextCustomizer, DynamicPropertiesContextCustomizer]
2026-03-28T09:05:25.991-05:00  INFO 28810 --- [homehealthcare] [    Test worker] .b.t.c.SpringBootTestContextBootstrapper : Found @SpringBootConfiguration com.homehealthcare.HomehealthcareApplication for test class com.homehealthcare.invitation.application.AcceptInvitationServiceTest
2026-03-28T09:05:25.993-05:00  INFO 28810 --- [homehealthcare] [    Test worker] t.c.s.AnnotationConfigContextLoaderUtils : Could not detect default configuration classes for test class [com.homehealthcare.invitation.application.AcceptInvitationServiceTest]: AcceptInvitationServiceTest does not declare any static, non-private, non-final, nested classes annotated with @Configuration.
2026-03-28T09:05:25.993-05:00 DEBUG 28810 --- [homehealthcare] [    Test worker] .b.t.c.SpringBootTestContextBootstrapper : Using ContextCustomizerFactory implementations for test class [AcceptInvitationServiceTest]: [WebDriverContextCustomizerFactory, OnFailureConditionReportContextCustomizerFactory, OverrideAutoConfigurationContextCustomizerFactory, ImportsContextCustomizerFactory, PropertyMappingContextCustomizerFactory, ExcludeFilterContextCustomizerFactory, TypeExcludeFiltersContextCustomizerFactory, DisableReactorResourceFactoryGlobalResourcesContextCustomizerFactory, DuplicateJsonObjectContextCustomizerFactory, SpringBootTestRandomPortContextCustomizerFactory, BeanOverrideContextCustomizerFactory, MockServerContainerContextCustomizerFactory, DynamicPropertiesContextCustomizerFactory]
2026-03-28T09:05:25.994-05:00 DEBUG 28810 --- [homehealthcare] [    Test worker] .b.t.c.SpringBootTestContextBootstrapper : Using ContextCustomizers for test class [AcceptInvitationServiceTest]: [WebDriverContextCustomizer, OnFailureConditionReportContextCustomizer, PropertyMappingContextCustomizer, ExcludeFilterContextCustomizer, DuplicateJsonObjectContextCustomizer, SpringBootTestRandomPortContextCustomizer, DynamicPropertiesContextCustomizer]
2026-03-28T09:05:25.994-05:00  INFO 28810 --- [homehealthcare] [    Test worker] .b.t.c.SpringBootTestContextBootstrapper : Found @SpringBootConfiguration com.homehealthcare.HomehealthcareApplication for test class com.homehealthcare.invitation.application.AcceptInvitationServiceTest
2026-03-28T09:05:25.995-05:00 DEBUG 28810 --- [homehealthcare] [    Test worker] .b.t.c.SpringBootTestContextBootstrapper : Neither @ContextConfiguration nor @ContextHierarchy found for test class [AcceptInvitationServiceTest]: using SpringBootContextLoader
2026-03-28T09:05:25.995-05:00 DEBUG 28810 --- [homehealthcare] [    Test worker] .b.t.c.SpringBootTestContextBootstrapper : Using TestExecutionListeners for test class [AcceptInvitationServiceTest]: [ServletTestExecutionListener, DirtiesContextBeforeModesTestExecutionListener, ApplicationEventsTestExecutionListener, BeanOverrideTestExecutionListener, DependencyInjectionTestExecutionListener, DirtiesContextTestExecutionListener, CommonCachesTestExecutionListener, TransactionalTestExecutionListener, SqlScriptsTestExecutionListener, WithSecurityContextTestExecutionListener, EventPublishingTestExecutionListener, ReactorContextTestExecutionListener, MockMvcPrintOnlyOnFailureTestExecutionListener, WebDriverTestExecutionListener, MockitoResetTestExecutionListener]
2026-03-28T09:05:26.003-05:00 DEBUG 28810 --- [homehealthcare] [    Test worker] org.hibernate.SQL                        : select a1_0.id,a1_0.contact_email,a1_0.created_at,a1_0.deactivated_at,a1_0.mfa_policy_mode,a1_0.mfa_required_roles,a1_0.name,a1_0.slug,a1_0.status,a1_0.timezone,a1_0.updated_at from agencies a1_0 where a1_0.id=?
2026-03-28T09:05:26.004-05:00 DEBUG 28810 --- [homehealthcare] [    Test worker] org.hibernate.SQL                        : insert into agencies (contact_email,created_at,deactivated_at,mfa_policy_mode,mfa_required_roles,name,slug,status,timezone,updated_at,id) values (?,?,?,?,?,?,?,?,?,?,?)
2026-03-28T09:05:26.006-05:00 DEBUG 28810 --- [homehealthcare] [    Test worker] org.hibernate.SQL                        : select u1_0.id,u1_0.created_at,u1_0.deactivated_at,u1_0.email,u1_0.first_name,u1_0.last_login_at,u1_0.last_name,u1_0.mfa_enabled,u1_0.mfa_enrolled_at,u1_0.mfa_secret,u1_0.password_hash,u1_0.phone,u1_0.preferred_language,u1_0.status,u1_0.time_zone,u1_0.updated_at from users u1_0 where u1_0.id=?
2026-03-28T09:05:26.009-05:00 DEBUG 28810 --- [homehealthcare] [    Test worker] org.hibernate.SQL                        : insert into users (created_at,deactivated_at,email,first_name,last_login_at,last_name,mfa_enabled,mfa_enrolled_at,mfa_secret,password_hash,phone,preferred_language,status,time_zone,updated_at,id) values (?,?,?,?,?,?,?,?,?,?,?,?,?,?,?,?)
2026-03-28T09:05:26.010-05:00 DEBUG 28810 --- [homehealthcare] [    Test worker] org.hibernate.SQL                        : select am1_0.id,am1_0.agency_id,am1_0.created_at,am1_0.role_key,am1_0.status,am1_0.updated_at,am1_0.user_id from agency_memberships am1_0 where am1_0.id=?
2026-03-28T09:05:26.013-05:00 DEBUG 28810 --- [homehealthcare] [    Test worker] org.hibernate.SQL                        : insert into agency_memberships (agency_id,created_at,role_key,status,updated_at,user_id,id) values (?,?,?,?,?,?,?)
2026-03-28T09:05:26.014-05:00 DEBUG 28810 --- [homehealthcare] [    Test worker] org.hibernate.SQL                        : select u1_0.id,u1_0.created_at,u1_0.deactivated_at,u1_0.email,u1_0.first_name,u1_0.last_login_at,u1_0.last_name,u1_0.mfa_enabled,u1_0.mfa_enrolled_at,u1_0.mfa_secret,u1_0.password_hash,u1_0.phone,u1_0.preferred_language,u1_0.status,u1_0.time_zone,u1_0.updated_at from users u1_0 where u1_0.id=?
2026-03-28T09:05:26.015-05:00 DEBUG 28810 --- [homehealthcare] [    Test worker] org.hibernate.SQL                        : insert into users (created_at,deactivated_at,email,first_name,last_login_at,last_name,mfa_enabled,mfa_enrolled_at,mfa_secret,password_hash,phone,preferred_language,status,time_zone,updated_at,id) values (?,?,?,?,?,?,?,?,?,?,?,?,?,?,?,?)
2026-03-28T09:05:26.015-05:00 DEBUG 28810 --- [homehealthcare] [    Test worker] org.hibernate.SQL                        : select am1_0.id,am1_0.agency_id,am1_0.created_at,am1_0.role_key,am1_0.status,am1_0.updated_at,am1_0.user_id from agency_memberships am1_0 where am1_0.id=?
2026-03-28T09:05:26.016-05:00 DEBUG 28810 --- [homehealthcare] [    Test worker] org.hibernate.SQL                        : insert into agency_memberships (agency_id,created_at,role_key,status,updated_at,user_id,id) values (?,?,?,?,?,?,?)
2026-03-28T09:05:26.018-05:00 DEBUG 28810 --- [homehealthcare] [    Test worker] org.hibernate.SQL                        : select ui1_0.id,ui1_0.accepted_at,ui1_0.agency_id,ui1_0.agency_membership_id,ui1_0.cancelled_at,ui1_0.created_at,ui1_0.email,ui1_0.expires_at,ui1_0.invited_by_membership_id,ui1_0.status,ui1_0.token,ui1_0.updated_at,ui1_0.user_id from user_invitations ui1_0 where ui1_0.id=?
2026-03-28T09:05:26.021-05:00 DEBUG 28810 --- [homehealthcare] [    Test worker] org.hibernate.SQL                        : insert into user_invitations (accepted_at,agency_id,agency_membership_id,cancelled_at,created_at,email,expires_at,invited_by_membership_id,status,token,updated_at,user_id,id) values (?,?,?,?,?,?,?,?,?,?,?,?,?)
2026-03-28T09:05:26.022-05:00 DEBUG 28810 --- [homehealthcare] [    Test worker] org.hibernate.SQL                        : update user_invitations set accepted_at=?,agency_id=?,agency_membership_id=?,cancelled_at=?,email=?,expires_at=?,invited_by_membership_id=?,status=?,token=?,updated_at=?,user_id=? where id=?
2026-03-28T09:05:26.032-05:00 DEBUG 28810 --- [homehealthcare] [    Test worker] org.hibernate.SQL                        : select ui1_0.id,ui1_0.accepted_at,ui1_0.agency_id,ui1_0.agency_membership_id,ui1_0.cancelled_at,ui1_0.created_at,ui1_0.email,ui1_0.expires_at,ui1_0.invited_by_membership_id,ui1_0.status,ui1_0.token,ui1_0.updated_at,ui1_0.user_id from user_invitations ui1_0 where ui1_0.token=?
2026-03-28T09:05:26.042-05:00 DEBUG 28810 --- [homehealthcare] [    Test worker] org.hibernate.SQL                        : select a1_0.id,a1_0.contact_email,a1_0.created_at,a1_0.deactivated_at,a1_0.mfa_policy_mode,a1_0.mfa_required_roles,a1_0.name,a1_0.slug,a1_0.status,a1_0.timezone,a1_0.updated_at from agencies a1_0 where a1_0.id=?
2026-03-28T09:05:26.044-05:00 DEBUG 28810 --- [homehealthcare] [    Test worker] org.hibernate.SQL                        : insert into agencies (contact_email,created_at,deactivated_at,mfa_policy_mode,mfa_required_roles,name,slug,status,timezone,updated_at,id) values (?,?,?,?,?,?,?,?,?,?,?)
2026-03-28T09:05:26.045-05:00 DEBUG 28810 --- [homehealthcare] [    Test worker] org.hibernate.SQL                        : select u1_0.id,u1_0.created_at,u1_0.deactivated_at,u1_0.email,u1_0.first_name,u1_0.last_login_at,u1_0.last_name,u1_0.mfa_enabled,u1_0.mfa_enrolled_at,u1_0.mfa_secret,u1_0.password_hash,u1_0.phone,u1_0.preferred_language,u1_0.status,u1_0.time_zone,u1_0.updated_at from users u1_0 where u1_0.id=?
2026-03-28T09:05:26.046-05:00 DEBUG 28810 --- [homehealthcare] [    Test worker] org.hibernate.SQL                        : insert into users (created_at,deactivated_at,email,first_name,last_login_at,last_name,mfa_enabled,mfa_enrolled_at,mfa_secret,password_hash,phone,preferred_language,status,time_zone,updated_at,id) values (?,?,?,?,?,?,?,?,?,?,?,?,?,?,?,?)
2026-03-28T09:05:26.047-05:00 DEBUG 28810 --- [homehealthcare] [    Test worker] org.hibernate.SQL                        : select am1_0.id,am1_0.agency_id,am1_0.created_at,am1_0.role_key,am1_0.status,am1_0.updated_at,am1_0.user_id from agency_memberships am1_0 where am1_0.id=?
2026-03-28T09:05:26.048-05:00 DEBUG 28810 --- [homehealthcare] [    Test worker] org.hibernate.SQL                        : insert into agency_memberships (agency_id,created_at,role_key,status,updated_at,user_id,id) values (?,?,?,?,?,?,?)
2026-03-28T09:05:26.049-05:00 DEBUG 28810 --- [homehealthcare] [    Test worker] org.hibernate.SQL                        : select u1_0.id,u1_0.created_at,u1_0.deactivated_at,u1_0.email,u1_0.first_name,u1_0.last_login_at,u1_0.last_name,u1_0.mfa_enabled,u1_0.mfa_enrolled_at,u1_0.mfa_secret,u1_0.password_hash,u1_0.phone,u1_0.preferred_language,u1_0.status,u1_0.time_zone,u1_0.updated_at from users u1_0 where u1_0.id=?
2026-03-28T09:05:26.050-05:00 DEBUG 28810 --- [homehealthcare] [    Test worker] org.hibernate.SQL                        : insert into users (created_at,deactivated_at,email,first_name,last_login_at,last_name,mfa_enabled,mfa_enrolled_at,mfa_secret,password_hash,phone,preferred_language,status,time_zone,updated_at,id) values (?,?,?,?,?,?,?,?,?,?,?,?,?,?,?,?)
2026-03-28T09:05:26.051-05:00 DEBUG 28810 --- [homehealthcare] [    Test worker] org.hibernate.SQL                        : select am1_0.id,am1_0.agency_id,am1_0.created_at,am1_0.role_key,am1_0.status,am1_0.updated_at,am1_0.user_id from agency_memberships am1_0 where am1_0.id=?
2026-03-28T09:05:26.052-05:00 DEBUG 28810 --- [homehealthcare] [    Test worker] org.hibernate.SQL                        : insert into agency_memberships (agency_id,created_at,role_key,status,updated_at,user_id,id) values (?,?,?,?,?,?,?)
2026-03-28T09:05:26.052-05:00 DEBUG 28810 --- [homehealthcare] [    Test worker] org.hibernate.SQL                        : select ui1_0.id,ui1_0.accepted_at,ui1_0.agency_id,ui1_0.agency_membership_id,ui1_0.cancelled_at,ui1_0.created_at,ui1_0.email,ui1_0.expires_at,ui1_0.invited_by_membership_id,ui1_0.status,ui1_0.token,ui1_0.updated_at,ui1_0.user_id from user_invitations ui1_0 where ui1_0.id=?
2026-03-28T09:05:26.054-05:00 DEBUG 28810 --- [homehealthcare] [    Test worker] org.hibernate.SQL                        : insert into user_invitations (accepted_at,agency_id,agency_membership_id,cancelled_at,created_at,email,expires_at,invited_by_membership_id,status,token,updated_at,user_id,id) values (?,?,?,?,?,?,?,?,?,?,?,?,?)
2026-03-28T09:05:26.059-05:00 DEBUG 28810 --- [homehealthcare] [    Test worker] org.hibernate.SQL                        : select ui1_0.id,ui1_0.accepted_at,ui1_0.agency_id,ui1_0.agency_membership_id,ui1_0.cancelled_at,ui1_0.created_at,ui1_0.email,ui1_0.expires_at,ui1_0.invited_by_membership_id,ui1_0.status,ui1_0.token,ui1_0.updated_at,ui1_0.user_id from user_invitations ui1_0 where ui1_0.token=?
2026-03-28T09:05:26.064-05:00 DEBUG 28810 --- [homehealthcare] [    Test worker] org.hibernate.SQL                        : select uph1_0.id,uph1_0.created_at,uph1_0.password_hash,uph1_0.recorded_at,uph1_0.updated_at,uph1_0.user_id from user_password_history uph1_0 where uph1_0.user_id=? order by uph1_0.recorded_at desc fetch first ? rows only
2026-03-28T09:05:26.224-05:00 DEBUG 28810 --- [homehealthcare] [    Test worker] org.hibernate.SQL                        : update users set deactivated_at=?,email=?,first_name=?,last_login_at=?,last_name=?,mfa_enabled=?,mfa_enrolled_at=?,mfa_secret=?,password_hash=?,phone=?,preferred_language=?,status=?,time_zone=?,updated_at=? where id=?
2026-03-28T09:05:26.225-05:00 DEBUG 28810 --- [homehealthcare] [    Test worker] org.hibernate.SQL                        : select u1_0.id,u1_0.created_at,u1_0.deactivated_at,u1_0.email,u1_0.first_name,u1_0.last_login_at,u1_0.last_name,u1_0.mfa_enabled,u1_0.mfa_enrolled_at,u1_0.mfa_secret,u1_0.password_hash,u1_0.phone,u1_0.preferred_language,u1_0.status,u1_0.time_zone,u1_0.updated_at from users u1_0 where u1_0.id=?
2026-03-28T09:05:26.227-05:00 DEBUG 28810 --- [homehealthcare] [    Test worker] org.hibernate.SQL                        : insert into users (created_at,deactivated_at,email,first_name,last_login_at,last_name,mfa_enabled,mfa_enrolled_at,mfa_secret,password_hash,phone,preferred_language,status,time_zone,updated_at,id) values (?,?,?,?,?,?,?,?,?,?,?,?,?,?,?,?)
2026-03-28T09:05:26.228-05:00 DEBUG 28810 --- [homehealthcare] [    Test worker] org.hibernate.SQL                        : select am1_0.id,am1_0.agency_id,am1_0.created_at,am1_0.role_key,am1_0.status,am1_0.updated_at,am1_0.user_id from agency_memberships am1_0 where am1_0.id=?
2026-03-28T09:05:26.229-05:00 DEBUG 28810 --- [homehealthcare] [    Test worker] org.hibernate.SQL                        : insert into agency_memberships (agency_id,created_at,role_key,status,updated_at,user_id,id) values (?,?,?,?,?,?,?)
2026-03-28T09:05:26.230-05:00 DEBUG 28810 --- [homehealthcare] [    Test worker] org.hibernate.SQL                        : select ui1_0.id,ui1_0.accepted_at,ui1_0.agency_id,ui1_0.agency_membership_id,ui1_0.cancelled_at,ui1_0.created_at,ui1_0.email,ui1_0.expires_at,ui1_0.invited_by_membership_id,ui1_0.status,ui1_0.token,ui1_0.updated_at,ui1_0.user_id from user_invitations ui1_0 where ui1_0.id=?
2026-03-28T09:05:26.232-05:00 DEBUG 28810 --- [homehealthcare] [    Test worker] org.hibernate.SQL                        : insert into user_invitations (accepted_at,agency_id,agency_membership_id,cancelled_at,created_at,email,expires_at,invited_by_membership_id,status,token,updated_at,user_id,id) values (?,?,?,?,?,?,?,?,?,?,?,?,?)
2026-03-28T09:05:26.233-05:00 DEBUG 28810 --- [homehealthcare] [    Test worker] org.hibernate.SQL                        : select ui1_0.id,ui1_0.accepted_at,ui1_0.agency_id,ui1_0.agency_membership_id,ui1_0.cancelled_at,ui1_0.created_at,ui1_0.email,ui1_0.expires_at,ui1_0.invited_by_membership_id,ui1_0.status,ui1_0.token,ui1_0.updated_at,ui1_0.user_id from user_invitations ui1_0 where ui1_0.token=?
2026-03-28T09:05:26.235-05:00 DEBUG 28810 --- [homehealthcare] [    Test worker] org.hibernate.SQL                        : select uph1_0.id,uph1_0.created_at,uph1_0.password_hash,uph1_0.recorded_at,uph1_0.updated_at,uph1_0.user_id from user_password_history uph1_0 where uph1_0.user_id=? order by uph1_0.recorded_at desc fetch first ? rows only
2026-03-28T09:05:26.382-05:00 DEBUG 28810 --- [homehealthcare] [    Test worker] org.hibernate.SQL                        : select a1_0.id,a1_0.contact_email,a1_0.created_at,a1_0.deactivated_at,a1_0.mfa_policy_mode,a1_0.mfa_required_roles,a1_0.name,a1_0.slug,a1_0.status,a1_0.timezone,a1_0.updated_at from agencies a1_0 where a1_0.id=?
2026-03-28T09:05:26.383-05:00 DEBUG 28810 --- [homehealthcare] [    Test worker] org.hibernate.SQL                        : insert into agencies (contact_email,created_at,deactivated_at,mfa_policy_mode,mfa_required_roles,name,slug,status,timezone,updated_at,id) values (?,?,?,?,?,?,?,?,?,?,?)
2026-03-28T09:05:26.384-05:00 DEBUG 28810 --- [homehealthcare] [    Test worker] org.hibernate.SQL                        : select u1_0.id,u1_0.created_at,u1_0.deactivated_at,u1_0.email,u1_0.first_name,u1_0.last_login_at,u1_0.last_name,u1_0.mfa_enabled,u1_0.mfa_enrolled_at,u1_0.mfa_secret,u1_0.password_hash,u1_0.phone,u1_0.preferred_language,u1_0.status,u1_0.time_zone,u1_0.updated_at from users u1_0 where u1_0.id=?
2026-03-28T09:05:26.385-05:00 DEBUG 28810 --- [homehealthcare] [    Test worker] org.hibernate.SQL                        : insert into users (created_at,deactivated_at,email,first_name,last_login_at,last_name,mfa_enabled,mfa_enrolled_at,mfa_secret,password_hash,phone,preferred_language,status,time_zone,updated_at,id) values (?,?,?,?,?,?,?,?,?,?,?,?,?,?,?,?)
2026-03-28T09:05:26.386-05:00 DEBUG 28810 --- [homehealthcare] [    Test worker] org.hibernate.SQL                        : select am1_0.id,am1_0.agency_id,am1_0.created_at,am1_0.role_key,am1_0.status,am1_0.updated_at,am1_0.user_id from agency_memberships am1_0 where am1_0.id=?
2026-03-28T09:05:26.388-05:00 DEBUG 28810 --- [homehealthcare] [    Test worker] org.hibernate.SQL                        : insert into agency_memberships (agency_id,created_at,role_key,status,updated_at,user_id,id) values (?,?,?,?,?,?,?)
2026-03-28T09:05:26.389-05:00 DEBUG 28810 --- [homehealthcare] [    Test worker] org.hibernate.SQL                        : select u1_0.id,u1_0.created_at,u1_0.deactivated_at,u1_0.email,u1_0.first_name,u1_0.last_login_at,u1_0.last_name,u1_0.mfa_enabled,u1_0.mfa_enrolled_at,u1_0.mfa_secret,u1_0.password_hash,u1_0.phone,u1_0.preferred_language,u1_0.status,u1_0.time_zone,u1_0.updated_at from users u1_0 where u1_0.id=?
2026-03-28T09:05:26.389-05:00 DEBUG 28810 --- [homehealthcare] [    Test worker] org.hibernate.SQL                        : insert into users (created_at,deactivated_at,email,first_name,last_login_at,last_name,mfa_enabled,mfa_enrolled_at,mfa_secret,password_hash,phone,preferred_language,status,time_zone,updated_at,id) values (?,?,?,?,?,?,?,?,?,?,?,?,?,?,?,?)
2026-03-28T09:05:26.390-05:00 DEBUG 28810 --- [homehealthcare] [    Test worker] org.hibernate.SQL                        : select am1_0.id,am1_0.agency_id,am1_0.created_at,am1_0.role_key,am1_0.status,am1_0.updated_at,am1_0.user_id from agency_memberships am1_0 where am1_0.id=?
2026-03-28T09:05:26.392-05:00 DEBUG 28810 --- [homehealthcare] [    Test worker] org.hibernate.SQL                        : insert into agency_memberships (agency_id,created_at,role_key,status,updated_at,user_id,id) values (?,?,?,?,?,?,?)
2026-03-28T09:05:26.393-05:00 DEBUG 28810 --- [homehealthcare] [    Test worker] org.hibernate.SQL                        : select ui1_0.id,ui1_0.accepted_at,ui1_0.agency_id,ui1_0.agency_membership_id,ui1_0.cancelled_at,ui1_0.created_at,ui1_0.email,ui1_0.expires_at,ui1_0.invited_by_membership_id,ui1_0.status,ui1_0.token,ui1_0.updated_at,ui1_0.user_id from user_invitations ui1_0 where ui1_0.id=?
2026-03-28T09:05:26.394-05:00 DEBUG 28810 --- [homehealthcare] [    Test worker] org.hibernate.SQL                        : insert into user_invitations (accepted_at,agency_id,agency_membership_id,cancelled_at,created_at,email,expires_at,invited_by_membership_id,status,token,updated_at,user_id,id) values (?,?,?,?,?,?,?,?,?,?,?,?,?)
2026-03-28T09:05:26.395-05:00 DEBUG 28810 --- [homehealthcare] [    Test worker] org.hibernate.SQL                        : select ui1_0.id,ui1_0.accepted_at,ui1_0.agency_id,ui1_0.agency_membership_id,ui1_0.cancelled_at,ui1_0.created_at,ui1_0.email,ui1_0.expires_at,ui1_0.invited_by_membership_id,ui1_0.status,ui1_0.token,ui1_0.updated_at,ui1_0.user_id from user_invitations ui1_0 where ui1_0.token=?
2026-03-28T09:05:26.397-05:00 DEBUG 28810 --- [homehealthcare] [    Test worker] org.hibernate.SQL                        : select uph1_0.id,uph1_0.created_at,uph1_0.password_hash,uph1_0.recorded_at,uph1_0.updated_at,uph1_0.user_id from user_password_history uph1_0 where uph1_0.user_id=? order by uph1_0.recorded_at desc fetch first ? rows only
2026-03-28T09:05:26.539-05:00 DEBUG 28810 --- [homehealthcare] [    Test worker] org.hibernate.SQL                        : select uph1_0.id,uph1_0.created_at,uph1_0.password_hash,uph1_0.recorded_at,uph1_0.updated_at,uph1_0.user_id from user_password_history uph1_0 where uph1_0.id=?
2026-03-28T09:05:26.542-05:00 DEBUG 28810 --- [homehealthcare] [    Test worker] org.hibernate.SQL                        : select ae1_0.id,ae1_0.action_type,ae1_0.actor_email,ae1_0.actor_id,ae1_0.actor_type,ae1_0.agency_id,ae1_0.branch_id,ae1_0.metadata_json,ae1_0.occurred_at,ae1_0.outcome,ae1_0.target_id,ae1_0.target_type from audit_events ae1_0 where ae1_0.id=?
2026-03-28T09:05:26.669-05:00 DEBUG 28810 --- [homehealthcare] [    Test worker] org.hibernate.SQL                        : insert into user_password_history (created_at,password_hash,recorded_at,updated_at,user_id,id) values (?,?,?,?,?,?)
2026-03-28T09:05:26.670-05:00 DEBUG 28810 --- [homehealthcare] [    Test worker] org.hibernate.SQL                        : insert into audit_events (action_type,actor_email,actor_id,actor_type,agency_id,branch_id,metadata_json,occurred_at,outcome,target_id,target_type,id) values (?,?,?,?,?,?,?,?,?,?,?,?)
2026-03-28T09:05:26.671-05:00 DEBUG 28810 --- [homehealthcare] [    Test worker] org.hibernate.SQL                        : update users set deactivated_at=?,email=?,first_name=?,last_login_at=?,last_name=?,mfa_enabled=?,mfa_enrolled_at=?,mfa_secret=?,password_hash=?,phone=?,preferred_language=?,status=?,time_zone=?,updated_at=? where id=?
2026-03-28T09:05:26.671-05:00 DEBUG 28810 --- [homehealthcare] [    Test worker] org.hibernate.SQL                        : update user_invitations set accepted_at=?,agency_id=?,agency_membership_id=?,cancelled_at=?,email=?,expires_at=?,invited_by_membership_id=?,status=?,token=?,updated_at=?,user_id=? where id=?
2026-03-28T09:05:26.672-05:00 DEBUG 28810 --- [homehealthcare] [    Test worker] org.hibernate.SQL                        : select ae1_0.id,ae1_0.action_type,ae1_0.actor_email,ae1_0.actor_id,ae1_0.actor_type,ae1_0.agency_id,ae1_0.branch_id,ae1_0.metadata_json,ae1_0.occurred_at,ae1_0.outcome,ae1_0.target_id,ae1_0.target_type from audit_events ae1_0 where ae1_0.actor_id=? order by ae1_0.occurred_at
2026-03-28T09:05:26.679-05:00 DEBUG 28810 --- [homehealthcare] [    Test worker] org.hibernate.SQL                        : select a1_0.id,a1_0.contact_email,a1_0.created_at,a1_0.deactivated_at,a1_0.mfa_policy_mode,a1_0.mfa_required_roles,a1_0.name,a1_0.slug,a1_0.status,a1_0.timezone,a1_0.updated_at from agencies a1_0 where a1_0.id=?
2026-03-28T09:05:26.680-05:00 DEBUG 28810 --- [homehealthcare] [    Test worker] org.hibernate.SQL                        : insert into agencies (contact_email,created_at,deactivated_at,mfa_policy_mode,mfa_required_roles,name,slug,status,timezone,updated_at,id) values (?,?,?,?,?,?,?,?,?,?,?)
2026-03-28T09:05:26.681-05:00 DEBUG 28810 --- [homehealthcare] [    Test worker] org.hibernate.SQL                        : select u1_0.id,u1_0.created_at,u1_0.deactivated_at,u1_0.email,u1_0.first_name,u1_0.last_login_at,u1_0.last_name,u1_0.mfa_enabled,u1_0.mfa_enrolled_at,u1_0.mfa_secret,u1_0.password_hash,u1_0.phone,u1_0.preferred_language,u1_0.status,u1_0.time_zone,u1_0.updated_at from users u1_0 where u1_0.id=?
2026-03-28T09:05:26.682-05:00 DEBUG 28810 --- [homehealthcare] [    Test worker] org.hibernate.SQL                        : insert into users (created_at,deactivated_at,email,first_name,last_login_at,last_name,mfa_enabled,mfa_enrolled_at,mfa_secret,password_hash,phone,preferred_language,status,time_zone,updated_at,id) values (?,?,?,?,?,?,?,?,?,?,?,?,?,?,?,?)
2026-03-28T09:05:26.683-05:00 DEBUG 28810 --- [homehealthcare] [    Test worker] org.hibernate.SQL                        : select am1_0.id,am1_0.agency_id,am1_0.created_at,am1_0.role_key,am1_0.status,am1_0.updated_at,am1_0.user_id from agency_memberships am1_0 where am1_0.id=?
2026-03-28T09:05:26.684-05:00 DEBUG 28810 --- [homehealthcare] [    Test worker] org.hibernate.SQL                        : insert into agency_memberships (agency_id,created_at,role_key,status,updated_at,user_id,id) values (?,?,?,?,?,?,?)
2026-03-28T09:05:26.684-05:00 DEBUG 28810 --- [homehealthcare] [    Test worker] org.hibernate.SQL                        : select u1_0.id,u1_0.created_at,u1_0.deactivated_at,u1_0.email,u1_0.first_name,u1_0.last_login_at,u1_0.last_name,u1_0.mfa_enabled,u1_0.mfa_enrolled_at,u1_0.mfa_secret,u1_0.password_hash,u1_0.phone,u1_0.preferred_language,u1_0.status,u1_0.time_zone,u1_0.updated_at from users u1_0 where u1_0.id=?
2026-03-28T09:05:26.685-05:00 DEBUG 28810 --- [homehealthcare] [    Test worker] org.hibernate.SQL                        : insert into users (created_at,deactivated_at,email,first_name,last_login_at,last_name,mfa_enabled,mfa_enrolled_at,mfa_secret,password_hash,phone,preferred_language,status,time_zone,updated_at,id) values (?,?,?,?,?,?,?,?,?,?,?,?,?,?,?,?)
2026-03-28T09:05:26.685-05:00 DEBUG 28810 --- [homehealthcare] [    Test worker] org.hibernate.SQL                        : select am1_0.id,am1_0.agency_id,am1_0.created_at,am1_0.role_key,am1_0.status,am1_0.updated_at,am1_0.user_id from agency_memberships am1_0 where am1_0.id=?
2026-03-28T09:05:26.686-05:00 DEBUG 28810 --- [homehealthcare] [    Test worker] org.hibernate.SQL                        : insert into agency_memberships (agency_id,created_at,role_key,status,updated_at,user_id,id) values (?,?,?,?,?,?,?)
2026-03-28T09:05:26.687-05:00 DEBUG 28810 --- [homehealthcare] [    Test worker] org.hibernate.SQL                        : select ui1_0.id,ui1_0.accepted_at,ui1_0.agency_id,ui1_0.agency_membership_id,ui1_0.cancelled_at,ui1_0.created_at,ui1_0.email,ui1_0.expires_at,ui1_0.invited_by_membership_id,ui1_0.status,ui1_0.token,ui1_0.updated_at,ui1_0.user_id from user_invitations ui1_0 where ui1_0.id=?
2026-03-28T09:05:26.688-05:00 DEBUG 28810 --- [homehealthcare] [    Test worker] org.hibernate.SQL                        : insert into user_invitations (accepted_at,agency_id,agency_membership_id,cancelled_at,created_at,email,expires_at,invited_by_membership_id,status,token,updated_at,user_id,id) values (?,?,?,?,?,?,?,?,?,?,?,?,?)
2026-03-28T09:05:26.689-05:00 DEBUG 28810 --- [homehealthcare] [    Test worker] org.hibernate.SQL                        : select ui1_0.id,ui1_0.accepted_at,ui1_0.agency_id,ui1_0.agency_membership_id,ui1_0.cancelled_at,ui1_0.created_at,ui1_0.email,ui1_0.expires_at,ui1_0.invited_by_membership_id,ui1_0.status,ui1_0.token,ui1_0.updated_at,ui1_0.user_id from user_invitations ui1_0 where ui1_0.token=?
2026-03-28T09:05:26.696-05:00 DEBUG 28810 --- [homehealthcare] [    Test worker] org.hibernate.SQL                        : select ui1_0.id,ui1_0.accepted_at,ui1_0.agency_id,ui1_0.agency_membership_id,ui1_0.cancelled_at,ui1_0.created_at,ui1_0.email,ui1_0.expires_at,ui1_0.invited_by_membership_id,ui1_0.status,ui1_0.token,ui1_0.updated_at,ui1_0.user_id from user_invitations ui1_0 where ui1_0.token=?
2026-03-28T09:05:26.698-05:00 DEBUG 28810 --- [homehealthcare] [    Test worker] org.hibernate.SQL                        : select a1_0.id,a1_0.contact_email,a1_0.created_at,a1_0.deactivated_at,a1_0.mfa_policy_mode,a1_0.mfa_required_roles,a1_0.name,a1_0.slug,a1_0.status,a1_0.timezone,a1_0.updated_at from agencies a1_0 where a1_0.id=?
2026-03-28T09:05:26.698-05:00 DEBUG 28810 --- [homehealthcare] [    Test worker] org.hibernate.SQL                        : insert into agencies (contact_email,created_at,deactivated_at,mfa_policy_mode,mfa_required_roles,name,slug,status,timezone,updated_at,id) values (?,?,?,?,?,?,?,?,?,?,?)
2026-03-28T09:05:26.699-05:00 DEBUG 28810 --- [homehealthcare] [    Test worker] org.hibernate.SQL                        : select u1_0.id,u1_0.created_at,u1_0.deactivated_at,u1_0.email,u1_0.first_name,u1_0.last_login_at,u1_0.last_name,u1_0.mfa_enabled,u1_0.mfa_enrolled_at,u1_0.mfa_secret,u1_0.password_hash,u1_0.phone,u1_0.preferred_language,u1_0.status,u1_0.time_zone,u1_0.updated_at from users u1_0 where u1_0.id=?
2026-03-28T09:05:26.700-05:00 DEBUG 28810 --- [homehealthcare] [    Test worker] org.hibernate.SQL                        : insert into users (created_at,deactivated_at,email,first_name,last_login_at,last_name,mfa_enabled,mfa_enrolled_at,mfa_secret,password_hash,phone,preferred_language,status,time_zone,updated_at,id) values (?,?,?,?,?,?,?,?,?,?,?,?,?,?,?,?)
2026-03-28T09:05:26.701-05:00 DEBUG 28810 --- [homehealthcare] [    Test worker] org.hibernate.SQL                        : select am1_0.id,am1_0.agency_id,am1_0.created_at,am1_0.role_key,am1_0.status,am1_0.updated_at,am1_0.user_id from agency_memberships am1_0 where am1_0.id=?
2026-03-28T09:05:26.702-05:00 DEBUG 28810 --- [homehealthcare] [    Test worker] org.hibernate.SQL                        : insert into agency_memberships (agency_id,created_at,role_key,status,updated_at,user_id,id) values (?,?,?,?,?,?,?)
2026-03-28T09:05:26.703-05:00 DEBUG 28810 --- [homehealthcare] [    Test worker] org.hibernate.SQL                        : select u1_0.id,u1_0.created_at,u1_0.deactivated_at,u1_0.email,u1_0.first_name,u1_0.last_login_at,u1_0.last_name,u1_0.mfa_enabled,u1_0.mfa_enrolled_at,u1_0.mfa_secret,u1_0.password_hash,u1_0.phone,u1_0.preferred_language,u1_0.status,u1_0.time_zone,u1_0.updated_at from users u1_0 where u1_0.id=?
2026-03-28T09:05:26.703-05:00 DEBUG 28810 --- [homehealthcare] [    Test worker] org.hibernate.SQL                        : insert into users (created_at,deactivated_at,email,first_name,last_login_at,last_name,mfa_enabled,mfa_enrolled_at,mfa_secret,password_hash,phone,preferred_language,status,time_zone,updated_at,id) values (?,?,?,?,?,?,?,?,?,?,?,?,?,?,?,?)
2026-03-28T09:05:26.704-05:00 DEBUG 28810 --- [homehealthcare] [    Test worker] org.hibernate.SQL                        : select am1_0.id,am1_0.agency_id,am1_0.created_at,am1_0.role_key,am1_0.status,am1_0.updated_at,am1_0.user_id from agency_memberships am1_0 where am1_0.id=?
2026-03-28T09:05:26.705-05:00 DEBUG 28810 --- [homehealthcare] [    Test worker] org.hibernate.SQL                        : insert into agency_memberships (agency_id,created_at,role_key,status,updated_at,user_id,id) values (?,?,?,?,?,?,?)
2026-03-28T09:05:26.705-05:00 DEBUG 28810 --- [homehealthcare] [    Test worker] org.hibernate.SQL                        : select ui1_0.id,ui1_0.accepted_at,ui1_0.agency_id,ui1_0.agency_membership_id,ui1_0.cancelled_at,ui1_0.created_at,ui1_0.email,ui1_0.expires_at,ui1_0.invited_by_membership_id,ui1_0.status,ui1_0.token,ui1_0.updated_at,ui1_0.user_id from user_invitations ui1_0 where ui1_0.id=?
2026-03-28T09:05:26.707-05:00 DEBUG 28810 --- [homehealthcare] [    Test worker] org.hibernate.SQL                        : insert into user_invitations (accepted_at,agency_id,agency_membership_id,cancelled_at,created_at,email,expires_at,invited_by_membership_id,status,token,updated_at,user_id,id) values (?,?,?,?,?,?,?,?,?,?,?,?,?)
2026-03-28T09:05:26.708-05:00 DEBUG 28810 --- [homehealthcare] [    Test worker] org.hibernate.SQL                        : select ui1_0.id,ui1_0.accepted_at,ui1_0.agency_id,ui1_0.agency_membership_id,ui1_0.cancelled_at,ui1_0.created_at,ui1_0.email,ui1_0.expires_at,ui1_0.invited_by_membership_id,ui1_0.status,ui1_0.token,ui1_0.updated_at,ui1_0.user_id from user_invitations ui1_0 where ui1_0.token=?
2026-03-28T09:05:26.709-05:00 DEBUG 28810 --- [homehealthcare] [    Test worker] org.hibernate.SQL                        : select uph1_0.id,uph1_0.created_at,uph1_0.password_hash,uph1_0.recorded_at,uph1_0.updated_at,uph1_0.user_id from user_password_history uph1_0 where uph1_0.user_id=? order by uph1_0.recorded_at desc fetch first ? rows only
2026-03-28T09:05:26.830-05:00 DEBUG 28810 --- [homehealthcare] [    Test worker] org.hibernate.SQL                        : select uph1_0.id,uph1_0.created_at,uph1_0.password_hash,uph1_0.recorded_at,uph1_0.updated_at,uph1_0.user_id from user_password_history uph1_0 where uph1_0.id=?
2026-03-28T09:05:26.831-05:00 DEBUG 28810 --- [homehealthcare] [    Test worker] org.hibernate.SQL                        : select ae1_0.id,ae1_0.action_type,ae1_0.actor_email,ae1_0.actor_id,ae1_0.actor_type,ae1_0.agency_id,ae1_0.branch_id,ae1_0.metadata_json,ae1_0.occurred_at,ae1_0.outcome,ae1_0.target_id,ae1_0.target_type from audit_events ae1_0 where ae1_0.id=?
2026-03-28T09:05:26.833-05:00 DEBUG 28810 --- [homehealthcare] [    Test worker] org.hibernate.SQL                        : insert into user_password_history (created_at,password_hash,recorded_at,updated_at,user_id,id) values (?,?,?,?,?,?)
2026-03-28T09:05:26.833-05:00 DEBUG 28810 --- [homehealthcare] [    Test worker] org.hibernate.SQL                        : insert into audit_events (action_type,actor_email,actor_id,actor_type,agency_id,branch_id,metadata_json,occurred_at,outcome,target_id,target_type,id) values (?,?,?,?,?,?,?,?,?,?,?,?)
2026-03-28T09:05:26.834-05:00 DEBUG 28810 --- [homehealthcare] [    Test worker] org.hibernate.SQL                        : update users set deactivated_at=?,email=?,first_name=?,last_login_at=?,last_name=?,mfa_enabled=?,mfa_enrolled_at=?,mfa_secret=?,password_hash=?,phone=?,preferred_language=?,status=?,time_zone=?,updated_at=? where id=?
2026-03-28T09:05:26.834-05:00 DEBUG 28810 --- [homehealthcare] [    Test worker] org.hibernate.SQL                        : update user_invitations set accepted_at=?,agency_id=?,agency_membership_id=?,cancelled_at=?,email=?,expires_at=?,invited_by_membership_id=?,status=?,token=?,updated_at=?,user_id=? where id=?
2026-03-28T09:05:26.835-05:00 DEBUG 28810 --- [homehealthcare] [    Test worker] org.hibernate.SQL                        : select ui1_0.id,ui1_0.accepted_at,ui1_0.agency_id,ui1_0.agency_membership_id,ui1_0.cancelled_at,ui1_0.created_at,ui1_0.email,ui1_0.expires_at,ui1_0.invited_by_membership_id,ui1_0.status,ui1_0.token,ui1_0.updated_at,ui1_0.user_id from user_invitations ui1_0 where ui1_0.token=?
]]></system-out>
  <system-err><![CDATA[]]></system-err>
</testsuite>
