<?xml version="1.0" encoding="UTF-8"?>
<testsuite name="com.homehealthcare.notification.api.AdminNotificationPreferencesIntegrationTest" tests="2" skipped="0" failures="0" errors="0" timestamp="2026-03-28T06:11:16.659Z" hostname="Shivangs-MacBook-Pro.local" time="0.101">
  <properties/>
  <testcase name="adminCanViewAndUpdateNotificationPreferences()" classname="com.homehealthcare.notification.api.AdminNotificationPreferencesIntegrationTest" time="0.057"/>
  <testcase name="nonAdminCannotManageNotificationPreferences()" classname="com.homehealthcare.notification.api.AdminNotificationPreferencesIntegrationTest" time="0.015"/>
  <system-out><![CDATA[2026-03-28T01:11:16.660-05:00  INFO 11640 --- [homehealthcare] [    Test worker] t.c.s.AnnotationConfigContextLoaderUtils : Could not detect default configuration classes for test class [com.homehealthcare.notification.api.AdminNotificationPreferencesIntegrationTest]: AdminNotificationPreferencesIntegrationTest does not declare any static, non-private, non-final, nested classes annotated with @Configuration.
2026-03-28T01:11:16.660-05:00 DEBUG 11640 --- [homehealthcare] [    Test worker] .b.t.c.SpringBootTestContextBootstrapper : Using ContextCustomizerFactory implementations for test class [AdminNotificationPreferencesIntegrationTest]: [WebDriverContextCustomizerFactory, OnFailureConditionReportContextCustomizerFactory, OverrideAutoConfigurationContextCustomizerFactory, ImportsContextCustomizerFactory, PropertyMappingContextCustomizerFactory, ExcludeFilterContextCustomizerFactory, TypeExcludeFiltersContextCustomizerFactory, DisableReactorResourceFactoryGlobalResourcesContextCustomizerFactory, DuplicateJsonObjectContextCustomizerFactory, SpringBootTestRandomPortContextCustomizerFactory, BeanOverrideContextCustomizerFactory, MockServerContainerContextCustomizerFactory, DynamicPropertiesContextCustomizerFactory]
2026-03-28T01:11:16.662-05:00 DEBUG 11640 --- [homehealthcare] [    Test worker] .b.t.c.SpringBootTestContextBootstrapper : Using ContextCustomizers for test class [AdminNotificationPreferencesIntegrationTest]: [WebDriverContextCustomizer, OnFailureConditionReportContextCustomizer, ImportsContextCustomizer, PropertyMappingContextCustomizer, ExcludeFilterContextCustomizer, DuplicateJsonObjectContextCustomizer, SpringBootTestRandomPortContextCustomizer, DynamicPropertiesContextCustomizer]
2026-03-28T01:11:16.680-05:00  INFO 11640 --- [homehealthcare] [    Test worker] .b.t.c.SpringBootTestContextBootstrapper : Found @SpringBootConfiguration com.homehealthcare.HomehealthcareApplication for test class com.homehealthcare.notification.api.AdminNotificationPreferencesIntegrationTest
2026-03-28T01:11:16.681-05:00  INFO 11640 --- [homehealthcare] [    Test worker] t.c.s.AnnotationConfigContextLoaderUtils : Could not detect default configuration classes for test class [com.homehealthcare.notification.api.AdminNotificationPreferencesIntegrationTest]: AdminNotificationPreferencesIntegrationTest does not declare any static, non-private, non-final, nested classes annotated with @Configuration.
2026-03-28T01:11:16.681-05:00 DEBUG 11640 --- [homehealthcare] [    Test worker] .b.t.c.SpringBootTestContextBootstrapper : Using ContextCustomizerFactory implementations for test class [AdminNotificationPreferencesIntegrationTest]: [WebDriverContextCustomizerFactory, OnFailureConditionReportContextCustomizerFactory, OverrideAutoConfigurationContextCustomizerFactory, ImportsContextCustomizerFactory, PropertyMappingContextCustomizerFactory, ExcludeFilterContextCustomizerFactory, TypeExcludeFiltersContextCustomizerFactory, DisableReactorResourceFactoryGlobalResourcesContextCustomizerFactory, DuplicateJsonObjectContextCustomizerFactory, SpringBootTestRandomPortContextCustomizerFactory, BeanOverrideContextCustomizerFactory, MockServerContainerContextCustomizerFactory, DynamicPropertiesContextCustomizerFactory]
2026-03-28T01:11:16.683-05:00 DEBUG 11640 --- [homehealthcare] [    Test worker] .b.t.c.SpringBootTestContextBootstrapper : Using ContextCustomizers for test class [AdminNotificationPreferencesIntegrationTest]: [WebDriverContextCustomizer, OnFailureConditionReportContextCustomizer, ImportsContextCustomizer, PropertyMappingContextCustomizer, ExcludeFilterContextCustomizer, DuplicateJsonObjectContextCustomizer, SpringBootTestRandomPortContextCustomizer, DynamicPropertiesContextCustomizer]
2026-03-28T01:11:16.683-05:00  INFO 11640 --- [homehealthcare] [    Test worker] .b.t.c.SpringBootTestContextBootstrapper : Found @SpringBootConfiguration com.homehealthcare.HomehealthcareApplication for test class com.homehealthcare.notification.api.AdminNotificationPreferencesIntegrationTest
2026-03-28T01:11:16.683-05:00 DEBUG 11640 --- [homehealthcare] [    Test worker] .b.t.c.SpringBootTestContextBootstrapper : Neither @ContextConfiguration nor @ContextHierarchy found for test class [AdminNotificationPreferencesIntegrationTest]: using SpringBootContextLoader
2026-03-28T01:11:16.684-05:00 DEBUG 11640 --- [homehealthcare] [    Test worker] .b.t.c.SpringBootTestContextBootstrapper : Using TestExecutionListeners for test class [AdminNotificationPreferencesIntegrationTest]: [ServletTestExecutionListener, DirtiesContextBeforeModesTestExecutionListener, ApplicationEventsTestExecutionListener, BeanOverrideTestExecutionListener, DependencyInjectionTestExecutionListener, DirtiesContextTestExecutionListener, CommonCachesTestExecutionListener, TransactionalTestExecutionListener, SqlScriptsTestExecutionListener, WithSecurityContextTestExecutionListener, EventPublishingTestExecutionListener, ReactorContextTestExecutionListener, MockMvcPrintOnlyOnFailureTestExecutionListener, WebDriverTestExecutionListener, MockitoResetTestExecutionListener]
2026-03-28T01:11:16.689-05:00 DEBUG 11640 --- [homehealthcare] [    Test worker] org.hibernate.SQL                        : select a1_0.id,a1_0.contact_email,a1_0.created_at,a1_0.deactivated_at,a1_0.mfa_policy_mode,a1_0.mfa_required_roles,a1_0.name,a1_0.slug,a1_0.status,a1_0.timezone,a1_0.updated_at from agencies a1_0 where a1_0.id=?
2026-03-28T01:11:16.691-05:00 DEBUG 11640 --- [homehealthcare] [    Test worker] org.hibernate.SQL                        : insert into agencies (contact_email,created_at,deactivated_at,mfa_policy_mode,mfa_required_roles,name,slug,status,timezone,updated_at,id) values (?,?,?,?,?,?,?,?,?,?,?)
2026-03-28T01:11:16.692-05:00 DEBUG 11640 --- [homehealthcare] [    Test worker] org.hibernate.SQL                        : select u1_0.id,u1_0.created_at,u1_0.deactivated_at,u1_0.email,u1_0.first_name,u1_0.last_login_at,u1_0.last_name,u1_0.mfa_enabled,u1_0.mfa_enrolled_at,u1_0.mfa_secret,u1_0.password_hash,u1_0.phone,u1_0.preferred_language,u1_0.status,u1_0.time_zone,u1_0.updated_at from users u1_0 where u1_0.id=?
2026-03-28T01:11:16.693-05:00 DEBUG 11640 --- [homehealthcare] [    Test worker] org.hibernate.SQL                        : insert into users (created_at,deactivated_at,email,first_name,last_login_at,last_name,mfa_enabled,mfa_enrolled_at,mfa_secret,password_hash,phone,preferred_language,status,time_zone,updated_at,id) values (?,?,?,?,?,?,?,?,?,?,?,?,?,?,?,?)
2026-03-28T01:11:16.694-05:00 DEBUG 11640 --- [homehealthcare] [    Test worker] org.hibernate.SQL                        : update users set deactivated_at=?,email=?,first_name=?,last_login_at=?,last_name=?,mfa_enabled=?,mfa_enrolled_at=?,mfa_secret=?,password_hash=?,phone=?,preferred_language=?,status=?,time_zone=?,updated_at=? where id=?
2026-03-28T01:11:16.695-05:00 DEBUG 11640 --- [homehealthcare] [    Test worker] org.hibernate.SQL                        : select am1_0.id,am1_0.agency_id,am1_0.created_at,am1_0.role_key,am1_0.status,am1_0.updated_at,am1_0.user_id from agency_memberships am1_0 where am1_0.id=?
2026-03-28T01:11:16.696-05:00 DEBUG 11640 --- [homehealthcare] [    Test worker] org.hibernate.SQL                        : insert into agency_memberships (agency_id,created_at,role_key,status,updated_at,user_id,id) values (?,?,?,?,?,?,?)
2026-03-28T01:11:16.698-05:00 DEBUG 11640 --- [homehealthcare] [    Test worker] s.w.s.m.m.a.RequestMappingHandlerMapping : Mapped to com.homehealthcare.notification.api.AdminNotificationPreferencesController#currentPreferences()
2026-03-28T01:11:16.700-05:00 DEBUG 11640 --- [homehealthcare] [    Test worker] org.hibernate.SQL                        : select am1_0.id,am1_0.agency_id,am1_0.created_at,am1_0.role_key,am1_0.status,am1_0.updated_at,am1_0.user_id from agency_memberships am1_0 where am1_0.id=? and am1_0.agency_id=?
2026-03-28T01:11:16.704-05:00 DEBUG 11640 --- [homehealthcare] [    Test worker] org.hibernate.SQL                        : select anp1_0.id,anp1_0.agency_membership_id,anp1_0.created_at,anp1_0.email_enabled,anp1_0.failed_login_alerts_enabled,anp1_0.locked_account_alerts_enabled,anp1_0.new_admin_alerts_enabled,anp1_0.updated_at from admin_notification_preferences anp1_0 where anp1_0.agency_membership_id=?
2026-03-28T01:11:16.707-05:00 DEBUG 11640 --- [homehealthcare] [    Test worker] org.hibernate.SQL                        : select anp1_0.id,anp1_0.agency_membership_id,anp1_0.created_at,anp1_0.email_enabled,anp1_0.failed_login_alerts_enabled,anp1_0.locked_account_alerts_enabled,anp1_0.new_admin_alerts_enabled,anp1_0.updated_at from admin_notification_preferences anp1_0 where anp1_0.id=?
2026-03-28T01:11:16.712-05:00 DEBUG 11640 --- [homehealthcare] [    Test worker] m.m.a.RequestResponseBodyMethodProcessor : Using 'application/json', given [*/*] and supported [application/json, application/*+json]
2026-03-28T01:11:16.716-05:00 DEBUG 11640 --- [homehealthcare] [    Test worker] m.m.a.RequestResponseBodyMethodProcessor : Writing [PreferenceView[membershipId=0019ba18-261e-40e1-97d7-adf49af814ce, emailEnabled=true, failedLoginAler (truncated)...]
2026-03-28T01:11:16.721-05:00 DEBUG 11640 --- [homehealthcare] [    Test worker] s.w.s.m.m.a.RequestMappingHandlerMapping : Mapped to com.homehealthcare.notification.api.AdminNotificationPreferencesController#updatePreferences(UpdatePreferenceRequest)
2026-03-28T01:11:16.725-05:00 DEBUG 11640 --- [homehealthcare] [    Test worker] m.m.a.RequestResponseBodyMethodProcessor : Read "application/json;charset=UTF-8" to [UpdatePreferenceRequest[emailEnabled=true, failedLoginAlertsEnabled=false, lockedAccountAlertsEnable (truncated)...]
2026-03-28T01:11:16.729-05:00 DEBUG 11640 --- [homehealthcare] [    Test worker] org.hibernate.SQL                        : select am1_0.id,am1_0.agency_id,am1_0.created_at,am1_0.role_key,am1_0.status,am1_0.updated_at,am1_0.user_id from agency_memberships am1_0 where am1_0.id=? and am1_0.agency_id=?
2026-03-28T01:11:16.731-05:00 DEBUG 11640 --- [homehealthcare] [    Test worker] org.hibernate.SQL                        : insert into admin_notification_preferences (agency_membership_id,created_at,email_enabled,failed_login_alerts_enabled,locked_account_alerts_enabled,new_admin_alerts_enabled,updated_at,id) values (?,?,?,?,?,?,?,?)
2026-03-28T01:11:16.731-05:00 DEBUG 11640 --- [homehealthcare] [    Test worker] org.hibernate.SQL                        : select anp1_0.id,anp1_0.agency_membership_id,anp1_0.created_at,anp1_0.email_enabled,anp1_0.failed_login_alerts_enabled,anp1_0.locked_account_alerts_enabled,anp1_0.new_admin_alerts_enabled,anp1_0.updated_at from admin_notification_preferences anp1_0 where anp1_0.agency_membership_id=?
2026-03-28T01:11:16.733-05:00 DEBUG 11640 --- [homehealthcare] [    Test worker] org.hibernate.SQL                        : select ae1_0.id,ae1_0.action_type,ae1_0.actor_email,ae1_0.actor_id,ae1_0.actor_type,ae1_0.agency_id,ae1_0.branch_id,ae1_0.metadata_json,ae1_0.occurred_at,ae1_0.outcome,ae1_0.target_id,ae1_0.target_type from audit_events ae1_0 where ae1_0.id=?
2026-03-28T01:11:16.734-05:00 DEBUG 11640 --- [homehealthcare] [    Test worker] m.m.a.RequestResponseBodyMethodProcessor : Using 'application/json', given [*/*] and supported [application/json, application/*+json]
2026-03-28T01:11:16.734-05:00 DEBUG 11640 --- [homehealthcare] [    Test worker] m.m.a.RequestResponseBodyMethodProcessor : Writing [PreferenceView[membershipId=0019ba18-261e-40e1-97d7-adf49af814ce, emailEnabled=true, failedLoginAler (truncated)...]
2026-03-28T01:11:16.737-05:00 DEBUG 11640 --- [homehealthcare] [    Test worker] org.hibernate.SQL                        : insert into audit_events (action_type,actor_email,actor_id,actor_type,agency_id,branch_id,metadata_json,occurred_at,outcome,target_id,target_type,id) values (?,?,?,?,?,?,?,?,?,?,?,?)
2026-03-28T01:11:16.738-05:00 DEBUG 11640 --- [homehealthcare] [    Test worker] org.hibernate.SQL                        : update admin_notification_preferences set agency_membership_id=?,email_enabled=?,failed_login_alerts_enabled=?,locked_account_alerts_enabled=?,new_admin_alerts_enabled=?,updated_at=? where id=?
2026-03-28T01:11:16.739-05:00 DEBUG 11640 --- [homehealthcare] [    Test worker] org.hibernate.SQL                        : select anp1_0.id,anp1_0.agency_membership_id,anp1_0.created_at,anp1_0.email_enabled,anp1_0.failed_login_alerts_enabled,anp1_0.locked_account_alerts_enabled,anp1_0.new_admin_alerts_enabled,anp1_0.updated_at from admin_notification_preferences anp1_0 where anp1_0.agency_membership_id=?
2026-03-28T01:11:16.741-05:00 DEBUG 11640 --- [homehealthcare] [    Test worker] org.hibernate.SQL                        : select ae1_0.id,ae1_0.action_type,ae1_0.actor_email,ae1_0.actor_id,ae1_0.actor_type,ae1_0.agency_id,ae1_0.branch_id,ae1_0.metadata_json,ae1_0.occurred_at,ae1_0.outcome,ae1_0.target_id,ae1_0.target_type from audit_events ae1_0 where ae1_0.actor_id=? order by ae1_0.occurred_at
2026-03-28T01:11:16.747-05:00 DEBUG 11640 --- [homehealthcare] [    Test worker] org.hibernate.SQL                        : select a1_0.id,a1_0.contact_email,a1_0.created_at,a1_0.deactivated_at,a1_0.mfa_policy_mode,a1_0.mfa_required_roles,a1_0.name,a1_0.slug,a1_0.status,a1_0.timezone,a1_0.updated_at from agencies a1_0 where a1_0.id=?
2026-03-28T01:11:16.749-05:00 DEBUG 11640 --- [homehealthcare] [    Test worker] org.hibernate.SQL                        : insert into agencies (contact_email,created_at,deactivated_at,mfa_policy_mode,mfa_required_roles,name,slug,status,timezone,updated_at,id) values (?,?,?,?,?,?,?,?,?,?,?)
2026-03-28T01:11:16.749-05:00 DEBUG 11640 --- [homehealthcare] [    Test worker] org.hibernate.SQL                        : select u1_0.id,u1_0.created_at,u1_0.deactivated_at,u1_0.email,u1_0.first_name,u1_0.last_login_at,u1_0.last_name,u1_0.mfa_enabled,u1_0.mfa_enrolled_at,u1_0.mfa_secret,u1_0.password_hash,u1_0.phone,u1_0.preferred_language,u1_0.status,u1_0.time_zone,u1_0.updated_at from users u1_0 where u1_0.id=?
2026-03-28T01:11:16.751-05:00 DEBUG 11640 --- [homehealthcare] [    Test worker] org.hibernate.SQL                        : insert into users (created_at,deactivated_at,email,first_name,last_login_at,last_name,mfa_enabled,mfa_enrolled_at,mfa_secret,password_hash,phone,preferred_language,status,time_zone,updated_at,id) values (?,?,?,?,?,?,?,?,?,?,?,?,?,?,?,?)
2026-03-28T01:11:16.752-05:00 DEBUG 11640 --- [homehealthcare] [    Test worker] org.hibernate.SQL                        : update users set deactivated_at=?,email=?,first_name=?,last_login_at=?,last_name=?,mfa_enabled=?,mfa_enrolled_at=?,mfa_secret=?,password_hash=?,phone=?,preferred_language=?,status=?,time_zone=?,updated_at=? where id=?
2026-03-28T01:11:16.753-05:00 DEBUG 11640 --- [homehealthcare] [    Test worker] org.hibernate.SQL                        : select am1_0.id,am1_0.agency_id,am1_0.created_at,am1_0.role_key,am1_0.status,am1_0.updated_at,am1_0.user_id from agency_memberships am1_0 where am1_0.id=?
2026-03-28T01:11:16.754-05:00 DEBUG 11640 --- [homehealthcare] [    Test worker] org.hibernate.SQL                        : insert into agency_memberships (agency_id,created_at,role_key,status,updated_at,user_id,id) values (?,?,?,?,?,?,?)
2026-03-28T01:11:16.755-05:00 DEBUG 11640 --- [homehealthcare] [    Test worker] s.w.s.m.m.a.RequestMappingHandlerMapping : Mapped to com.homehealthcare.notification.api.AdminNotificationPreferencesController#currentPreferences()
2026-03-28T01:11:16.756-05:00 DEBUG 11640 --- [homehealthcare] [    Test worker] org.hibernate.SQL                        : select am1_0.id,am1_0.agency_id,am1_0.created_at,am1_0.role_key,am1_0.status,am1_0.updated_at,am1_0.user_id from agency_memberships am1_0 where am1_0.id=? and am1_0.agency_id=?
2026-03-28T01:11:16.758-05:00 DEBUG 11640 --- [homehealthcare] [    Test worker] .w.s.m.a.ResponseStatusExceptionResolver : Resolved [com.homehealthcare.notification.application.UnauthorizedAdminNotificationPreferenceException: Agency membership 64ab4d04-f59b-4e27-afb6-ea219a921000 is not allowed to manage admin notification preferences]
]]></system-out>
  <system-err><![CDATA[]]></system-err>
</testsuite>
