<?xml version="1.0" encoding="UTF-8"?>
<testsuite name="com.homehealthcare.invitation.application.AcceptInvitationServiceTest" tests="5" skipped="0" failures="0" errors="0" timestamp="2026-03-28T06:11:12.169Z" hostname="Shivangs-MacBook-Pro.local" time="2.01">
  <properties/>
  <testcase name="rejectsExpiredInvitationTokenCleanly()" classname="com.homehealthcare.invitation.application.AcceptInvitationServiceTest" time="0.05"/>
  <testcase name="rejectsCommonOrReusedInvitationPasswords()" classname="com.homehealthcare.invitation.application.AcceptInvitationServiceTest" time="0.715"/>
  <testcase name="acceptsInvitationActivatesUserSetsPasswordAndAudits()" classname="com.homehealthcare.invitation.application.AcceptInvitationServiceTest" time="0.784"/>
  <testcase name="exposesInvitationDetailsForPendingToken()" classname="com.homehealthcare.invitation.application.AcceptInvitationServiceTest" time="0.042"/>
  <testcase name="rejectsInvalidOrAlreadyUsedTokenCleanly()" classname="com.homehealthcare.invitation.application.AcceptInvitationServiceTest" time="0.369"/>
  <system-out><![CDATA[2026-03-28T01:11:12.171-05:00  INFO 11640 --- [homehealthcare] [    Test worker] t.c.s.AnnotationConfigContextLoaderUtils : Could not detect default configuration classes for test class [com.homehealthcare.invitation.application.AcceptInvitationServiceTest]: AcceptInvitationServiceTest does not declare any static, non-private, non-final, nested classes annotated with @Configuration.
2026-03-28T01:11:12.171-05:00 DEBUG 11640 --- [homehealthcare] [    Test worker] .b.t.c.SpringBootTestContextBootstrapper : Using ContextCustomizerFactory implementations for test class [AcceptInvitationServiceTest]: [WebDriverContextCustomizerFactory, OnFailureConditionReportContextCustomizerFactory, OverrideAutoConfigurationContextCustomizerFactory, ImportsContextCustomizerFactory, PropertyMappingContextCustomizerFactory, ExcludeFilterContextCustomizerFactory, TypeExcludeFiltersContextCustomizerFactory, DisableReactorResourceFactoryGlobalResourcesContextCustomizerFactory, DuplicateJsonObjectContextCustomizerFactory, SpringBootTestRandomPortContextCustomizerFactory, BeanOverrideContextCustomizerFactory, MockServerContainerContextCustomizerFactory, DynamicPropertiesContextCustomizerFactory]
2026-03-28T01:11:12.172-05:00 DEBUG 11640 --- [homehealthcare] [    Test worker] .b.t.c.SpringBootTestContextBootstrapper : Using ContextCustomizers for test class [AcceptInvitationServiceTest]: [WebDriverContextCustomizer, OnFailureConditionReportContextCustomizer, PropertyMappingContextCustomizer, ExcludeFilterContextCustomizer, DuplicateJsonObjectContextCustomizer, SpringBootTestRandomPortContextCustomizer, DynamicPropertiesContextCustomizer]
2026-03-28T01:11:12.203-05:00  INFO 11640 --- [homehealthcare] [    Test worker] .b.t.c.SpringBootTestContextBootstrapper : Found @SpringBootConfiguration com.homehealthcare.HomehealthcareApplication for test class com.homehealthcare.invitation.application.AcceptInvitationServiceTest
2026-03-28T01:11:12.204-05:00  INFO 11640 --- [homehealthcare] [    Test worker] t.c.s.AnnotationConfigContextLoaderUtils : Could not detect default configuration classes for test class [com.homehealthcare.invitation.application.AcceptInvitationServiceTest]: AcceptInvitationServiceTest does not declare any static, non-private, non-final, nested classes annotated with @Configuration.
2026-03-28T01:11:12.205-05:00 DEBUG 11640 --- [homehealthcare] [    Test worker] .b.t.c.SpringBootTestContextBootstrapper : Using ContextCustomizerFactory implementations for test class [AcceptInvitationServiceTest]: [WebDriverContextCustomizerFactory, OnFailureConditionReportContextCustomizerFactory, OverrideAutoConfigurationContextCustomizerFactory, ImportsContextCustomizerFactory, PropertyMappingContextCustomizerFactory, ExcludeFilterContextCustomizerFactory, TypeExcludeFiltersContextCustomizerFactory, DisableReactorResourceFactoryGlobalResourcesContextCustomizerFactory, DuplicateJsonObjectContextCustomizerFactory, SpringBootTestRandomPortContextCustomizerFactory, BeanOverrideContextCustomizerFactory, MockServerContainerContextCustomizerFactory, DynamicPropertiesContextCustomizerFactory]
2026-03-28T01:11:12.206-05:00 DEBUG 11640 --- [homehealthcare] [    Test worker] .b.t.c.SpringBootTestContextBootstrapper : Using ContextCustomizers for test class [AcceptInvitationServiceTest]: [WebDriverContextCustomizer, OnFailureConditionReportContextCustomizer, PropertyMappingContextCustomizer, ExcludeFilterContextCustomizer, DuplicateJsonObjectContextCustomizer, SpringBootTestRandomPortContextCustomizer, DynamicPropertiesContextCustomizer]
2026-03-28T01:11:12.206-05:00  INFO 11640 --- [homehealthcare] [    Test worker] .b.t.c.SpringBootTestContextBootstrapper : Found @SpringBootConfiguration com.homehealthcare.HomehealthcareApplication for test class com.homehealthcare.invitation.application.AcceptInvitationServiceTest
2026-03-28T01:11:12.206-05:00 DEBUG 11640 --- [homehealthcare] [    Test worker] .b.t.c.SpringBootTestContextBootstrapper : Neither @ContextConfiguration nor @ContextHierarchy found for test class [AcceptInvitationServiceTest]: using SpringBootContextLoader
2026-03-28T01:11:12.207-05:00 DEBUG 11640 --- [homehealthcare] [    Test worker] .b.t.c.SpringBootTestContextBootstrapper : Using TestExecutionListeners for test class [AcceptInvitationServiceTest]: [ServletTestExecutionListener, DirtiesContextBeforeModesTestExecutionListener, ApplicationEventsTestExecutionListener, BeanOverrideTestExecutionListener, DependencyInjectionTestExecutionListener, DirtiesContextTestExecutionListener, CommonCachesTestExecutionListener, TransactionalTestExecutionListener, SqlScriptsTestExecutionListener, WithSecurityContextTestExecutionListener, EventPublishingTestExecutionListener, ReactorContextTestExecutionListener, MockMvcPrintOnlyOnFailureTestExecutionListener, WebDriverTestExecutionListener, MockitoResetTestExecutionListener]
2026-03-28T01:11:12.216-05:00 DEBUG 11640 --- [homehealthcare] [    Test worker] org.hibernate.SQL                        : select a1_0.id,a1_0.contact_email,a1_0.created_at,a1_0.deactivated_at,a1_0.mfa_policy_mode,a1_0.mfa_required_roles,a1_0.name,a1_0.slug,a1_0.status,a1_0.timezone,a1_0.updated_at from agencies a1_0 where a1_0.id=?
2026-03-28T01:11:12.218-05:00 DEBUG 11640 --- [homehealthcare] [    Test worker] org.hibernate.SQL                        : insert into agencies (contact_email,created_at,deactivated_at,mfa_policy_mode,mfa_required_roles,name,slug,status,timezone,updated_at,id) values (?,?,?,?,?,?,?,?,?,?,?)
2026-03-28T01:11:12.220-05:00 DEBUG 11640 --- [homehealthcare] [    Test worker] org.hibernate.SQL                        : select u1_0.id,u1_0.created_at,u1_0.deactivated_at,u1_0.email,u1_0.first_name,u1_0.last_login_at,u1_0.last_name,u1_0.mfa_enabled,u1_0.mfa_enrolled_at,u1_0.mfa_secret,u1_0.password_hash,u1_0.phone,u1_0.preferred_language,u1_0.status,u1_0.time_zone,u1_0.updated_at from users u1_0 where u1_0.id=?
2026-03-28T01:11:12.222-05:00 DEBUG 11640 --- [homehealthcare] [    Test worker] org.hibernate.SQL                        : insert into users (created_at,deactivated_at,email,first_name,last_login_at,last_name,mfa_enabled,mfa_enrolled_at,mfa_secret,password_hash,phone,preferred_language,status,time_zone,updated_at,id) values (?,?,?,?,?,?,?,?,?,?,?,?,?,?,?,?)
2026-03-28T01:11:12.224-05:00 DEBUG 11640 --- [homehealthcare] [    Test worker] org.hibernate.SQL                        : select am1_0.id,am1_0.agency_id,am1_0.created_at,am1_0.role_key,am1_0.status,am1_0.updated_at,am1_0.user_id from agency_memberships am1_0 where am1_0.id=?
2026-03-28T01:11:12.235-05:00 DEBUG 11640 --- [homehealthcare] [    Test worker] org.hibernate.SQL                        : insert into agency_memberships (agency_id,created_at,role_key,status,updated_at,user_id,id) values (?,?,?,?,?,?,?)
2026-03-28T01:11:12.236-05:00 DEBUG 11640 --- [homehealthcare] [    Test worker] org.hibernate.SQL                        : select u1_0.id,u1_0.created_at,u1_0.deactivated_at,u1_0.email,u1_0.first_name,u1_0.last_login_at,u1_0.last_name,u1_0.mfa_enabled,u1_0.mfa_enrolled_at,u1_0.mfa_secret,u1_0.password_hash,u1_0.phone,u1_0.preferred_language,u1_0.status,u1_0.time_zone,u1_0.updated_at from users u1_0 where u1_0.id=?
2026-03-28T01:11:12.237-05:00 DEBUG 11640 --- [homehealthcare] [    Test worker] org.hibernate.SQL                        : insert into users (created_at,deactivated_at,email,first_name,last_login_at,last_name,mfa_enabled,mfa_enrolled_at,mfa_secret,password_hash,phone,preferred_language,status,time_zone,updated_at,id) values (?,?,?,?,?,?,?,?,?,?,?,?,?,?,?,?)
2026-03-28T01:11:12.238-05:00 DEBUG 11640 --- [homehealthcare] [    Test worker] org.hibernate.SQL                        : select am1_0.id,am1_0.agency_id,am1_0.created_at,am1_0.role_key,am1_0.status,am1_0.updated_at,am1_0.user_id from agency_memberships am1_0 where am1_0.id=?
2026-03-28T01:11:12.239-05:00 DEBUG 11640 --- [homehealthcare] [    Test worker] org.hibernate.SQL                        : insert into agency_memberships (agency_id,created_at,role_key,status,updated_at,user_id,id) values (?,?,?,?,?,?,?)
2026-03-28T01:11:12.242-05:00 DEBUG 11640 --- [homehealthcare] [    Test worker] org.hibernate.SQL                        : select ui1_0.id,ui1_0.accepted_at,ui1_0.agency_id,ui1_0.agency_membership_id,ui1_0.cancelled_at,ui1_0.created_at,ui1_0.email,ui1_0.expires_at,ui1_0.invited_by_membership_id,ui1_0.status,ui1_0.token,ui1_0.updated_at,ui1_0.user_id from user_invitations ui1_0 where ui1_0.id=?
2026-03-28T01:11:12.244-05:00 DEBUG 11640 --- [homehealthcare] [    Test worker] org.hibernate.SQL                        : insert into user_invitations (accepted_at,agency_id,agency_membership_id,cancelled_at,created_at,email,expires_at,invited_by_membership_id,status,token,updated_at,user_id,id) values (?,?,?,?,?,?,?,?,?,?,?,?,?)
2026-03-28T01:11:12.247-05:00 DEBUG 11640 --- [homehealthcare] [    Test worker] org.hibernate.SQL                        : update user_invitations set accepted_at=?,agency_id=?,agency_membership_id=?,cancelled_at=?,email=?,expires_at=?,invited_by_membership_id=?,status=?,token=?,updated_at=?,user_id=? where id=?
2026-03-28T01:11:12.257-05:00 DEBUG 11640 --- [homehealthcare] [    Test worker] org.hibernate.SQL                        : select ui1_0.id,ui1_0.accepted_at,ui1_0.agency_id,ui1_0.agency_membership_id,ui1_0.cancelled_at,ui1_0.created_at,ui1_0.email,ui1_0.expires_at,ui1_0.invited_by_membership_id,ui1_0.status,ui1_0.token,ui1_0.updated_at,ui1_0.user_id from user_invitations ui1_0 where ui1_0.token=?
2026-03-28T01:11:12.267-05:00 DEBUG 11640 --- [homehealthcare] [    Test worker] org.hibernate.SQL                        : select a1_0.id,a1_0.contact_email,a1_0.created_at,a1_0.deactivated_at,a1_0.mfa_policy_mode,a1_0.mfa_required_roles,a1_0.name,a1_0.slug,a1_0.status,a1_0.timezone,a1_0.updated_at from agencies a1_0 where a1_0.id=?
2026-03-28T01:11:12.269-05:00 DEBUG 11640 --- [homehealthcare] [    Test worker] org.hibernate.SQL                        : insert into agencies (contact_email,created_at,deactivated_at,mfa_policy_mode,mfa_required_roles,name,slug,status,timezone,updated_at,id) values (?,?,?,?,?,?,?,?,?,?,?)
2026-03-28T01:11:12.271-05:00 DEBUG 11640 --- [homehealthcare] [    Test worker] org.hibernate.SQL                        : select u1_0.id,u1_0.created_at,u1_0.deactivated_at,u1_0.email,u1_0.first_name,u1_0.last_login_at,u1_0.last_name,u1_0.mfa_enabled,u1_0.mfa_enrolled_at,u1_0.mfa_secret,u1_0.password_hash,u1_0.phone,u1_0.preferred_language,u1_0.status,u1_0.time_zone,u1_0.updated_at from users u1_0 where u1_0.id=?
2026-03-28T01:11:12.273-05:00 DEBUG 11640 --- [homehealthcare] [    Test worker] org.hibernate.SQL                        : insert into users (created_at,deactivated_at,email,first_name,last_login_at,last_name,mfa_enabled,mfa_enrolled_at,mfa_secret,password_hash,phone,preferred_language,status,time_zone,updated_at,id) values (?,?,?,?,?,?,?,?,?,?,?,?,?,?,?,?)
2026-03-28T01:11:12.274-05:00 DEBUG 11640 --- [homehealthcare] [    Test worker] org.hibernate.SQL                        : select am1_0.id,am1_0.agency_id,am1_0.created_at,am1_0.role_key,am1_0.status,am1_0.updated_at,am1_0.user_id from agency_memberships am1_0 where am1_0.id=?
2026-03-28T01:11:12.275-05:00 DEBUG 11640 --- [homehealthcare] [    Test worker] org.hibernate.SQL                        : insert into agency_memberships (agency_id,created_at,role_key,status,updated_at,user_id,id) values (?,?,?,?,?,?,?)
2026-03-28T01:11:12.276-05:00 DEBUG 11640 --- [homehealthcare] [    Test worker] org.hibernate.SQL                        : select u1_0.id,u1_0.created_at,u1_0.deactivated_at,u1_0.email,u1_0.first_name,u1_0.last_login_at,u1_0.last_name,u1_0.mfa_enabled,u1_0.mfa_enrolled_at,u1_0.mfa_secret,u1_0.password_hash,u1_0.phone,u1_0.preferred_language,u1_0.status,u1_0.time_zone,u1_0.updated_at from users u1_0 where u1_0.id=?
2026-03-28T01:11:12.277-05:00 DEBUG 11640 --- [homehealthcare] [    Test worker] org.hibernate.SQL                        : insert into users (created_at,deactivated_at,email,first_name,last_login_at,last_name,mfa_enabled,mfa_enrolled_at,mfa_secret,password_hash,phone,preferred_language,status,time_zone,updated_at,id) values (?,?,?,?,?,?,?,?,?,?,?,?,?,?,?,?)
2026-03-28T01:11:12.278-05:00 DEBUG 11640 --- [homehealthcare] [    Test worker] org.hibernate.SQL                        : select am1_0.id,am1_0.agency_id,am1_0.created_at,am1_0.role_key,am1_0.status,am1_0.updated_at,am1_0.user_id from agency_memberships am1_0 where am1_0.id=?
2026-03-28T01:11:12.279-05:00 DEBUG 11640 --- [homehealthcare] [    Test worker] org.hibernate.SQL                        : insert into agency_memberships (agency_id,created_at,role_key,status,updated_at,user_id,id) values (?,?,?,?,?,?,?)
2026-03-28T01:11:12.280-05:00 DEBUG 11640 --- [homehealthcare] [    Test worker] org.hibernate.SQL                        : select ui1_0.id,ui1_0.accepted_at,ui1_0.agency_id,ui1_0.agency_membership_id,ui1_0.cancelled_at,ui1_0.created_at,ui1_0.email,ui1_0.expires_at,ui1_0.invited_by_membership_id,ui1_0.status,ui1_0.token,ui1_0.updated_at,ui1_0.user_id from user_invitations ui1_0 where ui1_0.id=?
2026-03-28T01:11:12.281-05:00 DEBUG 11640 --- [homehealthcare] [    Test worker] org.hibernate.SQL                        : insert into user_invitations (accepted_at,agency_id,agency_membership_id,cancelled_at,created_at,email,expires_at,invited_by_membership_id,status,token,updated_at,user_id,id) values (?,?,?,?,?,?,?,?,?,?,?,?,?)
2026-03-28T01:11:12.284-05:00 DEBUG 11640 --- [homehealthcare] [    Test worker] org.hibernate.SQL                        : select ui1_0.id,ui1_0.accepted_at,ui1_0.agency_id,ui1_0.agency_membership_id,ui1_0.cancelled_at,ui1_0.created_at,ui1_0.email,ui1_0.expires_at,ui1_0.invited_by_membership_id,ui1_0.status,ui1_0.token,ui1_0.updated_at,ui1_0.user_id from user_invitations ui1_0 where ui1_0.token=?
2026-03-28T01:11:12.288-05:00 DEBUG 11640 --- [homehealthcare] [    Test worker] org.hibernate.SQL                        : select uph1_0.id,uph1_0.created_at,uph1_0.password_hash,uph1_0.recorded_at,uph1_0.updated_at,uph1_0.user_id from user_password_history uph1_0 where uph1_0.user_id=? order by uph1_0.recorded_at desc fetch first ? rows only
2026-03-28T01:11:12.675-05:00 DEBUG 11640 --- [homehealthcare] [    Test worker] org.hibernate.SQL                        : update users set deactivated_at=?,email=?,first_name=?,last_login_at=?,last_name=?,mfa_enabled=?,mfa_enrolled_at=?,mfa_secret=?,password_hash=?,phone=?,preferred_language=?,status=?,time_zone=?,updated_at=? where id=?
2026-03-28T01:11:12.677-05:00 DEBUG 11640 --- [homehealthcare] [    Test worker] org.hibernate.SQL                        : select u1_0.id,u1_0.created_at,u1_0.deactivated_at,u1_0.email,u1_0.first_name,u1_0.last_login_at,u1_0.last_name,u1_0.mfa_enabled,u1_0.mfa_enrolled_at,u1_0.mfa_secret,u1_0.password_hash,u1_0.phone,u1_0.preferred_language,u1_0.status,u1_0.time_zone,u1_0.updated_at from users u1_0 where u1_0.id=?
2026-03-28T01:11:12.680-05:00 DEBUG 11640 --- [homehealthcare] [    Test worker] org.hibernate.SQL                        : insert into users (created_at,deactivated_at,email,first_name,last_login_at,last_name,mfa_enabled,mfa_enrolled_at,mfa_secret,password_hash,phone,preferred_language,status,time_zone,updated_at,id) values (?,?,?,?,?,?,?,?,?,?,?,?,?,?,?,?)
2026-03-28T01:11:12.681-05:00 DEBUG 11640 --- [homehealthcare] [    Test worker] org.hibernate.SQL                        : select am1_0.id,am1_0.agency_id,am1_0.created_at,am1_0.role_key,am1_0.status,am1_0.updated_at,am1_0.user_id from agency_memberships am1_0 where am1_0.id=?
2026-03-28T01:11:12.685-05:00 DEBUG 11640 --- [homehealthcare] [    Test worker] org.hibernate.SQL                        : insert into agency_memberships (agency_id,created_at,role_key,status,updated_at,user_id,id) values (?,?,?,?,?,?,?)
2026-03-28T01:11:12.686-05:00 DEBUG 11640 --- [homehealthcare] [    Test worker] org.hibernate.SQL                        : select ui1_0.id,ui1_0.accepted_at,ui1_0.agency_id,ui1_0.agency_membership_id,ui1_0.cancelled_at,ui1_0.created_at,ui1_0.email,ui1_0.expires_at,ui1_0.invited_by_membership_id,ui1_0.status,ui1_0.token,ui1_0.updated_at,ui1_0.user_id from user_invitations ui1_0 where ui1_0.id=?
2026-03-28T01:11:12.689-05:00 DEBUG 11640 --- [homehealthcare] [    Test worker] org.hibernate.SQL                        : insert into user_invitations (accepted_at,agency_id,agency_membership_id,cancelled_at,created_at,email,expires_at,invited_by_membership_id,status,token,updated_at,user_id,id) values (?,?,?,?,?,?,?,?,?,?,?,?,?)
2026-03-28T01:11:12.692-05:00 DEBUG 11640 --- [homehealthcare] [    Test worker] org.hibernate.SQL                        : select ui1_0.id,ui1_0.accepted_at,ui1_0.agency_id,ui1_0.agency_membership_id,ui1_0.cancelled_at,ui1_0.created_at,ui1_0.email,ui1_0.expires_at,ui1_0.invited_by_membership_id,ui1_0.status,ui1_0.token,ui1_0.updated_at,ui1_0.user_id from user_invitations ui1_0 where ui1_0.token=?
2026-03-28T01:11:12.693-05:00 DEBUG 11640 --- [homehealthcare] [    Test worker] org.hibernate.SQL                        : select uph1_0.id,uph1_0.created_at,uph1_0.password_hash,uph1_0.recorded_at,uph1_0.updated_at,uph1_0.user_id from user_password_history uph1_0 where uph1_0.user_id=? order by uph1_0.recorded_at desc fetch first ? rows only
2026-03-28T01:11:12.985-05:00 DEBUG 11640 --- [homehealthcare] [    Test worker] org.hibernate.SQL                        : select a1_0.id,a1_0.contact_email,a1_0.created_at,a1_0.deactivated_at,a1_0.mfa_policy_mode,a1_0.mfa_required_roles,a1_0.name,a1_0.slug,a1_0.status,a1_0.timezone,a1_0.updated_at from agencies a1_0 where a1_0.id=?
2026-03-28T01:11:12.987-05:00 DEBUG 11640 --- [homehealthcare] [    Test worker] org.hibernate.SQL                        : insert into agencies (contact_email,created_at,deactivated_at,mfa_policy_mode,mfa_required_roles,name,slug,status,timezone,updated_at,id) values (?,?,?,?,?,?,?,?,?,?,?)
2026-03-28T01:11:12.988-05:00 DEBUG 11640 --- [homehealthcare] [    Test worker] org.hibernate.SQL                        : select u1_0.id,u1_0.created_at,u1_0.deactivated_at,u1_0.email,u1_0.first_name,u1_0.last_login_at,u1_0.last_name,u1_0.mfa_enabled,u1_0.mfa_enrolled_at,u1_0.mfa_secret,u1_0.password_hash,u1_0.phone,u1_0.preferred_language,u1_0.status,u1_0.time_zone,u1_0.updated_at from users u1_0 where u1_0.id=?
2026-03-28T01:11:12.989-05:00 DEBUG 11640 --- [homehealthcare] [    Test worker] org.hibernate.SQL                        : insert into users (created_at,deactivated_at,email,first_name,last_login_at,last_name,mfa_enabled,mfa_enrolled_at,mfa_secret,password_hash,phone,preferred_language,status,time_zone,updated_at,id) values (?,?,?,?,?,?,?,?,?,?,?,?,?,?,?,?)
2026-03-28T01:11:12.990-05:00 DEBUG 11640 --- [homehealthcare] [    Test worker] org.hibernate.SQL                        : select am1_0.id,am1_0.agency_id,am1_0.created_at,am1_0.role_key,am1_0.status,am1_0.updated_at,am1_0.user_id from agency_memberships am1_0 where am1_0.id=?
2026-03-28T01:11:12.992-05:00 DEBUG 11640 --- [homehealthcare] [    Test worker] org.hibernate.SQL                        : insert into agency_memberships (agency_id,created_at,role_key,status,updated_at,user_id,id) values (?,?,?,?,?,?,?)
2026-03-28T01:11:12.993-05:00 DEBUG 11640 --- [homehealthcare] [    Test worker] org.hibernate.SQL                        : select u1_0.id,u1_0.created_at,u1_0.deactivated_at,u1_0.email,u1_0.first_name,u1_0.last_login_at,u1_0.last_name,u1_0.mfa_enabled,u1_0.mfa_enrolled_at,u1_0.mfa_secret,u1_0.password_hash,u1_0.phone,u1_0.preferred_language,u1_0.status,u1_0.time_zone,u1_0.updated_at from users u1_0 where u1_0.id=?
2026-03-28T01:11:12.994-05:00 DEBUG 11640 --- [homehealthcare] [    Test worker] org.hibernate.SQL                        : insert into users (created_at,deactivated_at,email,first_name,last_login_at,last_name,mfa_enabled,mfa_enrolled_at,mfa_secret,password_hash,phone,preferred_language,status,time_zone,updated_at,id) values (?,?,?,?,?,?,?,?,?,?,?,?,?,?,?,?)
2026-03-28T01:11:12.995-05:00 DEBUG 11640 --- [homehealthcare] [    Test worker] org.hibernate.SQL                        : select am1_0.id,am1_0.agency_id,am1_0.created_at,am1_0.role_key,am1_0.status,am1_0.updated_at,am1_0.user_id from agency_memberships am1_0 where am1_0.id=?
2026-03-28T01:11:12.996-05:00 DEBUG 11640 --- [homehealthcare] [    Test worker] org.hibernate.SQL                        : insert into agency_memberships (agency_id,created_at,role_key,status,updated_at,user_id,id) values (?,?,?,?,?,?,?)
2026-03-28T01:11:12.997-05:00 DEBUG 11640 --- [homehealthcare] [    Test worker] org.hibernate.SQL                        : select ui1_0.id,ui1_0.accepted_at,ui1_0.agency_id,ui1_0.agency_membership_id,ui1_0.cancelled_at,ui1_0.created_at,ui1_0.email,ui1_0.expires_at,ui1_0.invited_by_membership_id,ui1_0.status,ui1_0.token,ui1_0.updated_at,ui1_0.user_id from user_invitations ui1_0 where ui1_0.id=?
2026-03-28T01:11:12.998-05:00 DEBUG 11640 --- [homehealthcare] [    Test worker] org.hibernate.SQL                        : insert into user_invitations (accepted_at,agency_id,agency_membership_id,cancelled_at,created_at,email,expires_at,invited_by_membership_id,status,token,updated_at,user_id,id) values (?,?,?,?,?,?,?,?,?,?,?,?,?)
2026-03-28T01:11:13.002-05:00 DEBUG 11640 --- [homehealthcare] [    Test worker] org.hibernate.SQL                        : select ui1_0.id,ui1_0.accepted_at,ui1_0.agency_id,ui1_0.agency_membership_id,ui1_0.cancelled_at,ui1_0.created_at,ui1_0.email,ui1_0.expires_at,ui1_0.invited_by_membership_id,ui1_0.status,ui1_0.token,ui1_0.updated_at,ui1_0.user_id from user_invitations ui1_0 where ui1_0.token=?
2026-03-28T01:11:13.004-05:00 DEBUG 11640 --- [homehealthcare] [    Test worker] org.hibernate.SQL                        : select uph1_0.id,uph1_0.created_at,uph1_0.password_hash,uph1_0.recorded_at,uph1_0.updated_at,uph1_0.user_id from user_password_history uph1_0 where uph1_0.user_id=? order by uph1_0.recorded_at desc fetch first ? rows only
2026-03-28T01:11:13.467-05:00 DEBUG 11640 --- [homehealthcare] [    Test worker] org.hibernate.SQL                        : select uph1_0.id,uph1_0.created_at,uph1_0.password_hash,uph1_0.recorded_at,uph1_0.updated_at,uph1_0.user_id from user_password_history uph1_0 where uph1_0.id=?
2026-03-28T01:11:13.473-05:00 DEBUG 11640 --- [homehealthcare] [    Test worker] org.hibernate.SQL                        : select ae1_0.id,ae1_0.action_type,ae1_0.actor_email,ae1_0.actor_id,ae1_0.actor_type,ae1_0.agency_id,ae1_0.branch_id,ae1_0.metadata_json,ae1_0.occurred_at,ae1_0.outcome,ae1_0.target_id,ae1_0.target_type from audit_events ae1_0 where ae1_0.id=?
2026-03-28T01:11:13.752-05:00 DEBUG 11640 --- [homehealthcare] [    Test worker] org.hibernate.SQL                        : insert into user_password_history (created_at,password_hash,recorded_at,updated_at,user_id,id) values (?,?,?,?,?,?)
2026-03-28T01:11:13.753-05:00 DEBUG 11640 --- [homehealthcare] [    Test worker] org.hibernate.SQL                        : insert into audit_events (action_type,actor_email,actor_id,actor_type,agency_id,branch_id,metadata_json,occurred_at,outcome,target_id,target_type,id) values (?,?,?,?,?,?,?,?,?,?,?,?)
2026-03-28T01:11:13.755-05:00 DEBUG 11640 --- [homehealthcare] [    Test worker] org.hibernate.SQL                        : update users set deactivated_at=?,email=?,first_name=?,last_login_at=?,last_name=?,mfa_enabled=?,mfa_enrolled_at=?,mfa_secret=?,password_hash=?,phone=?,preferred_language=?,status=?,time_zone=?,updated_at=? where id=?
2026-03-28T01:11:13.757-05:00 DEBUG 11640 --- [homehealthcare] [    Test worker] org.hibernate.SQL                        : update user_invitations set accepted_at=?,agency_id=?,agency_membership_id=?,cancelled_at=?,email=?,expires_at=?,invited_by_membership_id=?,status=?,token=?,updated_at=?,user_id=? where id=?
2026-03-28T01:11:13.758-05:00 DEBUG 11640 --- [homehealthcare] [    Test worker] org.hibernate.SQL                        : select ae1_0.id,ae1_0.action_type,ae1_0.actor_email,ae1_0.actor_id,ae1_0.actor_type,ae1_0.agency_id,ae1_0.branch_id,ae1_0.metadata_json,ae1_0.occurred_at,ae1_0.outcome,ae1_0.target_id,ae1_0.target_type from audit_events ae1_0 where ae1_0.actor_id=? order by ae1_0.occurred_at
2026-03-28T01:11:13.776-05:00 DEBUG 11640 --- [homehealthcare] [    Test worker] org.hibernate.SQL                        : select a1_0.id,a1_0.contact_email,a1_0.created_at,a1_0.deactivated_at,a1_0.mfa_policy_mode,a1_0.mfa_required_roles,a1_0.name,a1_0.slug,a1_0.status,a1_0.timezone,a1_0.updated_at from agencies a1_0 where a1_0.id=?
2026-03-28T01:11:13.777-05:00 DEBUG 11640 --- [homehealthcare] [    Test worker] org.hibernate.SQL                        : insert into agencies (contact_email,created_at,deactivated_at,mfa_policy_mode,mfa_required_roles,name,slug,status,timezone,updated_at,id) values (?,?,?,?,?,?,?,?,?,?,?)
2026-03-28T01:11:13.779-05:00 DEBUG 11640 --- [homehealthcare] [    Test worker] org.hibernate.SQL                        : select u1_0.id,u1_0.created_at,u1_0.deactivated_at,u1_0.email,u1_0.first_name,u1_0.last_login_at,u1_0.last_name,u1_0.mfa_enabled,u1_0.mfa_enrolled_at,u1_0.mfa_secret,u1_0.password_hash,u1_0.phone,u1_0.preferred_language,u1_0.status,u1_0.time_zone,u1_0.updated_at from users u1_0 where u1_0.id=?
2026-03-28T01:11:13.780-05:00 DEBUG 11640 --- [homehealthcare] [    Test worker] org.hibernate.SQL                        : insert into users (created_at,deactivated_at,email,first_name,last_login_at,last_name,mfa_enabled,mfa_enrolled_at,mfa_secret,password_hash,phone,preferred_language,status,time_zone,updated_at,id) values (?,?,?,?,?,?,?,?,?,?,?,?,?,?,?,?)
2026-03-28T01:11:13.781-05:00 DEBUG 11640 --- [homehealthcare] [    Test worker] org.hibernate.SQL                        : select am1_0.id,am1_0.agency_id,am1_0.created_at,am1_0.role_key,am1_0.status,am1_0.updated_at,am1_0.user_id from agency_memberships am1_0 where am1_0.id=?
2026-03-28T01:11:13.791-05:00 DEBUG 11640 --- [homehealthcare] [    Test worker] org.hibernate.SQL                        : insert into agency_memberships (agency_id,created_at,role_key,status,updated_at,user_id,id) values (?,?,?,?,?,?,?)
2026-03-28T01:11:13.792-05:00 DEBUG 11640 --- [homehealthcare] [    Test worker] org.hibernate.SQL                        : select u1_0.id,u1_0.created_at,u1_0.deactivated_at,u1_0.email,u1_0.first_name,u1_0.last_login_at,u1_0.last_name,u1_0.mfa_enabled,u1_0.mfa_enrolled_at,u1_0.mfa_secret,u1_0.password_hash,u1_0.phone,u1_0.preferred_language,u1_0.status,u1_0.time_zone,u1_0.updated_at from users u1_0 where u1_0.id=?
2026-03-28T01:11:13.794-05:00 DEBUG 11640 --- [homehealthcare] [    Test worker] org.hibernate.SQL                        : insert into users (created_at,deactivated_at,email,first_name,last_login_at,last_name,mfa_enabled,mfa_enrolled_at,mfa_secret,password_hash,phone,preferred_language,status,time_zone,updated_at,id) values (?,?,?,?,?,?,?,?,?,?,?,?,?,?,?,?)
2026-03-28T01:11:13.795-05:00 DEBUG 11640 --- [homehealthcare] [    Test worker] org.hibernate.SQL                        : select am1_0.id,am1_0.agency_id,am1_0.created_at,am1_0.role_key,am1_0.status,am1_0.updated_at,am1_0.user_id from agency_memberships am1_0 where am1_0.id=?
2026-03-28T01:11:13.796-05:00 DEBUG 11640 --- [homehealthcare] [    Test worker] org.hibernate.SQL                        : insert into agency_memberships (agency_id,created_at,role_key,status,updated_at,user_id,id) values (?,?,?,?,?,?,?)
2026-03-28T01:11:13.797-05:00 DEBUG 11640 --- [homehealthcare] [    Test worker] org.hibernate.SQL                        : select ui1_0.id,ui1_0.accepted_at,ui1_0.agency_id,ui1_0.agency_membership_id,ui1_0.cancelled_at,ui1_0.created_at,ui1_0.email,ui1_0.expires_at,ui1_0.invited_by_membership_id,ui1_0.status,ui1_0.token,ui1_0.updated_at,ui1_0.user_id from user_invitations ui1_0 where ui1_0.id=?
2026-03-28T01:11:13.800-05:00 DEBUG 11640 --- [homehealthcare] [    Test worker] org.hibernate.SQL                        : insert into user_invitations (accepted_at,agency_id,agency_membership_id,cancelled_at,created_at,email,expires_at,invited_by_membership_id,status,token,updated_at,user_id,id) values (?,?,?,?,?,?,?,?,?,?,?,?,?)
2026-03-28T01:11:13.804-05:00 DEBUG 11640 --- [homehealthcare] [    Test worker] org.hibernate.SQL                        : select ui1_0.id,ui1_0.accepted_at,ui1_0.agency_id,ui1_0.agency_membership_id,ui1_0.cancelled_at,ui1_0.created_at,ui1_0.email,ui1_0.expires_at,ui1_0.invited_by_membership_id,ui1_0.status,ui1_0.token,ui1_0.updated_at,ui1_0.user_id from user_invitations ui1_0 where ui1_0.token=?
2026-03-28T01:11:13.814-05:00 DEBUG 11640 --- [homehealthcare] [    Test worker] org.hibernate.SQL                        : select ui1_0.id,ui1_0.accepted_at,ui1_0.agency_id,ui1_0.agency_membership_id,ui1_0.cancelled_at,ui1_0.created_at,ui1_0.email,ui1_0.expires_at,ui1_0.invited_by_membership_id,ui1_0.status,ui1_0.token,ui1_0.updated_at,ui1_0.user_id from user_invitations ui1_0 where ui1_0.token=?
2026-03-28T01:11:13.816-05:00 DEBUG 11640 --- [homehealthcare] [    Test worker] org.hibernate.SQL                        : select a1_0.id,a1_0.contact_email,a1_0.created_at,a1_0.deactivated_at,a1_0.mfa_policy_mode,a1_0.mfa_required_roles,a1_0.name,a1_0.slug,a1_0.status,a1_0.timezone,a1_0.updated_at from agencies a1_0 where a1_0.id=?
2026-03-28T01:11:13.816-05:00 DEBUG 11640 --- [homehealthcare] [    Test worker] org.hibernate.SQL                        : insert into agencies (contact_email,created_at,deactivated_at,mfa_policy_mode,mfa_required_roles,name,slug,status,timezone,updated_at,id) values (?,?,?,?,?,?,?,?,?,?,?)
2026-03-28T01:11:13.817-05:00 DEBUG 11640 --- [homehealthcare] [    Test worker] org.hibernate.SQL                        : select u1_0.id,u1_0.created_at,u1_0.deactivated_at,u1_0.email,u1_0.first_name,u1_0.last_login_at,u1_0.last_name,u1_0.mfa_enabled,u1_0.mfa_enrolled_at,u1_0.mfa_secret,u1_0.password_hash,u1_0.phone,u1_0.preferred_language,u1_0.status,u1_0.time_zone,u1_0.updated_at from users u1_0 where u1_0.id=?
2026-03-28T01:11:13.818-05:00 DEBUG 11640 --- [homehealthcare] [    Test worker] org.hibernate.SQL                        : insert into users (created_at,deactivated_at,email,first_name,last_login_at,last_name,mfa_enabled,mfa_enrolled_at,mfa_secret,password_hash,phone,preferred_language,status,time_zone,updated_at,id) values (?,?,?,?,?,?,?,?,?,?,?,?,?,?,?,?)
2026-03-28T01:11:13.818-05:00 DEBUG 11640 --- [homehealthcare] [    Test worker] org.hibernate.SQL                        : select am1_0.id,am1_0.agency_id,am1_0.created_at,am1_0.role_key,am1_0.status,am1_0.updated_at,am1_0.user_id from agency_memberships am1_0 where am1_0.id=?
2026-03-28T01:11:13.819-05:00 DEBUG 11640 --- [homehealthcare] [    Test worker] org.hibernate.SQL                        : insert into agency_memberships (agency_id,created_at,role_key,status,updated_at,user_id,id) values (?,?,?,?,?,?,?)
2026-03-28T01:11:13.820-05:00 DEBUG 11640 --- [homehealthcare] [    Test worker] org.hibernate.SQL                        : select u1_0.id,u1_0.created_at,u1_0.deactivated_at,u1_0.email,u1_0.first_name,u1_0.last_login_at,u1_0.last_name,u1_0.mfa_enabled,u1_0.mfa_enrolled_at,u1_0.mfa_secret,u1_0.password_hash,u1_0.phone,u1_0.preferred_language,u1_0.status,u1_0.time_zone,u1_0.updated_at from users u1_0 where u1_0.id=?
2026-03-28T01:11:13.821-05:00 DEBUG 11640 --- [homehealthcare] [    Test worker] org.hibernate.SQL                        : insert into users (created_at,deactivated_at,email,first_name,last_login_at,last_name,mfa_enabled,mfa_enrolled_at,mfa_secret,password_hash,phone,preferred_language,status,time_zone,updated_at,id) values (?,?,?,?,?,?,?,?,?,?,?,?,?,?,?,?)
2026-03-28T01:11:13.822-05:00 DEBUG 11640 --- [homehealthcare] [    Test worker] org.hibernate.SQL                        : select am1_0.id,am1_0.agency_id,am1_0.created_at,am1_0.role_key,am1_0.status,am1_0.updated_at,am1_0.user_id from agency_memberships am1_0 where am1_0.id=?
2026-03-28T01:11:13.823-05:00 DEBUG 11640 --- [homehealthcare] [    Test worker] org.hibernate.SQL                        : insert into agency_memberships (agency_id,created_at,role_key,status,updated_at,user_id,id) values (?,?,?,?,?,?,?)
2026-03-28T01:11:13.823-05:00 DEBUG 11640 --- [homehealthcare] [    Test worker] org.hibernate.SQL                        : select ui1_0.id,ui1_0.accepted_at,ui1_0.agency_id,ui1_0.agency_membership_id,ui1_0.cancelled_at,ui1_0.created_at,ui1_0.email,ui1_0.expires_at,ui1_0.invited_by_membership_id,ui1_0.status,ui1_0.token,ui1_0.updated_at,ui1_0.user_id from user_invitations ui1_0 where ui1_0.id=?
2026-03-28T01:11:13.825-05:00 DEBUG 11640 --- [homehealthcare] [    Test worker] org.hibernate.SQL                        : insert into user_invitations (accepted_at,agency_id,agency_membership_id,cancelled_at,created_at,email,expires_at,invited_by_membership_id,status,token,updated_at,user_id,id) values (?,?,?,?,?,?,?,?,?,?,?,?,?)
2026-03-28T01:11:13.827-05:00 DEBUG 11640 --- [homehealthcare] [    Test worker] org.hibernate.SQL                        : select ui1_0.id,ui1_0.accepted_at,ui1_0.agency_id,ui1_0.agency_membership_id,ui1_0.cancelled_at,ui1_0.created_at,ui1_0.email,ui1_0.expires_at,ui1_0.invited_by_membership_id,ui1_0.status,ui1_0.token,ui1_0.updated_at,ui1_0.user_id from user_invitations ui1_0 where ui1_0.token=?
2026-03-28T01:11:13.828-05:00 DEBUG 11640 --- [homehealthcare] [    Test worker] org.hibernate.SQL                        : select uph1_0.id,uph1_0.created_at,uph1_0.password_hash,uph1_0.recorded_at,uph1_0.updated_at,uph1_0.user_id from user_password_history uph1_0 where uph1_0.user_id=? order by uph1_0.recorded_at desc fetch first ? rows only
2026-03-28T01:11:14.162-05:00 DEBUG 11640 --- [homehealthcare] [    Test worker] org.hibernate.SQL                        : select uph1_0.id,uph1_0.created_at,uph1_0.password_hash,uph1_0.recorded_at,uph1_0.updated_at,uph1_0.user_id from user_password_history uph1_0 where uph1_0.id=?
2026-03-28T01:11:14.163-05:00 DEBUG 11640 --- [homehealthcare] [    Test worker] org.hibernate.SQL                        : select ae1_0.id,ae1_0.action_type,ae1_0.actor_email,ae1_0.actor_id,ae1_0.actor_type,ae1_0.agency_id,ae1_0.branch_id,ae1_0.metadata_json,ae1_0.occurred_at,ae1_0.outcome,ae1_0.target_id,ae1_0.target_type from audit_events ae1_0 where ae1_0.id=?
2026-03-28T01:11:14.170-05:00 DEBUG 11640 --- [homehealthcare] [    Test worker] org.hibernate.SQL                        : insert into user_password_history (created_at,password_hash,recorded_at,updated_at,user_id,id) values (?,?,?,?,?,?)
2026-03-28T01:11:14.171-05:00 DEBUG 11640 --- [homehealthcare] [    Test worker] org.hibernate.SQL                        : insert into audit_events (action_type,actor_email,actor_id,actor_type,agency_id,branch_id,metadata_json,occurred_at,outcome,target_id,target_type,id) values (?,?,?,?,?,?,?,?,?,?,?,?)
2026-03-28T01:11:14.175-05:00 DEBUG 11640 --- [homehealthcare] [    Test worker] org.hibernate.SQL                        : update users set deactivated_at=?,email=?,first_name=?,last_login_at=?,last_name=?,mfa_enabled=?,mfa_enrolled_at=?,mfa_secret=?,password_hash=?,phone=?,preferred_language=?,status=?,time_zone=?,updated_at=? where id=?
2026-03-28T01:11:14.176-05:00 DEBUG 11640 --- [homehealthcare] [    Test worker] org.hibernate.SQL                        : update user_invitations set accepted_at=?,agency_id=?,agency_membership_id=?,cancelled_at=?,email=?,expires_at=?,invited_by_membership_id=?,status=?,token=?,updated_at=?,user_id=? where id=?
2026-03-28T01:11:14.177-05:00 DEBUG 11640 --- [homehealthcare] [    Test worker] org.hibernate.SQL                        : select ui1_0.id,ui1_0.accepted_at,ui1_0.agency_id,ui1_0.agency_membership_id,ui1_0.cancelled_at,ui1_0.created_at,ui1_0.email,ui1_0.expires_at,ui1_0.invited_by_membership_id,ui1_0.status,ui1_0.token,ui1_0.updated_at,ui1_0.user_id from user_invitations ui1_0 where ui1_0.token=?
]]></system-out>
  <system-err><![CDATA[]]></system-err>
</testsuite>
