<?xml version="1.0" encoding="UTF-8"?>
<testsuite name="com.homehealthcare.branchassignment.domain.BranchAssignmentRepositoryTest" tests="5" skipped="0" failures="0" errors="0" timestamp="2026-03-28T14:05:24.463Z" hostname="Shivangs-MacBook-Pro.local" time="0.125">
  <properties/>
  <testcase name="assignmentsCanBeActivatedAndDeactivated()" classname="com.homehealthcare.branchassignment.domain.BranchAssignmentRepositoryTest" time="0.029"/>
  <testcase name="rejectsDuplicateAssignmentForSameMembershipAndBranch()" classname="com.homehealthcare.branchassignment.domain.BranchAssignmentRepositoryTest" time="0.032"/>
  <testcase name="rejectsAssignmentForInactiveMembership()" classname="com.homehealthcare.branchassignment.domain.BranchAssignmentRepositoryTest" time="0.014"/>
  <testcase name="rejectsAssignmentAcrossDifferentAgencies()" classname="com.homehealthcare.branchassignment.domain.BranchAssignmentRepositoryTest" time="0.01"/>
  <testcase name="supportsOneOrManyAssignmentsForSingleMembership()" classname="com.homehealthcare.branchassignment.domain.BranchAssignmentRepositoryTest" time="0.015"/>
  <system-out><![CDATA[2026-03-28T09:05:24.464-05:00  INFO 28810 --- [homehealthcare] [    Test worker] t.c.s.AnnotationConfigContextLoaderUtils : Could not detect default configuration classes for test class [com.homehealthcare.branchassignment.domain.BranchAssignmentRepositoryTest]: BranchAssignmentRepositoryTest does not declare any static, non-private, non-final, nested classes annotated with @Configuration.
2026-03-28T09:05:24.465-05:00 DEBUG 28810 --- [homehealthcare] [    Test worker] .b.t.c.SpringBootTestContextBootstrapper : Using ContextCustomizerFactory implementations for test class [BranchAssignmentRepositoryTest]: [WebDriverContextCustomizerFactory, OnFailureConditionReportContextCustomizerFactory, OverrideAutoConfigurationContextCustomizerFactory, ImportsContextCustomizerFactory, PropertyMappingContextCustomizerFactory, ExcludeFilterContextCustomizerFactory, TypeExcludeFiltersContextCustomizerFactory, DisableReactorResourceFactoryGlobalResourcesContextCustomizerFactory, DuplicateJsonObjectContextCustomizerFactory, SpringBootTestRandomPortContextCustomizerFactory, BeanOverrideContextCustomizerFactory, MockServerContainerContextCustomizerFactory, DynamicPropertiesContextCustomizerFactory]
2026-03-28T09:05:24.465-05:00 DEBUG 28810 --- [homehealthcare] [    Test worker] .b.t.c.SpringBootTestContextBootstrapper : Using ContextCustomizers for test class [BranchAssignmentRepositoryTest]: [WebDriverContextCustomizer, OnFailureConditionReportContextCustomizer, PropertyMappingContextCustomizer, ExcludeFilterContextCustomizer, DuplicateJsonObjectContextCustomizer, SpringBootTestRandomPortContextCustomizer, DynamicPropertiesContextCustomizer]
2026-03-28T09:05:24.481-05:00  INFO 28810 --- [homehealthcare] [    Test worker] .b.t.c.SpringBootTestContextBootstrapper : Found @SpringBootConfiguration com.homehealthcare.HomehealthcareApplication for test class com.homehealthcare.branchassignment.domain.BranchAssignmentRepositoryTest
2026-03-28T09:05:24.482-05:00  INFO 28810 --- [homehealthcare] [    Test worker] t.c.s.AnnotationConfigContextLoaderUtils : Could not detect default configuration classes for test class [com.homehealthcare.branchassignment.domain.BranchAssignmentRepositoryTest]: BranchAssignmentRepositoryTest does not declare any static, non-private, non-final, nested classes annotated with @Configuration.
2026-03-28T09:05:24.482-05:00 DEBUG 28810 --- [homehealthcare] [    Test worker] .b.t.c.SpringBootTestContextBootstrapper : Using ContextCustomizerFactory implementations for test class [BranchAssignmentRepositoryTest]: [WebDriverContextCustomizerFactory, OnFailureConditionReportContextCustomizerFactory, OverrideAutoConfigurationContextCustomizerFactory, ImportsContextCustomizerFactory, PropertyMappingContextCustomizerFactory, ExcludeFilterContextCustomizerFactory, TypeExcludeFiltersContextCustomizerFactory, DisableReactorResourceFactoryGlobalResourcesContextCustomizerFactory, DuplicateJsonObjectContextCustomizerFactory, SpringBootTestRandomPortContextCustomizerFactory, BeanOverrideContextCustomizerFactory, MockServerContainerContextCustomizerFactory, DynamicPropertiesContextCustomizerFactory]
2026-03-28T09:05:24.483-05:00 DEBUG 28810 --- [homehealthcare] [    Test worker] .b.t.c.SpringBootTestContextBootstrapper : Using ContextCustomizers for test class [BranchAssignmentRepositoryTest]: [WebDriverContextCustomizer, OnFailureConditionReportContextCustomizer, PropertyMappingContextCustomizer, ExcludeFilterContextCustomizer, DuplicateJsonObjectContextCustomizer, SpringBootTestRandomPortContextCustomizer, DynamicPropertiesContextCustomizer]
2026-03-28T09:05:24.483-05:00  INFO 28810 --- [homehealthcare] [    Test worker] .b.t.c.SpringBootTestContextBootstrapper : Found @SpringBootConfiguration com.homehealthcare.HomehealthcareApplication for test class com.homehealthcare.branchassignment.domain.BranchAssignmentRepositoryTest
2026-03-28T09:05:24.483-05:00 DEBUG 28810 --- [homehealthcare] [    Test worker] .b.t.c.SpringBootTestContextBootstrapper : Neither @ContextConfiguration nor @ContextHierarchy found for test class [BranchAssignmentRepositoryTest]: using SpringBootContextLoader
2026-03-28T09:05:24.484-05:00 DEBUG 28810 --- [homehealthcare] [    Test worker] .b.t.c.SpringBootTestContextBootstrapper : Using TestExecutionListeners for test class [BranchAssignmentRepositoryTest]: [ServletTestExecutionListener, DirtiesContextBeforeModesTestExecutionListener, ApplicationEventsTestExecutionListener, BeanOverrideTestExecutionListener, DependencyInjectionTestExecutionListener, DirtiesContextTestExecutionListener, CommonCachesTestExecutionListener, TransactionalTestExecutionListener, SqlScriptsTestExecutionListener, WithSecurityContextTestExecutionListener, EventPublishingTestExecutionListener, ReactorContextTestExecutionListener, MockMvcPrintOnlyOnFailureTestExecutionListener, WebDriverTestExecutionListener, MockitoResetTestExecutionListener]
2026-03-28T09:05:24.487-05:00 DEBUG 28810 --- [homehealthcare] [    Test worker] org.hibernate.SQL                        : select u1_0.id,u1_0.created_at,u1_0.deactivated_at,u1_0.email,u1_0.first_name,u1_0.last_login_at,u1_0.last_name,u1_0.mfa_enabled,u1_0.mfa_enrolled_at,u1_0.mfa_secret,u1_0.password_hash,u1_0.phone,u1_0.preferred_language,u1_0.status,u1_0.time_zone,u1_0.updated_at from users u1_0 where u1_0.id=?
2026-03-28T09:05:24.489-05:00 DEBUG 28810 --- [homehealthcare] [    Test worker] org.hibernate.SQL                        : insert into users (created_at,deactivated_at,email,first_name,last_login_at,last_name,mfa_enabled,mfa_enrolled_at,mfa_secret,password_hash,phone,preferred_language,status,time_zone,updated_at,id) values (?,?,?,?,?,?,?,?,?,?,?,?,?,?,?,?)
2026-03-28T09:05:24.490-05:00 DEBUG 28810 --- [homehealthcare] [    Test worker] org.hibernate.SQL                        : select a1_0.id,a1_0.contact_email,a1_0.created_at,a1_0.deactivated_at,a1_0.mfa_policy_mode,a1_0.mfa_required_roles,a1_0.name,a1_0.slug,a1_0.status,a1_0.timezone,a1_0.updated_at from agencies a1_0 where a1_0.id=?
2026-03-28T09:05:24.490-05:00 DEBUG 28810 --- [homehealthcare] [    Test worker] org.hibernate.SQL                        : insert into agencies (contact_email,created_at,deactivated_at,mfa_policy_mode,mfa_required_roles,name,slug,status,timezone,updated_at,id) values (?,?,?,?,?,?,?,?,?,?,?)
2026-03-28T09:05:24.496-05:00 DEBUG 28810 --- [homehealthcare] [    Test worker] org.hibernate.SQL                        : select am1_0.id,am1_0.agency_id,am1_0.created_at,am1_0.role_key,am1_0.status,am1_0.updated_at,am1_0.user_id from agency_memberships am1_0 where am1_0.id=?
2026-03-28T09:05:24.498-05:00 DEBUG 28810 --- [homehealthcare] [    Test worker] org.hibernate.SQL                        : insert into agency_memberships (agency_id,created_at,role_key,status,updated_at,user_id,id) values (?,?,?,?,?,?,?)
2026-03-28T09:05:24.499-05:00 DEBUG 28810 --- [homehealthcare] [    Test worker] org.hibernate.SQL                        : select b1_0.id,b1_0.address,b1_0.agency_id,b1_0.code,b1_0.created_at,b1_0.deactivated_at,b1_0.name,b1_0.status,b1_0.timezone,b1_0.updated_at from branches b1_0 where b1_0.id=?
2026-03-28T09:05:24.500-05:00 DEBUG 28810 --- [homehealthcare] [    Test worker] org.hibernate.SQL                        : insert into branches (address,agency_id,code,created_at,deactivated_at,name,status,timezone,updated_at,id) values (?,?,?,?,?,?,?,?,?,?)
2026-03-28T09:05:24.501-05:00 DEBUG 28810 --- [homehealthcare] [    Test worker] org.hibernate.SQL                        : select ba1_0.id,ba1_0.agency_id,ba1_0.agency_membership_id,ba1_0.branch_id,ba1_0.created_at,ba1_0.status,ba1_0.updated_at from branch_assignments ba1_0 where ba1_0.id=?
2026-03-28T09:05:24.504-05:00 DEBUG 28810 --- [homehealthcare] [    Test worker] org.hibernate.SQL                        : insert into branch_assignments (agency_id,agency_membership_id,branch_id,created_at,status,updated_at,id) values (?,?,?,?,?,?,?)
2026-03-28T09:05:24.505-05:00 DEBUG 28810 --- [homehealthcare] [    Test worker] org.hibernate.SQL                        : update branch_assignments set agency_id=?,agency_membership_id=?,branch_id=?,status=?,updated_at=? where id=?
2026-03-28T09:05:24.509-05:00 DEBUG 28810 --- [homehealthcare] [    Test worker] org.hibernate.SQL                        : select ba1_0.id,ba1_0.agency_id,ba1_0.agency_membership_id,ba1_0.branch_id,ba1_0.created_at,ba1_0.status,ba1_0.updated_at from branch_assignments ba1_0 join branches b1_0 on b1_0.id=ba1_0.branch_id where ba1_0.agency_membership_id=? and ba1_0.status=? order by b1_0.name
2026-03-28T09:05:24.510-05:00 DEBUG 28810 --- [homehealthcare] [    Test worker] org.hibernate.SQL                        : update branch_assignments set agency_id=?,agency_membership_id=?,branch_id=?,status=?,updated_at=? where id=?
2026-03-28T09:05:24.511-05:00 DEBUG 28810 --- [homehealthcare] [    Test worker] org.hibernate.SQL                        : select ba1_0.id,ba1_0.agency_id,ba1_0.agency_membership_id,ba1_0.branch_id,ba1_0.created_at,ba1_0.status,ba1_0.updated_at from branch_assignments ba1_0 join branches b1_0 on b1_0.id=ba1_0.branch_id where ba1_0.agency_membership_id=? and ba1_0.status=? order by b1_0.name
2026-03-28T09:05:24.516-05:00 DEBUG 28810 --- [homehealthcare] [    Test worker] org.hibernate.SQL                        : select u1_0.id,u1_0.created_at,u1_0.deactivated_at,u1_0.email,u1_0.first_name,u1_0.last_login_at,u1_0.last_name,u1_0.mfa_enabled,u1_0.mfa_enrolled_at,u1_0.mfa_secret,u1_0.password_hash,u1_0.phone,u1_0.preferred_language,u1_0.status,u1_0.time_zone,u1_0.updated_at from users u1_0 where u1_0.id=?
2026-03-28T09:05:24.518-05:00 DEBUG 28810 --- [homehealthcare] [    Test worker] org.hibernate.SQL                        : insert into users (created_at,deactivated_at,email,first_name,last_login_at,last_name,mfa_enabled,mfa_enrolled_at,mfa_secret,password_hash,phone,preferred_language,status,time_zone,updated_at,id) values (?,?,?,?,?,?,?,?,?,?,?,?,?,?,?,?)
2026-03-28T09:05:24.534-05:00 DEBUG 28810 --- [homehealthcare] [    Test worker] org.hibernate.SQL                        : select a1_0.id,a1_0.contact_email,a1_0.created_at,a1_0.deactivated_at,a1_0.mfa_policy_mode,a1_0.mfa_required_roles,a1_0.name,a1_0.slug,a1_0.status,a1_0.timezone,a1_0.updated_at from agencies a1_0 where a1_0.id=?
2026-03-28T09:05:24.536-05:00 DEBUG 28810 --- [homehealthcare] [    Test worker] org.hibernate.SQL                        : insert into agencies (contact_email,created_at,deactivated_at,mfa_policy_mode,mfa_required_roles,name,slug,status,timezone,updated_at,id) values (?,?,?,?,?,?,?,?,?,?,?)
2026-03-28T09:05:24.537-05:00 DEBUG 28810 --- [homehealthcare] [    Test worker] org.hibernate.SQL                        : select am1_0.id,am1_0.agency_id,am1_0.created_at,am1_0.role_key,am1_0.status,am1_0.updated_at,am1_0.user_id from agency_memberships am1_0 where am1_0.id=?
2026-03-28T09:05:24.538-05:00 DEBUG 28810 --- [homehealthcare] [    Test worker] org.hibernate.SQL                        : insert into agency_memberships (agency_id,created_at,role_key,status,updated_at,user_id,id) values (?,?,?,?,?,?,?)
2026-03-28T09:05:24.539-05:00 DEBUG 28810 --- [homehealthcare] [    Test worker] org.hibernate.SQL                        : select b1_0.id,b1_0.address,b1_0.agency_id,b1_0.code,b1_0.created_at,b1_0.deactivated_at,b1_0.name,b1_0.status,b1_0.timezone,b1_0.updated_at from branches b1_0 where b1_0.id=?
2026-03-28T09:05:24.540-05:00 DEBUG 28810 --- [homehealthcare] [    Test worker] org.hibernate.SQL                        : insert into branches (address,agency_id,code,created_at,deactivated_at,name,status,timezone,updated_at,id) values (?,?,?,?,?,?,?,?,?,?)
2026-03-28T09:05:24.540-05:00 DEBUG 28810 --- [homehealthcare] [    Test worker] org.hibernate.SQL                        : select ba1_0.id,ba1_0.agency_id,ba1_0.agency_membership_id,ba1_0.branch_id,ba1_0.created_at,ba1_0.status,ba1_0.updated_at from branch_assignments ba1_0 where ba1_0.id=?
2026-03-28T09:05:24.541-05:00 DEBUG 28810 --- [homehealthcare] [    Test worker] org.hibernate.SQL                        : insert into branch_assignments (agency_id,agency_membership_id,branch_id,created_at,status,updated_at,id) values (?,?,?,?,?,?,?)
2026-03-28T09:05:24.542-05:00 DEBUG 28810 --- [homehealthcare] [    Test worker] org.hibernate.SQL                        : select ba1_0.id,ba1_0.agency_id,ba1_0.agency_membership_id,ba1_0.branch_id,ba1_0.created_at,ba1_0.status,ba1_0.updated_at from branch_assignments ba1_0 where ba1_0.id=?
2026-03-28T09:05:24.543-05:00 DEBUG 28810 --- [homehealthcare] [    Test worker] org.hibernate.SQL                        : insert into branch_assignments (agency_id,agency_membership_id,branch_id,created_at,status,updated_at,id) values (?,?,?,?,?,?,?)
2026-03-28T09:05:24.543-05:00  WARN 28810 --- [homehealthcare] [    Test worker] org.hibernate.orm.jdbc.error             : HHH000247: ErrorCode: 23505, SQLState: 23505
2026-03-28T09:05:24.543-05:00  WARN 28810 --- [homehealthcare] [    Test worker] org.hibernate.orm.jdbc.error             : Unique index or primary key violation: "PUBLIC.UK_BRANCH_ASSIGNMENTS_MEMBERSHIP_BRANCH INDEX PUBLIC.UK_BRANCH_ASSIGNMENTS_MEMBERSHIP_BRANCH_INDEX_2 ON PUBLIC.BRANCH_ASSIGNMENTS(AGENCY_MEMBERSHIP_ID NULLS FIRST, BRANCH_ID NULLS FIRST) VALUES ( /* key:4 */ UUID '916e3d55-b57e-4bcc-b5bf-a778b710782f', UUID '1dfaa7b3-6a76-46ed-882f-ba6f78838108')"; SQL statement:
insert into branch_assignments (agency_id,agency_membership_id,branch_id,created_at,status,updated_at,id) values (?,?,?,?,?,?,?) [23505-240]
2026-03-28T09:05:24.550-05:00 DEBUG 28810 --- [homehealthcare] [    Test worker] org.hibernate.SQL                        : select u1_0.id,u1_0.created_at,u1_0.deactivated_at,u1_0.email,u1_0.first_name,u1_0.last_login_at,u1_0.last_name,u1_0.mfa_enabled,u1_0.mfa_enrolled_at,u1_0.mfa_secret,u1_0.password_hash,u1_0.phone,u1_0.preferred_language,u1_0.status,u1_0.time_zone,u1_0.updated_at from users u1_0 where u1_0.id=?
2026-03-28T09:05:24.551-05:00 DEBUG 28810 --- [homehealthcare] [    Test worker] org.hibernate.SQL                        : insert into users (created_at,deactivated_at,email,first_name,last_login_at,last_name,mfa_enabled,mfa_enrolled_at,mfa_secret,password_hash,phone,preferred_language,status,time_zone,updated_at,id) values (?,?,?,?,?,?,?,?,?,?,?,?,?,?,?,?)
2026-03-28T09:05:24.551-05:00 DEBUG 28810 --- [homehealthcare] [    Test worker] org.hibernate.SQL                        : select a1_0.id,a1_0.contact_email,a1_0.created_at,a1_0.deactivated_at,a1_0.mfa_policy_mode,a1_0.mfa_required_roles,a1_0.name,a1_0.slug,a1_0.status,a1_0.timezone,a1_0.updated_at from agencies a1_0 where a1_0.id=?
2026-03-28T09:05:24.552-05:00 DEBUG 28810 --- [homehealthcare] [    Test worker] org.hibernate.SQL                        : insert into agencies (contact_email,created_at,deactivated_at,mfa_policy_mode,mfa_required_roles,name,slug,status,timezone,updated_at,id) values (?,?,?,?,?,?,?,?,?,?,?)
2026-03-28T09:05:24.553-05:00 DEBUG 28810 --- [homehealthcare] [    Test worker] org.hibernate.SQL                        : select am1_0.id,am1_0.agency_id,am1_0.created_at,am1_0.role_key,am1_0.status,am1_0.updated_at,am1_0.user_id from agency_memberships am1_0 where am1_0.id=?
2026-03-28T09:05:24.553-05:00 DEBUG 28810 --- [homehealthcare] [    Test worker] org.hibernate.SQL                        : insert into agency_memberships (agency_id,created_at,role_key,status,updated_at,user_id,id) values (?,?,?,?,?,?,?)
2026-03-28T09:05:24.554-05:00 DEBUG 28810 --- [homehealthcare] [    Test worker] org.hibernate.SQL                        : select b1_0.id,b1_0.address,b1_0.agency_id,b1_0.code,b1_0.created_at,b1_0.deactivated_at,b1_0.name,b1_0.status,b1_0.timezone,b1_0.updated_at from branches b1_0 where b1_0.id=?
2026-03-28T09:05:24.555-05:00 DEBUG 28810 --- [homehealthcare] [    Test worker] org.hibernate.SQL                        : insert into branches (address,agency_id,code,created_at,deactivated_at,name,status,timezone,updated_at,id) values (?,?,?,?,?,?,?,?,?,?)
2026-03-28T09:05:24.558-05:00 DEBUG 28810 --- [homehealthcare] [    Test worker] org.hibernate.SQL                        : update agency_memberships set agency_id=?,role_key=?,status=?,updated_at=?,user_id=? where id=?
2026-03-28T09:05:24.564-05:00 DEBUG 28810 --- [homehealthcare] [    Test worker] org.hibernate.SQL                        : select u1_0.id,u1_0.created_at,u1_0.deactivated_at,u1_0.email,u1_0.first_name,u1_0.last_login_at,u1_0.last_name,u1_0.mfa_enabled,u1_0.mfa_enrolled_at,u1_0.mfa_secret,u1_0.password_hash,u1_0.phone,u1_0.preferred_language,u1_0.status,u1_0.time_zone,u1_0.updated_at from users u1_0 where u1_0.id=?
2026-03-28T09:05:24.565-05:00 DEBUG 28810 --- [homehealthcare] [    Test worker] org.hibernate.SQL                        : insert into users (created_at,deactivated_at,email,first_name,last_login_at,last_name,mfa_enabled,mfa_enrolled_at,mfa_secret,password_hash,phone,preferred_language,status,time_zone,updated_at,id) values (?,?,?,?,?,?,?,?,?,?,?,?,?,?,?,?)
2026-03-28T09:05:24.566-05:00 DEBUG 28810 --- [homehealthcare] [    Test worker] org.hibernate.SQL                        : select a1_0.id,a1_0.contact_email,a1_0.created_at,a1_0.deactivated_at,a1_0.mfa_policy_mode,a1_0.mfa_required_roles,a1_0.name,a1_0.slug,a1_0.status,a1_0.timezone,a1_0.updated_at from agencies a1_0 where a1_0.id=?
2026-03-28T09:05:24.566-05:00 DEBUG 28810 --- [homehealthcare] [    Test worker] org.hibernate.SQL                        : insert into agencies (contact_email,created_at,deactivated_at,mfa_policy_mode,mfa_required_roles,name,slug,status,timezone,updated_at,id) values (?,?,?,?,?,?,?,?,?,?,?)
2026-03-28T09:05:24.567-05:00 DEBUG 28810 --- [homehealthcare] [    Test worker] org.hibernate.SQL                        : select am1_0.id,am1_0.agency_id,am1_0.created_at,am1_0.role_key,am1_0.status,am1_0.updated_at,am1_0.user_id from agency_memberships am1_0 where am1_0.id=?
2026-03-28T09:05:24.568-05:00 DEBUG 28810 --- [homehealthcare] [    Test worker] org.hibernate.SQL                        : insert into agency_memberships (agency_id,created_at,role_key,status,updated_at,user_id,id) values (?,?,?,?,?,?,?)
2026-03-28T09:05:24.568-05:00 DEBUG 28810 --- [homehealthcare] [    Test worker] org.hibernate.SQL                        : select a1_0.id,a1_0.contact_email,a1_0.created_at,a1_0.deactivated_at,a1_0.mfa_policy_mode,a1_0.mfa_required_roles,a1_0.name,a1_0.slug,a1_0.status,a1_0.timezone,a1_0.updated_at from agencies a1_0 where a1_0.id=?
2026-03-28T09:05:24.569-05:00 DEBUG 28810 --- [homehealthcare] [    Test worker] org.hibernate.SQL                        : insert into agencies (contact_email,created_at,deactivated_at,mfa_policy_mode,mfa_required_roles,name,slug,status,timezone,updated_at,id) values (?,?,?,?,?,?,?,?,?,?,?)
2026-03-28T09:05:24.570-05:00 DEBUG 28810 --- [homehealthcare] [    Test worker] org.hibernate.SQL                        : select b1_0.id,b1_0.address,b1_0.agency_id,b1_0.code,b1_0.created_at,b1_0.deactivated_at,b1_0.name,b1_0.status,b1_0.timezone,b1_0.updated_at from branches b1_0 where b1_0.id=?
2026-03-28T09:05:24.570-05:00 DEBUG 28810 --- [homehealthcare] [    Test worker] org.hibernate.SQL                        : insert into branches (address,agency_id,code,created_at,deactivated_at,name,status,timezone,updated_at,id) values (?,?,?,?,?,?,?,?,?,?)
2026-03-28T09:05:24.576-05:00 DEBUG 28810 --- [homehealthcare] [    Test worker] org.hibernate.SQL                        : select u1_0.id,u1_0.created_at,u1_0.deactivated_at,u1_0.email,u1_0.first_name,u1_0.last_login_at,u1_0.last_name,u1_0.mfa_enabled,u1_0.mfa_enrolled_at,u1_0.mfa_secret,u1_0.password_hash,u1_0.phone,u1_0.preferred_language,u1_0.status,u1_0.time_zone,u1_0.updated_at from users u1_0 where u1_0.id=?
2026-03-28T09:05:24.577-05:00 DEBUG 28810 --- [homehealthcare] [    Test worker] org.hibernate.SQL                        : insert into users (created_at,deactivated_at,email,first_name,last_login_at,last_name,mfa_enabled,mfa_enrolled_at,mfa_secret,password_hash,phone,preferred_language,status,time_zone,updated_at,id) values (?,?,?,?,?,?,?,?,?,?,?,?,?,?,?,?)
2026-03-28T09:05:24.578-05:00 DEBUG 28810 --- [homehealthcare] [    Test worker] org.hibernate.SQL                        : select a1_0.id,a1_0.contact_email,a1_0.created_at,a1_0.deactivated_at,a1_0.mfa_policy_mode,a1_0.mfa_required_roles,a1_0.name,a1_0.slug,a1_0.status,a1_0.timezone,a1_0.updated_at from agencies a1_0 where a1_0.id=?
2026-03-28T09:05:24.578-05:00 DEBUG 28810 --- [homehealthcare] [    Test worker] org.hibernate.SQL                        : insert into agencies (contact_email,created_at,deactivated_at,mfa_policy_mode,mfa_required_roles,name,slug,status,timezone,updated_at,id) values (?,?,?,?,?,?,?,?,?,?,?)
2026-03-28T09:05:24.579-05:00 DEBUG 28810 --- [homehealthcare] [    Test worker] org.hibernate.SQL                        : select am1_0.id,am1_0.agency_id,am1_0.created_at,am1_0.role_key,am1_0.status,am1_0.updated_at,am1_0.user_id from agency_memberships am1_0 where am1_0.id=?
2026-03-28T09:05:24.580-05:00 DEBUG 28810 --- [homehealthcare] [    Test worker] org.hibernate.SQL                        : insert into agency_memberships (agency_id,created_at,role_key,status,updated_at,user_id,id) values (?,?,?,?,?,?,?)
2026-03-28T09:05:24.580-05:00 DEBUG 28810 --- [homehealthcare] [    Test worker] org.hibernate.SQL                        : select b1_0.id,b1_0.address,b1_0.agency_id,b1_0.code,b1_0.created_at,b1_0.deactivated_at,b1_0.name,b1_0.status,b1_0.timezone,b1_0.updated_at from branches b1_0 where b1_0.id=?
2026-03-28T09:05:24.581-05:00 DEBUG 28810 --- [homehealthcare] [    Test worker] org.hibernate.SQL                        : insert into branches (address,agency_id,code,created_at,deactivated_at,name,status,timezone,updated_at,id) values (?,?,?,?,?,?,?,?,?,?)
2026-03-28T09:05:24.581-05:00 DEBUG 28810 --- [homehealthcare] [    Test worker] org.hibernate.SQL                        : select b1_0.id,b1_0.address,b1_0.agency_id,b1_0.code,b1_0.created_at,b1_0.deactivated_at,b1_0.name,b1_0.status,b1_0.timezone,b1_0.updated_at from branches b1_0 where b1_0.id=?
2026-03-28T09:05:24.582-05:00 DEBUG 28810 --- [homehealthcare] [    Test worker] org.hibernate.SQL                        : insert into branches (address,agency_id,code,created_at,deactivated_at,name,status,timezone,updated_at,id) values (?,?,?,?,?,?,?,?,?,?)
2026-03-28T09:05:24.582-05:00 DEBUG 28810 --- [homehealthcare] [    Test worker] org.hibernate.SQL                        : select ba1_0.id,ba1_0.agency_id,ba1_0.agency_membership_id,ba1_0.branch_id,ba1_0.created_at,ba1_0.status,ba1_0.updated_at from branch_assignments ba1_0 where ba1_0.id=?
2026-03-28T09:05:24.583-05:00 DEBUG 28810 --- [homehealthcare] [    Test worker] org.hibernate.SQL                        : insert into branch_assignments (agency_id,agency_membership_id,branch_id,created_at,status,updated_at,id) values (?,?,?,?,?,?,?)
2026-03-28T09:05:24.584-05:00 DEBUG 28810 --- [homehealthcare] [    Test worker] org.hibernate.SQL                        : select ba1_0.id,ba1_0.agency_id,ba1_0.agency_membership_id,ba1_0.branch_id,ba1_0.created_at,ba1_0.status,ba1_0.updated_at from branch_assignments ba1_0 where ba1_0.id=?
2026-03-28T09:05:24.584-05:00 DEBUG 28810 --- [homehealthcare] [    Test worker] org.hibernate.SQL                        : insert into branch_assignments (agency_id,agency_membership_id,branch_id,created_at,status,updated_at,id) values (?,?,?,?,?,?,?)
2026-03-28T09:05:24.585-05:00 DEBUG 28810 --- [homehealthcare] [    Test worker] org.hibernate.SQL                        : select ba1_0.id,ba1_0.agency_id,ba1_0.agency_membership_id,ba1_0.branch_id,ba1_0.created_at,ba1_0.status,ba1_0.updated_at from branch_assignments ba1_0 join branches b1_0 on b1_0.id=ba1_0.branch_id where ba1_0.agency_membership_id=? and ba1_0.status=? order by b1_0.name
]]></system-out>
  <system-err><![CDATA[]]></system-err>
</testsuite>
