<?xml version="1.0" encoding="UTF-8"?>
<testsuite name="com.homehealthcare.auth.api.PasswordPolicyIntegrationTest" tests="1" skipped="0" failures="0" errors="0" timestamp="2026-03-27T23:49:54.823Z" hostname="Shivangs-MacBook-Pro.local" time="0.01">
  <properties/>
  <testcase name="exposesConfiguredPasswordPolicyForSetupAndChangeFlows()" classname="com.homehealthcare.auth.api.PasswordPolicyIntegrationTest" time="0.007"/>
  <system-out><![CDATA[2026-03-27T18:49:54.824-05:00  INFO 52664 --- [homehealthcare] [    Test worker] t.c.s.AnnotationConfigContextLoaderUtils : Could not detect default configuration classes for test class [com.homehealthcare.auth.api.PasswordPolicyIntegrationTest]: PasswordPolicyIntegrationTest does not declare any static, non-private, non-final, nested classes annotated with @Configuration.
2026-03-27T18:49:54.824-05:00 DEBUG 52664 --- [homehealthcare] [    Test worker] .b.t.c.SpringBootTestContextBootstrapper : Using ContextCustomizerFactory implementations for test class [PasswordPolicyIntegrationTest]: [WebDriverContextCustomizerFactory, OnFailureConditionReportContextCustomizerFactory, OverrideAutoConfigurationContextCustomizerFactory, ImportsContextCustomizerFactory, PropertyMappingContextCustomizerFactory, ExcludeFilterContextCustomizerFactory, TypeExcludeFiltersContextCustomizerFactory, DisableReactorResourceFactoryGlobalResourcesContextCustomizerFactory, DuplicateJsonObjectContextCustomizerFactory, SpringBootTestRandomPortContextCustomizerFactory, BeanOverrideContextCustomizerFactory, MockServerContainerContextCustomizerFactory, DynamicPropertiesContextCustomizerFactory]
2026-03-27T18:49:54.825-05:00 DEBUG 52664 --- [homehealthcare] [    Test worker] .b.t.c.SpringBootTestContextBootstrapper : Using ContextCustomizers for test class [PasswordPolicyIntegrationTest]: [WebDriverContextCustomizer, OnFailureConditionReportContextCustomizer, ImportsContextCustomizer, PropertyMappingContextCustomizer, ExcludeFilterContextCustomizer, DuplicateJsonObjectContextCustomizer, SpringBootTestRandomPortContextCustomizer, DynamicPropertiesContextCustomizer]
2026-03-27T18:49:54.825-05:00  INFO 52664 --- [homehealthcare] [    Test worker] .b.t.c.SpringBootTestContextBootstrapper : Found @SpringBootConfiguration com.homehealthcare.HomehealthcareApplication for test class com.homehealthcare.auth.api.PasswordPolicyIntegrationTest
2026-03-27T18:49:54.825-05:00  INFO 52664 --- [homehealthcare] [    Test worker] t.c.s.AnnotationConfigContextLoaderUtils : Could not detect default configuration classes for test class [com.homehealthcare.auth.api.PasswordPolicyIntegrationTest]: PasswordPolicyIntegrationTest does not declare any static, non-private, non-final, nested classes annotated with @Configuration.
2026-03-27T18:49:54.825-05:00 DEBUG 52664 --- [homehealthcare] [    Test worker] .b.t.c.SpringBootTestContextBootstrapper : Using ContextCustomizerFactory implementations for test class [PasswordPolicyIntegrationTest]: [WebDriverContextCustomizerFactory, OnFailureConditionReportContextCustomizerFactory, OverrideAutoConfigurationContextCustomizerFactory, ImportsContextCustomizerFactory, PropertyMappingContextCustomizerFactory, ExcludeFilterContextCustomizerFactory, TypeExcludeFiltersContextCustomizerFactory, DisableReactorResourceFactoryGlobalResourcesContextCustomizerFactory, DuplicateJsonObjectContextCustomizerFactory, SpringBootTestRandomPortContextCustomizerFactory, BeanOverrideContextCustomizerFactory, MockServerContainerContextCustomizerFactory, DynamicPropertiesContextCustomizerFactory]
2026-03-27T18:49:54.825-05:00 DEBUG 52664 --- [homehealthcare] [    Test worker] .b.t.c.SpringBootTestContextBootstrapper : Using ContextCustomizers for test class [PasswordPolicyIntegrationTest]: [WebDriverContextCustomizer, OnFailureConditionReportContextCustomizer, ImportsContextCustomizer, PropertyMappingContextCustomizer, ExcludeFilterContextCustomizer, DuplicateJsonObjectContextCustomizer, SpringBootTestRandomPortContextCustomizer, DynamicPropertiesContextCustomizer]
2026-03-27T18:49:54.826-05:00  INFO 52664 --- [homehealthcare] [    Test worker] .b.t.c.SpringBootTestContextBootstrapper : Found @SpringBootConfiguration com.homehealthcare.HomehealthcareApplication for test class com.homehealthcare.auth.api.PasswordPolicyIntegrationTest
2026-03-27T18:49:54.826-05:00 DEBUG 52664 --- [homehealthcare] [    Test worker] .b.t.c.SpringBootTestContextBootstrapper : Neither @ContextConfiguration nor @ContextHierarchy found for test class [PasswordPolicyIntegrationTest]: using SpringBootContextLoader
2026-03-27T18:49:54.826-05:00 DEBUG 52664 --- [homehealthcare] [    Test worker] .b.t.c.SpringBootTestContextBootstrapper : Using TestExecutionListeners for test class [PasswordPolicyIntegrationTest]: [ServletTestExecutionListener, DirtiesContextBeforeModesTestExecutionListener, ApplicationEventsTestExecutionListener, BeanOverrideTestExecutionListener, DependencyInjectionTestExecutionListener, DirtiesContextTestExecutionListener, CommonCachesTestExecutionListener, TransactionalTestExecutionListener, SqlScriptsTestExecutionListener, WithSecurityContextTestExecutionListener, EventPublishingTestExecutionListener, ReactorContextTestExecutionListener, MockMvcPrintOnlyOnFailureTestExecutionListener, WebDriverTestExecutionListener, MockitoResetTestExecutionListener]
2026-03-27T18:49:54.827-05:00 DEBUG 52664 --- [homehealthcare] [    Test worker] s.w.s.m.m.a.RequestMappingHandlerMapping : Mapped to com.homehealthcare.auth.api.PasswordPolicyController#passwordPolicy()
2026-03-27T18:49:54.828-05:00 DEBUG 52664 --- [homehealthcare] [    Test worker] m.m.a.RequestResponseBodyMethodProcessor : Using 'application/json', given [*/*] and supported [application/json, application/*+json]
2026-03-27T18:49:54.831-05:00 DEBUG 52664 --- [homehealthcare] [    Test worker] m.m.a.RequestResponseBodyMethodProcessor : Writing [PasswordPolicyResponse[minimumLength=12, requireUppercase=true, requireLowercase=true, requireDigit= (truncated)...]
]]></system-out>
  <system-err><![CDATA[]]></system-err>
</testsuite>
