<?xml version="1.0" encoding="UTF-8"?>
<testsuite name="com.homehealthcare.messaging.foundation.MessagingAuditServiceTest" tests="2" skipped="0" failures="0" errors="0" timestamp="2026-03-29T23:20:07.473Z" hostname="Shivangs-MacBook-Pro.local" time="0.853">
  <properties/>
  <testcase name="threadAuditUsesStandardizedEpic9ActionAndTargetType()" classname="com.homehealthcare.messaging.foundation.MessagingAuditServiceTest" time="0.841"/>
  <testcase name="messagingFoundationContractsCoverExpectedThreadDeliveryAndEscalationVocabulary()" classname="com.homehealthcare.messaging.foundation.MessagingAuditServiceTest" time="0.011"/>
  <system-out><![CDATA[]]></system-out>
  <system-err><![CDATA[]]></system-err>
</testsuite>
