<?xml version="1.0" encoding="UTF-8"?>
<testsuite name="com.homehealthcare.scheduling.foundation.PhaseBSchedulingRepositoryTest" tests="2" skipped="0" failures="0" errors="0" timestamp="2026-03-29T15:23:36.368Z" hostname="Shivangs-MacBook-Pro.local" time="0.081">
  <properties/>
  <testcase name="recurringRuleVisitOccurrenceAndWorkflowEntitiesNormalizeAndPersistPhaseBModel()" classname="com.homehealthcare.scheduling.foundation.PhaseBSchedulingRepositoryTest" time="0.058"/>
  <testcase name="recurringRuleAndVisitOccurrenceValidateStateCleanly()" classname="com.homehealthcare.scheduling.foundation.PhaseBSchedulingRepositoryTest" time="0.012"/>
  <system-out><![CDATA[2026-03-29T10:23:36.370-05:00  INFO 80059 --- [homehealthcare] [    Test worker] t.c.s.AnnotationConfigContextLoaderUtils : Could not detect default configuration classes for test class [com.homehealthcare.scheduling.foundation.PhaseBSchedulingRepositoryTest]: PhaseBSchedulingRepositoryTest does not declare any static, non-private, non-final, nested classes annotated with @Configuration.
2026-03-29T10:23:36.371-05:00 DEBUG 80059 --- [homehealthcare] [    Test worker] .b.t.c.SpringBootTestContextBootstrapper : Using ContextCustomizerFactory implementations for test class [PhaseBSchedulingRepositoryTest]: [WebDriverContextCustomizerFactory, OnFailureConditionReportContextCustomizerFactory, OverrideAutoConfigurationContextCustomizerFactory, ImportsContextCustomizerFactory, PropertyMappingContextCustomizerFactory, ExcludeFilterContextCustomizerFactory, TypeExcludeFiltersContextCustomizerFactory, DisableReactorResourceFactoryGlobalResourcesContextCustomizerFactory, DuplicateJsonObjectContextCustomizerFactory, SpringBootTestRandomPortContextCustomizerFactory, BeanOverrideContextCustomizerFactory, MockServerContainerContextCustomizerFactory, DynamicPropertiesContextCustomizerFactory]
2026-03-29T10:23:36.371-05:00 DEBUG 80059 --- [homehealthcare] [    Test worker] .b.t.c.SpringBootTestContextBootstrapper : Using ContextCustomizers for test class [PhaseBSchedulingRepositoryTest]: [WebDriverContextCustomizer, OnFailureConditionReportContextCustomizer, PropertyMappingContextCustomizer, ExcludeFilterContextCustomizer, DuplicateJsonObjectContextCustomizer, SpringBootTestRandomPortContextCustomizer, DynamicPropertiesContextCustomizer]
2026-03-29T10:23:36.372-05:00  INFO 80059 --- [homehealthcare] [    Test worker] .b.t.c.SpringBootTestContextBootstrapper : Found @SpringBootConfiguration com.homehealthcare.HomehealthcareApplication for test class com.homehealthcare.scheduling.foundation.PhaseBSchedulingRepositoryTest
2026-03-29T10:23:36.373-05:00  INFO 80059 --- [homehealthcare] [    Test worker] t.c.s.AnnotationConfigContextLoaderUtils : Could not detect default configuration classes for test class [com.homehealthcare.scheduling.foundation.PhaseBSchedulingRepositoryTest]: PhaseBSchedulingRepositoryTest does not declare any static, non-private, non-final, nested classes annotated with @Configuration.
2026-03-29T10:23:36.373-05:00 DEBUG 80059 --- [homehealthcare] [    Test worker] .b.t.c.SpringBootTestContextBootstrapper : Using ContextCustomizerFactory implementations for test class [PhaseBSchedulingRepositoryTest]: [WebDriverContextCustomizerFactory, OnFailureConditionReportContextCustomizerFactory, OverrideAutoConfigurationContextCustomizerFactory, ImportsContextCustomizerFactory, PropertyMappingContextCustomizerFactory, ExcludeFilterContextCustomizerFactory, TypeExcludeFiltersContextCustomizerFactory, DisableReactorResourceFactoryGlobalResourcesContextCustomizerFactory, DuplicateJsonObjectContextCustomizerFactory, SpringBootTestRandomPortContextCustomizerFactory, BeanOverrideContextCustomizerFactory, MockServerContainerContextCustomizerFactory, DynamicPropertiesContextCustomizerFactory]
2026-03-29T10:23:36.374-05:00 DEBUG 80059 --- [homehealthcare] [    Test worker] .b.t.c.SpringBootTestContextBootstrapper : Using ContextCustomizers for test class [PhaseBSchedulingRepositoryTest]: [WebDriverContextCustomizer, OnFailureConditionReportContextCustomizer, PropertyMappingContextCustomizer, ExcludeFilterContextCustomizer, DuplicateJsonObjectContextCustomizer, SpringBootTestRandomPortContextCustomizer, DynamicPropertiesContextCustomizer]
2026-03-29T10:23:36.374-05:00  INFO 80059 --- [homehealthcare] [    Test worker] .b.t.c.SpringBootTestContextBootstrapper : Found @SpringBootConfiguration com.homehealthcare.HomehealthcareApplication for test class com.homehealthcare.scheduling.foundation.PhaseBSchedulingRepositoryTest
2026-03-29T10:23:36.375-05:00 DEBUG 80059 --- [homehealthcare] [    Test worker] .b.t.c.SpringBootTestContextBootstrapper : Neither @ContextConfiguration nor @ContextHierarchy found for test class [PhaseBSchedulingRepositoryTest]: using SpringBootContextLoader
2026-03-29T10:23:36.375-05:00 DEBUG 80059 --- [homehealthcare] [    Test worker] .b.t.c.SpringBootTestContextBootstrapper : Using TestExecutionListeners for test class [PhaseBSchedulingRepositoryTest]: [ServletTestExecutionListener, DirtiesContextBeforeModesTestExecutionListener, ApplicationEventsTestExecutionListener, BeanOverrideTestExecutionListener, DependencyInjectionTestExecutionListener, DirtiesContextTestExecutionListener, CommonCachesTestExecutionListener, TransactionalTestExecutionListener, SqlScriptsTestExecutionListener, WithSecurityContextTestExecutionListener, EventPublishingTestExecutionListener, ReactorContextTestExecutionListener, MockMvcPrintOnlyOnFailureTestExecutionListener, WebDriverTestExecutionListener, MockitoResetTestExecutionListener]
2026-03-29T10:23:36.382-05:00 DEBUG 80059 --- [homehealthcare] [    Test worker] org.hibernate.SQL                        : select a1_0.id,a1_0.contact_email,a1_0.created_at,a1_0.deactivated_at,a1_0.mfa_policy_mode,a1_0.mfa_required_roles,a1_0.name,a1_0.slug,a1_0.status,a1_0.timezone,a1_0.updated_at from agencies a1_0 where a1_0.id=?
2026-03-29T10:23:36.383-05:00 DEBUG 80059 --- [homehealthcare] [    Test worker] org.hibernate.SQL                        : insert into agencies (contact_email,created_at,deactivated_at,mfa_policy_mode,mfa_required_roles,name,slug,status,timezone,updated_at,id) values (?,?,?,?,?,?,?,?,?,?,?)
2026-03-29T10:23:36.384-05:00 DEBUG 80059 --- [homehealthcare] [    Test worker] org.hibernate.SQL                        : select b1_0.id,b1_0.address,b1_0.agency_id,b1_0.code,b1_0.created_at,b1_0.deactivated_at,b1_0.name,b1_0.status,b1_0.timezone,b1_0.updated_at from branches b1_0 where b1_0.id=?
2026-03-29T10:23:36.385-05:00 DEBUG 80059 --- [homehealthcare] [    Test worker] org.hibernate.SQL                        : insert into branches (address,agency_id,code,created_at,deactivated_at,name,status,timezone,updated_at,id) values (?,?,?,?,?,?,?,?,?,?)
2026-03-29T10:23:36.386-05:00 DEBUG 80059 --- [homehealthcare] [    Test worker] org.hibernate.SQL                        : select p1_0.id,p1_0.agency_id,p1_0.created_at,p1_0.date_of_birth,p1_0.email,p1_0.external_reference,p1_0.first_name,p1_0.language,p1_0.last_name,p1_0.middle_name,p1_0.notes_summary,p1_0.preferred_name,p1_0.primary_phone,p1_0.secondary_phone,p1_0.sex_marker,p1_0.status,p1_0.updated_at from patients p1_0 where p1_0.id=?
2026-03-29T10:23:36.386-05:00 DEBUG 80059 --- [homehealthcare] [    Test worker] org.hibernate.SQL                        : insert into patients (agency_id,created_at,date_of_birth,email,external_reference,first_name,language,last_name,middle_name,notes_summary,preferred_name,primary_phone,secondary_phone,sex_marker,status,updated_at,id) values (?,?,?,?,?,?,?,?,?,?,?,?,?,?,?,?,?)
2026-03-29T10:23:36.387-05:00 DEBUG 80059 --- [homehealthcare] [    Test worker] org.hibernate.SQL                        : select sl1_0.id,sl1_0.agency_id,sl1_0.code,sl1_0.created_at,sl1_0.description,sl1_0.display_order,sl1_0.effective_from,sl1_0.effective_to,sl1_0.name,sl1_0.status,sl1_0.updated_at from service_lines sl1_0 where sl1_0.id=?
2026-03-29T10:23:36.388-05:00 DEBUG 80059 --- [homehealthcare] [    Test worker] org.hibernate.SQL                        : insert into service_lines (agency_id,code,created_at,description,display_order,effective_from,effective_to,name,status,updated_at,id) values (?,?,?,?,?,?,?,?,?,?,?)
2026-03-29T10:23:36.389-05:00 DEBUG 80059 --- [homehealthcare] [    Test worker] org.hibernate.SQL                        : select vt1_0.id,vt1_0.agency_id,vt1_0.billable,vt1_0.code,vt1_0.created_at,vt1_0.default_duration_minutes,vt1_0.description,vt1_0.display_order,vt1_0.effective_from,vt1_0.effective_to,vt1_0.name,vt1_0.service_line_id,vt1_0.status,vt1_0.updated_at from visit_types vt1_0 where vt1_0.id=?
2026-03-29T10:23:36.389-05:00 DEBUG 80059 --- [homehealthcare] [    Test worker] org.hibernate.SQL                        : insert into visit_types (agency_id,billable,code,created_at,default_duration_minutes,description,display_order,effective_from,effective_to,name,service_line_id,status,updated_at,id) values (?,?,?,?,?,?,?,?,?,?,?,?,?,?)
2026-03-29T10:23:36.390-05:00 DEBUG 80059 --- [homehealthcare] [    Test worker] org.hibernate.SQL                        : select u1_0.id,u1_0.created_at,u1_0.deactivated_at,u1_0.email,u1_0.first_name,u1_0.last_login_at,u1_0.last_name,u1_0.mfa_enabled,u1_0.mfa_enrolled_at,u1_0.mfa_secret,u1_0.password_hash,u1_0.phone,u1_0.preferred_language,u1_0.status,u1_0.time_zone,u1_0.updated_at from users u1_0 where u1_0.id=?
2026-03-29T10:23:36.391-05:00 DEBUG 80059 --- [homehealthcare] [    Test worker] org.hibernate.SQL                        : insert into users (created_at,deactivated_at,email,first_name,last_login_at,last_name,mfa_enabled,mfa_enrolled_at,mfa_secret,password_hash,phone,preferred_language,status,time_zone,updated_at,id) values (?,?,?,?,?,?,?,?,?,?,?,?,?,?,?,?)
2026-03-29T10:23:36.392-05:00 DEBUG 80059 --- [homehealthcare] [    Test worker] org.hibernate.SQL                        : update users set deactivated_at=?,email=?,first_name=?,last_login_at=?,last_name=?,mfa_enabled=?,mfa_enrolled_at=?,mfa_secret=?,password_hash=?,phone=?,preferred_language=?,status=?,time_zone=?,updated_at=? where id=?
2026-03-29T10:23:36.393-05:00 DEBUG 80059 --- [homehealthcare] [    Test worker] org.hibernate.SQL                        : select am1_0.id,am1_0.agency_id,am1_0.created_at,am1_0.role_key,am1_0.status,am1_0.updated_at,am1_0.user_id from agency_memberships am1_0 where am1_0.id=?
2026-03-29T10:23:36.394-05:00 DEBUG 80059 --- [homehealthcare] [    Test worker] org.hibernate.SQL                        : insert into agency_memberships (agency_id,created_at,role_key,status,updated_at,user_id,id) values (?,?,?,?,?,?,?)
2026-03-29T10:23:36.394-05:00 DEBUG 80059 --- [homehealthcare] [    Test worker] org.hibernate.SQL                        : select u1_0.id,u1_0.created_at,u1_0.deactivated_at,u1_0.email,u1_0.first_name,u1_0.last_login_at,u1_0.last_name,u1_0.mfa_enabled,u1_0.mfa_enrolled_at,u1_0.mfa_secret,u1_0.password_hash,u1_0.phone,u1_0.preferred_language,u1_0.status,u1_0.time_zone,u1_0.updated_at from users u1_0 where u1_0.id=?
2026-03-29T10:23:36.395-05:00 DEBUG 80059 --- [homehealthcare] [    Test worker] org.hibernate.SQL                        : insert into users (created_at,deactivated_at,email,first_name,last_login_at,last_name,mfa_enabled,mfa_enrolled_at,mfa_secret,password_hash,phone,preferred_language,status,time_zone,updated_at,id) values (?,?,?,?,?,?,?,?,?,?,?,?,?,?,?,?)
2026-03-29T10:23:36.396-05:00 DEBUG 80059 --- [homehealthcare] [    Test worker] org.hibernate.SQL                        : update users set deactivated_at=?,email=?,first_name=?,last_login_at=?,last_name=?,mfa_enabled=?,mfa_enrolled_at=?,mfa_secret=?,password_hash=?,phone=?,preferred_language=?,status=?,time_zone=?,updated_at=? where id=?
2026-03-29T10:23:36.397-05:00 DEBUG 80059 --- [homehealthcare] [    Test worker] org.hibernate.SQL                        : select am1_0.id,am1_0.agency_id,am1_0.created_at,am1_0.role_key,am1_0.status,am1_0.updated_at,am1_0.user_id from agency_memberships am1_0 where am1_0.id=?
2026-03-29T10:23:36.398-05:00 DEBUG 80059 --- [homehealthcare] [    Test worker] org.hibernate.SQL                        : insert into agency_memberships (agency_id,created_at,role_key,status,updated_at,user_id,id) values (?,?,?,?,?,?,?)
2026-03-29T10:23:36.398-05:00 DEBUG 80059 --- [homehealthcare] [    Test worker] org.hibernate.SQL                        : select cp1_0.id,cp1_0.agency_id,cp1_0.agency_membership_id,cp1_0.caregiver_code,cp1_0.created_at,cp1_0.display_name,cp1_0.employment_type,cp1_0.end_date,cp1_0.notes,cp1_0.primary_branch_id,cp1_0.start_date,cp1_0.status,cp1_0.updated_at from caregiver_profiles cp1_0 where cp1_0.id=?
2026-03-29T10:23:36.399-05:00 DEBUG 80059 --- [homehealthcare] [    Test worker] org.hibernate.SQL                        : insert into caregiver_profiles (agency_id,agency_membership_id,caregiver_code,created_at,display_name,employment_type,end_date,notes,primary_branch_id,start_date,status,updated_at,id) values (?,?,?,?,?,?,?,?,?,?,?,?,?)
2026-03-29T10:23:36.402-05:00 DEBUG 80059 --- [homehealthcare] [    Test worker] org.hibernate.SQL                        : select rvr1_0.id,rvr1_0.agency_id,rvr1_0.branch_id,rvr1_0.cadence,rvr1_0.created_at,rvr1_0.creation_mode,rvr1_0.effective_end,rvr1_0.effective_start,rvr1_0.notes,rvr1_0.patient_id,rvr1_0.planned_end_time,rvr1_0.planned_start_time,rvr1_0.priority,rvr1_0.service_line_id,rvr1_0.status,rvr1_0.timezone,rvr1_0.updated_at,rvr1_0.visit_type_id,rvr1_0.weekday_pattern from recurring_visit_rules rvr1_0 where rvr1_0.id=?
2026-03-29T10:23:36.406-05:00 DEBUG 80059 --- [homehealthcare] [    Test worker] org.hibernate.SQL                        : insert into recurring_visit_rules (agency_id,branch_id,cadence,created_at,creation_mode,effective_end,effective_start,notes,patient_id,planned_end_time,planned_start_time,priority,service_line_id,status,timezone,updated_at,visit_type_id,weekday_pattern,id) values (?,?,?,?,?,?,?,?,?,?,?,?,?,?,?,?,?,?,?)
2026-03-29T10:23:36.408-05:00 DEBUG 80059 --- [homehealthcare] [    Test worker] org.hibernate.SQL                        : select vo1_0.id,vo1_0.agency_id,vo1_0.branch_id,vo1_0.created_at,vo1_0.creation_mode,vo1_0.notes,vo1_0.patient_id,vo1_0.planned_end_at,vo1_0.planned_start_at,vo1_0.priority,vo1_0.recurring_visit_rule_id,vo1_0.service_line_id,vo1_0.status,vo1_0.timezone,vo1_0.updated_at,vo1_0.visit_type_id from visit_occurrences vo1_0 where vo1_0.id=?
2026-03-29T10:23:36.409-05:00 DEBUG 80059 --- [homehealthcare] [    Test worker] org.hibernate.SQL                        : insert into visit_occurrences (agency_id,branch_id,created_at,creation_mode,notes,patient_id,planned_end_at,planned_start_at,priority,recurring_visit_rule_id,service_line_id,status,timezone,updated_at,visit_type_id,id) values (?,?,?,?,?,?,?,?,?,?,?,?,?,?,?,?)
2026-03-29T10:23:36.410-05:00 DEBUG 80059 --- [homehealthcare] [    Test worker] org.hibernate.SQL                        : select cva1_0.id,cva1_0.agency_id,cva1_0.assigned_at,cva1_0.assigned_by_membership_id,cva1_0.assignment_source,cva1_0.assignment_status,cva1_0.branch_id,cva1_0.caregiver_profile_id,cva1_0.created_at,cva1_0.notes,cva1_0.updated_at,cva1_0.visit_occurrence_id from caregiver_visit_assignments cva1_0 where cva1_0.id=?
2026-03-29T10:23:36.411-05:00 DEBUG 80059 --- [homehealthcare] [    Test worker] org.hibernate.SQL                        : insert into caregiver_visit_assignments (agency_id,assigned_at,assigned_by_membership_id,assignment_source,assignment_status,branch_id,caregiver_profile_id,created_at,notes,updated_at,visit_occurrence_id,id) values (?,?,?,?,?,?,?,?,?,?,?,?)
2026-03-29T10:23:36.411-05:00 DEBUG 80059 --- [homehealthcare] [    Test worker] org.hibernate.SQL                        : select vo1_0.id,vo1_0.agency_id,vo1_0.branch_id,vo1_0.created_at,vo1_0.creation_mode,vo1_0.notes,vo1_0.patient_id,vo1_0.planned_end_at,vo1_0.planned_start_at,vo1_0.priority,vo1_0.recurring_visit_rule_id,vo1_0.service_line_id,vo1_0.status,vo1_0.timezone,vo1_0.updated_at,vo1_0.visit_type_id from visit_occurrences vo1_0 where vo1_0.id=?
2026-03-29T10:23:36.412-05:00 DEBUG 80059 --- [homehealthcare] [    Test worker] org.hibernate.SQL                        : insert into visit_occurrences (agency_id,branch_id,created_at,creation_mode,notes,patient_id,planned_end_at,planned_start_at,priority,recurring_visit_rule_id,service_line_id,status,timezone,updated_at,visit_type_id,id) values (?,?,?,?,?,?,?,?,?,?,?,?,?,?,?,?)
2026-03-29T10:23:36.414-05:00 DEBUG 80059 --- [homehealthcare] [    Test worker] org.hibernate.SQL                        : select os1_0.id,os1_0.agency_id,os1_0.branch_id,os1_0.closed_at,os1_0.closed_by_membership_id,os1_0.created_at,os1_0.notes,os1_0.opened_at,os1_0.opened_by_membership_id,os1_0.priority,os1_0.status,os1_0.updated_at,os1_0.visit_occurrence_id from open_shifts os1_0 where os1_0.id=?
2026-03-29T10:23:36.419-05:00 DEBUG 80059 --- [homehealthcare] [    Test worker] org.hibernate.SQL                        : insert into open_shifts (agency_id,branch_id,closed_at,closed_by_membership_id,created_at,notes,opened_at,opened_by_membership_id,priority,status,updated_at,visit_occurrence_id,id) values (?,?,?,?,?,?,?,?,?,?,?,?,?)
2026-03-29T10:23:36.421-05:00 DEBUG 80059 --- [homehealthcare] [    Test worker] org.hibernate.SQL                        : select vre1_0.id,vre1_0.agency_id,vre1_0.created_at,vre1_0.new_caregiver_profile_id,vre1_0.new_planned_end_at,vre1_0.new_planned_start_at,vre1_0.previous_caregiver_profile_id,vre1_0.previous_planned_end_at,vre1_0.previous_planned_start_at,vre1_0.reason,vre1_0.rescheduled_at,vre1_0.rescheduled_by_membership_id,vre1_0.updated_at,vre1_0.visit_occurrence_id from visit_reschedule_events vre1_0 where vre1_0.id=?
2026-03-29T10:23:36.424-05:00 DEBUG 80059 --- [homehealthcare] [    Test worker] org.hibernate.SQL                        : insert into visit_reschedule_events (agency_id,created_at,new_caregiver_profile_id,new_planned_end_at,new_planned_start_at,previous_caregiver_profile_id,previous_planned_end_at,previous_planned_start_at,reason,rescheduled_at,rescheduled_by_membership_id,updated_at,visit_occurrence_id,id) values (?,?,?,?,?,?,?,?,?,?,?,?,?,?)
2026-03-29T10:23:36.426-05:00 DEBUG 80059 --- [homehealthcare] [    Test worker] org.hibernate.SQL                        : select vce1_0.id,vce1_0.agency_id,vce1_0.cancellation_party,vce1_0.cancelled_at,vce1_0.cancelled_by_membership_id,vce1_0.created_at,vce1_0.reason,vce1_0.updated_at,vce1_0.visit_occurrence_id from visit_cancellation_events vce1_0 where vce1_0.id=?
2026-03-29T10:23:36.429-05:00 DEBUG 80059 --- [homehealthcare] [    Test worker] org.hibernate.SQL                        : insert into visit_cancellation_events (agency_id,cancellation_party,cancelled_at,cancelled_by_membership_id,created_at,reason,updated_at,visit_occurrence_id,id) values (?,?,?,?,?,?,?,?,?)
2026-03-29T10:23:36.441-05:00 DEBUG 80059 --- [homehealthcare] [    Test worker] org.hibernate.SQL                        : select a1_0.id,a1_0.contact_email,a1_0.created_at,a1_0.deactivated_at,a1_0.mfa_policy_mode,a1_0.mfa_required_roles,a1_0.name,a1_0.slug,a1_0.status,a1_0.timezone,a1_0.updated_at from agencies a1_0 where a1_0.id=?
2026-03-29T10:23:36.442-05:00 DEBUG 80059 --- [homehealthcare] [    Test worker] org.hibernate.SQL                        : insert into agencies (contact_email,created_at,deactivated_at,mfa_policy_mode,mfa_required_roles,name,slug,status,timezone,updated_at,id) values (?,?,?,?,?,?,?,?,?,?,?)
2026-03-29T10:23:36.443-05:00 DEBUG 80059 --- [homehealthcare] [    Test worker] org.hibernate.SQL                        : select p1_0.id,p1_0.agency_id,p1_0.created_at,p1_0.date_of_birth,p1_0.email,p1_0.external_reference,p1_0.first_name,p1_0.language,p1_0.last_name,p1_0.middle_name,p1_0.notes_summary,p1_0.preferred_name,p1_0.primary_phone,p1_0.secondary_phone,p1_0.sex_marker,p1_0.status,p1_0.updated_at from patients p1_0 where p1_0.id=?
2026-03-29T10:23:36.445-05:00 DEBUG 80059 --- [homehealthcare] [    Test worker] org.hibernate.SQL                        : insert into patients (agency_id,created_at,date_of_birth,email,external_reference,first_name,language,last_name,middle_name,notes_summary,preferred_name,primary_phone,secondary_phone,sex_marker,status,updated_at,id) values (?,?,?,?,?,?,?,?,?,?,?,?,?,?,?,?,?)
]]></system-out>
  <system-err><![CDATA[]]></system-err>
</testsuite>
