<?xml version="1.0" encoding="UTF-8"?>
<testsuite name="com.homehealthcare.platform.email.SystemEmailTemplateServiceTest" tests="2" skipped="0" failures="0" errors="0" timestamp="2026-03-28T14:20:11.812Z" hostname="Shivangs-MacBook-Pro.local" time="0.027">
  <properties/>
  <testcase name="securityAlertTemplateExistsForConfiguredAlertUseCases()" classname="com.homehealthcare.platform.email.SystemEmailTemplateServiceTest" time="0.005"/>
  <testcase name="invitationAndPasswordResetTemplatesRenderSignedExpiringLinks()" classname="com.homehealthcare.platform.email.SystemEmailTemplateServiceTest" time="0.005"/>
  <system-out><![CDATA[2026-03-28T09:20:11.813-05:00  INFO 38125 --- [homehealthcare] [    Test worker] t.c.s.AnnotationConfigContextLoaderUtils : Could not detect default configuration classes for test class [com.homehealthcare.platform.email.SystemEmailTemplateServiceTest]: SystemEmailTemplateServiceTest does not declare any static, non-private, non-final, nested classes annotated with @Configuration.
2026-03-28T09:20:11.813-05:00 DEBUG 38125 --- [homehealthcare] [    Test worker] .b.t.c.SpringBootTestContextBootstrapper : Using ContextCustomizerFactory implementations for test class [SystemEmailTemplateServiceTest]: [WebDriverContextCustomizerFactory, OnFailureConditionReportContextCustomizerFactory, OverrideAutoConfigurationContextCustomizerFactory, ImportsContextCustomizerFactory, PropertyMappingContextCustomizerFactory, ExcludeFilterContextCustomizerFactory, TypeExcludeFiltersContextCustomizerFactory, DisableReactorResourceFactoryGlobalResourcesContextCustomizerFactory, DuplicateJsonObjectContextCustomizerFactory, SpringBootTestRandomPortContextCustomizerFactory, BeanOverrideContextCustomizerFactory, MockServerContainerContextCustomizerFactory, DynamicPropertiesContextCustomizerFactory]
2026-03-28T09:20:11.813-05:00 DEBUG 38125 --- [homehealthcare] [    Test worker] .b.t.c.SpringBootTestContextBootstrapper : Using ContextCustomizers for test class [SystemEmailTemplateServiceTest]: [WebDriverContextCustomizer, OnFailureConditionReportContextCustomizer, PropertyMappingContextCustomizer, ExcludeFilterContextCustomizer, DuplicateJsonObjectContextCustomizer, SpringBootTestRandomPortContextCustomizer, DynamicPropertiesContextCustomizer]
2026-03-28T09:20:11.826-05:00  INFO 38125 --- [homehealthcare] [    Test worker] .b.t.c.SpringBootTestContextBootstrapper : Found @SpringBootConfiguration com.homehealthcare.HomehealthcareApplication for test class com.homehealthcare.platform.email.SystemEmailTemplateServiceTest
2026-03-28T09:20:11.827-05:00  INFO 38125 --- [homehealthcare] [    Test worker] t.c.s.AnnotationConfigContextLoaderUtils : Could not detect default configuration classes for test class [com.homehealthcare.platform.email.SystemEmailTemplateServiceTest]: SystemEmailTemplateServiceTest does not declare any static, non-private, non-final, nested classes annotated with @Configuration.
2026-03-28T09:20:11.827-05:00 DEBUG 38125 --- [homehealthcare] [    Test worker] .b.t.c.SpringBootTestContextBootstrapper : Using ContextCustomizerFactory implementations for test class [SystemEmailTemplateServiceTest]: [WebDriverContextCustomizerFactory, OnFailureConditionReportContextCustomizerFactory, OverrideAutoConfigurationContextCustomizerFactory, ImportsContextCustomizerFactory, PropertyMappingContextCustomizerFactory, ExcludeFilterContextCustomizerFactory, TypeExcludeFiltersContextCustomizerFactory, DisableReactorResourceFactoryGlobalResourcesContextCustomizerFactory, DuplicateJsonObjectContextCustomizerFactory, SpringBootTestRandomPortContextCustomizerFactory, BeanOverrideContextCustomizerFactory, MockServerContainerContextCustomizerFactory, DynamicPropertiesContextCustomizerFactory]
2026-03-28T09:20:11.828-05:00 DEBUG 38125 --- [homehealthcare] [    Test worker] .b.t.c.SpringBootTestContextBootstrapper : Using ContextCustomizers for test class [SystemEmailTemplateServiceTest]: [WebDriverContextCustomizer, OnFailureConditionReportContextCustomizer, PropertyMappingContextCustomizer, ExcludeFilterContextCustomizer, DuplicateJsonObjectContextCustomizer, SpringBootTestRandomPortContextCustomizer, DynamicPropertiesContextCustomizer]
2026-03-28T09:20:11.828-05:00  INFO 38125 --- [homehealthcare] [    Test worker] .b.t.c.SpringBootTestContextBootstrapper : Found @SpringBootConfiguration com.homehealthcare.HomehealthcareApplication for test class com.homehealthcare.platform.email.SystemEmailTemplateServiceTest
2026-03-28T09:20:11.828-05:00 DEBUG 38125 --- [homehealthcare] [    Test worker] .b.t.c.SpringBootTestContextBootstrapper : Neither @ContextConfiguration nor @ContextHierarchy found for test class [SystemEmailTemplateServiceTest]: using SpringBootContextLoader
2026-03-28T09:20:11.829-05:00 DEBUG 38125 --- [homehealthcare] [    Test worker] .b.t.c.SpringBootTestContextBootstrapper : Using TestExecutionListeners for test class [SystemEmailTemplateServiceTest]: [ServletTestExecutionListener, DirtiesContextBeforeModesTestExecutionListener, ApplicationEventsTestExecutionListener, BeanOverrideTestExecutionListener, DependencyInjectionTestExecutionListener, DirtiesContextTestExecutionListener, CommonCachesTestExecutionListener, TransactionalTestExecutionListener, SqlScriptsTestExecutionListener, WithSecurityContextTestExecutionListener, EventPublishingTestExecutionListener, ReactorContextTestExecutionListener, MockMvcPrintOnlyOnFailureTestExecutionListener, WebDriverTestExecutionListener, MockitoResetTestExecutionListener]
]]></system-out>
  <system-err><![CDATA[]]></system-err>
</testsuite>
