<?xml version="1.0" encoding="UTF-8"?>
<testsuite name="com.homehealthcare.me.api.CurrentAccessIntegrationTest" tests="2" skipped="0" failures="0" errors="0" timestamp="2026-03-28T06:11:16.420Z" hostname="Shivangs-MacBook-Pro.local" time="0.11">
  <properties/>
  <testcase name="returnsAgencyWideScopeForAgencyOwner()" classname="com.homehealthcare.me.api.CurrentAccessIntegrationTest" time="0.043"/>
  <testcase name="returnsCurrentRolePermissionsAndAssignedBranches()" classname="com.homehealthcare.me.api.CurrentAccessIntegrationTest" time="0.025"/>
  <system-out><![CDATA[2026-03-28T01:11:16.424-05:00  INFO 11640 --- [homehealthcare] [    Test worker] t.c.s.AnnotationConfigContextLoaderUtils : Could not detect default configuration classes for test class [com.homehealthcare.me.api.CurrentAccessIntegrationTest]: CurrentAccessIntegrationTest does not declare any static, non-private, non-final, nested classes annotated with @Configuration.
2026-03-28T01:11:16.425-05:00 DEBUG 11640 --- [homehealthcare] [    Test worker] .b.t.c.SpringBootTestContextBootstrapper : Using ContextCustomizerFactory implementations for test class [CurrentAccessIntegrationTest]: [WebDriverContextCustomizerFactory, OnFailureConditionReportContextCustomizerFactory, OverrideAutoConfigurationContextCustomizerFactory, ImportsContextCustomizerFactory, PropertyMappingContextCustomizerFactory, ExcludeFilterContextCustomizerFactory, TypeExcludeFiltersContextCustomizerFactory, DisableReactorResourceFactoryGlobalResourcesContextCustomizerFactory, DuplicateJsonObjectContextCustomizerFactory, SpringBootTestRandomPortContextCustomizerFactory, BeanOverrideContextCustomizerFactory, MockServerContainerContextCustomizerFactory, DynamicPropertiesContextCustomizerFactory]
2026-03-28T01:11:16.427-05:00 DEBUG 11640 --- [homehealthcare] [    Test worker] .b.t.c.SpringBootTestContextBootstrapper : Using ContextCustomizers for test class [CurrentAccessIntegrationTest]: [WebDriverContextCustomizer, OnFailureConditionReportContextCustomizer, ImportsContextCustomizer, PropertyMappingContextCustomizer, ExcludeFilterContextCustomizer, DuplicateJsonObjectContextCustomizer, SpringBootTestRandomPortContextCustomizer, DynamicPropertiesContextCustomizer]
2026-03-28T01:11:16.451-05:00  INFO 11640 --- [homehealthcare] [    Test worker] .b.t.c.SpringBootTestContextBootstrapper : Found @SpringBootConfiguration com.homehealthcare.HomehealthcareApplication for test class com.homehealthcare.me.api.CurrentAccessIntegrationTest
2026-03-28T01:11:16.453-05:00  INFO 11640 --- [homehealthcare] [    Test worker] t.c.s.AnnotationConfigContextLoaderUtils : Could not detect default configuration classes for test class [com.homehealthcare.me.api.CurrentAccessIntegrationTest]: CurrentAccessIntegrationTest does not declare any static, non-private, non-final, nested classes annotated with @Configuration.
2026-03-28T01:11:16.453-05:00 DEBUG 11640 --- [homehealthcare] [    Test worker] .b.t.c.SpringBootTestContextBootstrapper : Using ContextCustomizerFactory implementations for test class [CurrentAccessIntegrationTest]: [WebDriverContextCustomizerFactory, OnFailureConditionReportContextCustomizerFactory, OverrideAutoConfigurationContextCustomizerFactory, ImportsContextCustomizerFactory, PropertyMappingContextCustomizerFactory, ExcludeFilterContextCustomizerFactory, TypeExcludeFiltersContextCustomizerFactory, DisableReactorResourceFactoryGlobalResourcesContextCustomizerFactory, DuplicateJsonObjectContextCustomizerFactory, SpringBootTestRandomPortContextCustomizerFactory, BeanOverrideContextCustomizerFactory, MockServerContainerContextCustomizerFactory, DynamicPropertiesContextCustomizerFactory]
2026-03-28T01:11:16.454-05:00 DEBUG 11640 --- [homehealthcare] [    Test worker] .b.t.c.SpringBootTestContextBootstrapper : Using ContextCustomizers for test class [CurrentAccessIntegrationTest]: [WebDriverContextCustomizer, OnFailureConditionReportContextCustomizer, ImportsContextCustomizer, PropertyMappingContextCustomizer, ExcludeFilterContextCustomizer, DuplicateJsonObjectContextCustomizer, SpringBootTestRandomPortContextCustomizer, DynamicPropertiesContextCustomizer]
2026-03-28T01:11:16.455-05:00  INFO 11640 --- [homehealthcare] [    Test worker] .b.t.c.SpringBootTestContextBootstrapper : Found @SpringBootConfiguration com.homehealthcare.HomehealthcareApplication for test class com.homehealthcare.me.api.CurrentAccessIntegrationTest
2026-03-28T01:11:16.455-05:00 DEBUG 11640 --- [homehealthcare] [    Test worker] .b.t.c.SpringBootTestContextBootstrapper : Neither @ContextConfiguration nor @ContextHierarchy found for test class [CurrentAccessIntegrationTest]: using SpringBootContextLoader
2026-03-28T01:11:16.456-05:00 DEBUG 11640 --- [homehealthcare] [    Test worker] .b.t.c.SpringBootTestContextBootstrapper : Using TestExecutionListeners for test class [CurrentAccessIntegrationTest]: [ServletTestExecutionListener, DirtiesContextBeforeModesTestExecutionListener, ApplicationEventsTestExecutionListener, BeanOverrideTestExecutionListener, DependencyInjectionTestExecutionListener, DirtiesContextTestExecutionListener, CommonCachesTestExecutionListener, TransactionalTestExecutionListener, SqlScriptsTestExecutionListener, WithSecurityContextTestExecutionListener, EventPublishingTestExecutionListener, ReactorContextTestExecutionListener, MockMvcPrintOnlyOnFailureTestExecutionListener, WebDriverTestExecutionListener, MockitoResetTestExecutionListener]
2026-03-28T01:11:16.465-05:00 DEBUG 11640 --- [homehealthcare] [    Test worker] org.hibernate.SQL                        : select a1_0.id,a1_0.contact_email,a1_0.created_at,a1_0.deactivated_at,a1_0.mfa_policy_mode,a1_0.mfa_required_roles,a1_0.name,a1_0.slug,a1_0.status,a1_0.timezone,a1_0.updated_at from agencies a1_0 where a1_0.id=?
2026-03-28T01:11:16.467-05:00 DEBUG 11640 --- [homehealthcare] [    Test worker] org.hibernate.SQL                        : insert into agencies (contact_email,created_at,deactivated_at,mfa_policy_mode,mfa_required_roles,name,slug,status,timezone,updated_at,id) values (?,?,?,?,?,?,?,?,?,?,?)
2026-03-28T01:11:16.468-05:00 DEBUG 11640 --- [homehealthcare] [    Test worker] org.hibernate.SQL                        : select u1_0.id,u1_0.created_at,u1_0.deactivated_at,u1_0.email,u1_0.first_name,u1_0.last_login_at,u1_0.last_name,u1_0.mfa_enabled,u1_0.mfa_enrolled_at,u1_0.mfa_secret,u1_0.password_hash,u1_0.phone,u1_0.preferred_language,u1_0.status,u1_0.time_zone,u1_0.updated_at from users u1_0 where u1_0.id=?
2026-03-28T01:11:16.469-05:00 DEBUG 11640 --- [homehealthcare] [    Test worker] org.hibernate.SQL                        : insert into users (created_at,deactivated_at,email,first_name,last_login_at,last_name,mfa_enabled,mfa_enrolled_at,mfa_secret,password_hash,phone,preferred_language,status,time_zone,updated_at,id) values (?,?,?,?,?,?,?,?,?,?,?,?,?,?,?,?)
2026-03-28T01:11:16.470-05:00 DEBUG 11640 --- [homehealthcare] [    Test worker] org.hibernate.SQL                        : select am1_0.id,am1_0.agency_id,am1_0.created_at,am1_0.role_key,am1_0.status,am1_0.updated_at,am1_0.user_id from agency_memberships am1_0 where am1_0.id=?
2026-03-28T01:11:16.471-05:00 DEBUG 11640 --- [homehealthcare] [    Test worker] org.hibernate.SQL                        : insert into agency_memberships (agency_id,created_at,role_key,status,updated_at,user_id,id) values (?,?,?,?,?,?,?)
2026-03-28T01:11:16.475-05:00 DEBUG 11640 --- [homehealthcare] [    Test worker] s.w.s.m.m.a.RequestMappingHandlerMapping : Mapped to com.homehealthcare.me.api.CurrentAccessController#currentAccess()
2026-03-28T01:11:16.481-05:00 DEBUG 11640 --- [homehealthcare] [    Test worker] org.hibernate.SQL                        : select am1_0.id,am1_0.agency_id,am1_0.created_at,am1_0.role_key,am1_0.status,am1_0.updated_at,am1_0.user_id from agency_memberships am1_0 where am1_0.id=? and am1_0.agency_id=?
2026-03-28T01:11:16.483-05:00 DEBUG 11640 --- [homehealthcare] [    Test worker] org.hibernate.SQL                        : select ba1_0.id,ba1_0.agency_id,ba1_0.agency_membership_id,ba1_0.branch_id,ba1_0.created_at,ba1_0.status,ba1_0.updated_at from branch_assignments ba1_0 join branches b1_0 on b1_0.id=ba1_0.branch_id where ba1_0.agency_membership_id=? and ba1_0.status=? order by b1_0.name
2026-03-28T01:11:16.486-05:00 DEBUG 11640 --- [homehealthcare] [    Test worker] m.m.a.RequestResponseBodyMethodProcessor : Using 'application/json', given [*/*] and supported [application/json, application/*+json]
2026-03-28T01:11:16.491-05:00 DEBUG 11640 --- [homehealthcare] [    Test worker] m.m.a.RequestResponseBodyMethodProcessor : Writing [CurrentAccessResponse[userId=0bc51b0f-536b-40fb-a4aa-bafd09f49f95, agencyId=b31c0a02-3212-4e9a-97f0- (truncated)...]
2026-03-28T01:11:16.508-05:00 DEBUG 11640 --- [homehealthcare] [    Test worker] org.hibernate.SQL                        : select a1_0.id,a1_0.contact_email,a1_0.created_at,a1_0.deactivated_at,a1_0.mfa_policy_mode,a1_0.mfa_required_roles,a1_0.name,a1_0.slug,a1_0.status,a1_0.timezone,a1_0.updated_at from agencies a1_0 where a1_0.id=?
2026-03-28T01:11:16.509-05:00 DEBUG 11640 --- [homehealthcare] [    Test worker] org.hibernate.SQL                        : insert into agencies (contact_email,created_at,deactivated_at,mfa_policy_mode,mfa_required_roles,name,slug,status,timezone,updated_at,id) values (?,?,?,?,?,?,?,?,?,?,?)
2026-03-28T01:11:16.510-05:00 DEBUG 11640 --- [homehealthcare] [    Test worker] org.hibernate.SQL                        : select u1_0.id,u1_0.created_at,u1_0.deactivated_at,u1_0.email,u1_0.first_name,u1_0.last_login_at,u1_0.last_name,u1_0.mfa_enabled,u1_0.mfa_enrolled_at,u1_0.mfa_secret,u1_0.password_hash,u1_0.phone,u1_0.preferred_language,u1_0.status,u1_0.time_zone,u1_0.updated_at from users u1_0 where u1_0.id=?
2026-03-28T01:11:16.511-05:00 DEBUG 11640 --- [homehealthcare] [    Test worker] org.hibernate.SQL                        : insert into users (created_at,deactivated_at,email,first_name,last_login_at,last_name,mfa_enabled,mfa_enrolled_at,mfa_secret,password_hash,phone,preferred_language,status,time_zone,updated_at,id) values (?,?,?,?,?,?,?,?,?,?,?,?,?,?,?,?)
2026-03-28T01:11:16.512-05:00 DEBUG 11640 --- [homehealthcare] [    Test worker] org.hibernate.SQL                        : select am1_0.id,am1_0.agency_id,am1_0.created_at,am1_0.role_key,am1_0.status,am1_0.updated_at,am1_0.user_id from agency_memberships am1_0 where am1_0.id=?
2026-03-28T01:11:16.514-05:00 DEBUG 11640 --- [homehealthcare] [    Test worker] org.hibernate.SQL                        : insert into agency_memberships (agency_id,created_at,role_key,status,updated_at,user_id,id) values (?,?,?,?,?,?,?)
2026-03-28T01:11:16.515-05:00 DEBUG 11640 --- [homehealthcare] [    Test worker] org.hibernate.SQL                        : select b1_0.id,b1_0.address,b1_0.agency_id,b1_0.code,b1_0.created_at,b1_0.deactivated_at,b1_0.name,b1_0.status,b1_0.timezone,b1_0.updated_at from branches b1_0 where b1_0.id=?
2026-03-28T01:11:16.516-05:00 DEBUG 11640 --- [homehealthcare] [    Test worker] org.hibernate.SQL                        : insert into branches (address,agency_id,code,created_at,deactivated_at,name,status,timezone,updated_at,id) values (?,?,?,?,?,?,?,?,?,?)
2026-03-28T01:11:16.517-05:00 DEBUG 11640 --- [homehealthcare] [    Test worker] org.hibernate.SQL                        : select ba1_0.id,ba1_0.agency_id,ba1_0.agency_membership_id,ba1_0.branch_id,ba1_0.created_at,ba1_0.status,ba1_0.updated_at from branch_assignments ba1_0 where ba1_0.id=?
2026-03-28T01:11:16.519-05:00 DEBUG 11640 --- [homehealthcare] [    Test worker] org.hibernate.SQL                        : insert into branch_assignments (agency_id,agency_membership_id,branch_id,created_at,status,updated_at,id) values (?,?,?,?,?,?,?)
2026-03-28T01:11:16.521-05:00 DEBUG 11640 --- [homehealthcare] [    Test worker] s.w.s.m.m.a.RequestMappingHandlerMapping : Mapped to com.homehealthcare.me.api.CurrentAccessController#currentAccess()
2026-03-28T01:11:16.521-05:00 DEBUG 11640 --- [homehealthcare] [    Test worker] org.hibernate.SQL                        : select am1_0.id,am1_0.agency_id,am1_0.created_at,am1_0.role_key,am1_0.status,am1_0.updated_at,am1_0.user_id from agency_memberships am1_0 where am1_0.id=? and am1_0.agency_id=?
2026-03-28T01:11:16.523-05:00 DEBUG 11640 --- [homehealthcare] [    Test worker] org.hibernate.SQL                        : select ba1_0.id,ba1_0.agency_id,ba1_0.agency_membership_id,ba1_0.branch_id,ba1_0.created_at,ba1_0.status,ba1_0.updated_at from branch_assignments ba1_0 join branches b1_0 on b1_0.id=ba1_0.branch_id where ba1_0.agency_membership_id=? and ba1_0.status=? order by b1_0.name
2026-03-28T01:11:16.524-05:00 DEBUG 11640 --- [homehealthcare] [    Test worker] m.m.a.RequestResponseBodyMethodProcessor : Using 'application/json', given [*/*] and supported [application/json, application/*+json]
2026-03-28T01:11:16.524-05:00 DEBUG 11640 --- [homehealthcare] [    Test worker] m.m.a.RequestResponseBodyMethodProcessor : Writing [CurrentAccessResponse[userId=effd6d58-4607-4ad8-8f09-cb35db14e4dd, agencyId=d514d30b-5bbc-45d0-a9c1- (truncated)...]
]]></system-out>
  <system-err><![CDATA[]]></system-err>
</testsuite>
