<?xml version="1.0" encoding="UTF-8"?>
<testsuite name="com.homehealthcare.auth.api.ResetPasswordIntegrationTest" tests="5" skipped="0" failures="0" errors="0" timestamp="2026-03-28T00:09:01.874Z" hostname="Shivangs-MacBook-Pro.local" time="1.484">
  <properties/>
  <testcase name="resetCanPreserveExistingSessionsWhenRequested()" classname="com.homehealthcare.auth.api.ResetPasswordIntegrationTest" time="0.502"/>
  <testcase name="passwordPolicyIsEnforcedAndTokenRemainsPendingOnWeakPassword()" classname="com.homehealthcare.auth.api.ResetPasswordIntegrationTest" time="0.093"/>
  <testcase name="commonAndReusedPasswordsAreRejected()" classname="com.homehealthcare.auth.api.ResetPasswordIntegrationTest" time="0.176"/>
  <testcase name="invalidAndExpiredTokensAreRejected()" classname="com.homehealthcare.auth.api.ResetPasswordIntegrationTest" time="0.13"/>
  <testcase name="validResetTokenResetsPasswordOptionallyRevokesSessionsAndAudits()" classname="com.homehealthcare.auth.api.ResetPasswordIntegrationTest" time="0.576"/>
  <system-out><![CDATA[2026-03-27T19:09:01.875-05:00  INFO 61769 --- [homehealthcare] [    Test worker] t.c.s.AnnotationConfigContextLoaderUtils : Could not detect default configuration classes for test class [com.homehealthcare.auth.api.ResetPasswordIntegrationTest]: ResetPasswordIntegrationTest does not declare any static, non-private, non-final, nested classes annotated with @Configuration.
2026-03-27T19:09:01.875-05:00 DEBUG 61769 --- [homehealthcare] [    Test worker] .b.t.c.SpringBootTestContextBootstrapper : Using ContextCustomizerFactory implementations for test class [ResetPasswordIntegrationTest]: [WebDriverContextCustomizerFactory, OnFailureConditionReportContextCustomizerFactory, OverrideAutoConfigurationContextCustomizerFactory, ImportsContextCustomizerFactory, PropertyMappingContextCustomizerFactory, ExcludeFilterContextCustomizerFactory, TypeExcludeFiltersContextCustomizerFactory, DisableReactorResourceFactoryGlobalResourcesContextCustomizerFactory, DuplicateJsonObjectContextCustomizerFactory, SpringBootTestRandomPortContextCustomizerFactory, BeanOverrideContextCustomizerFactory, MockServerContainerContextCustomizerFactory, DynamicPropertiesContextCustomizerFactory]
2026-03-27T19:09:01.876-05:00 DEBUG 61769 --- [homehealthcare] [    Test worker] .b.t.c.SpringBootTestContextBootstrapper : Using ContextCustomizers for test class [ResetPasswordIntegrationTest]: [WebDriverContextCustomizer, OnFailureConditionReportContextCustomizer, ImportsContextCustomizer, PropertyMappingContextCustomizer, ExcludeFilterContextCustomizer, DuplicateJsonObjectContextCustomizer, SpringBootTestRandomPortContextCustomizer, DynamicPropertiesContextCustomizer]
2026-03-27T19:09:01.876-05:00  INFO 61769 --- [homehealthcare] [    Test worker] .b.t.c.SpringBootTestContextBootstrapper : Found @SpringBootConfiguration com.homehealthcare.HomehealthcareApplication for test class com.homehealthcare.auth.api.ResetPasswordIntegrationTest
2026-03-27T19:09:01.876-05:00  INFO 61769 --- [homehealthcare] [    Test worker] t.c.s.AnnotationConfigContextLoaderUtils : Could not detect default configuration classes for test class [com.homehealthcare.auth.api.ResetPasswordIntegrationTest]: ResetPasswordIntegrationTest does not declare any static, non-private, non-final, nested classes annotated with @Configuration.
2026-03-27T19:09:01.876-05:00 DEBUG 61769 --- [homehealthcare] [    Test worker] .b.t.c.SpringBootTestContextBootstrapper : Using ContextCustomizerFactory implementations for test class [ResetPasswordIntegrationTest]: [WebDriverContextCustomizerFactory, OnFailureConditionReportContextCustomizerFactory, OverrideAutoConfigurationContextCustomizerFactory, ImportsContextCustomizerFactory, PropertyMappingContextCustomizerFactory, ExcludeFilterContextCustomizerFactory, TypeExcludeFiltersContextCustomizerFactory, DisableReactorResourceFactoryGlobalResourcesContextCustomizerFactory, DuplicateJsonObjectContextCustomizerFactory, SpringBootTestRandomPortContextCustomizerFactory, BeanOverrideContextCustomizerFactory, MockServerContainerContextCustomizerFactory, DynamicPropertiesContextCustomizerFactory]
2026-03-27T19:09:01.877-05:00 DEBUG 61769 --- [homehealthcare] [    Test worker] .b.t.c.SpringBootTestContextBootstrapper : Using ContextCustomizers for test class [ResetPasswordIntegrationTest]: [WebDriverContextCustomizer, OnFailureConditionReportContextCustomizer, ImportsContextCustomizer, PropertyMappingContextCustomizer, ExcludeFilterContextCustomizer, DuplicateJsonObjectContextCustomizer, SpringBootTestRandomPortContextCustomizer, DynamicPropertiesContextCustomizer]
2026-03-27T19:09:01.877-05:00  INFO 61769 --- [homehealthcare] [    Test worker] .b.t.c.SpringBootTestContextBootstrapper : Found @SpringBootConfiguration com.homehealthcare.HomehealthcareApplication for test class com.homehealthcare.auth.api.ResetPasswordIntegrationTest
2026-03-27T19:09:01.877-05:00 DEBUG 61769 --- [homehealthcare] [    Test worker] .b.t.c.SpringBootTestContextBootstrapper : Neither @ContextConfiguration nor @ContextHierarchy found for test class [ResetPasswordIntegrationTest]: using SpringBootContextLoader
2026-03-27T19:09:01.877-05:00 DEBUG 61769 --- [homehealthcare] [    Test worker] .b.t.c.SpringBootTestContextBootstrapper : Using TestExecutionListeners for test class [ResetPasswordIntegrationTest]: [ServletTestExecutionListener, DirtiesContextBeforeModesTestExecutionListener, ApplicationEventsTestExecutionListener, BeanOverrideTestExecutionListener, DependencyInjectionTestExecutionListener, DirtiesContextTestExecutionListener, CommonCachesTestExecutionListener, TransactionalTestExecutionListener, SqlScriptsTestExecutionListener, WithSecurityContextTestExecutionListener, EventPublishingTestExecutionListener, ReactorContextTestExecutionListener, MockMvcPrintOnlyOnFailureTestExecutionListener, WebDriverTestExecutionListener, MockitoResetTestExecutionListener]
2026-03-27T19:09:01.880-05:00 DEBUG 61769 --- [homehealthcare] [    Test worker] org.hibernate.SQL                        : select u1_0.id,u1_0.created_at,u1_0.deactivated_at,u1_0.email,u1_0.first_name,u1_0.last_login_at,u1_0.last_name,u1_0.mfa_enabled,u1_0.mfa_enrolled_at,u1_0.mfa_secret,u1_0.password_hash,u1_0.phone,u1_0.preferred_language,u1_0.status,u1_0.time_zone,u1_0.updated_at from users u1_0 where u1_0.id=?
2026-03-27T19:09:01.881-05:00 DEBUG 61769 --- [homehealthcare] [    Test worker] org.hibernate.SQL                        : insert into users (created_at,deactivated_at,email,first_name,last_login_at,last_name,mfa_enabled,mfa_enrolled_at,mfa_secret,password_hash,phone,preferred_language,status,time_zone,updated_at,id) values (?,?,?,?,?,?,?,?,?,?,?,?,?,?,?,?)
2026-03-27T19:09:02.077-05:00 DEBUG 61769 --- [homehealthcare] [    Test worker] org.hibernate.SQL                        : update users set deactivated_at=?,email=?,first_name=?,last_login_at=?,last_name=?,mfa_enabled=?,mfa_enrolled_at=?,mfa_secret=?,password_hash=?,phone=?,preferred_language=?,status=?,time_zone=?,updated_at=? where id=?
2026-03-27T19:09:02.078-05:00 DEBUG 61769 --- [homehealthcare] [    Test worker] s.w.s.m.m.a.RequestMappingHandlerMapping : Mapped to com.homehealthcare.auth.api.LoginController#login(LoginRequest, HttpServletRequest)
2026-03-27T19:09:02.079-05:00 DEBUG 61769 --- [homehealthcare] [    Test worker] m.m.a.RequestResponseBodyMethodProcessor : Read "application/json;charset=UTF-8" to [LoginRequest[email=taylor.reset.keep@example.com, password=StartPassword1!]]
2026-03-27T19:09:02.080-05:00 DEBUG 61769 --- [homehealthcare] [    Test worker] org.hibernate.SQL                        : select count(ala1_0.id) from auth_login_attempts ala1_0 where ala1_0.ip_address=? and ala1_0.attempted_at>?
2026-03-27T19:09:02.081-05:00 DEBUG 61769 --- [homehealthcare] [    Test worker] org.hibernate.SQL                        : select count(ala1_0.id) from auth_login_attempts ala1_0 where ala1_0.email=? and ala1_0.attempted_at>?
2026-03-27T19:09:02.081-05:00 DEBUG 61769 --- [homehealthcare] [    Test worker] org.hibernate.SQL                        : select ala1_0.id,ala1_0.attempted_at,ala1_0.email,ala1_0.failure_reason,ala1_0.ip_address,ala1_0.outcome,ala1_0.user_id from auth_login_attempts ala1_0 where ala1_0.email=? and ala1_0.outcome=? order by ala1_0.attempted_at desc fetch first ? rows only
2026-03-27T19:09:02.082-05:00 DEBUG 61769 --- [homehealthcare] [    Test worker] org.hibernate.SQL                        : select count(ala1_0.id) from auth_login_attempts ala1_0 where ala1_0.email=? and ala1_0.outcome in (?) and ala1_0.attempted_at>?
2026-03-27T19:09:02.082-05:00 DEBUG 61769 --- [homehealthcare] [    Test worker] org.hibernate.SQL                        : select u1_0.id,u1_0.created_at,u1_0.deactivated_at,u1_0.email,u1_0.first_name,u1_0.last_login_at,u1_0.last_name,u1_0.mfa_enabled,u1_0.mfa_enrolled_at,u1_0.mfa_secret,u1_0.password_hash,u1_0.phone,u1_0.preferred_language,u1_0.status,u1_0.time_zone,u1_0.updated_at from users u1_0 where u1_0.email=?
2026-03-27T19:09:02.170-05:00 DEBUG 61769 --- [homehealthcare] [    Test worker] org.hibernate.SQL                        : select ala1_0.id,ala1_0.attempted_at,ala1_0.email,ala1_0.failure_reason,ala1_0.ip_address,ala1_0.outcome,ala1_0.user_id from auth_login_attempts ala1_0 where ala1_0.id=?
2026-03-27T19:09:02.173-05:00 DEBUG 61769 --- [homehealthcare] [    Test worker] org.hibernate.SQL                        : select am1_0.id,am1_0.agency_id,am1_0.created_at,am1_0.role_key,am1_0.status,am1_0.updated_at,am1_0.user_id from agency_memberships am1_0 where am1_0.user_id=? and am1_0.status=?
2026-03-27T19:09:02.181-05:00 DEBUG 61769 --- [homehealthcare] [    Test worker] org.hibernate.SQL                        : select as1_0.id,as1_0.absolute_expires_at,as1_0.access_token_expires_at,as1_0.access_token_hash,as1_0.created_at,as1_0.last_activity_at,as1_0.refresh_token_expires_at,as1_0.refresh_token_hash,as1_0.revocation_reason,as1_0.revoked_at,as1_0.updated_at,as1_0.user_id from auth_sessions as1_0 where as1_0.id=?
2026-03-27T19:09:02.184-05:00 DEBUG 61769 --- [homehealthcare] [    Test worker] org.hibernate.SQL                        : select ae1_0.id,ae1_0.action_type,ae1_0.actor_email,ae1_0.actor_id,ae1_0.actor_type,ae1_0.agency_id,ae1_0.branch_id,ae1_0.metadata_json,ae1_0.occurred_at,ae1_0.outcome,ae1_0.target_id,ae1_0.target_type from audit_events ae1_0 where ae1_0.id=?
2026-03-27T19:09:02.187-05:00 DEBUG 61769 --- [homehealthcare] [    Test worker] o.s.w.s.m.m.a.HttpEntityMethodProcessor  : Using 'application/json', given [*/*] and supported [application/json, application/*+json]
2026-03-27T19:09:02.187-05:00 DEBUG 61769 --- [homehealthcare] [    Test worker] o.s.w.s.m.m.a.HttpEntityMethodProcessor  : Writing [LoginResponse[userId=c0c579bb-699d-4724-93d1-222b0802f20c, mfaRequired=false, loginChallengeToken=nu (truncated)...]
2026-03-27T19:09:02.189-05:00 DEBUG 61769 --- [homehealthcare] [    Test worker] org.hibernate.SQL                        : select prt1_0.id,prt1_0.cancelled_at,prt1_0.consumed_at,prt1_0.created_at,prt1_0.email,prt1_0.expires_at,prt1_0.requested_at,prt1_0.status,prt1_0.token,prt1_0.updated_at,prt1_0.user_id from password_reset_tokens prt1_0 where prt1_0.id=?
2026-03-27T19:09:02.190-05:00 DEBUG 61769 --- [homehealthcare] [    Test worker] org.hibernate.SQL                        : insert into auth_login_attempts (attempted_at,email,failure_reason,ip_address,outcome,user_id,id) values (?,?,?,?,?,?,?)
2026-03-27T19:09:02.191-05:00 DEBUG 61769 --- [homehealthcare] [    Test worker] org.hibernate.SQL                        : insert into auth_sessions (absolute_expires_at,access_token_expires_at,access_token_hash,created_at,last_activity_at,refresh_token_expires_at,refresh_token_hash,revocation_reason,revoked_at,updated_at,user_id,id) values (?,?,?,?,?,?,?,?,?,?,?,?)
2026-03-27T19:09:02.191-05:00 DEBUG 61769 --- [homehealthcare] [    Test worker] org.hibernate.SQL                        : insert into audit_events (action_type,actor_email,actor_id,actor_type,agency_id,branch_id,metadata_json,occurred_at,outcome,target_id,target_type,id) values (?,?,?,?,?,?,?,?,?,?,?,?)
2026-03-27T19:09:02.191-05:00 DEBUG 61769 --- [homehealthcare] [    Test worker] org.hibernate.SQL                        : insert into password_reset_tokens (cancelled_at,consumed_at,created_at,email,expires_at,requested_at,status,token,updated_at,user_id,id) values (?,?,?,?,?,?,?,?,?,?,?)
2026-03-27T19:09:02.191-05:00 DEBUG 61769 --- [homehealthcare] [    Test worker] org.hibernate.SQL                        : update users set deactivated_at=?,email=?,first_name=?,last_login_at=?,last_name=?,mfa_enabled=?,mfa_enrolled_at=?,mfa_secret=?,password_hash=?,phone=?,preferred_language=?,status=?,time_zone=?,updated_at=? where id=?
2026-03-27T19:09:02.192-05:00 DEBUG 61769 --- [homehealthcare] [    Test worker] s.w.s.m.m.a.RequestMappingHandlerMapping : Mapped to com.homehealthcare.auth.api.ResetPasswordController#resetPassword(ResetPasswordRequest)
2026-03-27T19:09:02.194-05:00 DEBUG 61769 --- [homehealthcare] [    Test worker] m.m.a.RequestResponseBodyMethodProcessor : Read "application/json;charset=UTF-8" to [ResetPasswordRequest[token=keep-session-token, newPassword=DifferentSecure1!, revokeExistingSessions (truncated)...]
2026-03-27T19:09:02.203-05:00 DEBUG 61769 --- [homehealthcare] [    Test worker] org.hibernate.SQL                        : select prt1_0.id,prt1_0.cancelled_at,prt1_0.consumed_at,prt1_0.created_at,prt1_0.email,prt1_0.expires_at,prt1_0.requested_at,prt1_0.status,prt1_0.token,prt1_0.updated_at,prt1_0.user_id from password_reset_tokens prt1_0 where prt1_0.token=?
2026-03-27T19:09:02.204-05:00 DEBUG 61769 --- [homehealthcare] [    Test worker] org.hibernate.SQL                        : select uph1_0.id,uph1_0.created_at,uph1_0.password_hash,uph1_0.recorded_at,uph1_0.updated_at,uph1_0.user_id from user_password_history uph1_0 where uph1_0.user_id=? order by uph1_0.recorded_at desc fetch first ? rows only
2026-03-27T19:09:02.375-05:00 DEBUG 61769 --- [homehealthcare] [    Test worker] org.hibernate.SQL                        : select uph1_0.id,uph1_0.created_at,uph1_0.password_hash,uph1_0.recorded_at,uph1_0.updated_at,uph1_0.user_id from user_password_history uph1_0 where uph1_0.id=?
2026-03-27T19:09:02.376-05:00 DEBUG 61769 --- [homehealthcare] [    Test worker] org.hibernate.SQL                        : select ae1_0.id,ae1_0.action_type,ae1_0.actor_email,ae1_0.actor_id,ae1_0.actor_type,ae1_0.agency_id,ae1_0.branch_id,ae1_0.metadata_json,ae1_0.occurred_at,ae1_0.outcome,ae1_0.target_id,ae1_0.target_type from audit_events ae1_0 where ae1_0.id=?
2026-03-27T19:09:02.378-05:00 DEBUG 61769 --- [homehealthcare] [    Test worker] m.m.a.RequestResponseBodyMethodProcessor : Using 'application/json', given [*/*] and supported [application/json, application/*+json]
2026-03-27T19:09:02.378-05:00 DEBUG 61769 --- [homehealthcare] [    Test worker] m.m.a.RequestResponseBodyMethodProcessor : Writing [ResetPasswordResponse[message=Password reset successful, revokedExistingSessions=false]]
2026-03-27T19:09:02.382-05:00 DEBUG 61769 --- [homehealthcare] [    Test worker] org.hibernate.SQL                        : select u1_0.id,u1_0.created_at,u1_0.deactivated_at,u1_0.email,u1_0.first_name,u1_0.last_login_at,u1_0.last_name,u1_0.mfa_enabled,u1_0.mfa_enrolled_at,u1_0.mfa_secret,u1_0.password_hash,u1_0.phone,u1_0.preferred_language,u1_0.status,u1_0.time_zone,u1_0.updated_at from users u1_0 where u1_0.id=?
2026-03-27T19:09:02.383-05:00 DEBUG 61769 --- [homehealthcare] [    Test worker] org.hibernate.SQL                        : insert into users (created_at,deactivated_at,email,first_name,last_login_at,last_name,mfa_enabled,mfa_enrolled_at,mfa_secret,password_hash,phone,preferred_language,status,time_zone,updated_at,id) values (?,?,?,?,?,?,?,?,?,?,?,?,?,?,?,?)
2026-03-27T19:09:02.470-05:00 DEBUG 61769 --- [homehealthcare] [    Test worker] org.hibernate.SQL                        : update users set deactivated_at=?,email=?,first_name=?,last_login_at=?,last_name=?,mfa_enabled=?,mfa_enrolled_at=?,mfa_secret=?,password_hash=?,phone=?,preferred_language=?,status=?,time_zone=?,updated_at=? where id=?
2026-03-27T19:09:02.471-05:00 DEBUG 61769 --- [homehealthcare] [    Test worker] org.hibernate.SQL                        : select prt1_0.id,prt1_0.cancelled_at,prt1_0.consumed_at,prt1_0.created_at,prt1_0.email,prt1_0.expires_at,prt1_0.requested_at,prt1_0.status,prt1_0.token,prt1_0.updated_at,prt1_0.user_id from password_reset_tokens prt1_0 where prt1_0.id=?
2026-03-27T19:09:02.471-05:00 DEBUG 61769 --- [homehealthcare] [    Test worker] org.hibernate.SQL                        : insert into password_reset_tokens (cancelled_at,consumed_at,created_at,email,expires_at,requested_at,status,token,updated_at,user_id,id) values (?,?,?,?,?,?,?,?,?,?,?)
2026-03-27T19:09:02.472-05:00 DEBUG 61769 --- [homehealthcare] [    Test worker] s.w.s.m.m.a.RequestMappingHandlerMapping : Mapped to com.homehealthcare.auth.api.ResetPasswordController#resetPassword(ResetPasswordRequest)
2026-03-27T19:09:02.472-05:00 DEBUG 61769 --- [homehealthcare] [    Test worker] m.m.a.RequestResponseBodyMethodProcessor : Read "application/json;charset=UTF-8" to [ResetPasswordRequest[token=weak-password-token, newPassword=weakpass, revokeExistingSessions=false]]
2026-03-27T19:09:02.472-05:00 DEBUG 61769 --- [homehealthcare] [    Test worker] org.hibernate.SQL                        : select prt1_0.id,prt1_0.cancelled_at,prt1_0.consumed_at,prt1_0.created_at,prt1_0.email,prt1_0.expires_at,prt1_0.requested_at,prt1_0.status,prt1_0.token,prt1_0.updated_at,prt1_0.user_id from password_reset_tokens prt1_0 where prt1_0.token=?
2026-03-27T19:09:02.473-05:00 DEBUG 61769 --- [homehealthcare] [    Test worker] org.hibernate.SQL                        : select uph1_0.id,uph1_0.created_at,uph1_0.password_hash,uph1_0.recorded_at,uph1_0.updated_at,uph1_0.user_id from user_password_history uph1_0 where uph1_0.user_id=? order by uph1_0.recorded_at desc fetch first ? rows only
2026-03-27T19:09:02.473-05:00 DEBUG 61769 --- [homehealthcare] [    Test worker] .m.m.a.ExceptionHandlerExceptionResolver : Using @ExceptionHandler com.homehealthcare.auth.api.AuthenticationApiExceptionHandler#handleBadRequest(RuntimeException)
2026-03-27T19:09:02.473-05:00 DEBUG 61769 --- [homehealthcare] [    Test worker] m.m.a.RequestResponseBodyMethodProcessor : Using 'application/json', given [*/*] and supported [application/json, application/*+json]
2026-03-27T19:09:02.473-05:00 DEBUG 61769 --- [homehealthcare] [    Test worker] m.m.a.RequestResponseBodyMethodProcessor : Writing [ErrorResponse[message=Password must be at least 12 characters and include upper, lower, digit, and s (truncated)...]
2026-03-27T19:09:02.473-05:00 DEBUG 61769 --- [homehealthcare] [    Test worker] .m.m.a.ExceptionHandlerExceptionResolver : Resolved [com.homehealthcare.auth.application.WeakPasswordException: Password must be at least 12 characters and include upper, lower, digit, and symbol characters]
2026-03-27T19:09:02.476-05:00 DEBUG 61769 --- [homehealthcare] [    Test worker] org.hibernate.SQL                        : select u1_0.id,u1_0.created_at,u1_0.deactivated_at,u1_0.email,u1_0.first_name,u1_0.last_login_at,u1_0.last_name,u1_0.mfa_enabled,u1_0.mfa_enrolled_at,u1_0.mfa_secret,u1_0.password_hash,u1_0.phone,u1_0.preferred_language,u1_0.status,u1_0.time_zone,u1_0.updated_at from users u1_0 where u1_0.id=?
2026-03-27T19:09:02.477-05:00 DEBUG 61769 --- [homehealthcare] [    Test worker] org.hibernate.SQL                        : insert into users (created_at,deactivated_at,email,first_name,last_login_at,last_name,mfa_enabled,mfa_enrolled_at,mfa_secret,password_hash,phone,preferred_language,status,time_zone,updated_at,id) values (?,?,?,?,?,?,?,?,?,?,?,?,?,?,?,?)
2026-03-27T19:09:02.560-05:00 DEBUG 61769 --- [homehealthcare] [    Test worker] org.hibernate.SQL                        : update users set deactivated_at=?,email=?,first_name=?,last_login_at=?,last_name=?,mfa_enabled=?,mfa_enrolled_at=?,mfa_secret=?,password_hash=?,phone=?,preferred_language=?,status=?,time_zone=?,updated_at=? where id=?
2026-03-27T19:09:02.561-05:00 DEBUG 61769 --- [homehealthcare] [    Test worker] org.hibernate.SQL                        : select prt1_0.id,prt1_0.cancelled_at,prt1_0.consumed_at,prt1_0.created_at,prt1_0.email,prt1_0.expires_at,prt1_0.requested_at,prt1_0.status,prt1_0.token,prt1_0.updated_at,prt1_0.user_id from password_reset_tokens prt1_0 where prt1_0.id=?
2026-03-27T19:09:02.561-05:00 DEBUG 61769 --- [homehealthcare] [    Test worker] org.hibernate.SQL                        : insert into password_reset_tokens (cancelled_at,consumed_at,created_at,email,expires_at,requested_at,status,token,updated_at,user_id,id) values (?,?,?,?,?,?,?,?,?,?,?)
2026-03-27T19:09:02.562-05:00 DEBUG 61769 --- [homehealthcare] [    Test worker] s.w.s.m.m.a.RequestMappingHandlerMapping : Mapped to com.homehealthcare.auth.api.ResetPasswordController#resetPassword(ResetPasswordRequest)
2026-03-27T19:09:02.563-05:00 DEBUG 61769 --- [homehealthcare] [    Test worker] m.m.a.RequestResponseBodyMethodProcessor : Read "application/json;charset=UTF-8" to [ResetPasswordRequest[token=common-password-token, newPassword=Password123!, revokeExistingSessions=f (truncated)...]
2026-03-27T19:09:02.563-05:00 DEBUG 61769 --- [homehealthcare] [    Test worker] org.hibernate.SQL                        : select prt1_0.id,prt1_0.cancelled_at,prt1_0.consumed_at,prt1_0.created_at,prt1_0.email,prt1_0.expires_at,prt1_0.requested_at,prt1_0.status,prt1_0.token,prt1_0.updated_at,prt1_0.user_id from password_reset_tokens prt1_0 where prt1_0.token=?
2026-03-27T19:09:02.564-05:00 DEBUG 61769 --- [homehealthcare] [    Test worker] org.hibernate.SQL                        : select uph1_0.id,uph1_0.created_at,uph1_0.password_hash,uph1_0.recorded_at,uph1_0.updated_at,uph1_0.user_id from user_password_history uph1_0 where uph1_0.user_id=? order by uph1_0.recorded_at desc fetch first ? rows only
2026-03-27T19:09:02.564-05:00 DEBUG 61769 --- [homehealthcare] [    Test worker] .m.m.a.ExceptionHandlerExceptionResolver : Using @ExceptionHandler com.homehealthcare.auth.api.AuthenticationApiExceptionHandler#handleBadRequest(RuntimeException)
2026-03-27T19:09:02.564-05:00 DEBUG 61769 --- [homehealthcare] [    Test worker] m.m.a.RequestResponseBodyMethodProcessor : Using 'application/json', given [*/*] and supported [application/json, application/*+json]
2026-03-27T19:09:02.564-05:00 DEBUG 61769 --- [homehealthcare] [    Test worker] m.m.a.RequestResponseBodyMethodProcessor : Writing [ErrorResponse[message=Password is too common or compromised. Choose a less predictable password]]
2026-03-27T19:09:02.564-05:00 DEBUG 61769 --- [homehealthcare] [    Test worker] .m.m.a.ExceptionHandlerExceptionResolver : Resolved [com.homehealthcare.auth.application.WeakPasswordException: Password is too common or compromised. Choose a less predictable password]
2026-03-27T19:09:02.565-05:00 DEBUG 61769 --- [homehealthcare] [    Test worker] org.hibernate.SQL                        : select prt1_0.id,prt1_0.cancelled_at,prt1_0.consumed_at,prt1_0.created_at,prt1_0.email,prt1_0.expires_at,prt1_0.requested_at,prt1_0.status,prt1_0.token,prt1_0.updated_at,prt1_0.user_id from password_reset_tokens prt1_0 where prt1_0.id=?
2026-03-27T19:09:02.565-05:00 DEBUG 61769 --- [homehealthcare] [    Test worker] org.hibernate.SQL                        : insert into password_reset_tokens (cancelled_at,consumed_at,created_at,email,expires_at,requested_at,status,token,updated_at,user_id,id) values (?,?,?,?,?,?,?,?,?,?,?)
2026-03-27T19:09:02.566-05:00 DEBUG 61769 --- [homehealthcare] [    Test worker] s.w.s.m.m.a.RequestMappingHandlerMapping : Mapped to com.homehealthcare.auth.api.ResetPasswordController#resetPassword(ResetPasswordRequest)
2026-03-27T19:09:02.566-05:00 DEBUG 61769 --- [homehealthcare] [    Test worker] m.m.a.RequestResponseBodyMethodProcessor : Read "application/json;charset=UTF-8" to [ResetPasswordRequest[token=reused-password-token, newPassword=StartPassword1!, revokeExistingSession (truncated)...]
2026-03-27T19:09:02.567-05:00 DEBUG 61769 --- [homehealthcare] [    Test worker] org.hibernate.SQL                        : select prt1_0.id,prt1_0.cancelled_at,prt1_0.consumed_at,prt1_0.created_at,prt1_0.email,prt1_0.expires_at,prt1_0.requested_at,prt1_0.status,prt1_0.token,prt1_0.updated_at,prt1_0.user_id from password_reset_tokens prt1_0 where prt1_0.token=?
2026-03-27T19:09:02.568-05:00 DEBUG 61769 --- [homehealthcare] [    Test worker] org.hibernate.SQL                        : select uph1_0.id,uph1_0.created_at,uph1_0.password_hash,uph1_0.recorded_at,uph1_0.updated_at,uph1_0.user_id from user_password_history uph1_0 where uph1_0.user_id=? order by uph1_0.recorded_at desc fetch first ? rows only
2026-03-27T19:09:02.649-05:00 DEBUG 61769 --- [homehealthcare] [    Test worker] .m.m.a.ExceptionHandlerExceptionResolver : Using @ExceptionHandler com.homehealthcare.auth.api.AuthenticationApiExceptionHandler#handleBadRequest(RuntimeException)
2026-03-27T19:09:02.649-05:00 DEBUG 61769 --- [homehealthcare] [    Test worker] m.m.a.RequestResponseBodyMethodProcessor : Using 'application/json', given [*/*] and supported [application/json, application/*+json]
2026-03-27T19:09:02.649-05:00 DEBUG 61769 --- [homehealthcare] [    Test worker] m.m.a.RequestResponseBodyMethodProcessor : Writing [ErrorResponse[message=Password cannot match any of your last 5 passwords]]
2026-03-27T19:09:02.649-05:00 DEBUG 61769 --- [homehealthcare] [    Test worker] .m.m.a.ExceptionHandlerExceptionResolver : Resolved [com.homehealthcare.auth.application.PasswordReuseNotAllowedException: Password cannot match any of your last 5 passwords]
2026-03-27T19:09:02.653-05:00 DEBUG 61769 --- [homehealthcare] [    Test worker] org.hibernate.SQL                        : select u1_0.id,u1_0.created_at,u1_0.deactivated_at,u1_0.email,u1_0.first_name,u1_0.last_login_at,u1_0.last_name,u1_0.mfa_enabled,u1_0.mfa_enrolled_at,u1_0.mfa_secret,u1_0.password_hash,u1_0.phone,u1_0.preferred_language,u1_0.status,u1_0.time_zone,u1_0.updated_at from users u1_0 where u1_0.id=?
2026-03-27T19:09:02.654-05:00 DEBUG 61769 --- [homehealthcare] [    Test worker] org.hibernate.SQL                        : insert into users (created_at,deactivated_at,email,first_name,last_login_at,last_name,mfa_enabled,mfa_enrolled_at,mfa_secret,password_hash,phone,preferred_language,status,time_zone,updated_at,id) values (?,?,?,?,?,?,?,?,?,?,?,?,?,?,?,?)
2026-03-27T19:09:02.775-05:00 DEBUG 61769 --- [homehealthcare] [    Test worker] org.hibernate.SQL                        : update users set deactivated_at=?,email=?,first_name=?,last_login_at=?,last_name=?,mfa_enabled=?,mfa_enrolled_at=?,mfa_secret=?,password_hash=?,phone=?,preferred_language=?,status=?,time_zone=?,updated_at=? where id=?
2026-03-27T19:09:02.775-05:00 DEBUG 61769 --- [homehealthcare] [    Test worker] org.hibernate.SQL                        : select prt1_0.id,prt1_0.cancelled_at,prt1_0.consumed_at,prt1_0.created_at,prt1_0.email,prt1_0.expires_at,prt1_0.requested_at,prt1_0.status,prt1_0.token,prt1_0.updated_at,prt1_0.user_id from password_reset_tokens prt1_0 where prt1_0.id=?
2026-03-27T19:09:02.776-05:00 DEBUG 61769 --- [homehealthcare] [    Test worker] org.hibernate.SQL                        : insert into password_reset_tokens (cancelled_at,consumed_at,created_at,email,expires_at,requested_at,status,token,updated_at,user_id,id) values (?,?,?,?,?,?,?,?,?,?,?)
2026-03-27T19:09:02.777-05:00 DEBUG 61769 --- [homehealthcare] [    Test worker] s.w.s.m.m.a.RequestMappingHandlerMapping : Mapped to com.homehealthcare.auth.api.ResetPasswordController#resetPassword(ResetPasswordRequest)
2026-03-27T19:09:02.777-05:00 DEBUG 61769 --- [homehealthcare] [    Test worker] m.m.a.RequestResponseBodyMethodProcessor : Read "application/json;charset=UTF-8" to [ResetPasswordRequest[token=missing-token, newPassword=NewSecurePass1!, revokeExistingSessions=false]]
2026-03-27T19:09:02.777-05:00 DEBUG 61769 --- [homehealthcare] [    Test worker] org.hibernate.SQL                        : select prt1_0.id,prt1_0.cancelled_at,prt1_0.consumed_at,prt1_0.created_at,prt1_0.email,prt1_0.expires_at,prt1_0.requested_at,prt1_0.status,prt1_0.token,prt1_0.updated_at,prt1_0.user_id from password_reset_tokens prt1_0 where prt1_0.token=?
2026-03-27T19:09:02.778-05:00 DEBUG 61769 --- [homehealthcare] [    Test worker] .m.m.a.ExceptionHandlerExceptionResolver : Using @ExceptionHandler com.homehealthcare.auth.api.AuthenticationApiExceptionHandler#handleBadRequest(RuntimeException)
2026-03-27T19:09:02.778-05:00 DEBUG 61769 --- [homehealthcare] [    Test worker] m.m.a.RequestResponseBodyMethodProcessor : Using 'application/json', given [*/*] and supported [application/json, application/*+json]
2026-03-27T19:09:02.778-05:00 DEBUG 61769 --- [homehealthcare] [    Test worker] m.m.a.RequestResponseBodyMethodProcessor : Writing [ErrorResponse[message=Password reset token is invalid]]
2026-03-27T19:09:02.778-05:00 DEBUG 61769 --- [homehealthcare] [    Test worker] .m.m.a.ExceptionHandlerExceptionResolver : Resolved [com.homehealthcare.auth.application.PasswordResetTokenNotFoundException: Password reset token is invalid]
2026-03-27T19:09:02.779-05:00 DEBUG 61769 --- [homehealthcare] [    Test worker] s.w.s.m.m.a.RequestMappingHandlerMapping : Mapped to com.homehealthcare.auth.api.ResetPasswordController#resetPassword(ResetPasswordRequest)
2026-03-27T19:09:02.779-05:00 DEBUG 61769 --- [homehealthcare] [    Test worker] m.m.a.RequestResponseBodyMethodProcessor : Read "application/json;charset=UTF-8" to [ResetPasswordRequest[token=expired-reset-token, newPassword=NewSecurePass1!, revokeExistingSessions= (truncated)...]
2026-03-27T19:09:02.779-05:00 DEBUG 61769 --- [homehealthcare] [    Test worker] org.hibernate.SQL                        : select prt1_0.id,prt1_0.cancelled_at,prt1_0.consumed_at,prt1_0.created_at,prt1_0.email,prt1_0.expires_at,prt1_0.requested_at,prt1_0.status,prt1_0.token,prt1_0.updated_at,prt1_0.user_id from password_reset_tokens prt1_0 where prt1_0.token=?
2026-03-27T19:09:02.780-05:00 DEBUG 61769 --- [homehealthcare] [    Test worker] .m.m.a.ExceptionHandlerExceptionResolver : Using @ExceptionHandler com.homehealthcare.auth.api.AuthenticationApiExceptionHandler#handleExpiredResetToken(PasswordResetTokenExpiredException)
2026-03-27T19:09:02.780-05:00 DEBUG 61769 --- [homehealthcare] [    Test worker] m.m.a.RequestResponseBodyMethodProcessor : Using 'application/json', given [*/*] and supported [application/json, application/*+json]
2026-03-27T19:09:02.780-05:00 DEBUG 61769 --- [homehealthcare] [    Test worker] m.m.a.RequestResponseBodyMethodProcessor : Writing [ErrorResponse[message=Password reset token has expired]]
2026-03-27T19:09:02.781-05:00 DEBUG 61769 --- [homehealthcare] [    Test worker] .m.m.a.ExceptionHandlerExceptionResolver : Resolved [com.homehealthcare.auth.application.PasswordResetTokenExpiredException: Password reset token has expired]
2026-03-27T19:09:02.783-05:00 DEBUG 61769 --- [homehealthcare] [    Test worker] org.hibernate.SQL                        : select u1_0.id,u1_0.created_at,u1_0.deactivated_at,u1_0.email,u1_0.first_name,u1_0.last_login_at,u1_0.last_name,u1_0.mfa_enabled,u1_0.mfa_enrolled_at,u1_0.mfa_secret,u1_0.password_hash,u1_0.phone,u1_0.preferred_language,u1_0.status,u1_0.time_zone,u1_0.updated_at from users u1_0 where u1_0.id=?
2026-03-27T19:09:02.784-05:00 DEBUG 61769 --- [homehealthcare] [    Test worker] org.hibernate.SQL                        : insert into users (created_at,deactivated_at,email,first_name,last_login_at,last_name,mfa_enabled,mfa_enrolled_at,mfa_secret,password_hash,phone,preferred_language,status,time_zone,updated_at,id) values (?,?,?,?,?,?,?,?,?,?,?,?,?,?,?,?)
2026-03-27T19:09:02.865-05:00 DEBUG 61769 --- [homehealthcare] [    Test worker] org.hibernate.SQL                        : update users set deactivated_at=?,email=?,first_name=?,last_login_at=?,last_name=?,mfa_enabled=?,mfa_enrolled_at=?,mfa_secret=?,password_hash=?,phone=?,preferred_language=?,status=?,time_zone=?,updated_at=? where id=?
2026-03-27T19:09:02.866-05:00 DEBUG 61769 --- [homehealthcare] [    Test worker] s.w.s.m.m.a.RequestMappingHandlerMapping : Mapped to com.homehealthcare.auth.api.LoginController#login(LoginRequest, HttpServletRequest)
2026-03-27T19:09:02.866-05:00 DEBUG 61769 --- [homehealthcare] [    Test worker] m.m.a.RequestResponseBodyMethodProcessor : Read "application/json;charset=UTF-8" to [LoginRequest[email=alicia.reset.complete@example.com, password=StartPassword1!]]
2026-03-27T19:09:02.867-05:00 DEBUG 61769 --- [homehealthcare] [    Test worker] org.hibernate.SQL                        : select count(ala1_0.id) from auth_login_attempts ala1_0 where ala1_0.ip_address=? and ala1_0.attempted_at>?
2026-03-27T19:09:02.868-05:00 DEBUG 61769 --- [homehealthcare] [    Test worker] org.hibernate.SQL                        : select count(ala1_0.id) from auth_login_attempts ala1_0 where ala1_0.email=? and ala1_0.attempted_at>?
2026-03-27T19:09:02.868-05:00 DEBUG 61769 --- [homehealthcare] [    Test worker] org.hibernate.SQL                        : select ala1_0.id,ala1_0.attempted_at,ala1_0.email,ala1_0.failure_reason,ala1_0.ip_address,ala1_0.outcome,ala1_0.user_id from auth_login_attempts ala1_0 where ala1_0.email=? and ala1_0.outcome=? order by ala1_0.attempted_at desc fetch first ? rows only
2026-03-27T19:09:02.869-05:00 DEBUG 61769 --- [homehealthcare] [    Test worker] org.hibernate.SQL                        : select count(ala1_0.id) from auth_login_attempts ala1_0 where ala1_0.email=? and ala1_0.outcome in (?) and ala1_0.attempted_at>?
2026-03-27T19:09:02.869-05:00 DEBUG 61769 --- [homehealthcare] [    Test worker] org.hibernate.SQL                        : select u1_0.id,u1_0.created_at,u1_0.deactivated_at,u1_0.email,u1_0.first_name,u1_0.last_login_at,u1_0.last_name,u1_0.mfa_enabled,u1_0.mfa_enrolled_at,u1_0.mfa_secret,u1_0.password_hash,u1_0.phone,u1_0.preferred_language,u1_0.status,u1_0.time_zone,u1_0.updated_at from users u1_0 where u1_0.email=?
2026-03-27T19:09:02.962-05:00 DEBUG 61769 --- [homehealthcare] [    Test worker] org.hibernate.SQL                        : select ala1_0.id,ala1_0.attempted_at,ala1_0.email,ala1_0.failure_reason,ala1_0.ip_address,ala1_0.outcome,ala1_0.user_id from auth_login_attempts ala1_0 where ala1_0.id=?
2026-03-27T19:09:02.966-05:00 DEBUG 61769 --- [homehealthcare] [    Test worker] org.hibernate.SQL                        : select am1_0.id,am1_0.agency_id,am1_0.created_at,am1_0.role_key,am1_0.status,am1_0.updated_at,am1_0.user_id from agency_memberships am1_0 where am1_0.user_id=? and am1_0.status=?
2026-03-27T19:09:02.967-05:00 DEBUG 61769 --- [homehealthcare] [    Test worker] org.hibernate.SQL                        : select as1_0.id,as1_0.absolute_expires_at,as1_0.access_token_expires_at,as1_0.access_token_hash,as1_0.created_at,as1_0.last_activity_at,as1_0.refresh_token_expires_at,as1_0.refresh_token_hash,as1_0.revocation_reason,as1_0.revoked_at,as1_0.updated_at,as1_0.user_id from auth_sessions as1_0 where as1_0.id=?
2026-03-27T19:09:02.968-05:00 DEBUG 61769 --- [homehealthcare] [    Test worker] org.hibernate.SQL                        : select ae1_0.id,ae1_0.action_type,ae1_0.actor_email,ae1_0.actor_id,ae1_0.actor_type,ae1_0.agency_id,ae1_0.branch_id,ae1_0.metadata_json,ae1_0.occurred_at,ae1_0.outcome,ae1_0.target_id,ae1_0.target_type from audit_events ae1_0 where ae1_0.id=?
2026-03-27T19:09:02.968-05:00 DEBUG 61769 --- [homehealthcare] [    Test worker] o.s.w.s.m.m.a.HttpEntityMethodProcessor  : Using 'application/json', given [*/*] and supported [application/json, application/*+json]
2026-03-27T19:09:02.969-05:00 DEBUG 61769 --- [homehealthcare] [    Test worker] o.s.w.s.m.m.a.HttpEntityMethodProcessor  : Writing [LoginResponse[userId=e8b7bbe5-08f7-483c-8720-d763df09a838, mfaRequired=false, loginChallengeToken=nu (truncated)...]
2026-03-27T19:09:02.969-05:00 DEBUG 61769 --- [homehealthcare] [    Test worker] org.hibernate.SQL                        : select prt1_0.id,prt1_0.cancelled_at,prt1_0.consumed_at,prt1_0.created_at,prt1_0.email,prt1_0.expires_at,prt1_0.requested_at,prt1_0.status,prt1_0.token,prt1_0.updated_at,prt1_0.user_id from password_reset_tokens prt1_0 where prt1_0.id=?
2026-03-27T19:09:02.970-05:00 DEBUG 61769 --- [homehealthcare] [    Test worker] org.hibernate.SQL                        : insert into auth_login_attempts (attempted_at,email,failure_reason,ip_address,outcome,user_id,id) values (?,?,?,?,?,?,?)
2026-03-27T19:09:02.971-05:00 DEBUG 61769 --- [homehealthcare] [    Test worker] org.hibernate.SQL                        : insert into auth_sessions (absolute_expires_at,access_token_expires_at,access_token_hash,created_at,last_activity_at,refresh_token_expires_at,refresh_token_hash,revocation_reason,revoked_at,updated_at,user_id,id) values (?,?,?,?,?,?,?,?,?,?,?,?)
2026-03-27T19:09:02.971-05:00 DEBUG 61769 --- [homehealthcare] [    Test worker] org.hibernate.SQL                        : insert into audit_events (action_type,actor_email,actor_id,actor_type,agency_id,branch_id,metadata_json,occurred_at,outcome,target_id,target_type,id) values (?,?,?,?,?,?,?,?,?,?,?,?)
2026-03-27T19:09:02.971-05:00 DEBUG 61769 --- [homehealthcare] [    Test worker] org.hibernate.SQL                        : insert into password_reset_tokens (cancelled_at,consumed_at,created_at,email,expires_at,requested_at,status,token,updated_at,user_id,id) values (?,?,?,?,?,?,?,?,?,?,?)
2026-03-27T19:09:02.971-05:00 DEBUG 61769 --- [homehealthcare] [    Test worker] org.hibernate.SQL                        : update users set deactivated_at=?,email=?,first_name=?,last_login_at=?,last_name=?,mfa_enabled=?,mfa_enrolled_at=?,mfa_secret=?,password_hash=?,phone=?,preferred_language=?,status=?,time_zone=?,updated_at=? where id=?
2026-03-27T19:09:02.972-05:00 DEBUG 61769 --- [homehealthcare] [    Test worker] s.w.s.m.m.a.RequestMappingHandlerMapping : Mapped to com.homehealthcare.auth.api.ResetPasswordController#resetPassword(ResetPasswordRequest)
2026-03-27T19:09:02.972-05:00 DEBUG 61769 --- [homehealthcare] [    Test worker] m.m.a.RequestResponseBodyMethodProcessor : Read "application/json;charset=UTF-8" to [ResetPasswordRequest[token=valid-reset-token, newPassword=NewSecurePass1!, revokeExistingSessions=tr (truncated)...]
2026-03-27T19:09:02.973-05:00 DEBUG 61769 --- [homehealthcare] [    Test worker] org.hibernate.SQL                        : select prt1_0.id,prt1_0.cancelled_at,prt1_0.consumed_at,prt1_0.created_at,prt1_0.email,prt1_0.expires_at,prt1_0.requested_at,prt1_0.status,prt1_0.token,prt1_0.updated_at,prt1_0.user_id from password_reset_tokens prt1_0 where prt1_0.token=?
2026-03-27T19:09:02.974-05:00 DEBUG 61769 --- [homehealthcare] [    Test worker] org.hibernate.SQL                        : select uph1_0.id,uph1_0.created_at,uph1_0.password_hash,uph1_0.recorded_at,uph1_0.updated_at,uph1_0.user_id from user_password_history uph1_0 where uph1_0.user_id=? order by uph1_0.recorded_at desc fetch first ? rows only
2026-03-27T19:09:03.149-05:00 DEBUG 61769 --- [homehealthcare] [    Test worker] org.hibernate.SQL                        : select uph1_0.id,uph1_0.created_at,uph1_0.password_hash,uph1_0.recorded_at,uph1_0.updated_at,uph1_0.user_id from user_password_history uph1_0 where uph1_0.id=?
2026-03-27T19:09:03.155-05:00 DEBUG 61769 --- [homehealthcare] [    Test worker] org.hibernate.SQL                        : select as1_0.id,as1_0.absolute_expires_at,as1_0.access_token_expires_at,as1_0.access_token_hash,as1_0.created_at,as1_0.last_activity_at,as1_0.refresh_token_expires_at,as1_0.refresh_token_hash,as1_0.revocation_reason,as1_0.revoked_at,as1_0.updated_at,as1_0.user_id from auth_sessions as1_0 where as1_0.user_id=? and as1_0.revoked_at is null
2026-03-27T19:09:03.156-05:00 DEBUG 61769 --- [homehealthcare] [    Test worker] org.hibernate.SQL                        : select ae1_0.id,ae1_0.action_type,ae1_0.actor_email,ae1_0.actor_id,ae1_0.actor_type,ae1_0.agency_id,ae1_0.branch_id,ae1_0.metadata_json,ae1_0.occurred_at,ae1_0.outcome,ae1_0.target_id,ae1_0.target_type from audit_events ae1_0 where ae1_0.id=?
2026-03-27T19:09:03.157-05:00 DEBUG 61769 --- [homehealthcare] [    Test worker] m.m.a.RequestResponseBodyMethodProcessor : Using 'application/json', given [*/*] and supported [application/json, application/*+json]
2026-03-27T19:09:03.157-05:00 DEBUG 61769 --- [homehealthcare] [    Test worker] m.m.a.RequestResponseBodyMethodProcessor : Writing [ResetPasswordResponse[message=Password reset successful, revokedExistingSessions=true]]
2026-03-27T19:09:03.354-05:00 DEBUG 61769 --- [homehealthcare] [    Test worker] org.hibernate.SQL                        : insert into user_password_history (created_at,password_hash,recorded_at,updated_at,user_id,id) values (?,?,?,?,?,?)
2026-03-27T19:09:03.355-05:00 DEBUG 61769 --- [homehealthcare] [    Test worker] org.hibernate.SQL                        : insert into audit_events (action_type,actor_email,actor_id,actor_type,agency_id,branch_id,metadata_json,occurred_at,outcome,target_id,target_type,id) values (?,?,?,?,?,?,?,?,?,?,?,?)
2026-03-27T19:09:03.355-05:00 DEBUG 61769 --- [homehealthcare] [    Test worker] org.hibernate.SQL                        : update users set deactivated_at=?,email=?,first_name=?,last_login_at=?,last_name=?,mfa_enabled=?,mfa_enrolled_at=?,mfa_secret=?,password_hash=?,phone=?,preferred_language=?,status=?,time_zone=?,updated_at=? where id=?
2026-03-27T19:09:03.355-05:00 DEBUG 61769 --- [homehealthcare] [    Test worker] org.hibernate.SQL                        : update auth_sessions set absolute_expires_at=?,access_token_expires_at=?,access_token_hash=?,last_activity_at=?,refresh_token_expires_at=?,refresh_token_hash=?,revocation_reason=?,revoked_at=?,updated_at=? where id=?
2026-03-27T19:09:03.355-05:00 DEBUG 61769 --- [homehealthcare] [    Test worker] org.hibernate.SQL                        : update password_reset_tokens set cancelled_at=?,consumed_at=?,email=?,expires_at=?,requested_at=?,status=?,token=?,updated_at=? where id=?
2026-03-27T19:09:03.356-05:00 DEBUG 61769 --- [homehealthcare] [    Test worker] org.hibernate.SQL                        : select uph1_0.id,uph1_0.created_at,uph1_0.password_hash,uph1_0.recorded_at,uph1_0.updated_at,uph1_0.user_id from user_password_history uph1_0 where uph1_0.user_id=? order by uph1_0.recorded_at desc fetch first ? rows only
2026-03-27T19:09:03.356-05:00 DEBUG 61769 --- [homehealthcare] [    Test worker] org.hibernate.SQL                        : select ae1_0.id,ae1_0.action_type,ae1_0.actor_email,ae1_0.actor_id,ae1_0.actor_type,ae1_0.agency_id,ae1_0.branch_id,ae1_0.metadata_json,ae1_0.occurred_at,ae1_0.outcome,ae1_0.target_id,ae1_0.target_type from audit_events ae1_0 where ae1_0.actor_id=? order by ae1_0.occurred_at
]]></system-out>
  <system-err><![CDATA[]]></system-err>
</testsuite>
